[2023-02-28T17:48:39.903+0000] {processor.py:153} INFO - Started process (PID=50) to work on /home/airflow/.local/lib/python3.7/site-packages/airflow/example_dags/example_task_group_decorator.py
[2023-02-28T17:48:39.904+0000] {processor.py:743} INFO - Processing file /home/airflow/.local/lib/python3.7/site-packages/airflow/example_dags/example_task_group_decorator.py for tasks to queue
[2023-02-28T17:48:39.905+0000] {logging_mixin.py:137} INFO - [2023-02-28T17:48:39.905+0000] {dagbag.py:538} INFO - Filling up the DagBag from /home/airflow/.local/lib/python3.7/site-packages/airflow/example_dags/example_task_group_decorator.py
[2023-02-28T17:48:39.931+0000] {processor.py:753} INFO - DAG(s) dict_keys(['example_task_group_decorator']) retrieved from /home/airflow/.local/lib/python3.7/site-packages/airflow/example_dags/example_task_group_decorator.py
[2023-02-28T17:48:40.041+0000] {logging_mixin.py:137} INFO - [2023-02-28T17:48:40.041+0000] {manager.py:504} INFO - Created Permission View: can edit on DAG:example_task_group_decorator
[2023-02-28T17:48:40.047+0000] {logging_mixin.py:137} INFO - [2023-02-28T17:48:40.047+0000] {manager.py:504} INFO - Created Permission View: can read on DAG:example_task_group_decorator
[2023-02-28T17:48:40.051+0000] {logging_mixin.py:137} INFO - [2023-02-28T17:48:40.051+0000] {manager.py:504} INFO - Created Permission View: can delete on DAG:example_task_group_decorator
[2023-02-28T17:48:40.052+0000] {logging_mixin.py:137} INFO - [2023-02-28T17:48:40.052+0000] {dag.py:2690} INFO - Sync 1 DAGs
[2023-02-28T17:48:40.065+0000] {logging_mixin.py:137} INFO - [2023-02-28T17:48:40.065+0000] {dag.py:2711} INFO - Creating ORM DAG for example_task_group_decorator
[2023-02-28T17:48:40.080+0000] {logging_mixin.py:137} INFO - [2023-02-28T17:48:40.079+0000] {dag.py:3441} INFO - Setting next_dagrun for example_task_group_decorator to 2023-02-27T17:48:40.079314+00:00, run_after=2023-02-28T17:48:40.079314+00:00
[2023-02-28T17:48:40.095+0000] {processor.py:175} INFO - Processing /home/airflow/.local/lib/python3.7/site-packages/airflow/example_dags/example_task_group_decorator.py took 0.198 seconds
[2023-02-28T17:49:10.214+0000] {processor.py:153} INFO - Started process (PID=131) to work on /home/airflow/.local/lib/python3.7/site-packages/airflow/example_dags/example_task_group_decorator.py
[2023-02-28T17:49:10.215+0000] {processor.py:743} INFO - Processing file /home/airflow/.local/lib/python3.7/site-packages/airflow/example_dags/example_task_group_decorator.py for tasks to queue
[2023-02-28T17:49:10.216+0000] {logging_mixin.py:137} INFO - [2023-02-28T17:49:10.216+0000] {dagbag.py:538} INFO - Filling up the DagBag from /home/airflow/.local/lib/python3.7/site-packages/airflow/example_dags/example_task_group_decorator.py
[2023-02-28T17:49:10.232+0000] {processor.py:753} INFO - DAG(s) dict_keys(['example_task_group_decorator']) retrieved from /home/airflow/.local/lib/python3.7/site-packages/airflow/example_dags/example_task_group_decorator.py
[2023-02-28T17:49:10.250+0000] {logging_mixin.py:137} INFO - [2023-02-28T17:49:10.250+0000] {dag.py:2690} INFO - Sync 1 DAGs
[2023-02-28T17:49:10.263+0000] {logging_mixin.py:137} INFO - [2023-02-28T17:49:10.263+0000] {dag.py:3441} INFO - Setting next_dagrun for example_task_group_decorator to 2023-02-27T17:49:10.263741+00:00, run_after=2023-02-28T17:49:10.263741+00:00
[2023-02-28T17:49:10.274+0000] {processor.py:175} INFO - Processing /home/airflow/.local/lib/python3.7/site-packages/airflow/example_dags/example_task_group_decorator.py took 0.062 seconds
[2023-02-28T17:49:41.334+0000] {processor.py:153} INFO - Started process (PID=211) to work on /home/airflow/.local/lib/python3.7/site-packages/airflow/example_dags/example_task_group_decorator.py
[2023-02-28T17:49:41.335+0000] {processor.py:743} INFO - Processing file /home/airflow/.local/lib/python3.7/site-packages/airflow/example_dags/example_task_group_decorator.py for tasks to queue
[2023-02-28T17:49:41.336+0000] {logging_mixin.py:137} INFO - [2023-02-28T17:49:41.336+0000] {dagbag.py:538} INFO - Filling up the DagBag from /home/airflow/.local/lib/python3.7/site-packages/airflow/example_dags/example_task_group_decorator.py
[2023-02-28T17:49:41.354+0000] {processor.py:753} INFO - DAG(s) dict_keys(['example_task_group_decorator']) retrieved from /home/airflow/.local/lib/python3.7/site-packages/airflow/example_dags/example_task_group_decorator.py
[2023-02-28T17:49:41.374+0000] {logging_mixin.py:137} INFO - [2023-02-28T17:49:41.374+0000] {dag.py:2690} INFO - Sync 1 DAGs
[2023-02-28T17:49:41.389+0000] {logging_mixin.py:137} INFO - [2023-02-28T17:49:41.388+0000] {dag.py:3441} INFO - Setting next_dagrun for example_task_group_decorator to 2023-02-27T17:49:41.388769+00:00, run_after=2023-02-28T17:49:41.388769+00:00
[2023-02-28T17:49:41.400+0000] {processor.py:175} INFO - Processing /home/airflow/.local/lib/python3.7/site-packages/airflow/example_dags/example_task_group_decorator.py took 0.068 seconds
[2023-02-28T17:50:11.626+0000] {processor.py:153} INFO - Started process (PID=278) to work on /home/airflow/.local/lib/python3.7/site-packages/airflow/example_dags/example_task_group_decorator.py
[2023-02-28T17:50:11.627+0000] {processor.py:743} INFO - Processing file /home/airflow/.local/lib/python3.7/site-packages/airflow/example_dags/example_task_group_decorator.py for tasks to queue
[2023-02-28T17:50:11.627+0000] {logging_mixin.py:137} INFO - [2023-02-28T17:50:11.627+0000] {dagbag.py:538} INFO - Filling up the DagBag from /home/airflow/.local/lib/python3.7/site-packages/airflow/example_dags/example_task_group_decorator.py
[2023-02-28T17:50:11.644+0000] {processor.py:753} INFO - DAG(s) dict_keys(['example_task_group_decorator']) retrieved from /home/airflow/.local/lib/python3.7/site-packages/airflow/example_dags/example_task_group_decorator.py
[2023-02-28T17:50:11.663+0000] {logging_mixin.py:137} INFO - [2023-02-28T17:50:11.663+0000] {dag.py:2690} INFO - Sync 1 DAGs
[2023-02-28T17:50:11.678+0000] {logging_mixin.py:137} INFO - [2023-02-28T17:50:11.678+0000] {dag.py:3441} INFO - Setting next_dagrun for example_task_group_decorator to 2023-02-27T17:50:11.678151+00:00, run_after=2023-02-28T17:50:11.678151+00:00
[2023-02-28T17:50:11.689+0000] {processor.py:175} INFO - Processing /home/airflow/.local/lib/python3.7/site-packages/airflow/example_dags/example_task_group_decorator.py took 0.066 seconds
[2023-02-28T17:50:42.023+0000] {processor.py:153} INFO - Started process (PID=359) to work on /home/airflow/.local/lib/python3.7/site-packages/airflow/example_dags/example_task_group_decorator.py
[2023-02-28T17:50:42.024+0000] {processor.py:743} INFO - Processing file /home/airflow/.local/lib/python3.7/site-packages/airflow/example_dags/example_task_group_decorator.py for tasks to queue
[2023-02-28T17:50:42.025+0000] {logging_mixin.py:137} INFO - [2023-02-28T17:50:42.025+0000] {dagbag.py:538} INFO - Filling up the DagBag from /home/airflow/.local/lib/python3.7/site-packages/airflow/example_dags/example_task_group_decorator.py
[2023-02-28T17:50:42.042+0000] {processor.py:753} INFO - DAG(s) dict_keys(['example_task_group_decorator']) retrieved from /home/airflow/.local/lib/python3.7/site-packages/airflow/example_dags/example_task_group_decorator.py
[2023-02-28T17:50:42.063+0000] {logging_mixin.py:137} INFO - [2023-02-28T17:50:42.063+0000] {dag.py:2690} INFO - Sync 1 DAGs
[2023-02-28T17:50:42.079+0000] {logging_mixin.py:137} INFO - [2023-02-28T17:50:42.079+0000] {dag.py:3441} INFO - Setting next_dagrun for example_task_group_decorator to 2023-02-27T17:50:42.078801+00:00, run_after=2023-02-28T17:50:42.078801+00:00
[2023-02-28T17:50:42.091+0000] {processor.py:175} INFO - Processing /home/airflow/.local/lib/python3.7/site-packages/airflow/example_dags/example_task_group_decorator.py took 0.070 seconds
[2023-02-28T17:51:44.505+0000] {processor.py:153} INFO - Started process (PID=50) to work on /home/airflow/.local/lib/python3.7/site-packages/airflow/example_dags/example_task_group_decorator.py
[2023-02-28T17:51:44.506+0000] {processor.py:743} INFO - Processing file /home/airflow/.local/lib/python3.7/site-packages/airflow/example_dags/example_task_group_decorator.py for tasks to queue
[2023-02-28T17:51:44.508+0000] {logging_mixin.py:137} INFO - [2023-02-28T17:51:44.508+0000] {dagbag.py:538} INFO - Filling up the DagBag from /home/airflow/.local/lib/python3.7/site-packages/airflow/example_dags/example_task_group_decorator.py
[2023-02-28T17:51:44.529+0000] {processor.py:753} INFO - DAG(s) dict_keys(['example_task_group_decorator']) retrieved from /home/airflow/.local/lib/python3.7/site-packages/airflow/example_dags/example_task_group_decorator.py
[2023-02-28T17:51:44.544+0000] {logging_mixin.py:137} INFO - [2023-02-28T17:51:44.543+0000] {dag.py:2690} INFO - Sync 1 DAGs
[2023-02-28T17:51:44.562+0000] {logging_mixin.py:137} INFO - [2023-02-28T17:51:44.562+0000] {dag.py:3441} INFO - Setting next_dagrun for example_task_group_decorator to 2023-02-27T17:51:44.562319+00:00, run_after=2023-02-28T17:51:44.562319+00:00
[2023-02-28T17:51:44.576+0000] {processor.py:175} INFO - Processing /home/airflow/.local/lib/python3.7/site-packages/airflow/example_dags/example_task_group_decorator.py took 0.075 seconds
[2023-02-28T17:52:14.921+0000] {processor.py:153} INFO - Started process (PID=130) to work on /home/airflow/.local/lib/python3.7/site-packages/airflow/example_dags/example_task_group_decorator.py
[2023-02-28T17:52:14.922+0000] {processor.py:743} INFO - Processing file /home/airflow/.local/lib/python3.7/site-packages/airflow/example_dags/example_task_group_decorator.py for tasks to queue
[2023-02-28T17:52:14.923+0000] {logging_mixin.py:137} INFO - [2023-02-28T17:52:14.923+0000] {dagbag.py:538} INFO - Filling up the DagBag from /home/airflow/.local/lib/python3.7/site-packages/airflow/example_dags/example_task_group_decorator.py
[2023-02-28T17:52:14.938+0000] {processor.py:753} INFO - DAG(s) dict_keys(['example_task_group_decorator']) retrieved from /home/airflow/.local/lib/python3.7/site-packages/airflow/example_dags/example_task_group_decorator.py
[2023-02-28T17:52:14.954+0000] {logging_mixin.py:137} INFO - [2023-02-28T17:52:14.954+0000] {dag.py:2690} INFO - Sync 1 DAGs
[2023-02-28T17:52:14.966+0000] {logging_mixin.py:137} INFO - [2023-02-28T17:52:14.966+0000] {dag.py:3441} INFO - Setting next_dagrun for example_task_group_decorator to 2023-02-27T17:52:14.966559+00:00, run_after=2023-02-28T17:52:14.966559+00:00
[2023-02-28T17:52:14.975+0000] {processor.py:175} INFO - Processing /home/airflow/.local/lib/python3.7/site-packages/airflow/example_dags/example_task_group_decorator.py took 0.056 seconds
[2023-02-28T17:52:45.231+0000] {processor.py:153} INFO - Started process (PID=197) to work on /home/airflow/.local/lib/python3.7/site-packages/airflow/example_dags/example_task_group_decorator.py
[2023-02-28T17:52:45.232+0000] {processor.py:743} INFO - Processing file /home/airflow/.local/lib/python3.7/site-packages/airflow/example_dags/example_task_group_decorator.py for tasks to queue
[2023-02-28T17:52:45.233+0000] {logging_mixin.py:137} INFO - [2023-02-28T17:52:45.233+0000] {dagbag.py:538} INFO - Filling up the DagBag from /home/airflow/.local/lib/python3.7/site-packages/airflow/example_dags/example_task_group_decorator.py
[2023-02-28T17:52:45.249+0000] {processor.py:753} INFO - DAG(s) dict_keys(['example_task_group_decorator']) retrieved from /home/airflow/.local/lib/python3.7/site-packages/airflow/example_dags/example_task_group_decorator.py
[2023-02-28T17:52:45.267+0000] {logging_mixin.py:137} INFO - [2023-02-28T17:52:45.267+0000] {dag.py:2690} INFO - Sync 1 DAGs
[2023-02-28T17:52:45.280+0000] {logging_mixin.py:137} INFO - [2023-02-28T17:52:45.280+0000] {dag.py:3441} INFO - Setting next_dagrun for example_task_group_decorator to 2023-02-27T17:52:45.279859+00:00, run_after=2023-02-28T17:52:45.279859+00:00
[2023-02-28T17:52:45.289+0000] {processor.py:175} INFO - Processing /home/airflow/.local/lib/python3.7/site-packages/airflow/example_dags/example_task_group_decorator.py took 0.060 seconds
[2023-02-28T17:53:15.417+0000] {processor.py:153} INFO - Started process (PID=277) to work on /home/airflow/.local/lib/python3.7/site-packages/airflow/example_dags/example_task_group_decorator.py
[2023-02-28T17:53:15.418+0000] {processor.py:743} INFO - Processing file /home/airflow/.local/lib/python3.7/site-packages/airflow/example_dags/example_task_group_decorator.py for tasks to queue
[2023-02-28T17:53:15.419+0000] {logging_mixin.py:137} INFO - [2023-02-28T17:53:15.419+0000] {dagbag.py:538} INFO - Filling up the DagBag from /home/airflow/.local/lib/python3.7/site-packages/airflow/example_dags/example_task_group_decorator.py
[2023-02-28T17:53:15.437+0000] {processor.py:753} INFO - DAG(s) dict_keys(['example_task_group_decorator']) retrieved from /home/airflow/.local/lib/python3.7/site-packages/airflow/example_dags/example_task_group_decorator.py
[2023-02-28T17:53:15.456+0000] {logging_mixin.py:137} INFO - [2023-02-28T17:53:15.456+0000] {dag.py:2690} INFO - Sync 1 DAGs
[2023-02-28T17:53:15.470+0000] {logging_mixin.py:137} INFO - [2023-02-28T17:53:15.470+0000] {dag.py:3441} INFO - Setting next_dagrun for example_task_group_decorator to 2023-02-27T17:53:15.469884+00:00, run_after=2023-02-28T17:53:15.469884+00:00
[2023-02-28T17:53:15.480+0000] {processor.py:175} INFO - Processing /home/airflow/.local/lib/python3.7/site-packages/airflow/example_dags/example_task_group_decorator.py took 0.065 seconds
[2023-02-28T17:53:46.390+0000] {processor.py:153} INFO - Started process (PID=357) to work on /home/airflow/.local/lib/python3.7/site-packages/airflow/example_dags/example_task_group_decorator.py
[2023-02-28T17:53:46.391+0000] {processor.py:743} INFO - Processing file /home/airflow/.local/lib/python3.7/site-packages/airflow/example_dags/example_task_group_decorator.py for tasks to queue
[2023-02-28T17:53:46.392+0000] {logging_mixin.py:137} INFO - [2023-02-28T17:53:46.392+0000] {dagbag.py:538} INFO - Filling up the DagBag from /home/airflow/.local/lib/python3.7/site-packages/airflow/example_dags/example_task_group_decorator.py
[2023-02-28T17:53:46.407+0000] {processor.py:753} INFO - DAG(s) dict_keys(['example_task_group_decorator']) retrieved from /home/airflow/.local/lib/python3.7/site-packages/airflow/example_dags/example_task_group_decorator.py
[2023-02-28T17:53:46.424+0000] {logging_mixin.py:137} INFO - [2023-02-28T17:53:46.424+0000] {dag.py:2690} INFO - Sync 1 DAGs
[2023-02-28T17:53:46.437+0000] {logging_mixin.py:137} INFO - [2023-02-28T17:53:46.437+0000] {dag.py:3441} INFO - Setting next_dagrun for example_task_group_decorator to 2023-02-27T17:53:46.437529+00:00, run_after=2023-02-28T17:53:46.437529+00:00
[2023-02-28T17:53:46.447+0000] {processor.py:175} INFO - Processing /home/airflow/.local/lib/python3.7/site-packages/airflow/example_dags/example_task_group_decorator.py took 0.059 seconds
[2023-02-28T17:54:17.445+0000] {processor.py:153} INFO - Started process (PID=437) to work on /home/airflow/.local/lib/python3.7/site-packages/airflow/example_dags/example_task_group_decorator.py
[2023-02-28T17:54:17.446+0000] {processor.py:743} INFO - Processing file /home/airflow/.local/lib/python3.7/site-packages/airflow/example_dags/example_task_group_decorator.py for tasks to queue
[2023-02-28T17:54:17.447+0000] {logging_mixin.py:137} INFO - [2023-02-28T17:54:17.447+0000] {dagbag.py:538} INFO - Filling up the DagBag from /home/airflow/.local/lib/python3.7/site-packages/airflow/example_dags/example_task_group_decorator.py
[2023-02-28T17:54:17.467+0000] {processor.py:753} INFO - DAG(s) dict_keys(['example_task_group_decorator']) retrieved from /home/airflow/.local/lib/python3.7/site-packages/airflow/example_dags/example_task_group_decorator.py
[2023-02-28T17:54:17.486+0000] {logging_mixin.py:137} INFO - [2023-02-28T17:54:17.485+0000] {dag.py:2690} INFO - Sync 1 DAGs
[2023-02-28T17:54:17.499+0000] {logging_mixin.py:137} INFO - [2023-02-28T17:54:17.499+0000] {dag.py:3441} INFO - Setting next_dagrun for example_task_group_decorator to 2023-02-27T17:54:17.499711+00:00, run_after=2023-02-28T17:54:17.499711+00:00
[2023-02-28T17:54:17.509+0000] {processor.py:175} INFO - Processing /home/airflow/.local/lib/python3.7/site-packages/airflow/example_dags/example_task_group_decorator.py took 0.067 seconds
[2023-02-28T17:54:48.511+0000] {processor.py:153} INFO - Started process (PID=504) to work on /home/airflow/.local/lib/python3.7/site-packages/airflow/example_dags/example_task_group_decorator.py
[2023-02-28T17:54:48.512+0000] {processor.py:743} INFO - Processing file /home/airflow/.local/lib/python3.7/site-packages/airflow/example_dags/example_task_group_decorator.py for tasks to queue
[2023-02-28T17:54:48.512+0000] {logging_mixin.py:137} INFO - [2023-02-28T17:54:48.512+0000] {dagbag.py:538} INFO - Filling up the DagBag from /home/airflow/.local/lib/python3.7/site-packages/airflow/example_dags/example_task_group_decorator.py
[2023-02-28T17:54:48.528+0000] {processor.py:753} INFO - DAG(s) dict_keys(['example_task_group_decorator']) retrieved from /home/airflow/.local/lib/python3.7/site-packages/airflow/example_dags/example_task_group_decorator.py
[2023-02-28T17:54:48.546+0000] {logging_mixin.py:137} INFO - [2023-02-28T17:54:48.546+0000] {dag.py:2690} INFO - Sync 1 DAGs
[2023-02-28T17:54:48.558+0000] {logging_mixin.py:137} INFO - [2023-02-28T17:54:48.558+0000] {dag.py:3441} INFO - Setting next_dagrun for example_task_group_decorator to 2023-02-27T17:54:48.558736+00:00, run_after=2023-02-28T17:54:48.558736+00:00
[2023-02-28T17:54:48.568+0000] {processor.py:175} INFO - Processing /home/airflow/.local/lib/python3.7/site-packages/airflow/example_dags/example_task_group_decorator.py took 0.060 seconds
[2023-02-28T17:55:18.762+0000] {processor.py:153} INFO - Started process (PID=583) to work on /home/airflow/.local/lib/python3.7/site-packages/airflow/example_dags/example_task_group_decorator.py
[2023-02-28T17:55:18.763+0000] {processor.py:743} INFO - Processing file /home/airflow/.local/lib/python3.7/site-packages/airflow/example_dags/example_task_group_decorator.py for tasks to queue
[2023-02-28T17:55:18.764+0000] {logging_mixin.py:137} INFO - [2023-02-28T17:55:18.764+0000] {dagbag.py:538} INFO - Filling up the DagBag from /home/airflow/.local/lib/python3.7/site-packages/airflow/example_dags/example_task_group_decorator.py
[2023-02-28T17:55:18.780+0000] {processor.py:753} INFO - DAG(s) dict_keys(['example_task_group_decorator']) retrieved from /home/airflow/.local/lib/python3.7/site-packages/airflow/example_dags/example_task_group_decorator.py
[2023-02-28T17:55:18.799+0000] {logging_mixin.py:137} INFO - [2023-02-28T17:55:18.798+0000] {dag.py:2690} INFO - Sync 1 DAGs
[2023-02-28T17:55:18.812+0000] {logging_mixin.py:137} INFO - [2023-02-28T17:55:18.812+0000] {dag.py:3441} INFO - Setting next_dagrun for example_task_group_decorator to 2023-02-27T17:55:18.812611+00:00, run_after=2023-02-28T17:55:18.812611+00:00
[2023-02-28T17:55:18.822+0000] {processor.py:175} INFO - Processing /home/airflow/.local/lib/python3.7/site-packages/airflow/example_dags/example_task_group_decorator.py took 0.062 seconds
[2023-02-28T17:55:48.980+0000] {processor.py:153} INFO - Started process (PID=663) to work on /home/airflow/.local/lib/python3.7/site-packages/airflow/example_dags/example_task_group_decorator.py
[2023-02-28T17:55:48.981+0000] {processor.py:743} INFO - Processing file /home/airflow/.local/lib/python3.7/site-packages/airflow/example_dags/example_task_group_decorator.py for tasks to queue
[2023-02-28T17:55:48.981+0000] {logging_mixin.py:137} INFO - [2023-02-28T17:55:48.981+0000] {dagbag.py:538} INFO - Filling up the DagBag from /home/airflow/.local/lib/python3.7/site-packages/airflow/example_dags/example_task_group_decorator.py
[2023-02-28T17:55:48.996+0000] {processor.py:753} INFO - DAG(s) dict_keys(['example_task_group_decorator']) retrieved from /home/airflow/.local/lib/python3.7/site-packages/airflow/example_dags/example_task_group_decorator.py
[2023-02-28T17:55:49.014+0000] {logging_mixin.py:137} INFO - [2023-02-28T17:55:49.014+0000] {dag.py:2690} INFO - Sync 1 DAGs
[2023-02-28T17:55:49.027+0000] {logging_mixin.py:137} INFO - [2023-02-28T17:55:49.027+0000] {dag.py:3441} INFO - Setting next_dagrun for example_task_group_decorator to 2023-02-27T17:55:49.026990+00:00, run_after=2023-02-28T17:55:49.026990+00:00
[2023-02-28T17:55:49.038+0000] {processor.py:175} INFO - Processing /home/airflow/.local/lib/python3.7/site-packages/airflow/example_dags/example_task_group_decorator.py took 0.060 seconds
[2023-02-28T17:56:19.961+0000] {processor.py:153} INFO - Started process (PID=743) to work on /home/airflow/.local/lib/python3.7/site-packages/airflow/example_dags/example_task_group_decorator.py
[2023-02-28T17:56:19.962+0000] {processor.py:743} INFO - Processing file /home/airflow/.local/lib/python3.7/site-packages/airflow/example_dags/example_task_group_decorator.py for tasks to queue
[2023-02-28T17:56:19.963+0000] {logging_mixin.py:137} INFO - [2023-02-28T17:56:19.963+0000] {dagbag.py:538} INFO - Filling up the DagBag from /home/airflow/.local/lib/python3.7/site-packages/airflow/example_dags/example_task_group_decorator.py
[2023-02-28T17:56:19.980+0000] {processor.py:753} INFO - DAG(s) dict_keys(['example_task_group_decorator']) retrieved from /home/airflow/.local/lib/python3.7/site-packages/airflow/example_dags/example_task_group_decorator.py
[2023-02-28T17:56:19.998+0000] {logging_mixin.py:137} INFO - [2023-02-28T17:56:19.998+0000] {dag.py:2690} INFO - Sync 1 DAGs
[2023-02-28T17:56:20.016+0000] {logging_mixin.py:137} INFO - [2023-02-28T17:56:20.016+0000] {dag.py:3441} INFO - Setting next_dagrun for example_task_group_decorator to 2023-02-27T17:56:20.016276+00:00, run_after=2023-02-28T17:56:20.016276+00:00
[2023-02-28T17:56:20.025+0000] {processor.py:175} INFO - Processing /home/airflow/.local/lib/python3.7/site-packages/airflow/example_dags/example_task_group_decorator.py took 0.067 seconds
[2023-02-28T17:56:50.162+0000] {processor.py:153} INFO - Started process (PID=810) to work on /home/airflow/.local/lib/python3.7/site-packages/airflow/example_dags/example_task_group_decorator.py
[2023-02-28T17:56:50.163+0000] {processor.py:743} INFO - Processing file /home/airflow/.local/lib/python3.7/site-packages/airflow/example_dags/example_task_group_decorator.py for tasks to queue
[2023-02-28T17:56:50.163+0000] {logging_mixin.py:137} INFO - [2023-02-28T17:56:50.163+0000] {dagbag.py:538} INFO - Filling up the DagBag from /home/airflow/.local/lib/python3.7/site-packages/airflow/example_dags/example_task_group_decorator.py
[2023-02-28T17:56:50.179+0000] {processor.py:753} INFO - DAG(s) dict_keys(['example_task_group_decorator']) retrieved from /home/airflow/.local/lib/python3.7/site-packages/airflow/example_dags/example_task_group_decorator.py
[2023-02-28T17:56:50.197+0000] {logging_mixin.py:137} INFO - [2023-02-28T17:56:50.197+0000] {dag.py:2690} INFO - Sync 1 DAGs
[2023-02-28T17:56:50.210+0000] {logging_mixin.py:137} INFO - [2023-02-28T17:56:50.210+0000] {dag.py:3441} INFO - Setting next_dagrun for example_task_group_decorator to 2023-02-27T17:56:50.210102+00:00, run_after=2023-02-28T17:56:50.210102+00:00
[2023-02-28T17:56:50.219+0000] {processor.py:175} INFO - Processing /home/airflow/.local/lib/python3.7/site-packages/airflow/example_dags/example_task_group_decorator.py took 0.060 seconds
[2023-02-28T17:57:20.401+0000] {processor.py:153} INFO - Started process (PID=890) to work on /home/airflow/.local/lib/python3.7/site-packages/airflow/example_dags/example_task_group_decorator.py
[2023-02-28T17:57:20.402+0000] {processor.py:743} INFO - Processing file /home/airflow/.local/lib/python3.7/site-packages/airflow/example_dags/example_task_group_decorator.py for tasks to queue
[2023-02-28T17:57:20.403+0000] {logging_mixin.py:137} INFO - [2023-02-28T17:57:20.403+0000] {dagbag.py:538} INFO - Filling up the DagBag from /home/airflow/.local/lib/python3.7/site-packages/airflow/example_dags/example_task_group_decorator.py
[2023-02-28T17:57:20.418+0000] {processor.py:753} INFO - DAG(s) dict_keys(['example_task_group_decorator']) retrieved from /home/airflow/.local/lib/python3.7/site-packages/airflow/example_dags/example_task_group_decorator.py
[2023-02-28T17:57:20.435+0000] {logging_mixin.py:137} INFO - [2023-02-28T17:57:20.435+0000] {dag.py:2690} INFO - Sync 1 DAGs
[2023-02-28T17:57:20.448+0000] {logging_mixin.py:137} INFO - [2023-02-28T17:57:20.448+0000] {dag.py:3441} INFO - Setting next_dagrun for example_task_group_decorator to 2023-02-27T17:57:20.448644+00:00, run_after=2023-02-28T17:57:20.448644+00:00
[2023-02-28T17:57:20.458+0000] {processor.py:175} INFO - Processing /home/airflow/.local/lib/python3.7/site-packages/airflow/example_dags/example_task_group_decorator.py took 0.060 seconds
[2023-02-28T17:57:50.491+0000] {processor.py:153} INFO - Started process (PID=968) to work on /home/airflow/.local/lib/python3.7/site-packages/airflow/example_dags/example_task_group_decorator.py
[2023-02-28T17:57:50.492+0000] {processor.py:743} INFO - Processing file /home/airflow/.local/lib/python3.7/site-packages/airflow/example_dags/example_task_group_decorator.py for tasks to queue
[2023-02-28T17:57:50.492+0000] {logging_mixin.py:137} INFO - [2023-02-28T17:57:50.492+0000] {dagbag.py:538} INFO - Filling up the DagBag from /home/airflow/.local/lib/python3.7/site-packages/airflow/example_dags/example_task_group_decorator.py
[2023-02-28T17:57:50.508+0000] {processor.py:753} INFO - DAG(s) dict_keys(['example_task_group_decorator']) retrieved from /home/airflow/.local/lib/python3.7/site-packages/airflow/example_dags/example_task_group_decorator.py
[2023-02-28T17:57:50.525+0000] {logging_mixin.py:137} INFO - [2023-02-28T17:57:50.525+0000] {dag.py:2690} INFO - Sync 1 DAGs
[2023-02-28T17:57:50.538+0000] {logging_mixin.py:137} INFO - [2023-02-28T17:57:50.538+0000] {dag.py:3441} INFO - Setting next_dagrun for example_task_group_decorator to 2023-02-27T17:57:50.538528+00:00, run_after=2023-02-28T17:57:50.538528+00:00
[2023-02-28T17:57:50.548+0000] {processor.py:175} INFO - Processing /home/airflow/.local/lib/python3.7/site-packages/airflow/example_dags/example_task_group_decorator.py took 0.059 seconds
[2023-02-28T17:58:20.572+0000] {processor.py:153} INFO - Started process (PID=1035) to work on /home/airflow/.local/lib/python3.7/site-packages/airflow/example_dags/example_task_group_decorator.py
[2023-02-28T17:58:20.573+0000] {processor.py:743} INFO - Processing file /home/airflow/.local/lib/python3.7/site-packages/airflow/example_dags/example_task_group_decorator.py for tasks to queue
[2023-02-28T17:58:20.574+0000] {logging_mixin.py:137} INFO - [2023-02-28T17:58:20.573+0000] {dagbag.py:538} INFO - Filling up the DagBag from /home/airflow/.local/lib/python3.7/site-packages/airflow/example_dags/example_task_group_decorator.py
[2023-02-28T17:58:20.589+0000] {processor.py:753} INFO - DAG(s) dict_keys(['example_task_group_decorator']) retrieved from /home/airflow/.local/lib/python3.7/site-packages/airflow/example_dags/example_task_group_decorator.py
[2023-02-28T17:58:20.606+0000] {logging_mixin.py:137} INFO - [2023-02-28T17:58:20.606+0000] {dag.py:2690} INFO - Sync 1 DAGs
[2023-02-28T17:58:20.619+0000] {logging_mixin.py:137} INFO - [2023-02-28T17:58:20.619+0000] {dag.py:3441} INFO - Setting next_dagrun for example_task_group_decorator to 2023-02-27T17:58:20.618913+00:00, run_after=2023-02-28T17:58:20.618913+00:00
[2023-02-28T17:58:20.628+0000] {processor.py:175} INFO - Processing /home/airflow/.local/lib/python3.7/site-packages/airflow/example_dags/example_task_group_decorator.py took 0.058 seconds
[2023-02-28T17:58:50.688+0000] {processor.py:153} INFO - Started process (PID=1115) to work on /home/airflow/.local/lib/python3.7/site-packages/airflow/example_dags/example_task_group_decorator.py
[2023-02-28T17:58:50.689+0000] {processor.py:743} INFO - Processing file /home/airflow/.local/lib/python3.7/site-packages/airflow/example_dags/example_task_group_decorator.py for tasks to queue
[2023-02-28T17:58:50.690+0000] {logging_mixin.py:137} INFO - [2023-02-28T17:58:50.690+0000] {dagbag.py:538} INFO - Filling up the DagBag from /home/airflow/.local/lib/python3.7/site-packages/airflow/example_dags/example_task_group_decorator.py
[2023-02-28T17:58:50.706+0000] {processor.py:753} INFO - DAG(s) dict_keys(['example_task_group_decorator']) retrieved from /home/airflow/.local/lib/python3.7/site-packages/airflow/example_dags/example_task_group_decorator.py
[2023-02-28T17:58:50.724+0000] {logging_mixin.py:137} INFO - [2023-02-28T17:58:50.724+0000] {dag.py:2690} INFO - Sync 1 DAGs
[2023-02-28T17:58:50.738+0000] {logging_mixin.py:137} INFO - [2023-02-28T17:58:50.737+0000] {dag.py:3441} INFO - Setting next_dagrun for example_task_group_decorator to 2023-02-27T17:58:50.737716+00:00, run_after=2023-02-28T17:58:50.737716+00:00
[2023-02-28T17:58:50.747+0000] {processor.py:175} INFO - Processing /home/airflow/.local/lib/python3.7/site-packages/airflow/example_dags/example_task_group_decorator.py took 0.061 seconds
[2023-02-28T17:59:20.932+0000] {processor.py:153} INFO - Started process (PID=1195) to work on /home/airflow/.local/lib/python3.7/site-packages/airflow/example_dags/example_task_group_decorator.py
[2023-02-28T17:59:20.934+0000] {processor.py:743} INFO - Processing file /home/airflow/.local/lib/python3.7/site-packages/airflow/example_dags/example_task_group_decorator.py for tasks to queue
[2023-02-28T17:59:20.934+0000] {logging_mixin.py:137} INFO - [2023-02-28T17:59:20.934+0000] {dagbag.py:538} INFO - Filling up the DagBag from /home/airflow/.local/lib/python3.7/site-packages/airflow/example_dags/example_task_group_decorator.py
[2023-02-28T17:59:20.950+0000] {processor.py:753} INFO - DAG(s) dict_keys(['example_task_group_decorator']) retrieved from /home/airflow/.local/lib/python3.7/site-packages/airflow/example_dags/example_task_group_decorator.py
[2023-02-28T17:59:20.968+0000] {logging_mixin.py:137} INFO - [2023-02-28T17:59:20.967+0000] {dag.py:2690} INFO - Sync 1 DAGs
[2023-02-28T17:59:20.980+0000] {logging_mixin.py:137} INFO - [2023-02-28T17:59:20.980+0000] {dag.py:3441} INFO - Setting next_dagrun for example_task_group_decorator to 2023-02-27T17:59:20.980395+00:00, run_after=2023-02-28T17:59:20.980395+00:00
[2023-02-28T17:59:20.989+0000] {processor.py:175} INFO - Processing /home/airflow/.local/lib/python3.7/site-packages/airflow/example_dags/example_task_group_decorator.py took 0.059 seconds
[2023-02-28T17:59:51.168+0000] {processor.py:153} INFO - Started process (PID=1262) to work on /home/airflow/.local/lib/python3.7/site-packages/airflow/example_dags/example_task_group_decorator.py
[2023-02-28T17:59:51.169+0000] {processor.py:743} INFO - Processing file /home/airflow/.local/lib/python3.7/site-packages/airflow/example_dags/example_task_group_decorator.py for tasks to queue
[2023-02-28T17:59:51.169+0000] {logging_mixin.py:137} INFO - [2023-02-28T17:59:51.169+0000] {dagbag.py:538} INFO - Filling up the DagBag from /home/airflow/.local/lib/python3.7/site-packages/airflow/example_dags/example_task_group_decorator.py
[2023-02-28T17:59:51.185+0000] {processor.py:753} INFO - DAG(s) dict_keys(['example_task_group_decorator']) retrieved from /home/airflow/.local/lib/python3.7/site-packages/airflow/example_dags/example_task_group_decorator.py
[2023-02-28T17:59:51.202+0000] {logging_mixin.py:137} INFO - [2023-02-28T17:59:51.202+0000] {dag.py:2690} INFO - Sync 1 DAGs
[2023-02-28T17:59:51.215+0000] {logging_mixin.py:137} INFO - [2023-02-28T17:59:51.215+0000] {dag.py:3441} INFO - Setting next_dagrun for example_task_group_decorator to 2023-02-27T17:59:51.214890+00:00, run_after=2023-02-28T17:59:51.214890+00:00
[2023-02-28T17:59:51.224+0000] {processor.py:175} INFO - Processing /home/airflow/.local/lib/python3.7/site-packages/airflow/example_dags/example_task_group_decorator.py took 0.058 seconds
[2023-02-28T18:00:21.515+0000] {processor.py:153} INFO - Started process (PID=1343) to work on /home/airflow/.local/lib/python3.7/site-packages/airflow/example_dags/example_task_group_decorator.py
[2023-02-28T18:00:21.516+0000] {processor.py:743} INFO - Processing file /home/airflow/.local/lib/python3.7/site-packages/airflow/example_dags/example_task_group_decorator.py for tasks to queue
[2023-02-28T18:00:21.517+0000] {logging_mixin.py:137} INFO - [2023-02-28T18:00:21.517+0000] {dagbag.py:538} INFO - Filling up the DagBag from /home/airflow/.local/lib/python3.7/site-packages/airflow/example_dags/example_task_group_decorator.py
[2023-02-28T18:00:21.532+0000] {processor.py:753} INFO - DAG(s) dict_keys(['example_task_group_decorator']) retrieved from /home/airflow/.local/lib/python3.7/site-packages/airflow/example_dags/example_task_group_decorator.py
[2023-02-28T18:00:21.550+0000] {logging_mixin.py:137} INFO - [2023-02-28T18:00:21.550+0000] {dag.py:2690} INFO - Sync 1 DAGs
[2023-02-28T18:00:21.563+0000] {logging_mixin.py:137} INFO - [2023-02-28T18:00:21.563+0000] {dag.py:3441} INFO - Setting next_dagrun for example_task_group_decorator to 2023-02-27T18:00:21.562952+00:00, run_after=2023-02-28T18:00:21.562952+00:00
[2023-02-28T18:00:21.573+0000] {processor.py:175} INFO - Processing /home/airflow/.local/lib/python3.7/site-packages/airflow/example_dags/example_task_group_decorator.py took 0.061 seconds
[2023-02-28T18:00:51.720+0000] {processor.py:153} INFO - Started process (PID=1423) to work on /home/airflow/.local/lib/python3.7/site-packages/airflow/example_dags/example_task_group_decorator.py
[2023-02-28T18:00:51.721+0000] {processor.py:743} INFO - Processing file /home/airflow/.local/lib/python3.7/site-packages/airflow/example_dags/example_task_group_decorator.py for tasks to queue
[2023-02-28T18:00:51.722+0000] {logging_mixin.py:137} INFO - [2023-02-28T18:00:51.722+0000] {dagbag.py:538} INFO - Filling up the DagBag from /home/airflow/.local/lib/python3.7/site-packages/airflow/example_dags/example_task_group_decorator.py
[2023-02-28T18:00:51.738+0000] {processor.py:753} INFO - DAG(s) dict_keys(['example_task_group_decorator']) retrieved from /home/airflow/.local/lib/python3.7/site-packages/airflow/example_dags/example_task_group_decorator.py
[2023-02-28T18:00:51.756+0000] {logging_mixin.py:137} INFO - [2023-02-28T18:00:51.756+0000] {dag.py:2690} INFO - Sync 1 DAGs
[2023-02-28T18:00:51.769+0000] {logging_mixin.py:137} INFO - [2023-02-28T18:00:51.769+0000] {dag.py:3441} INFO - Setting next_dagrun for example_task_group_decorator to 2023-02-27T18:00:51.769325+00:00, run_after=2023-02-28T18:00:51.769325+00:00
[2023-02-28T18:00:51.778+0000] {processor.py:175} INFO - Processing /home/airflow/.local/lib/python3.7/site-packages/airflow/example_dags/example_task_group_decorator.py took 0.061 seconds
[2023-02-28T18:01:22.347+0000] {processor.py:153} INFO - Started process (PID=1503) to work on /home/airflow/.local/lib/python3.7/site-packages/airflow/example_dags/example_task_group_decorator.py
[2023-02-28T18:01:22.349+0000] {processor.py:743} INFO - Processing file /home/airflow/.local/lib/python3.7/site-packages/airflow/example_dags/example_task_group_decorator.py for tasks to queue
[2023-02-28T18:01:22.349+0000] {logging_mixin.py:137} INFO - [2023-02-28T18:01:22.349+0000] {dagbag.py:538} INFO - Filling up the DagBag from /home/airflow/.local/lib/python3.7/site-packages/airflow/example_dags/example_task_group_decorator.py
[2023-02-28T18:01:22.367+0000] {processor.py:753} INFO - DAG(s) dict_keys(['example_task_group_decorator']) retrieved from /home/airflow/.local/lib/python3.7/site-packages/airflow/example_dags/example_task_group_decorator.py
[2023-02-28T18:01:22.387+0000] {logging_mixin.py:137} INFO - [2023-02-28T18:01:22.387+0000] {dag.py:2690} INFO - Sync 1 DAGs
[2023-02-28T18:01:22.403+0000] {logging_mixin.py:137} INFO - [2023-02-28T18:01:22.403+0000] {dag.py:3441} INFO - Setting next_dagrun for example_task_group_decorator to 2023-02-27T18:01:22.403004+00:00, run_after=2023-02-28T18:01:22.403004+00:00
[2023-02-28T18:01:22.412+0000] {processor.py:175} INFO - Processing /home/airflow/.local/lib/python3.7/site-packages/airflow/example_dags/example_task_group_decorator.py took 0.068 seconds
