[2023-02-28T17:48:39.145+0000] {processor.py:153} INFO - Started process (PID=43) to work on /home/airflow/.local/lib/python3.7/site-packages/airflow/example_dags/example_short_circuit_operator.py
[2023-02-28T17:48:39.147+0000] {processor.py:743} INFO - Processing file /home/airflow/.local/lib/python3.7/site-packages/airflow/example_dags/example_short_circuit_operator.py for tasks to queue
[2023-02-28T17:48:39.147+0000] {logging_mixin.py:137} INFO - [2023-02-28T17:48:39.147+0000] {dagbag.py:538} INFO - Filling up the DagBag from /home/airflow/.local/lib/python3.7/site-packages/airflow/example_dags/example_short_circuit_operator.py
[2023-02-28T17:48:39.161+0000] {processor.py:753} INFO - DAG(s) dict_keys(['example_short_circuit_operator']) retrieved from /home/airflow/.local/lib/python3.7/site-packages/airflow/example_dags/example_short_circuit_operator.py
[2023-02-28T17:48:39.262+0000] {logging_mixin.py:137} INFO - [2023-02-28T17:48:39.262+0000] {manager.py:504} INFO - Created Permission View: can edit on DAG:example_short_circuit_operator
[2023-02-28T17:48:39.266+0000] {logging_mixin.py:137} INFO - [2023-02-28T17:48:39.266+0000] {manager.py:504} INFO - Created Permission View: can read on DAG:example_short_circuit_operator
[2023-02-28T17:48:39.270+0000] {logging_mixin.py:137} INFO - [2023-02-28T17:48:39.270+0000] {manager.py:504} INFO - Created Permission View: can delete on DAG:example_short_circuit_operator
[2023-02-28T17:48:39.270+0000] {logging_mixin.py:137} INFO - [2023-02-28T17:48:39.270+0000] {dag.py:2690} INFO - Sync 1 DAGs
[2023-02-28T17:48:39.278+0000] {logging_mixin.py:137} INFO - [2023-02-28T17:48:39.278+0000] {dag.py:2711} INFO - Creating ORM DAG for example_short_circuit_operator
[2023-02-28T17:48:39.284+0000] {logging_mixin.py:137} INFO - [2023-02-28T17:48:39.284+0000] {dag.py:3441} INFO - Setting next_dagrun for example_short_circuit_operator to 2023-02-27T17:48:39.284507+00:00, run_after=2023-02-28T17:48:39.284507+00:00
[2023-02-28T17:48:39.293+0000] {processor.py:175} INFO - Processing /home/airflow/.local/lib/python3.7/site-packages/airflow/example_dags/example_short_circuit_operator.py took 0.150 seconds
[2023-02-28T17:49:09.846+0000] {processor.py:153} INFO - Started process (PID=124) to work on /home/airflow/.local/lib/python3.7/site-packages/airflow/example_dags/example_short_circuit_operator.py
[2023-02-28T17:49:09.847+0000] {processor.py:743} INFO - Processing file /home/airflow/.local/lib/python3.7/site-packages/airflow/example_dags/example_short_circuit_operator.py for tasks to queue
[2023-02-28T17:49:09.847+0000] {logging_mixin.py:137} INFO - [2023-02-28T17:49:09.847+0000] {dagbag.py:538} INFO - Filling up the DagBag from /home/airflow/.local/lib/python3.7/site-packages/airflow/example_dags/example_short_circuit_operator.py
[2023-02-28T17:49:09.858+0000] {processor.py:753} INFO - DAG(s) dict_keys(['example_short_circuit_operator']) retrieved from /home/airflow/.local/lib/python3.7/site-packages/airflow/example_dags/example_short_circuit_operator.py
[2023-02-28T17:49:09.876+0000] {logging_mixin.py:137} INFO - [2023-02-28T17:49:09.876+0000] {dag.py:2690} INFO - Sync 1 DAGs
[2023-02-28T17:49:09.889+0000] {logging_mixin.py:137} INFO - [2023-02-28T17:49:09.889+0000] {dag.py:3441} INFO - Setting next_dagrun for example_short_circuit_operator to 2023-02-27T17:49:09.889674+00:00, run_after=2023-02-28T17:49:09.889674+00:00
[2023-02-28T17:49:09.901+0000] {processor.py:175} INFO - Processing /home/airflow/.local/lib/python3.7/site-packages/airflow/example_dags/example_short_circuit_operator.py took 0.057 seconds
[2023-02-28T17:49:40.932+0000] {processor.py:153} INFO - Started process (PID=204) to work on /home/airflow/.local/lib/python3.7/site-packages/airflow/example_dags/example_short_circuit_operator.py
[2023-02-28T17:49:40.933+0000] {processor.py:743} INFO - Processing file /home/airflow/.local/lib/python3.7/site-packages/airflow/example_dags/example_short_circuit_operator.py for tasks to queue
[2023-02-28T17:49:40.934+0000] {logging_mixin.py:137} INFO - [2023-02-28T17:49:40.934+0000] {dagbag.py:538} INFO - Filling up the DagBag from /home/airflow/.local/lib/python3.7/site-packages/airflow/example_dags/example_short_circuit_operator.py
[2023-02-28T17:49:40.945+0000] {processor.py:753} INFO - DAG(s) dict_keys(['example_short_circuit_operator']) retrieved from /home/airflow/.local/lib/python3.7/site-packages/airflow/example_dags/example_short_circuit_operator.py
[2023-02-28T17:49:40.965+0000] {logging_mixin.py:137} INFO - [2023-02-28T17:49:40.965+0000] {dag.py:2690} INFO - Sync 1 DAGs
[2023-02-28T17:49:40.982+0000] {logging_mixin.py:137} INFO - [2023-02-28T17:49:40.982+0000] {dag.py:3441} INFO - Setting next_dagrun for example_short_circuit_operator to 2023-02-27T17:49:40.981892+00:00, run_after=2023-02-28T17:49:40.981892+00:00
[2023-02-28T17:49:40.995+0000] {processor.py:175} INFO - Processing /home/airflow/.local/lib/python3.7/site-packages/airflow/example_dags/example_short_circuit_operator.py took 0.065 seconds
[2023-02-28T17:50:11.054+0000] {processor.py:153} INFO - Started process (PID=269) to work on /home/airflow/.local/lib/python3.7/site-packages/airflow/example_dags/example_short_circuit_operator.py
[2023-02-28T17:50:11.055+0000] {processor.py:743} INFO - Processing file /home/airflow/.local/lib/python3.7/site-packages/airflow/example_dags/example_short_circuit_operator.py for tasks to queue
[2023-02-28T17:50:11.055+0000] {logging_mixin.py:137} INFO - [2023-02-28T17:50:11.055+0000] {dagbag.py:538} INFO - Filling up the DagBag from /home/airflow/.local/lib/python3.7/site-packages/airflow/example_dags/example_short_circuit_operator.py
[2023-02-28T17:50:11.067+0000] {processor.py:753} INFO - DAG(s) dict_keys(['example_short_circuit_operator']) retrieved from /home/airflow/.local/lib/python3.7/site-packages/airflow/example_dags/example_short_circuit_operator.py
[2023-02-28T17:50:11.087+0000] {logging_mixin.py:137} INFO - [2023-02-28T17:50:11.087+0000] {dag.py:2690} INFO - Sync 1 DAGs
[2023-02-28T17:50:11.101+0000] {logging_mixin.py:137} INFO - [2023-02-28T17:50:11.101+0000] {dag.py:3441} INFO - Setting next_dagrun for example_short_circuit_operator to 2023-02-27T17:50:11.101500+00:00, run_after=2023-02-28T17:50:11.101500+00:00
[2023-02-28T17:50:11.112+0000] {processor.py:175} INFO - Processing /home/airflow/.local/lib/python3.7/site-packages/airflow/example_dags/example_short_circuit_operator.py took 0.061 seconds
[2023-02-28T17:50:41.503+0000] {processor.py:153} INFO - Started process (PID=350) to work on /home/airflow/.local/lib/python3.7/site-packages/airflow/example_dags/example_short_circuit_operator.py
[2023-02-28T17:50:41.504+0000] {processor.py:743} INFO - Processing file /home/airflow/.local/lib/python3.7/site-packages/airflow/example_dags/example_short_circuit_operator.py for tasks to queue
[2023-02-28T17:50:41.505+0000] {logging_mixin.py:137} INFO - [2023-02-28T17:50:41.505+0000] {dagbag.py:538} INFO - Filling up the DagBag from /home/airflow/.local/lib/python3.7/site-packages/airflow/example_dags/example_short_circuit_operator.py
[2023-02-28T17:50:41.515+0000] {processor.py:753} INFO - DAG(s) dict_keys(['example_short_circuit_operator']) retrieved from /home/airflow/.local/lib/python3.7/site-packages/airflow/example_dags/example_short_circuit_operator.py
[2023-02-28T17:50:41.535+0000] {logging_mixin.py:137} INFO - [2023-02-28T17:50:41.535+0000] {dag.py:2690} INFO - Sync 1 DAGs
[2023-02-28T17:50:41.550+0000] {logging_mixin.py:137} INFO - [2023-02-28T17:50:41.550+0000] {dag.py:3441} INFO - Setting next_dagrun for example_short_circuit_operator to 2023-02-27T17:50:41.549972+00:00, run_after=2023-02-28T17:50:41.549972+00:00
[2023-02-28T17:50:41.559+0000] {processor.py:175} INFO - Processing /home/airflow/.local/lib/python3.7/site-packages/airflow/example_dags/example_short_circuit_operator.py took 0.059 seconds
[2023-02-28T17:51:44.129+0000] {processor.py:153} INFO - Started process (PID=43) to work on /home/airflow/.local/lib/python3.7/site-packages/airflow/example_dags/example_short_circuit_operator.py
[2023-02-28T17:51:44.130+0000] {processor.py:743} INFO - Processing file /home/airflow/.local/lib/python3.7/site-packages/airflow/example_dags/example_short_circuit_operator.py for tasks to queue
[2023-02-28T17:51:44.131+0000] {logging_mixin.py:137} INFO - [2023-02-28T17:51:44.131+0000] {dagbag.py:538} INFO - Filling up the DagBag from /home/airflow/.local/lib/python3.7/site-packages/airflow/example_dags/example_short_circuit_operator.py
[2023-02-28T17:51:44.143+0000] {processor.py:753} INFO - DAG(s) dict_keys(['example_short_circuit_operator']) retrieved from /home/airflow/.local/lib/python3.7/site-packages/airflow/example_dags/example_short_circuit_operator.py
[2023-02-28T17:51:44.154+0000] {logging_mixin.py:137} INFO - [2023-02-28T17:51:44.154+0000] {dag.py:2690} INFO - Sync 1 DAGs
[2023-02-28T17:51:44.168+0000] {logging_mixin.py:137} INFO - [2023-02-28T17:51:44.168+0000] {dag.py:3441} INFO - Setting next_dagrun for example_short_circuit_operator to 2023-02-27T17:51:44.168401+00:00, run_after=2023-02-28T17:51:44.168401+00:00
[2023-02-28T17:51:44.178+0000] {processor.py:175} INFO - Processing /home/airflow/.local/lib/python3.7/site-packages/airflow/example_dags/example_short_circuit_operator.py took 0.052 seconds
[2023-02-28T17:52:14.487+0000] {processor.py:153} INFO - Started process (PID=123) to work on /home/airflow/.local/lib/python3.7/site-packages/airflow/example_dags/example_short_circuit_operator.py
[2023-02-28T17:52:14.488+0000] {processor.py:743} INFO - Processing file /home/airflow/.local/lib/python3.7/site-packages/airflow/example_dags/example_short_circuit_operator.py for tasks to queue
[2023-02-28T17:52:14.489+0000] {logging_mixin.py:137} INFO - [2023-02-28T17:52:14.488+0000] {dagbag.py:538} INFO - Filling up the DagBag from /home/airflow/.local/lib/python3.7/site-packages/airflow/example_dags/example_short_circuit_operator.py
[2023-02-28T17:52:14.499+0000] {processor.py:753} INFO - DAG(s) dict_keys(['example_short_circuit_operator']) retrieved from /home/airflow/.local/lib/python3.7/site-packages/airflow/example_dags/example_short_circuit_operator.py
[2023-02-28T17:52:14.517+0000] {logging_mixin.py:137} INFO - [2023-02-28T17:52:14.517+0000] {dag.py:2690} INFO - Sync 1 DAGs
[2023-02-28T17:52:14.531+0000] {logging_mixin.py:137} INFO - [2023-02-28T17:52:14.531+0000] {dag.py:3441} INFO - Setting next_dagrun for example_short_circuit_operator to 2023-02-27T17:52:14.531614+00:00, run_after=2023-02-28T17:52:14.531614+00:00
[2023-02-28T17:52:14.541+0000] {processor.py:175} INFO - Processing /home/airflow/.local/lib/python3.7/site-packages/airflow/example_dags/example_short_circuit_operator.py took 0.058 seconds
[2023-02-28T17:52:44.799+0000] {processor.py:153} INFO - Started process (PID=190) to work on /home/airflow/.local/lib/python3.7/site-packages/airflow/example_dags/example_short_circuit_operator.py
[2023-02-28T17:52:44.800+0000] {processor.py:743} INFO - Processing file /home/airflow/.local/lib/python3.7/site-packages/airflow/example_dags/example_short_circuit_operator.py for tasks to queue
[2023-02-28T17:52:44.800+0000] {logging_mixin.py:137} INFO - [2023-02-28T17:52:44.800+0000] {dagbag.py:538} INFO - Filling up the DagBag from /home/airflow/.local/lib/python3.7/site-packages/airflow/example_dags/example_short_circuit_operator.py
[2023-02-28T17:52:44.810+0000] {processor.py:753} INFO - DAG(s) dict_keys(['example_short_circuit_operator']) retrieved from /home/airflow/.local/lib/python3.7/site-packages/airflow/example_dags/example_short_circuit_operator.py
[2023-02-28T17:52:44.829+0000] {logging_mixin.py:137} INFO - [2023-02-28T17:52:44.829+0000] {dag.py:2690} INFO - Sync 1 DAGs
[2023-02-28T17:52:44.843+0000] {logging_mixin.py:137} INFO - [2023-02-28T17:52:44.843+0000] {dag.py:3441} INFO - Setting next_dagrun for example_short_circuit_operator to 2023-02-27T17:52:44.843471+00:00, run_after=2023-02-28T17:52:44.843471+00:00
[2023-02-28T17:52:44.854+0000] {processor.py:175} INFO - Processing /home/airflow/.local/lib/python3.7/site-packages/airflow/example_dags/example_short_circuit_operator.py took 0.057 seconds
[2023-02-28T17:53:14.931+0000] {processor.py:153} INFO - Started process (PID=268) to work on /home/airflow/.local/lib/python3.7/site-packages/airflow/example_dags/example_short_circuit_operator.py
[2023-02-28T17:53:14.933+0000] {processor.py:743} INFO - Processing file /home/airflow/.local/lib/python3.7/site-packages/airflow/example_dags/example_short_circuit_operator.py for tasks to queue
[2023-02-28T17:53:14.933+0000] {logging_mixin.py:137} INFO - [2023-02-28T17:53:14.933+0000] {dagbag.py:538} INFO - Filling up the DagBag from /home/airflow/.local/lib/python3.7/site-packages/airflow/example_dags/example_short_circuit_operator.py
[2023-02-28T17:53:14.943+0000] {processor.py:753} INFO - DAG(s) dict_keys(['example_short_circuit_operator']) retrieved from /home/airflow/.local/lib/python3.7/site-packages/airflow/example_dags/example_short_circuit_operator.py
[2023-02-28T17:53:14.960+0000] {logging_mixin.py:137} INFO - [2023-02-28T17:53:14.960+0000] {dag.py:2690} INFO - Sync 1 DAGs
[2023-02-28T17:53:14.973+0000] {logging_mixin.py:137} INFO - [2023-02-28T17:53:14.973+0000] {dag.py:3441} INFO - Setting next_dagrun for example_short_circuit_operator to 2023-02-27T17:53:14.973188+00:00, run_after=2023-02-28T17:53:14.973188+00:00
[2023-02-28T17:53:14.983+0000] {processor.py:175} INFO - Processing /home/airflow/.local/lib/python3.7/site-packages/airflow/example_dags/example_short_circuit_operator.py took 0.054 seconds
[2023-02-28T17:53:46.171+0000] {processor.py:153} INFO - Started process (PID=350) to work on /home/airflow/.local/lib/python3.7/site-packages/airflow/example_dags/example_short_circuit_operator.py
[2023-02-28T17:53:46.172+0000] {processor.py:743} INFO - Processing file /home/airflow/.local/lib/python3.7/site-packages/airflow/example_dags/example_short_circuit_operator.py for tasks to queue
[2023-02-28T17:53:46.173+0000] {logging_mixin.py:137} INFO - [2023-02-28T17:53:46.173+0000] {dagbag.py:538} INFO - Filling up the DagBag from /home/airflow/.local/lib/python3.7/site-packages/airflow/example_dags/example_short_circuit_operator.py
[2023-02-28T17:53:46.184+0000] {processor.py:753} INFO - DAG(s) dict_keys(['example_short_circuit_operator']) retrieved from /home/airflow/.local/lib/python3.7/site-packages/airflow/example_dags/example_short_circuit_operator.py
[2023-02-28T17:53:46.201+0000] {logging_mixin.py:137} INFO - [2023-02-28T17:53:46.201+0000] {dag.py:2690} INFO - Sync 1 DAGs
[2023-02-28T17:53:46.214+0000] {logging_mixin.py:137} INFO - [2023-02-28T17:53:46.214+0000] {dag.py:3441} INFO - Setting next_dagrun for example_short_circuit_operator to 2023-02-27T17:53:46.214273+00:00, run_after=2023-02-28T17:53:46.214273+00:00
[2023-02-28T17:53:46.223+0000] {processor.py:175} INFO - Processing /home/airflow/.local/lib/python3.7/site-packages/airflow/example_dags/example_short_circuit_operator.py took 0.054 seconds
[2023-02-28T17:54:17.146+0000] {processor.py:153} INFO - Started process (PID=430) to work on /home/airflow/.local/lib/python3.7/site-packages/airflow/example_dags/example_short_circuit_operator.py
[2023-02-28T17:54:17.147+0000] {processor.py:743} INFO - Processing file /home/airflow/.local/lib/python3.7/site-packages/airflow/example_dags/example_short_circuit_operator.py for tasks to queue
[2023-02-28T17:54:17.147+0000] {logging_mixin.py:137} INFO - [2023-02-28T17:54:17.147+0000] {dagbag.py:538} INFO - Filling up the DagBag from /home/airflow/.local/lib/python3.7/site-packages/airflow/example_dags/example_short_circuit_operator.py
[2023-02-28T17:54:17.157+0000] {processor.py:753} INFO - DAG(s) dict_keys(['example_short_circuit_operator']) retrieved from /home/airflow/.local/lib/python3.7/site-packages/airflow/example_dags/example_short_circuit_operator.py
[2023-02-28T17:54:17.175+0000] {logging_mixin.py:137} INFO - [2023-02-28T17:54:17.175+0000] {dag.py:2690} INFO - Sync 1 DAGs
[2023-02-28T17:54:17.189+0000] {logging_mixin.py:137} INFO - [2023-02-28T17:54:17.189+0000] {dag.py:3441} INFO - Setting next_dagrun for example_short_circuit_operator to 2023-02-27T17:54:17.189291+00:00, run_after=2023-02-28T17:54:17.189291+00:00
[2023-02-28T17:54:17.200+0000] {processor.py:175} INFO - Processing /home/airflow/.local/lib/python3.7/site-packages/airflow/example_dags/example_short_circuit_operator.py took 0.057 seconds
[2023-02-28T17:54:48.153+0000] {processor.py:153} INFO - Started process (PID=497) to work on /home/airflow/.local/lib/python3.7/site-packages/airflow/example_dags/example_short_circuit_operator.py
[2023-02-28T17:54:48.154+0000] {processor.py:743} INFO - Processing file /home/airflow/.local/lib/python3.7/site-packages/airflow/example_dags/example_short_circuit_operator.py for tasks to queue
[2023-02-28T17:54:48.154+0000] {logging_mixin.py:137} INFO - [2023-02-28T17:54:48.154+0000] {dagbag.py:538} INFO - Filling up the DagBag from /home/airflow/.local/lib/python3.7/site-packages/airflow/example_dags/example_short_circuit_operator.py
[2023-02-28T17:54:48.164+0000] {processor.py:753} INFO - DAG(s) dict_keys(['example_short_circuit_operator']) retrieved from /home/airflow/.local/lib/python3.7/site-packages/airflow/example_dags/example_short_circuit_operator.py
[2023-02-28T17:54:48.181+0000] {logging_mixin.py:137} INFO - [2023-02-28T17:54:48.181+0000] {dag.py:2690} INFO - Sync 1 DAGs
[2023-02-28T17:54:48.194+0000] {logging_mixin.py:137} INFO - [2023-02-28T17:54:48.194+0000] {dag.py:3441} INFO - Setting next_dagrun for example_short_circuit_operator to 2023-02-27T17:54:48.193872+00:00, run_after=2023-02-28T17:54:48.193872+00:00
[2023-02-28T17:54:48.203+0000] {processor.py:175} INFO - Processing /home/airflow/.local/lib/python3.7/site-packages/airflow/example_dags/example_short_circuit_operator.py took 0.052 seconds
[2023-02-28T17:55:18.380+0000] {processor.py:153} INFO - Started process (PID=576) to work on /home/airflow/.local/lib/python3.7/site-packages/airflow/example_dags/example_short_circuit_operator.py
[2023-02-28T17:55:18.381+0000] {processor.py:743} INFO - Processing file /home/airflow/.local/lib/python3.7/site-packages/airflow/example_dags/example_short_circuit_operator.py for tasks to queue
[2023-02-28T17:55:18.382+0000] {logging_mixin.py:137} INFO - [2023-02-28T17:55:18.382+0000] {dagbag.py:538} INFO - Filling up the DagBag from /home/airflow/.local/lib/python3.7/site-packages/airflow/example_dags/example_short_circuit_operator.py
[2023-02-28T17:55:18.392+0000] {processor.py:753} INFO - DAG(s) dict_keys(['example_short_circuit_operator']) retrieved from /home/airflow/.local/lib/python3.7/site-packages/airflow/example_dags/example_short_circuit_operator.py
[2023-02-28T17:55:18.410+0000] {logging_mixin.py:137} INFO - [2023-02-28T17:55:18.410+0000] {dag.py:2690} INFO - Sync 1 DAGs
[2023-02-28T17:55:18.424+0000] {logging_mixin.py:137} INFO - [2023-02-28T17:55:18.424+0000] {dag.py:3441} INFO - Setting next_dagrun for example_short_circuit_operator to 2023-02-27T17:55:18.424389+00:00, run_after=2023-02-28T17:55:18.424389+00:00
[2023-02-28T17:55:18.436+0000] {processor.py:175} INFO - Processing /home/airflow/.local/lib/python3.7/site-packages/airflow/example_dags/example_short_circuit_operator.py took 0.058 seconds
[2023-02-28T17:55:48.476+0000] {processor.py:153} INFO - Started process (PID=654) to work on /home/airflow/.local/lib/python3.7/site-packages/airflow/example_dags/example_short_circuit_operator.py
[2023-02-28T17:55:48.477+0000] {processor.py:743} INFO - Processing file /home/airflow/.local/lib/python3.7/site-packages/airflow/example_dags/example_short_circuit_operator.py for tasks to queue
[2023-02-28T17:55:48.478+0000] {logging_mixin.py:137} INFO - [2023-02-28T17:55:48.477+0000] {dagbag.py:538} INFO - Filling up the DagBag from /home/airflow/.local/lib/python3.7/site-packages/airflow/example_dags/example_short_circuit_operator.py
[2023-02-28T17:55:48.487+0000] {processor.py:753} INFO - DAG(s) dict_keys(['example_short_circuit_operator']) retrieved from /home/airflow/.local/lib/python3.7/site-packages/airflow/example_dags/example_short_circuit_operator.py
[2023-02-28T17:55:48.504+0000] {logging_mixin.py:137} INFO - [2023-02-28T17:55:48.504+0000] {dag.py:2690} INFO - Sync 1 DAGs
[2023-02-28T17:55:48.517+0000] {logging_mixin.py:137} INFO - [2023-02-28T17:55:48.517+0000] {dag.py:3441} INFO - Setting next_dagrun for example_short_circuit_operator to 2023-02-27T17:55:48.517157+00:00, run_after=2023-02-28T17:55:48.517157+00:00
[2023-02-28T17:55:48.526+0000] {processor.py:175} INFO - Processing /home/airflow/.local/lib/python3.7/site-packages/airflow/example_dags/example_short_circuit_operator.py took 0.053 seconds
[2023-02-28T17:56:19.624+0000] {processor.py:153} INFO - Started process (PID=732) to work on /home/airflow/.local/lib/python3.7/site-packages/airflow/example_dags/example_short_circuit_operator.py
[2023-02-28T17:56:19.625+0000] {processor.py:743} INFO - Processing file /home/airflow/.local/lib/python3.7/site-packages/airflow/example_dags/example_short_circuit_operator.py for tasks to queue
[2023-02-28T17:56:19.625+0000] {logging_mixin.py:137} INFO - [2023-02-28T17:56:19.625+0000] {dagbag.py:538} INFO - Filling up the DagBag from /home/airflow/.local/lib/python3.7/site-packages/airflow/example_dags/example_short_circuit_operator.py
[2023-02-28T17:56:19.635+0000] {processor.py:753} INFO - DAG(s) dict_keys(['example_short_circuit_operator']) retrieved from /home/airflow/.local/lib/python3.7/site-packages/airflow/example_dags/example_short_circuit_operator.py
[2023-02-28T17:56:19.653+0000] {logging_mixin.py:137} INFO - [2023-02-28T17:56:19.653+0000] {dag.py:2690} INFO - Sync 1 DAGs
[2023-02-28T17:56:19.666+0000] {logging_mixin.py:137} INFO - [2023-02-28T17:56:19.666+0000] {dag.py:3441} INFO - Setting next_dagrun for example_short_circuit_operator to 2023-02-27T17:56:19.665879+00:00, run_after=2023-02-28T17:56:19.665879+00:00
[2023-02-28T17:56:19.676+0000] {processor.py:175} INFO - Processing /home/airflow/.local/lib/python3.7/site-packages/airflow/example_dags/example_short_circuit_operator.py took 0.055 seconds
[2023-02-28T17:56:49.797+0000] {processor.py:153} INFO - Started process (PID=803) to work on /home/airflow/.local/lib/python3.7/site-packages/airflow/example_dags/example_short_circuit_operator.py
[2023-02-28T17:56:49.799+0000] {processor.py:743} INFO - Processing file /home/airflow/.local/lib/python3.7/site-packages/airflow/example_dags/example_short_circuit_operator.py for tasks to queue
[2023-02-28T17:56:49.800+0000] {logging_mixin.py:137} INFO - [2023-02-28T17:56:49.800+0000] {dagbag.py:538} INFO - Filling up the DagBag from /home/airflow/.local/lib/python3.7/site-packages/airflow/example_dags/example_short_circuit_operator.py
[2023-02-28T17:56:49.809+0000] {processor.py:753} INFO - DAG(s) dict_keys(['example_short_circuit_operator']) retrieved from /home/airflow/.local/lib/python3.7/site-packages/airflow/example_dags/example_short_circuit_operator.py
[2023-02-28T17:56:49.827+0000] {logging_mixin.py:137} INFO - [2023-02-28T17:56:49.827+0000] {dag.py:2690} INFO - Sync 1 DAGs
[2023-02-28T17:56:49.840+0000] {logging_mixin.py:137} INFO - [2023-02-28T17:56:49.840+0000] {dag.py:3441} INFO - Setting next_dagrun for example_short_circuit_operator to 2023-02-27T17:56:49.840402+00:00, run_after=2023-02-28T17:56:49.840402+00:00
[2023-02-28T17:56:49.850+0000] {processor.py:175} INFO - Processing /home/airflow/.local/lib/python3.7/site-packages/airflow/example_dags/example_short_circuit_operator.py took 0.055 seconds
[2023-02-28T17:57:19.897+0000] {processor.py:153} INFO - Started process (PID=881) to work on /home/airflow/.local/lib/python3.7/site-packages/airflow/example_dags/example_short_circuit_operator.py
[2023-02-28T17:57:19.898+0000] {processor.py:743} INFO - Processing file /home/airflow/.local/lib/python3.7/site-packages/airflow/example_dags/example_short_circuit_operator.py for tasks to queue
[2023-02-28T17:57:19.899+0000] {logging_mixin.py:137} INFO - [2023-02-28T17:57:19.899+0000] {dagbag.py:538} INFO - Filling up the DagBag from /home/airflow/.local/lib/python3.7/site-packages/airflow/example_dags/example_short_circuit_operator.py
[2023-02-28T17:57:19.908+0000] {processor.py:753} INFO - DAG(s) dict_keys(['example_short_circuit_operator']) retrieved from /home/airflow/.local/lib/python3.7/site-packages/airflow/example_dags/example_short_circuit_operator.py
[2023-02-28T17:57:19.925+0000] {logging_mixin.py:137} INFO - [2023-02-28T17:57:19.925+0000] {dag.py:2690} INFO - Sync 1 DAGs
[2023-02-28T17:57:19.938+0000] {logging_mixin.py:137} INFO - [2023-02-28T17:57:19.938+0000] {dag.py:3441} INFO - Setting next_dagrun for example_short_circuit_operator to 2023-02-27T17:57:19.938630+00:00, run_after=2023-02-28T17:57:19.938630+00:00
[2023-02-28T17:57:19.947+0000] {processor.py:175} INFO - Processing /home/airflow/.local/lib/python3.7/site-packages/airflow/example_dags/example_short_circuit_operator.py took 0.053 seconds
[2023-02-28T17:57:50.022+0000] {processor.py:153} INFO - Started process (PID=961) to work on /home/airflow/.local/lib/python3.7/site-packages/airflow/example_dags/example_short_circuit_operator.py
[2023-02-28T17:57:50.023+0000] {processor.py:743} INFO - Processing file /home/airflow/.local/lib/python3.7/site-packages/airflow/example_dags/example_short_circuit_operator.py for tasks to queue
[2023-02-28T17:57:50.024+0000] {logging_mixin.py:137} INFO - [2023-02-28T17:57:50.024+0000] {dagbag.py:538} INFO - Filling up the DagBag from /home/airflow/.local/lib/python3.7/site-packages/airflow/example_dags/example_short_circuit_operator.py
[2023-02-28T17:57:50.034+0000] {processor.py:753} INFO - DAG(s) dict_keys(['example_short_circuit_operator']) retrieved from /home/airflow/.local/lib/python3.7/site-packages/airflow/example_dags/example_short_circuit_operator.py
[2023-02-28T17:57:50.052+0000] {logging_mixin.py:137} INFO - [2023-02-28T17:57:50.051+0000] {dag.py:2690} INFO - Sync 1 DAGs
[2023-02-28T17:57:50.065+0000] {logging_mixin.py:137} INFO - [2023-02-28T17:57:50.065+0000] {dag.py:3441} INFO - Setting next_dagrun for example_short_circuit_operator to 2023-02-27T17:57:50.065736+00:00, run_after=2023-02-28T17:57:50.065736+00:00
[2023-02-28T17:57:50.074+0000] {processor.py:175} INFO - Processing /home/airflow/.local/lib/python3.7/site-packages/airflow/example_dags/example_short_circuit_operator.py took 0.054 seconds
[2023-02-28T17:58:20.273+0000] {processor.py:153} INFO - Started process (PID=1028) to work on /home/airflow/.local/lib/python3.7/site-packages/airflow/example_dags/example_short_circuit_operator.py
[2023-02-28T17:58:20.274+0000] {processor.py:743} INFO - Processing file /home/airflow/.local/lib/python3.7/site-packages/airflow/example_dags/example_short_circuit_operator.py for tasks to queue
[2023-02-28T17:58:20.275+0000] {logging_mixin.py:137} INFO - [2023-02-28T17:58:20.275+0000] {dagbag.py:538} INFO - Filling up the DagBag from /home/airflow/.local/lib/python3.7/site-packages/airflow/example_dags/example_short_circuit_operator.py
[2023-02-28T17:58:20.284+0000] {processor.py:753} INFO - DAG(s) dict_keys(['example_short_circuit_operator']) retrieved from /home/airflow/.local/lib/python3.7/site-packages/airflow/example_dags/example_short_circuit_operator.py
[2023-02-28T17:58:20.301+0000] {logging_mixin.py:137} INFO - [2023-02-28T17:58:20.301+0000] {dag.py:2690} INFO - Sync 1 DAGs
[2023-02-28T17:58:20.314+0000] {logging_mixin.py:137} INFO - [2023-02-28T17:58:20.314+0000] {dag.py:3441} INFO - Setting next_dagrun for example_short_circuit_operator to 2023-02-27T17:58:20.314146+00:00, run_after=2023-02-28T17:58:20.314146+00:00
[2023-02-28T17:58:20.325+0000] {processor.py:175} INFO - Processing /home/airflow/.local/lib/python3.7/site-packages/airflow/example_dags/example_short_circuit_operator.py took 0.055 seconds
[2023-02-28T17:58:50.426+0000] {processor.py:153} INFO - Started process (PID=1108) to work on /home/airflow/.local/lib/python3.7/site-packages/airflow/example_dags/example_short_circuit_operator.py
[2023-02-28T17:58:50.427+0000] {processor.py:743} INFO - Processing file /home/airflow/.local/lib/python3.7/site-packages/airflow/example_dags/example_short_circuit_operator.py for tasks to queue
[2023-02-28T17:58:50.428+0000] {logging_mixin.py:137} INFO - [2023-02-28T17:58:50.428+0000] {dagbag.py:538} INFO - Filling up the DagBag from /home/airflow/.local/lib/python3.7/site-packages/airflow/example_dags/example_short_circuit_operator.py
[2023-02-28T17:58:50.437+0000] {processor.py:753} INFO - DAG(s) dict_keys(['example_short_circuit_operator']) retrieved from /home/airflow/.local/lib/python3.7/site-packages/airflow/example_dags/example_short_circuit_operator.py
[2023-02-28T17:58:50.454+0000] {logging_mixin.py:137} INFO - [2023-02-28T17:58:50.454+0000] {dag.py:2690} INFO - Sync 1 DAGs
[2023-02-28T17:58:50.467+0000] {logging_mixin.py:137} INFO - [2023-02-28T17:58:50.467+0000] {dag.py:3441} INFO - Setting next_dagrun for example_short_circuit_operator to 2023-02-27T17:58:50.467149+00:00, run_after=2023-02-28T17:58:50.467149+00:00
[2023-02-28T17:58:50.477+0000] {processor.py:175} INFO - Processing /home/airflow/.local/lib/python3.7/site-packages/airflow/example_dags/example_short_circuit_operator.py took 0.053 seconds
[2023-02-28T17:59:20.668+0000] {processor.py:153} INFO - Started process (PID=1188) to work on /home/airflow/.local/lib/python3.7/site-packages/airflow/example_dags/example_short_circuit_operator.py
[2023-02-28T17:59:20.669+0000] {processor.py:743} INFO - Processing file /home/airflow/.local/lib/python3.7/site-packages/airflow/example_dags/example_short_circuit_operator.py for tasks to queue
[2023-02-28T17:59:20.670+0000] {logging_mixin.py:137} INFO - [2023-02-28T17:59:20.669+0000] {dagbag.py:538} INFO - Filling up the DagBag from /home/airflow/.local/lib/python3.7/site-packages/airflow/example_dags/example_short_circuit_operator.py
[2023-02-28T17:59:20.679+0000] {processor.py:753} INFO - DAG(s) dict_keys(['example_short_circuit_operator']) retrieved from /home/airflow/.local/lib/python3.7/site-packages/airflow/example_dags/example_short_circuit_operator.py
[2023-02-28T17:59:20.697+0000] {logging_mixin.py:137} INFO - [2023-02-28T17:59:20.696+0000] {dag.py:2690} INFO - Sync 1 DAGs
[2023-02-28T17:59:20.710+0000] {logging_mixin.py:137} INFO - [2023-02-28T17:59:20.710+0000] {dag.py:3441} INFO - Setting next_dagrun for example_short_circuit_operator to 2023-02-27T17:59:20.710309+00:00, run_after=2023-02-28T17:59:20.710309+00:00
[2023-02-28T17:59:20.720+0000] {processor.py:175} INFO - Processing /home/airflow/.local/lib/python3.7/site-packages/airflow/example_dags/example_short_circuit_operator.py took 0.054 seconds
[2023-02-28T17:59:50.908+0000] {processor.py:153} INFO - Started process (PID=1255) to work on /home/airflow/.local/lib/python3.7/site-packages/airflow/example_dags/example_short_circuit_operator.py
[2023-02-28T17:59:50.909+0000] {processor.py:743} INFO - Processing file /home/airflow/.local/lib/python3.7/site-packages/airflow/example_dags/example_short_circuit_operator.py for tasks to queue
[2023-02-28T17:59:50.909+0000] {logging_mixin.py:137} INFO - [2023-02-28T17:59:50.909+0000] {dagbag.py:538} INFO - Filling up the DagBag from /home/airflow/.local/lib/python3.7/site-packages/airflow/example_dags/example_short_circuit_operator.py
[2023-02-28T17:59:50.918+0000] {processor.py:753} INFO - DAG(s) dict_keys(['example_short_circuit_operator']) retrieved from /home/airflow/.local/lib/python3.7/site-packages/airflow/example_dags/example_short_circuit_operator.py
[2023-02-28T17:59:50.935+0000] {logging_mixin.py:137} INFO - [2023-02-28T17:59:50.935+0000] {dag.py:2690} INFO - Sync 1 DAGs
[2023-02-28T17:59:50.948+0000] {logging_mixin.py:137} INFO - [2023-02-28T17:59:50.948+0000] {dag.py:3441} INFO - Setting next_dagrun for example_short_circuit_operator to 2023-02-27T17:59:50.948364+00:00, run_after=2023-02-28T17:59:50.948364+00:00
[2023-02-28T17:59:50.958+0000] {processor.py:175} INFO - Processing /home/airflow/.local/lib/python3.7/site-packages/airflow/example_dags/example_short_circuit_operator.py took 0.053 seconds
[2023-02-28T18:00:21.249+0000] {processor.py:153} INFO - Started process (PID=1336) to work on /home/airflow/.local/lib/python3.7/site-packages/airflow/example_dags/example_short_circuit_operator.py
[2023-02-28T18:00:21.250+0000] {processor.py:743} INFO - Processing file /home/airflow/.local/lib/python3.7/site-packages/airflow/example_dags/example_short_circuit_operator.py for tasks to queue
[2023-02-28T18:00:21.250+0000] {logging_mixin.py:137} INFO - [2023-02-28T18:00:21.250+0000] {dagbag.py:538} INFO - Filling up the DagBag from /home/airflow/.local/lib/python3.7/site-packages/airflow/example_dags/example_short_circuit_operator.py
[2023-02-28T18:00:21.260+0000] {processor.py:753} INFO - DAG(s) dict_keys(['example_short_circuit_operator']) retrieved from /home/airflow/.local/lib/python3.7/site-packages/airflow/example_dags/example_short_circuit_operator.py
[2023-02-28T18:00:21.278+0000] {logging_mixin.py:137} INFO - [2023-02-28T18:00:21.278+0000] {dag.py:2690} INFO - Sync 1 DAGs
[2023-02-28T18:00:21.291+0000] {logging_mixin.py:137} INFO - [2023-02-28T18:00:21.291+0000] {dag.py:3441} INFO - Setting next_dagrun for example_short_circuit_operator to 2023-02-27T18:00:21.291444+00:00, run_after=2023-02-28T18:00:21.291444+00:00
[2023-02-28T18:00:21.301+0000] {processor.py:175} INFO - Processing /home/airflow/.local/lib/python3.7/site-packages/airflow/example_dags/example_short_circuit_operator.py took 0.054 seconds
[2023-02-28T18:00:51.448+0000] {processor.py:153} INFO - Started process (PID=1416) to work on /home/airflow/.local/lib/python3.7/site-packages/airflow/example_dags/example_short_circuit_operator.py
[2023-02-28T18:00:51.449+0000] {processor.py:743} INFO - Processing file /home/airflow/.local/lib/python3.7/site-packages/airflow/example_dags/example_short_circuit_operator.py for tasks to queue
[2023-02-28T18:00:51.450+0000] {logging_mixin.py:137} INFO - [2023-02-28T18:00:51.450+0000] {dagbag.py:538} INFO - Filling up the DagBag from /home/airflow/.local/lib/python3.7/site-packages/airflow/example_dags/example_short_circuit_operator.py
[2023-02-28T18:00:51.460+0000] {processor.py:753} INFO - DAG(s) dict_keys(['example_short_circuit_operator']) retrieved from /home/airflow/.local/lib/python3.7/site-packages/airflow/example_dags/example_short_circuit_operator.py
[2023-02-28T18:00:51.478+0000] {logging_mixin.py:137} INFO - [2023-02-28T18:00:51.478+0000] {dag.py:2690} INFO - Sync 1 DAGs
[2023-02-28T18:00:51.492+0000] {logging_mixin.py:137} INFO - [2023-02-28T18:00:51.492+0000] {dag.py:3441} INFO - Setting next_dagrun for example_short_circuit_operator to 2023-02-27T18:00:51.491850+00:00, run_after=2023-02-28T18:00:51.491850+00:00
[2023-02-28T18:00:51.502+0000] {processor.py:175} INFO - Processing /home/airflow/.local/lib/python3.7/site-packages/airflow/example_dags/example_short_circuit_operator.py took 0.056 seconds
[2023-02-28T18:01:22.053+0000] {processor.py:153} INFO - Started process (PID=1496) to work on /home/airflow/.local/lib/python3.7/site-packages/airflow/example_dags/example_short_circuit_operator.py
[2023-02-28T18:01:22.054+0000] {processor.py:743} INFO - Processing file /home/airflow/.local/lib/python3.7/site-packages/airflow/example_dags/example_short_circuit_operator.py for tasks to queue
[2023-02-28T18:01:22.056+0000] {logging_mixin.py:137} INFO - [2023-02-28T18:01:22.056+0000] {dagbag.py:538} INFO - Filling up the DagBag from /home/airflow/.local/lib/python3.7/site-packages/airflow/example_dags/example_short_circuit_operator.py
[2023-02-28T18:01:22.066+0000] {processor.py:753} INFO - DAG(s) dict_keys(['example_short_circuit_operator']) retrieved from /home/airflow/.local/lib/python3.7/site-packages/airflow/example_dags/example_short_circuit_operator.py
[2023-02-28T18:01:22.085+0000] {logging_mixin.py:137} INFO - [2023-02-28T18:01:22.085+0000] {dag.py:2690} INFO - Sync 1 DAGs
[2023-02-28T18:01:22.099+0000] {logging_mixin.py:137} INFO - [2023-02-28T18:01:22.099+0000] {dag.py:3441} INFO - Setting next_dagrun for example_short_circuit_operator to 2023-02-27T18:01:22.098892+00:00, run_after=2023-02-28T18:01:22.098892+00:00
[2023-02-28T18:01:22.109+0000] {processor.py:175} INFO - Processing /home/airflow/.local/lib/python3.7/site-packages/airflow/example_dags/example_short_circuit_operator.py took 0.058 seconds
