[2023-02-28T17:48:40.805+0000] {processor.py:153} INFO - Started process (PID=60) to work on /home/airflow/.local/lib/python3.7/site-packages/airflow/example_dags/example_kubernetes_executor.py
[2023-02-28T17:48:40.806+0000] {processor.py:743} INFO - Processing file /home/airflow/.local/lib/python3.7/site-packages/airflow/example_dags/example_kubernetes_executor.py for tasks to queue
[2023-02-28T17:48:40.807+0000] {logging_mixin.py:137} INFO - [2023-02-28T17:48:40.807+0000] {dagbag.py:538} INFO - Filling up the DagBag from /home/airflow/.local/lib/python3.7/site-packages/airflow/example_dags/example_kubernetes_executor.py
[2023-02-28T17:48:40.825+0000] {processor.py:753} INFO - DAG(s) dict_keys(['example_kubernetes_executor']) retrieved from /home/airflow/.local/lib/python3.7/site-packages/airflow/example_dags/example_kubernetes_executor.py
[2023-02-28T17:48:40.896+0000] {logging_mixin.py:137} INFO - [2023-02-28T17:48:40.896+0000] {manager.py:504} INFO - Created Permission View: can edit on DAG:example_kubernetes_executor
[2023-02-28T17:48:40.901+0000] {logging_mixin.py:137} INFO - [2023-02-28T17:48:40.901+0000] {manager.py:504} INFO - Created Permission View: can read on DAG:example_kubernetes_executor
[2023-02-28T17:48:40.905+0000] {logging_mixin.py:137} INFO - [2023-02-28T17:48:40.904+0000] {manager.py:504} INFO - Created Permission View: can delete on DAG:example_kubernetes_executor
[2023-02-28T17:48:40.905+0000] {logging_mixin.py:137} INFO - [2023-02-28T17:48:40.905+0000] {dag.py:2690} INFO - Sync 1 DAGs
[2023-02-28T17:48:40.914+0000] {logging_mixin.py:137} INFO - [2023-02-28T17:48:40.914+0000] {dag.py:2711} INFO - Creating ORM DAG for example_kubernetes_executor
[2023-02-28T17:48:40.921+0000] {logging_mixin.py:137} INFO - [2023-02-28T17:48:40.921+0000] {dag.py:3441} INFO - Setting next_dagrun for example_kubernetes_executor to None, run_after=None
[2023-02-28T17:48:40.929+0000] {processor.py:175} INFO - Processing /home/airflow/.local/lib/python3.7/site-packages/airflow/example_dags/example_kubernetes_executor.py took 0.127 seconds
[2023-02-28T17:49:11.700+0000] {processor.py:153} INFO - Started process (PID=141) to work on /home/airflow/.local/lib/python3.7/site-packages/airflow/example_dags/example_kubernetes_executor.py
[2023-02-28T17:49:11.701+0000] {processor.py:743} INFO - Processing file /home/airflow/.local/lib/python3.7/site-packages/airflow/example_dags/example_kubernetes_executor.py for tasks to queue
[2023-02-28T17:49:11.702+0000] {logging_mixin.py:137} INFO - [2023-02-28T17:49:11.702+0000] {dagbag.py:538} INFO - Filling up the DagBag from /home/airflow/.local/lib/python3.7/site-packages/airflow/example_dags/example_kubernetes_executor.py
[2023-02-28T17:49:11.718+0000] {processor.py:753} INFO - DAG(s) dict_keys(['example_kubernetes_executor']) retrieved from /home/airflow/.local/lib/python3.7/site-packages/airflow/example_dags/example_kubernetes_executor.py
[2023-02-28T17:49:11.738+0000] {logging_mixin.py:137} INFO - [2023-02-28T17:49:11.738+0000] {dag.py:2690} INFO - Sync 1 DAGs
[2023-02-28T17:49:11.752+0000] {logging_mixin.py:137} INFO - [2023-02-28T17:49:11.752+0000] {dag.py:3441} INFO - Setting next_dagrun for example_kubernetes_executor to None, run_after=None
[2023-02-28T17:49:11.762+0000] {processor.py:175} INFO - Processing /home/airflow/.local/lib/python3.7/site-packages/airflow/example_dags/example_kubernetes_executor.py took 0.064 seconds
[2023-02-28T17:49:41.802+0000] {processor.py:153} INFO - Started process (PID=221) to work on /home/airflow/.local/lib/python3.7/site-packages/airflow/example_dags/example_kubernetes_executor.py
[2023-02-28T17:49:41.803+0000] {processor.py:743} INFO - Processing file /home/airflow/.local/lib/python3.7/site-packages/airflow/example_dags/example_kubernetes_executor.py for tasks to queue
[2023-02-28T17:49:41.804+0000] {logging_mixin.py:137} INFO - [2023-02-28T17:49:41.804+0000] {dagbag.py:538} INFO - Filling up the DagBag from /home/airflow/.local/lib/python3.7/site-packages/airflow/example_dags/example_kubernetes_executor.py
[2023-02-28T17:49:41.822+0000] {processor.py:753} INFO - DAG(s) dict_keys(['example_kubernetes_executor']) retrieved from /home/airflow/.local/lib/python3.7/site-packages/airflow/example_dags/example_kubernetes_executor.py
[2023-02-28T17:49:41.843+0000] {logging_mixin.py:137} INFO - [2023-02-28T17:49:41.843+0000] {dag.py:2690} INFO - Sync 1 DAGs
[2023-02-28T17:49:41.856+0000] {logging_mixin.py:137} INFO - [2023-02-28T17:49:41.856+0000] {dag.py:3441} INFO - Setting next_dagrun for example_kubernetes_executor to None, run_after=None
[2023-02-28T17:49:41.866+0000] {processor.py:175} INFO - Processing /home/airflow/.local/lib/python3.7/site-packages/airflow/example_dags/example_kubernetes_executor.py took 0.067 seconds
[2023-02-28T17:50:12.051+0000] {processor.py:153} INFO - Started process (PID=288) to work on /home/airflow/.local/lib/python3.7/site-packages/airflow/example_dags/example_kubernetes_executor.py
[2023-02-28T17:50:12.052+0000] {processor.py:743} INFO - Processing file /home/airflow/.local/lib/python3.7/site-packages/airflow/example_dags/example_kubernetes_executor.py for tasks to queue
[2023-02-28T17:50:12.053+0000] {logging_mixin.py:137} INFO - [2023-02-28T17:50:12.053+0000] {dagbag.py:538} INFO - Filling up the DagBag from /home/airflow/.local/lib/python3.7/site-packages/airflow/example_dags/example_kubernetes_executor.py
[2023-02-28T17:50:12.072+0000] {processor.py:753} INFO - DAG(s) dict_keys(['example_kubernetes_executor']) retrieved from /home/airflow/.local/lib/python3.7/site-packages/airflow/example_dags/example_kubernetes_executor.py
[2023-02-28T17:50:12.092+0000] {logging_mixin.py:137} INFO - [2023-02-28T17:50:12.092+0000] {dag.py:2690} INFO - Sync 1 DAGs
[2023-02-28T17:50:12.109+0000] {logging_mixin.py:137} INFO - [2023-02-28T17:50:12.109+0000] {dag.py:3441} INFO - Setting next_dagrun for example_kubernetes_executor to None, run_after=None
[2023-02-28T17:50:12.127+0000] {processor.py:175} INFO - Processing /home/airflow/.local/lib/python3.7/site-packages/airflow/example_dags/example_kubernetes_executor.py took 0.078 seconds
[2023-02-28T17:50:42.514+0000] {processor.py:153} INFO - Started process (PID=369) to work on /home/airflow/.local/lib/python3.7/site-packages/airflow/example_dags/example_kubernetes_executor.py
[2023-02-28T17:50:42.515+0000] {processor.py:743} INFO - Processing file /home/airflow/.local/lib/python3.7/site-packages/airflow/example_dags/example_kubernetes_executor.py for tasks to queue
[2023-02-28T17:50:42.516+0000] {logging_mixin.py:137} INFO - [2023-02-28T17:50:42.516+0000] {dagbag.py:538} INFO - Filling up the DagBag from /home/airflow/.local/lib/python3.7/site-packages/airflow/example_dags/example_kubernetes_executor.py
[2023-02-28T17:50:42.533+0000] {processor.py:753} INFO - DAG(s) dict_keys(['example_kubernetes_executor']) retrieved from /home/airflow/.local/lib/python3.7/site-packages/airflow/example_dags/example_kubernetes_executor.py
[2023-02-28T17:50:42.567+0000] {logging_mixin.py:137} INFO - [2023-02-28T17:50:42.567+0000] {dag.py:2690} INFO - Sync 1 DAGs
[2023-02-28T17:50:42.581+0000] {logging_mixin.py:137} INFO - [2023-02-28T17:50:42.581+0000] {dag.py:3441} INFO - Setting next_dagrun for example_kubernetes_executor to None, run_after=None
[2023-02-28T17:50:42.591+0000] {processor.py:175} INFO - Processing /home/airflow/.local/lib/python3.7/site-packages/airflow/example_dags/example_kubernetes_executor.py took 0.080 seconds
[2023-02-28T17:51:45.033+0000] {processor.py:153} INFO - Started process (PID=60) to work on /home/airflow/.local/lib/python3.7/site-packages/airflow/example_dags/example_kubernetes_executor.py
[2023-02-28T17:51:45.034+0000] {processor.py:743} INFO - Processing file /home/airflow/.local/lib/python3.7/site-packages/airflow/example_dags/example_kubernetes_executor.py for tasks to queue
[2023-02-28T17:51:45.035+0000] {logging_mixin.py:137} INFO - [2023-02-28T17:51:45.035+0000] {dagbag.py:538} INFO - Filling up the DagBag from /home/airflow/.local/lib/python3.7/site-packages/airflow/example_dags/example_kubernetes_executor.py
[2023-02-28T17:51:45.059+0000] {processor.py:753} INFO - DAG(s) dict_keys(['example_kubernetes_executor']) retrieved from /home/airflow/.local/lib/python3.7/site-packages/airflow/example_dags/example_kubernetes_executor.py
[2023-02-28T17:51:45.074+0000] {logging_mixin.py:137} INFO - [2023-02-28T17:51:45.074+0000] {dag.py:2690} INFO - Sync 1 DAGs
[2023-02-28T17:51:45.093+0000] {logging_mixin.py:137} INFO - [2023-02-28T17:51:45.093+0000] {dag.py:3441} INFO - Setting next_dagrun for example_kubernetes_executor to None, run_after=None
[2023-02-28T17:51:45.105+0000] {processor.py:175} INFO - Processing /home/airflow/.local/lib/python3.7/site-packages/airflow/example_dags/example_kubernetes_executor.py took 0.075 seconds
[2023-02-28T17:52:15.371+0000] {processor.py:153} INFO - Started process (PID=140) to work on /home/airflow/.local/lib/python3.7/site-packages/airflow/example_dags/example_kubernetes_executor.py
[2023-02-28T17:52:15.372+0000] {processor.py:743} INFO - Processing file /home/airflow/.local/lib/python3.7/site-packages/airflow/example_dags/example_kubernetes_executor.py for tasks to queue
[2023-02-28T17:52:15.373+0000] {logging_mixin.py:137} INFO - [2023-02-28T17:52:15.373+0000] {dagbag.py:538} INFO - Filling up the DagBag from /home/airflow/.local/lib/python3.7/site-packages/airflow/example_dags/example_kubernetes_executor.py
[2023-02-28T17:52:15.389+0000] {processor.py:753} INFO - DAG(s) dict_keys(['example_kubernetes_executor']) retrieved from /home/airflow/.local/lib/python3.7/site-packages/airflow/example_dags/example_kubernetes_executor.py
[2023-02-28T17:52:15.410+0000] {logging_mixin.py:137} INFO - [2023-02-28T17:52:15.410+0000] {dag.py:2690} INFO - Sync 1 DAGs
[2023-02-28T17:52:15.424+0000] {logging_mixin.py:137} INFO - [2023-02-28T17:52:15.424+0000] {dag.py:3441} INFO - Setting next_dagrun for example_kubernetes_executor to None, run_after=None
[2023-02-28T17:52:15.435+0000] {processor.py:175} INFO - Processing /home/airflow/.local/lib/python3.7/site-packages/airflow/example_dags/example_kubernetes_executor.py took 0.066 seconds
[2023-02-28T17:52:45.624+0000] {processor.py:153} INFO - Started process (PID=207) to work on /home/airflow/.local/lib/python3.7/site-packages/airflow/example_dags/example_kubernetes_executor.py
[2023-02-28T17:52:45.625+0000] {processor.py:743} INFO - Processing file /home/airflow/.local/lib/python3.7/site-packages/airflow/example_dags/example_kubernetes_executor.py for tasks to queue
[2023-02-28T17:52:45.626+0000] {logging_mixin.py:137} INFO - [2023-02-28T17:52:45.626+0000] {dagbag.py:538} INFO - Filling up the DagBag from /home/airflow/.local/lib/python3.7/site-packages/airflow/example_dags/example_kubernetes_executor.py
[2023-02-28T17:52:45.644+0000] {processor.py:753} INFO - DAG(s) dict_keys(['example_kubernetes_executor']) retrieved from /home/airflow/.local/lib/python3.7/site-packages/airflow/example_dags/example_kubernetes_executor.py
[2023-02-28T17:52:45.662+0000] {logging_mixin.py:137} INFO - [2023-02-28T17:52:45.662+0000] {dag.py:2690} INFO - Sync 1 DAGs
[2023-02-28T17:52:45.676+0000] {logging_mixin.py:137} INFO - [2023-02-28T17:52:45.676+0000] {dag.py:3441} INFO - Setting next_dagrun for example_kubernetes_executor to None, run_after=None
[2023-02-28T17:52:45.685+0000] {processor.py:175} INFO - Processing /home/airflow/.local/lib/python3.7/site-packages/airflow/example_dags/example_kubernetes_executor.py took 0.063 seconds
[2023-02-28T17:53:15.876+0000] {processor.py:153} INFO - Started process (PID=287) to work on /home/airflow/.local/lib/python3.7/site-packages/airflow/example_dags/example_kubernetes_executor.py
[2023-02-28T17:53:15.877+0000] {processor.py:743} INFO - Processing file /home/airflow/.local/lib/python3.7/site-packages/airflow/example_dags/example_kubernetes_executor.py for tasks to queue
[2023-02-28T17:53:15.878+0000] {logging_mixin.py:137} INFO - [2023-02-28T17:53:15.877+0000] {dagbag.py:538} INFO - Filling up the DagBag from /home/airflow/.local/lib/python3.7/site-packages/airflow/example_dags/example_kubernetes_executor.py
[2023-02-28T17:53:15.893+0000] {processor.py:753} INFO - DAG(s) dict_keys(['example_kubernetes_executor']) retrieved from /home/airflow/.local/lib/python3.7/site-packages/airflow/example_dags/example_kubernetes_executor.py
[2023-02-28T17:53:15.913+0000] {logging_mixin.py:137} INFO - [2023-02-28T17:53:15.913+0000] {dag.py:2690} INFO - Sync 1 DAGs
[2023-02-28T17:53:15.927+0000] {logging_mixin.py:137} INFO - [2023-02-28T17:53:15.927+0000] {dag.py:3441} INFO - Setting next_dagrun for example_kubernetes_executor to None, run_after=None
[2023-02-28T17:53:15.935+0000] {processor.py:175} INFO - Processing /home/airflow/.local/lib/python3.7/site-packages/airflow/example_dags/example_kubernetes_executor.py took 0.062 seconds
[2023-02-28T17:53:46.776+0000] {processor.py:153} INFO - Started process (PID=367) to work on /home/airflow/.local/lib/python3.7/site-packages/airflow/example_dags/example_kubernetes_executor.py
[2023-02-28T17:53:46.777+0000] {processor.py:743} INFO - Processing file /home/airflow/.local/lib/python3.7/site-packages/airflow/example_dags/example_kubernetes_executor.py for tasks to queue
[2023-02-28T17:53:46.778+0000] {logging_mixin.py:137} INFO - [2023-02-28T17:53:46.778+0000] {dagbag.py:538} INFO - Filling up the DagBag from /home/airflow/.local/lib/python3.7/site-packages/airflow/example_dags/example_kubernetes_executor.py
[2023-02-28T17:53:46.793+0000] {processor.py:753} INFO - DAG(s) dict_keys(['example_kubernetes_executor']) retrieved from /home/airflow/.local/lib/python3.7/site-packages/airflow/example_dags/example_kubernetes_executor.py
[2023-02-28T17:53:46.812+0000] {logging_mixin.py:137} INFO - [2023-02-28T17:53:46.812+0000] {dag.py:2690} INFO - Sync 1 DAGs
[2023-02-28T17:53:46.826+0000] {logging_mixin.py:137} INFO - [2023-02-28T17:53:46.826+0000] {dag.py:3441} INFO - Setting next_dagrun for example_kubernetes_executor to None, run_after=None
[2023-02-28T17:53:46.835+0000] {processor.py:175} INFO - Processing /home/airflow/.local/lib/python3.7/site-packages/airflow/example_dags/example_kubernetes_executor.py took 0.061 seconds
[2023-02-28T17:54:17.842+0000] {processor.py:153} INFO - Started process (PID=447) to work on /home/airflow/.local/lib/python3.7/site-packages/airflow/example_dags/example_kubernetes_executor.py
[2023-02-28T17:54:17.843+0000] {processor.py:743} INFO - Processing file /home/airflow/.local/lib/python3.7/site-packages/airflow/example_dags/example_kubernetes_executor.py for tasks to queue
[2023-02-28T17:54:17.844+0000] {logging_mixin.py:137} INFO - [2023-02-28T17:54:17.844+0000] {dagbag.py:538} INFO - Filling up the DagBag from /home/airflow/.local/lib/python3.7/site-packages/airflow/example_dags/example_kubernetes_executor.py
[2023-02-28T17:54:17.860+0000] {processor.py:753} INFO - DAG(s) dict_keys(['example_kubernetes_executor']) retrieved from /home/airflow/.local/lib/python3.7/site-packages/airflow/example_dags/example_kubernetes_executor.py
[2023-02-28T17:54:17.879+0000] {logging_mixin.py:137} INFO - [2023-02-28T17:54:17.879+0000] {dag.py:2690} INFO - Sync 1 DAGs
[2023-02-28T17:54:17.892+0000] {logging_mixin.py:137} INFO - [2023-02-28T17:54:17.892+0000] {dag.py:3441} INFO - Setting next_dagrun for example_kubernetes_executor to None, run_after=None
[2023-02-28T17:54:17.901+0000] {processor.py:175} INFO - Processing /home/airflow/.local/lib/python3.7/site-packages/airflow/example_dags/example_kubernetes_executor.py took 0.062 seconds
[2023-02-28T17:54:48.973+0000] {processor.py:153} INFO - Started process (PID=514) to work on /home/airflow/.local/lib/python3.7/site-packages/airflow/example_dags/example_kubernetes_executor.py
[2023-02-28T17:54:48.974+0000] {processor.py:743} INFO - Processing file /home/airflow/.local/lib/python3.7/site-packages/airflow/example_dags/example_kubernetes_executor.py for tasks to queue
[2023-02-28T17:54:48.974+0000] {logging_mixin.py:137} INFO - [2023-02-28T17:54:48.974+0000] {dagbag.py:538} INFO - Filling up the DagBag from /home/airflow/.local/lib/python3.7/site-packages/airflow/example_dags/example_kubernetes_executor.py
[2023-02-28T17:54:48.991+0000] {processor.py:753} INFO - DAG(s) dict_keys(['example_kubernetes_executor']) retrieved from /home/airflow/.local/lib/python3.7/site-packages/airflow/example_dags/example_kubernetes_executor.py
[2023-02-28T17:54:49.009+0000] {logging_mixin.py:137} INFO - [2023-02-28T17:54:49.009+0000] {dag.py:2690} INFO - Sync 1 DAGs
[2023-02-28T17:54:49.021+0000] {logging_mixin.py:137} INFO - [2023-02-28T17:54:49.021+0000] {dag.py:3441} INFO - Setting next_dagrun for example_kubernetes_executor to None, run_after=None
[2023-02-28T17:54:49.030+0000] {processor.py:175} INFO - Processing /home/airflow/.local/lib/python3.7/site-packages/airflow/example_dags/example_kubernetes_executor.py took 0.060 seconds
[2023-02-28T17:55:19.156+0000] {processor.py:153} INFO - Started process (PID=593) to work on /home/airflow/.local/lib/python3.7/site-packages/airflow/example_dags/example_kubernetes_executor.py
[2023-02-28T17:55:19.157+0000] {processor.py:743} INFO - Processing file /home/airflow/.local/lib/python3.7/site-packages/airflow/example_dags/example_kubernetes_executor.py for tasks to queue
[2023-02-28T17:55:19.157+0000] {logging_mixin.py:137} INFO - [2023-02-28T17:55:19.157+0000] {dagbag.py:538} INFO - Filling up the DagBag from /home/airflow/.local/lib/python3.7/site-packages/airflow/example_dags/example_kubernetes_executor.py
[2023-02-28T17:55:19.174+0000] {processor.py:753} INFO - DAG(s) dict_keys(['example_kubernetes_executor']) retrieved from /home/airflow/.local/lib/python3.7/site-packages/airflow/example_dags/example_kubernetes_executor.py
[2023-02-28T17:55:19.193+0000] {logging_mixin.py:137} INFO - [2023-02-28T17:55:19.193+0000] {dag.py:2690} INFO - Sync 1 DAGs
[2023-02-28T17:55:19.206+0000] {logging_mixin.py:137} INFO - [2023-02-28T17:55:19.206+0000] {dag.py:3441} INFO - Setting next_dagrun for example_kubernetes_executor to None, run_after=None
[2023-02-28T17:55:19.215+0000] {processor.py:175} INFO - Processing /home/airflow/.local/lib/python3.7/site-packages/airflow/example_dags/example_kubernetes_executor.py took 0.061 seconds
[2023-02-28T17:55:49.412+0000] {processor.py:153} INFO - Started process (PID=673) to work on /home/airflow/.local/lib/python3.7/site-packages/airflow/example_dags/example_kubernetes_executor.py
[2023-02-28T17:55:49.413+0000] {processor.py:743} INFO - Processing file /home/airflow/.local/lib/python3.7/site-packages/airflow/example_dags/example_kubernetes_executor.py for tasks to queue
[2023-02-28T17:55:49.414+0000] {logging_mixin.py:137} INFO - [2023-02-28T17:55:49.414+0000] {dagbag.py:538} INFO - Filling up the DagBag from /home/airflow/.local/lib/python3.7/site-packages/airflow/example_dags/example_kubernetes_executor.py
[2023-02-28T17:55:49.430+0000] {processor.py:753} INFO - DAG(s) dict_keys(['example_kubernetes_executor']) retrieved from /home/airflow/.local/lib/python3.7/site-packages/airflow/example_dags/example_kubernetes_executor.py
[2023-02-28T17:55:49.449+0000] {logging_mixin.py:137} INFO - [2023-02-28T17:55:49.449+0000] {dag.py:2690} INFO - Sync 1 DAGs
[2023-02-28T17:55:49.462+0000] {logging_mixin.py:137} INFO - [2023-02-28T17:55:49.462+0000] {dag.py:3441} INFO - Setting next_dagrun for example_kubernetes_executor to None, run_after=None
[2023-02-28T17:55:49.471+0000] {processor.py:175} INFO - Processing /home/airflow/.local/lib/python3.7/site-packages/airflow/example_dags/example_kubernetes_executor.py took 0.061 seconds
[2023-02-28T17:56:20.413+0000] {processor.py:153} INFO - Started process (PID=753) to work on /home/airflow/.local/lib/python3.7/site-packages/airflow/example_dags/example_kubernetes_executor.py
[2023-02-28T17:56:20.414+0000] {processor.py:743} INFO - Processing file /home/airflow/.local/lib/python3.7/site-packages/airflow/example_dags/example_kubernetes_executor.py for tasks to queue
[2023-02-28T17:56:20.415+0000] {logging_mixin.py:137} INFO - [2023-02-28T17:56:20.415+0000] {dagbag.py:538} INFO - Filling up the DagBag from /home/airflow/.local/lib/python3.7/site-packages/airflow/example_dags/example_kubernetes_executor.py
[2023-02-28T17:56:20.434+0000] {processor.py:753} INFO - DAG(s) dict_keys(['example_kubernetes_executor']) retrieved from /home/airflow/.local/lib/python3.7/site-packages/airflow/example_dags/example_kubernetes_executor.py
[2023-02-28T17:56:20.456+0000] {logging_mixin.py:137} INFO - [2023-02-28T17:56:20.455+0000] {dag.py:2690} INFO - Sync 1 DAGs
[2023-02-28T17:56:20.470+0000] {logging_mixin.py:137} INFO - [2023-02-28T17:56:20.470+0000] {dag.py:3441} INFO - Setting next_dagrun for example_kubernetes_executor to None, run_after=None
[2023-02-28T17:56:20.479+0000] {processor.py:175} INFO - Processing /home/airflow/.local/lib/python3.7/site-packages/airflow/example_dags/example_kubernetes_executor.py took 0.070 seconds
[2023-02-28T17:56:50.549+0000] {processor.py:153} INFO - Started process (PID=820) to work on /home/airflow/.local/lib/python3.7/site-packages/airflow/example_dags/example_kubernetes_executor.py
[2023-02-28T17:56:50.550+0000] {processor.py:743} INFO - Processing file /home/airflow/.local/lib/python3.7/site-packages/airflow/example_dags/example_kubernetes_executor.py for tasks to queue
[2023-02-28T17:56:50.551+0000] {logging_mixin.py:137} INFO - [2023-02-28T17:56:50.551+0000] {dagbag.py:538} INFO - Filling up the DagBag from /home/airflow/.local/lib/python3.7/site-packages/airflow/example_dags/example_kubernetes_executor.py
[2023-02-28T17:56:50.567+0000] {processor.py:753} INFO - DAG(s) dict_keys(['example_kubernetes_executor']) retrieved from /home/airflow/.local/lib/python3.7/site-packages/airflow/example_dags/example_kubernetes_executor.py
[2023-02-28T17:56:50.587+0000] {logging_mixin.py:137} INFO - [2023-02-28T17:56:50.587+0000] {dag.py:2690} INFO - Sync 1 DAGs
[2023-02-28T17:56:50.600+0000] {logging_mixin.py:137} INFO - [2023-02-28T17:56:50.600+0000] {dag.py:3441} INFO - Setting next_dagrun for example_kubernetes_executor to None, run_after=None
[2023-02-28T17:56:50.610+0000] {processor.py:175} INFO - Processing /home/airflow/.local/lib/python3.7/site-packages/airflow/example_dags/example_kubernetes_executor.py took 0.063 seconds
[2023-02-28T17:57:20.838+0000] {processor.py:153} INFO - Started process (PID=900) to work on /home/airflow/.local/lib/python3.7/site-packages/airflow/example_dags/example_kubernetes_executor.py
[2023-02-28T17:57:20.839+0000] {processor.py:743} INFO - Processing file /home/airflow/.local/lib/python3.7/site-packages/airflow/example_dags/example_kubernetes_executor.py for tasks to queue
[2023-02-28T17:57:20.839+0000] {logging_mixin.py:137} INFO - [2023-02-28T17:57:20.839+0000] {dagbag.py:538} INFO - Filling up the DagBag from /home/airflow/.local/lib/python3.7/site-packages/airflow/example_dags/example_kubernetes_executor.py
[2023-02-28T17:57:20.856+0000] {processor.py:753} INFO - DAG(s) dict_keys(['example_kubernetes_executor']) retrieved from /home/airflow/.local/lib/python3.7/site-packages/airflow/example_dags/example_kubernetes_executor.py
[2023-02-28T17:57:20.875+0000] {logging_mixin.py:137} INFO - [2023-02-28T17:57:20.875+0000] {dag.py:2690} INFO - Sync 1 DAGs
[2023-02-28T17:57:20.888+0000] {logging_mixin.py:137} INFO - [2023-02-28T17:57:20.888+0000] {dag.py:3441} INFO - Setting next_dagrun for example_kubernetes_executor to None, run_after=None
[2023-02-28T17:57:20.897+0000] {processor.py:175} INFO - Processing /home/airflow/.local/lib/python3.7/site-packages/airflow/example_dags/example_kubernetes_executor.py took 0.062 seconds
[2023-02-28T17:57:51.114+0000] {processor.py:153} INFO - Started process (PID=980) to work on /home/airflow/.local/lib/python3.7/site-packages/airflow/example_dags/example_kubernetes_executor.py
[2023-02-28T17:57:51.115+0000] {processor.py:743} INFO - Processing file /home/airflow/.local/lib/python3.7/site-packages/airflow/example_dags/example_kubernetes_executor.py for tasks to queue
[2023-02-28T17:57:51.115+0000] {logging_mixin.py:137} INFO - [2023-02-28T17:57:51.115+0000] {dagbag.py:538} INFO - Filling up the DagBag from /home/airflow/.local/lib/python3.7/site-packages/airflow/example_dags/example_kubernetes_executor.py
[2023-02-28T17:57:51.132+0000] {processor.py:753} INFO - DAG(s) dict_keys(['example_kubernetes_executor']) retrieved from /home/airflow/.local/lib/python3.7/site-packages/airflow/example_dags/example_kubernetes_executor.py
[2023-02-28T17:57:51.152+0000] {logging_mixin.py:137} INFO - [2023-02-28T17:57:51.152+0000] {dag.py:2690} INFO - Sync 1 DAGs
[2023-02-28T17:57:51.164+0000] {logging_mixin.py:137} INFO - [2023-02-28T17:57:51.164+0000] {dag.py:3441} INFO - Setting next_dagrun for example_kubernetes_executor to None, run_after=None
[2023-02-28T17:57:51.174+0000] {processor.py:175} INFO - Processing /home/airflow/.local/lib/python3.7/site-packages/airflow/example_dags/example_kubernetes_executor.py took 0.063 seconds
[2023-02-28T17:58:22.254+0000] {processor.py:153} INFO - Started process (PID=1047) to work on /home/airflow/.local/lib/python3.7/site-packages/airflow/example_dags/example_kubernetes_executor.py
[2023-02-28T17:58:22.255+0000] {processor.py:743} INFO - Processing file /home/airflow/.local/lib/python3.7/site-packages/airflow/example_dags/example_kubernetes_executor.py for tasks to queue
[2023-02-28T17:58:22.255+0000] {logging_mixin.py:137} INFO - [2023-02-28T17:58:22.255+0000] {dagbag.py:538} INFO - Filling up the DagBag from /home/airflow/.local/lib/python3.7/site-packages/airflow/example_dags/example_kubernetes_executor.py
[2023-02-28T17:58:22.273+0000] {processor.py:753} INFO - DAG(s) dict_keys(['example_kubernetes_executor']) retrieved from /home/airflow/.local/lib/python3.7/site-packages/airflow/example_dags/example_kubernetes_executor.py
[2023-02-28T17:58:22.293+0000] {logging_mixin.py:137} INFO - [2023-02-28T17:58:22.293+0000] {dag.py:2690} INFO - Sync 1 DAGs
[2023-02-28T17:58:22.307+0000] {logging_mixin.py:137} INFO - [2023-02-28T17:58:22.306+0000] {dag.py:3441} INFO - Setting next_dagrun for example_kubernetes_executor to None, run_after=None
[2023-02-28T17:58:22.317+0000] {processor.py:175} INFO - Processing /home/airflow/.local/lib/python3.7/site-packages/airflow/example_dags/example_kubernetes_executor.py took 0.066 seconds
[2023-02-28T17:58:52.427+0000] {processor.py:153} INFO - Started process (PID=1127) to work on /home/airflow/.local/lib/python3.7/site-packages/airflow/example_dags/example_kubernetes_executor.py
[2023-02-28T17:58:52.428+0000] {processor.py:743} INFO - Processing file /home/airflow/.local/lib/python3.7/site-packages/airflow/example_dags/example_kubernetes_executor.py for tasks to queue
[2023-02-28T17:58:52.428+0000] {logging_mixin.py:137} INFO - [2023-02-28T17:58:52.428+0000] {dagbag.py:538} INFO - Filling up the DagBag from /home/airflow/.local/lib/python3.7/site-packages/airflow/example_dags/example_kubernetes_executor.py
[2023-02-28T17:58:52.445+0000] {processor.py:753} INFO - DAG(s) dict_keys(['example_kubernetes_executor']) retrieved from /home/airflow/.local/lib/python3.7/site-packages/airflow/example_dags/example_kubernetes_executor.py
[2023-02-28T17:58:52.465+0000] {logging_mixin.py:137} INFO - [2023-02-28T17:58:52.465+0000] {dag.py:2690} INFO - Sync 1 DAGs
[2023-02-28T17:58:52.480+0000] {logging_mixin.py:137} INFO - [2023-02-28T17:58:52.480+0000] {dag.py:3441} INFO - Setting next_dagrun for example_kubernetes_executor to None, run_after=None
[2023-02-28T17:58:52.492+0000] {processor.py:175} INFO - Processing /home/airflow/.local/lib/python3.7/site-packages/airflow/example_dags/example_kubernetes_executor.py took 0.068 seconds
[2023-02-28T17:59:22.536+0000] {processor.py:153} INFO - Started process (PID=1205) to work on /home/airflow/.local/lib/python3.7/site-packages/airflow/example_dags/example_kubernetes_executor.py
[2023-02-28T17:59:22.537+0000] {processor.py:743} INFO - Processing file /home/airflow/.local/lib/python3.7/site-packages/airflow/example_dags/example_kubernetes_executor.py for tasks to queue
[2023-02-28T17:59:22.538+0000] {logging_mixin.py:137} INFO - [2023-02-28T17:59:22.538+0000] {dagbag.py:538} INFO - Filling up the DagBag from /home/airflow/.local/lib/python3.7/site-packages/airflow/example_dags/example_kubernetes_executor.py
[2023-02-28T17:59:22.553+0000] {processor.py:753} INFO - DAG(s) dict_keys(['example_kubernetes_executor']) retrieved from /home/airflow/.local/lib/python3.7/site-packages/airflow/example_dags/example_kubernetes_executor.py
[2023-02-28T17:59:22.577+0000] {logging_mixin.py:137} INFO - [2023-02-28T17:59:22.577+0000] {dag.py:2690} INFO - Sync 1 DAGs
[2023-02-28T17:59:22.590+0000] {logging_mixin.py:137} INFO - [2023-02-28T17:59:22.590+0000] {dag.py:3441} INFO - Setting next_dagrun for example_kubernetes_executor to None, run_after=None
[2023-02-28T17:59:22.599+0000] {processor.py:175} INFO - Processing /home/airflow/.local/lib/python3.7/site-packages/airflow/example_dags/example_kubernetes_executor.py took 0.065 seconds
[2023-02-28T17:59:52.668+0000] {processor.py:153} INFO - Started process (PID=1286) to work on /home/airflow/.local/lib/python3.7/site-packages/airflow/example_dags/example_kubernetes_executor.py
[2023-02-28T17:59:52.670+0000] {processor.py:743} INFO - Processing file /home/airflow/.local/lib/python3.7/site-packages/airflow/example_dags/example_kubernetes_executor.py for tasks to queue
[2023-02-28T17:59:52.671+0000] {logging_mixin.py:137} INFO - [2023-02-28T17:59:52.671+0000] {dagbag.py:538} INFO - Filling up the DagBag from /home/airflow/.local/lib/python3.7/site-packages/airflow/example_dags/example_kubernetes_executor.py
[2023-02-28T17:59:52.689+0000] {processor.py:753} INFO - DAG(s) dict_keys(['example_kubernetes_executor']) retrieved from /home/airflow/.local/lib/python3.7/site-packages/airflow/example_dags/example_kubernetes_executor.py
[2023-02-28T17:59:52.709+0000] {logging_mixin.py:137} INFO - [2023-02-28T17:59:52.709+0000] {dag.py:2690} INFO - Sync 1 DAGs
[2023-02-28T17:59:52.722+0000] {logging_mixin.py:137} INFO - [2023-02-28T17:59:52.722+0000] {dag.py:3441} INFO - Setting next_dagrun for example_kubernetes_executor to None, run_after=None
[2023-02-28T17:59:52.733+0000] {processor.py:175} INFO - Processing /home/airflow/.local/lib/python3.7/site-packages/airflow/example_dags/example_kubernetes_executor.py took 0.067 seconds
[2023-02-28T18:00:22.940+0000] {processor.py:153} INFO - Started process (PID=1353) to work on /home/airflow/.local/lib/python3.7/site-packages/airflow/example_dags/example_kubernetes_executor.py
[2023-02-28T18:00:22.941+0000] {processor.py:743} INFO - Processing file /home/airflow/.local/lib/python3.7/site-packages/airflow/example_dags/example_kubernetes_executor.py for tasks to queue
[2023-02-28T18:00:22.942+0000] {logging_mixin.py:137} INFO - [2023-02-28T18:00:22.942+0000] {dagbag.py:538} INFO - Filling up the DagBag from /home/airflow/.local/lib/python3.7/site-packages/airflow/example_dags/example_kubernetes_executor.py
[2023-02-28T18:00:22.958+0000] {processor.py:753} INFO - DAG(s) dict_keys(['example_kubernetes_executor']) retrieved from /home/airflow/.local/lib/python3.7/site-packages/airflow/example_dags/example_kubernetes_executor.py
[2023-02-28T18:00:22.977+0000] {logging_mixin.py:137} INFO - [2023-02-28T18:00:22.977+0000] {dag.py:2690} INFO - Sync 1 DAGs
[2023-02-28T18:00:22.990+0000] {logging_mixin.py:137} INFO - [2023-02-28T18:00:22.990+0000] {dag.py:3441} INFO - Setting next_dagrun for example_kubernetes_executor to None, run_after=None
[2023-02-28T18:00:23.000+0000] {processor.py:175} INFO - Processing /home/airflow/.local/lib/python3.7/site-packages/airflow/example_dags/example_kubernetes_executor.py took 0.062 seconds
[2023-02-28T18:00:53.180+0000] {processor.py:153} INFO - Started process (PID=1433) to work on /home/airflow/.local/lib/python3.7/site-packages/airflow/example_dags/example_kubernetes_executor.py
[2023-02-28T18:00:53.181+0000] {processor.py:743} INFO - Processing file /home/airflow/.local/lib/python3.7/site-packages/airflow/example_dags/example_kubernetes_executor.py for tasks to queue
[2023-02-28T18:00:53.182+0000] {logging_mixin.py:137} INFO - [2023-02-28T18:00:53.182+0000] {dagbag.py:538} INFO - Filling up the DagBag from /home/airflow/.local/lib/python3.7/site-packages/airflow/example_dags/example_kubernetes_executor.py
[2023-02-28T18:00:53.198+0000] {processor.py:753} INFO - DAG(s) dict_keys(['example_kubernetes_executor']) retrieved from /home/airflow/.local/lib/python3.7/site-packages/airflow/example_dags/example_kubernetes_executor.py
[2023-02-28T18:00:53.218+0000] {logging_mixin.py:137} INFO - [2023-02-28T18:00:53.218+0000] {dag.py:2690} INFO - Sync 1 DAGs
[2023-02-28T18:00:53.230+0000] {logging_mixin.py:137} INFO - [2023-02-28T18:00:53.230+0000] {dag.py:3441} INFO - Setting next_dagrun for example_kubernetes_executor to None, run_after=None
[2023-02-28T18:00:53.239+0000] {processor.py:175} INFO - Processing /home/airflow/.local/lib/python3.7/site-packages/airflow/example_dags/example_kubernetes_executor.py took 0.060 seconds
[2023-02-28T18:01:23.771+0000] {processor.py:153} INFO - Started process (PID=1513) to work on /home/airflow/.local/lib/python3.7/site-packages/airflow/example_dags/example_kubernetes_executor.py
[2023-02-28T18:01:23.772+0000] {processor.py:743} INFO - Processing file /home/airflow/.local/lib/python3.7/site-packages/airflow/example_dags/example_kubernetes_executor.py for tasks to queue
[2023-02-28T18:01:23.773+0000] {logging_mixin.py:137} INFO - [2023-02-28T18:01:23.773+0000] {dagbag.py:538} INFO - Filling up the DagBag from /home/airflow/.local/lib/python3.7/site-packages/airflow/example_dags/example_kubernetes_executor.py
[2023-02-28T18:01:23.791+0000] {processor.py:753} INFO - DAG(s) dict_keys(['example_kubernetes_executor']) retrieved from /home/airflow/.local/lib/python3.7/site-packages/airflow/example_dags/example_kubernetes_executor.py
[2023-02-28T18:01:23.814+0000] {logging_mixin.py:137} INFO - [2023-02-28T18:01:23.813+0000] {dag.py:2690} INFO - Sync 1 DAGs
[2023-02-28T18:01:23.827+0000] {logging_mixin.py:137} INFO - [2023-02-28T18:01:23.827+0000] {dag.py:3441} INFO - Setting next_dagrun for example_kubernetes_executor to None, run_after=None
[2023-02-28T18:01:23.837+0000] {processor.py:175} INFO - Processing /home/airflow/.local/lib/python3.7/site-packages/airflow/example_dags/example_kubernetes_executor.py took 0.068 seconds
