[2023-02-28T17:48:40.513+0000] {processor.py:153} INFO - Started process (PID=56) to work on /home/airflow/.local/lib/python3.7/site-packages/airflow/example_dags/example_external_task_marker_dag.py
[2023-02-28T17:48:40.514+0000] {processor.py:743} INFO - Processing file /home/airflow/.local/lib/python3.7/site-packages/airflow/example_dags/example_external_task_marker_dag.py for tasks to queue
[2023-02-28T17:48:40.515+0000] {logging_mixin.py:137} INFO - [2023-02-28T17:48:40.515+0000] {dagbag.py:538} INFO - Filling up the DagBag from /home/airflow/.local/lib/python3.7/site-packages/airflow/example_dags/example_external_task_marker_dag.py
[2023-02-28T17:48:40.526+0000] {processor.py:753} INFO - DAG(s) dict_keys(['example_external_task_marker_child', 'example_external_task_marker_parent']) retrieved from /home/airflow/.local/lib/python3.7/site-packages/airflow/example_dags/example_external_task_marker_dag.py
[2023-02-28T17:48:40.594+0000] {logging_mixin.py:137} INFO - [2023-02-28T17:48:40.594+0000] {manager.py:504} INFO - Created Permission View: can edit on DAG:example_external_task_marker_child
[2023-02-28T17:48:40.598+0000] {logging_mixin.py:137} INFO - [2023-02-28T17:48:40.598+0000] {manager.py:504} INFO - Created Permission View: can read on DAG:example_external_task_marker_child
[2023-02-28T17:48:40.602+0000] {logging_mixin.py:137} INFO - [2023-02-28T17:48:40.602+0000] {manager.py:504} INFO - Created Permission View: can delete on DAG:example_external_task_marker_child
[2023-02-28T17:48:40.609+0000] {logging_mixin.py:137} INFO - [2023-02-28T17:48:40.609+0000] {manager.py:504} INFO - Created Permission View: can edit on DAG:example_external_task_marker_parent
[2023-02-28T17:48:40.612+0000] {logging_mixin.py:137} INFO - [2023-02-28T17:48:40.612+0000] {manager.py:504} INFO - Created Permission View: can read on DAG:example_external_task_marker_parent
[2023-02-28T17:48:40.615+0000] {logging_mixin.py:137} INFO - [2023-02-28T17:48:40.615+0000] {manager.py:504} INFO - Created Permission View: can delete on DAG:example_external_task_marker_parent
[2023-02-28T17:48:40.615+0000] {logging_mixin.py:137} INFO - [2023-02-28T17:48:40.615+0000] {dag.py:2690} INFO - Sync 2 DAGs
[2023-02-28T17:48:40.622+0000] {logging_mixin.py:137} INFO - [2023-02-28T17:48:40.622+0000] {dag.py:2711} INFO - Creating ORM DAG for example_external_task_marker_child
[2023-02-28T17:48:40.622+0000] {logging_mixin.py:137} INFO - [2023-02-28T17:48:40.622+0000] {dag.py:2711} INFO - Creating ORM DAG for example_external_task_marker_parent
[2023-02-28T17:48:40.628+0000] {logging_mixin.py:137} INFO - [2023-02-28T17:48:40.628+0000] {dag.py:3441} INFO - Setting next_dagrun for example_external_task_marker_child to None, run_after=None
[2023-02-28T17:48:40.628+0000] {logging_mixin.py:137} INFO - [2023-02-28T17:48:40.628+0000] {dag.py:3441} INFO - Setting next_dagrun for example_external_task_marker_parent to None, run_after=None
[2023-02-28T17:48:40.638+0000] {processor.py:175} INFO - Processing /home/airflow/.local/lib/python3.7/site-packages/airflow/example_dags/example_external_task_marker_dag.py took 0.127 seconds
[2023-02-28T17:49:11.525+0000] {processor.py:153} INFO - Started process (PID=137) to work on /home/airflow/.local/lib/python3.7/site-packages/airflow/example_dags/example_external_task_marker_dag.py
[2023-02-28T17:49:11.526+0000] {processor.py:743} INFO - Processing file /home/airflow/.local/lib/python3.7/site-packages/airflow/example_dags/example_external_task_marker_dag.py for tasks to queue
[2023-02-28T17:49:11.527+0000] {logging_mixin.py:137} INFO - [2023-02-28T17:49:11.526+0000] {dagbag.py:538} INFO - Filling up the DagBag from /home/airflow/.local/lib/python3.7/site-packages/airflow/example_dags/example_external_task_marker_dag.py
[2023-02-28T17:49:11.536+0000] {processor.py:753} INFO - DAG(s) dict_keys(['example_external_task_marker_parent', 'example_external_task_marker_child']) retrieved from /home/airflow/.local/lib/python3.7/site-packages/airflow/example_dags/example_external_task_marker_dag.py
[2023-02-28T17:49:11.557+0000] {logging_mixin.py:137} INFO - [2023-02-28T17:49:11.557+0000] {dag.py:2690} INFO - Sync 2 DAGs
[2023-02-28T17:49:11.574+0000] {logging_mixin.py:137} INFO - [2023-02-28T17:49:11.573+0000] {dag.py:3441} INFO - Setting next_dagrun for example_external_task_marker_child to None, run_after=None
[2023-02-28T17:49:11.576+0000] {logging_mixin.py:137} INFO - [2023-02-28T17:49:11.576+0000] {dag.py:3441} INFO - Setting next_dagrun for example_external_task_marker_parent to None, run_after=None
[2023-02-28T17:49:11.588+0000] {processor.py:175} INFO - Processing /home/airflow/.local/lib/python3.7/site-packages/airflow/example_dags/example_external_task_marker_dag.py took 0.065 seconds
[2023-02-28T17:49:41.622+0000] {processor.py:153} INFO - Started process (PID=217) to work on /home/airflow/.local/lib/python3.7/site-packages/airflow/example_dags/example_external_task_marker_dag.py
[2023-02-28T17:49:41.623+0000] {processor.py:743} INFO - Processing file /home/airflow/.local/lib/python3.7/site-packages/airflow/example_dags/example_external_task_marker_dag.py for tasks to queue
[2023-02-28T17:49:41.624+0000] {logging_mixin.py:137} INFO - [2023-02-28T17:49:41.624+0000] {dagbag.py:538} INFO - Filling up the DagBag from /home/airflow/.local/lib/python3.7/site-packages/airflow/example_dags/example_external_task_marker_dag.py
[2023-02-28T17:49:41.634+0000] {processor.py:753} INFO - DAG(s) dict_keys(['example_external_task_marker_child', 'example_external_task_marker_parent']) retrieved from /home/airflow/.local/lib/python3.7/site-packages/airflow/example_dags/example_external_task_marker_dag.py
[2023-02-28T17:49:41.654+0000] {logging_mixin.py:137} INFO - [2023-02-28T17:49:41.654+0000] {dag.py:2690} INFO - Sync 2 DAGs
[2023-02-28T17:49:41.669+0000] {logging_mixin.py:137} INFO - [2023-02-28T17:49:41.669+0000] {dag.py:3441} INFO - Setting next_dagrun for example_external_task_marker_child to None, run_after=None
[2023-02-28T17:49:41.671+0000] {logging_mixin.py:137} INFO - [2023-02-28T17:49:41.671+0000] {dag.py:3441} INFO - Setting next_dagrun for example_external_task_marker_parent to None, run_after=None
[2023-02-28T17:49:41.681+0000] {processor.py:175} INFO - Processing /home/airflow/.local/lib/python3.7/site-packages/airflow/example_dags/example_external_task_marker_dag.py took 0.061 seconds
[2023-02-28T17:50:11.893+0000] {processor.py:153} INFO - Started process (PID=284) to work on /home/airflow/.local/lib/python3.7/site-packages/airflow/example_dags/example_external_task_marker_dag.py
[2023-02-28T17:50:11.894+0000] {processor.py:743} INFO - Processing file /home/airflow/.local/lib/python3.7/site-packages/airflow/example_dags/example_external_task_marker_dag.py for tasks to queue
[2023-02-28T17:50:11.894+0000] {logging_mixin.py:137} INFO - [2023-02-28T17:50:11.894+0000] {dagbag.py:538} INFO - Filling up the DagBag from /home/airflow/.local/lib/python3.7/site-packages/airflow/example_dags/example_external_task_marker_dag.py
[2023-02-28T17:50:11.903+0000] {processor.py:753} INFO - DAG(s) dict_keys(['example_external_task_marker_child', 'example_external_task_marker_parent']) retrieved from /home/airflow/.local/lib/python3.7/site-packages/airflow/example_dags/example_external_task_marker_dag.py
[2023-02-28T17:50:11.922+0000] {logging_mixin.py:137} INFO - [2023-02-28T17:50:11.922+0000] {dag.py:2690} INFO - Sync 2 DAGs
[2023-02-28T17:50:11.936+0000] {logging_mixin.py:137} INFO - [2023-02-28T17:50:11.936+0000] {dag.py:3441} INFO - Setting next_dagrun for example_external_task_marker_child to None, run_after=None
[2023-02-28T17:50:11.938+0000] {logging_mixin.py:137} INFO - [2023-02-28T17:50:11.938+0000] {dag.py:3441} INFO - Setting next_dagrun for example_external_task_marker_parent to None, run_after=None
[2023-02-28T17:50:11.946+0000] {processor.py:175} INFO - Processing /home/airflow/.local/lib/python3.7/site-packages/airflow/example_dags/example_external_task_marker_dag.py took 0.056 seconds
[2023-02-28T17:50:42.356+0000] {processor.py:153} INFO - Started process (PID=365) to work on /home/airflow/.local/lib/python3.7/site-packages/airflow/example_dags/example_external_task_marker_dag.py
[2023-02-28T17:50:42.358+0000] {processor.py:743} INFO - Processing file /home/airflow/.local/lib/python3.7/site-packages/airflow/example_dags/example_external_task_marker_dag.py for tasks to queue
[2023-02-28T17:50:42.358+0000] {logging_mixin.py:137} INFO - [2023-02-28T17:50:42.358+0000] {dagbag.py:538} INFO - Filling up the DagBag from /home/airflow/.local/lib/python3.7/site-packages/airflow/example_dags/example_external_task_marker_dag.py
[2023-02-28T17:50:42.367+0000] {processor.py:753} INFO - DAG(s) dict_keys(['example_external_task_marker_parent', 'example_external_task_marker_child']) retrieved from /home/airflow/.local/lib/python3.7/site-packages/airflow/example_dags/example_external_task_marker_dag.py
[2023-02-28T17:50:42.387+0000] {logging_mixin.py:137} INFO - [2023-02-28T17:50:42.387+0000] {dag.py:2690} INFO - Sync 2 DAGs
[2023-02-28T17:50:42.401+0000] {logging_mixin.py:137} INFO - [2023-02-28T17:50:42.401+0000] {dag.py:3441} INFO - Setting next_dagrun for example_external_task_marker_child to None, run_after=None
[2023-02-28T17:50:42.403+0000] {logging_mixin.py:137} INFO - [2023-02-28T17:50:42.403+0000] {dag.py:3441} INFO - Setting next_dagrun for example_external_task_marker_parent to None, run_after=None
[2023-02-28T17:50:42.411+0000] {processor.py:175} INFO - Processing /home/airflow/.local/lib/python3.7/site-packages/airflow/example_dags/example_external_task_marker_dag.py took 0.057 seconds
[2023-02-28T17:51:44.831+0000] {processor.py:153} INFO - Started process (PID=56) to work on /home/airflow/.local/lib/python3.7/site-packages/airflow/example_dags/example_external_task_marker_dag.py
[2023-02-28T17:51:44.832+0000] {processor.py:743} INFO - Processing file /home/airflow/.local/lib/python3.7/site-packages/airflow/example_dags/example_external_task_marker_dag.py for tasks to queue
[2023-02-28T17:51:44.833+0000] {logging_mixin.py:137} INFO - [2023-02-28T17:51:44.833+0000] {dagbag.py:538} INFO - Filling up the DagBag from /home/airflow/.local/lib/python3.7/site-packages/airflow/example_dags/example_external_task_marker_dag.py
[2023-02-28T17:51:44.843+0000] {processor.py:753} INFO - DAG(s) dict_keys(['example_external_task_marker_parent', 'example_external_task_marker_child']) retrieved from /home/airflow/.local/lib/python3.7/site-packages/airflow/example_dags/example_external_task_marker_dag.py
[2023-02-28T17:51:44.854+0000] {logging_mixin.py:137} INFO - [2023-02-28T17:51:44.854+0000] {dag.py:2690} INFO - Sync 2 DAGs
[2023-02-28T17:51:44.872+0000] {logging_mixin.py:137} INFO - [2023-02-28T17:51:44.872+0000] {dag.py:3441} INFO - Setting next_dagrun for example_external_task_marker_child to None, run_after=None
[2023-02-28T17:51:44.875+0000] {logging_mixin.py:137} INFO - [2023-02-28T17:51:44.875+0000] {dag.py:3441} INFO - Setting next_dagrun for example_external_task_marker_parent to None, run_after=None
[2023-02-28T17:51:44.889+0000] {processor.py:175} INFO - Processing /home/airflow/.local/lib/python3.7/site-packages/airflow/example_dags/example_external_task_marker_dag.py took 0.061 seconds
[2023-02-28T17:52:15.183+0000] {processor.py:153} INFO - Started process (PID=136) to work on /home/airflow/.local/lib/python3.7/site-packages/airflow/example_dags/example_external_task_marker_dag.py
[2023-02-28T17:52:15.184+0000] {processor.py:743} INFO - Processing file /home/airflow/.local/lib/python3.7/site-packages/airflow/example_dags/example_external_task_marker_dag.py for tasks to queue
[2023-02-28T17:52:15.185+0000] {logging_mixin.py:137} INFO - [2023-02-28T17:52:15.185+0000] {dagbag.py:538} INFO - Filling up the DagBag from /home/airflow/.local/lib/python3.7/site-packages/airflow/example_dags/example_external_task_marker_dag.py
[2023-02-28T17:52:15.193+0000] {processor.py:753} INFO - DAG(s) dict_keys(['example_external_task_marker_child', 'example_external_task_marker_parent']) retrieved from /home/airflow/.local/lib/python3.7/site-packages/airflow/example_dags/example_external_task_marker_dag.py
[2023-02-28T17:52:15.231+0000] {logging_mixin.py:137} INFO - [2023-02-28T17:52:15.231+0000] {dag.py:2690} INFO - Sync 2 DAGs
[2023-02-28T17:52:15.243+0000] {logging_mixin.py:137} INFO - [2023-02-28T17:52:15.243+0000] {dag.py:3441} INFO - Setting next_dagrun for example_external_task_marker_child to None, run_after=None
[2023-02-28T17:52:15.245+0000] {logging_mixin.py:137} INFO - [2023-02-28T17:52:15.245+0000] {dag.py:3441} INFO - Setting next_dagrun for example_external_task_marker_parent to None, run_after=None
[2023-02-28T17:52:15.254+0000] {processor.py:175} INFO - Processing /home/airflow/.local/lib/python3.7/site-packages/airflow/example_dags/example_external_task_marker_dag.py took 0.073 seconds
[2023-02-28T17:52:45.469+0000] {processor.py:153} INFO - Started process (PID=203) to work on /home/airflow/.local/lib/python3.7/site-packages/airflow/example_dags/example_external_task_marker_dag.py
[2023-02-28T17:52:45.470+0000] {processor.py:743} INFO - Processing file /home/airflow/.local/lib/python3.7/site-packages/airflow/example_dags/example_external_task_marker_dag.py for tasks to queue
[2023-02-28T17:52:45.471+0000] {logging_mixin.py:137} INFO - [2023-02-28T17:52:45.470+0000] {dagbag.py:538} INFO - Filling up the DagBag from /home/airflow/.local/lib/python3.7/site-packages/airflow/example_dags/example_external_task_marker_dag.py
[2023-02-28T17:52:45.480+0000] {processor.py:753} INFO - DAG(s) dict_keys(['example_external_task_marker_parent', 'example_external_task_marker_child']) retrieved from /home/airflow/.local/lib/python3.7/site-packages/airflow/example_dags/example_external_task_marker_dag.py
[2023-02-28T17:52:45.499+0000] {logging_mixin.py:137} INFO - [2023-02-28T17:52:45.499+0000] {dag.py:2690} INFO - Sync 2 DAGs
[2023-02-28T17:52:45.512+0000] {logging_mixin.py:137} INFO - [2023-02-28T17:52:45.511+0000] {dag.py:3441} INFO - Setting next_dagrun for example_external_task_marker_child to None, run_after=None
[2023-02-28T17:52:45.514+0000] {logging_mixin.py:137} INFO - [2023-02-28T17:52:45.514+0000] {dag.py:3441} INFO - Setting next_dagrun for example_external_task_marker_parent to None, run_after=None
[2023-02-28T17:52:45.523+0000] {processor.py:175} INFO - Processing /home/airflow/.local/lib/python3.7/site-packages/airflow/example_dags/example_external_task_marker_dag.py took 0.057 seconds
[2023-02-28T17:53:15.726+0000] {processor.py:153} INFO - Started process (PID=283) to work on /home/airflow/.local/lib/python3.7/site-packages/airflow/example_dags/example_external_task_marker_dag.py
[2023-02-28T17:53:15.727+0000] {processor.py:743} INFO - Processing file /home/airflow/.local/lib/python3.7/site-packages/airflow/example_dags/example_external_task_marker_dag.py for tasks to queue
[2023-02-28T17:53:15.728+0000] {logging_mixin.py:137} INFO - [2023-02-28T17:53:15.728+0000] {dagbag.py:538} INFO - Filling up the DagBag from /home/airflow/.local/lib/python3.7/site-packages/airflow/example_dags/example_external_task_marker_dag.py
[2023-02-28T17:53:15.736+0000] {processor.py:753} INFO - DAG(s) dict_keys(['example_external_task_marker_child', 'example_external_task_marker_parent']) retrieved from /home/airflow/.local/lib/python3.7/site-packages/airflow/example_dags/example_external_task_marker_dag.py
[2023-02-28T17:53:15.753+0000] {logging_mixin.py:137} INFO - [2023-02-28T17:53:15.753+0000] {dag.py:2690} INFO - Sync 2 DAGs
[2023-02-28T17:53:15.766+0000] {logging_mixin.py:137} INFO - [2023-02-28T17:53:15.765+0000] {dag.py:3441} INFO - Setting next_dagrun for example_external_task_marker_child to None, run_after=None
[2023-02-28T17:53:15.768+0000] {logging_mixin.py:137} INFO - [2023-02-28T17:53:15.767+0000] {dag.py:3441} INFO - Setting next_dagrun for example_external_task_marker_parent to None, run_after=None
[2023-02-28T17:53:15.775+0000] {processor.py:175} INFO - Processing /home/airflow/.local/lib/python3.7/site-packages/airflow/example_dags/example_external_task_marker_dag.py took 0.052 seconds
[2023-02-28T17:53:46.626+0000] {processor.py:153} INFO - Started process (PID=363) to work on /home/airflow/.local/lib/python3.7/site-packages/airflow/example_dags/example_external_task_marker_dag.py
[2023-02-28T17:53:46.627+0000] {processor.py:743} INFO - Processing file /home/airflow/.local/lib/python3.7/site-packages/airflow/example_dags/example_external_task_marker_dag.py for tasks to queue
[2023-02-28T17:53:46.628+0000] {logging_mixin.py:137} INFO - [2023-02-28T17:53:46.628+0000] {dagbag.py:538} INFO - Filling up the DagBag from /home/airflow/.local/lib/python3.7/site-packages/airflow/example_dags/example_external_task_marker_dag.py
[2023-02-28T17:53:46.636+0000] {processor.py:753} INFO - DAG(s) dict_keys(['example_external_task_marker_child', 'example_external_task_marker_parent']) retrieved from /home/airflow/.local/lib/python3.7/site-packages/airflow/example_dags/example_external_task_marker_dag.py
[2023-02-28T17:53:46.653+0000] {logging_mixin.py:137} INFO - [2023-02-28T17:53:46.653+0000] {dag.py:2690} INFO - Sync 2 DAGs
[2023-02-28T17:53:46.666+0000] {logging_mixin.py:137} INFO - [2023-02-28T17:53:46.666+0000] {dag.py:3441} INFO - Setting next_dagrun for example_external_task_marker_child to None, run_after=None
[2023-02-28T17:53:46.668+0000] {logging_mixin.py:137} INFO - [2023-02-28T17:53:46.668+0000] {dag.py:3441} INFO - Setting next_dagrun for example_external_task_marker_parent to None, run_after=None
[2023-02-28T17:53:46.676+0000] {processor.py:175} INFO - Processing /home/airflow/.local/lib/python3.7/site-packages/airflow/example_dags/example_external_task_marker_dag.py took 0.052 seconds
[2023-02-28T17:54:17.689+0000] {processor.py:153} INFO - Started process (PID=443) to work on /home/airflow/.local/lib/python3.7/site-packages/airflow/example_dags/example_external_task_marker_dag.py
[2023-02-28T17:54:17.690+0000] {processor.py:743} INFO - Processing file /home/airflow/.local/lib/python3.7/site-packages/airflow/example_dags/example_external_task_marker_dag.py for tasks to queue
[2023-02-28T17:54:17.691+0000] {logging_mixin.py:137} INFO - [2023-02-28T17:54:17.691+0000] {dagbag.py:538} INFO - Filling up the DagBag from /home/airflow/.local/lib/python3.7/site-packages/airflow/example_dags/example_external_task_marker_dag.py
[2023-02-28T17:54:17.699+0000] {processor.py:753} INFO - DAG(s) dict_keys(['example_external_task_marker_parent', 'example_external_task_marker_child']) retrieved from /home/airflow/.local/lib/python3.7/site-packages/airflow/example_dags/example_external_task_marker_dag.py
[2023-02-28T17:54:17.717+0000] {logging_mixin.py:137} INFO - [2023-02-28T17:54:17.717+0000] {dag.py:2690} INFO - Sync 2 DAGs
[2023-02-28T17:54:17.730+0000] {logging_mixin.py:137} INFO - [2023-02-28T17:54:17.730+0000] {dag.py:3441} INFO - Setting next_dagrun for example_external_task_marker_child to None, run_after=None
[2023-02-28T17:54:17.733+0000] {logging_mixin.py:137} INFO - [2023-02-28T17:54:17.733+0000] {dag.py:3441} INFO - Setting next_dagrun for example_external_task_marker_parent to None, run_after=None
[2023-02-28T17:54:17.740+0000] {processor.py:175} INFO - Processing /home/airflow/.local/lib/python3.7/site-packages/airflow/example_dags/example_external_task_marker_dag.py took 0.053 seconds
[2023-02-28T17:54:48.821+0000] {processor.py:153} INFO - Started process (PID=510) to work on /home/airflow/.local/lib/python3.7/site-packages/airflow/example_dags/example_external_task_marker_dag.py
[2023-02-28T17:54:48.822+0000] {processor.py:743} INFO - Processing file /home/airflow/.local/lib/python3.7/site-packages/airflow/example_dags/example_external_task_marker_dag.py for tasks to queue
[2023-02-28T17:54:48.823+0000] {logging_mixin.py:137} INFO - [2023-02-28T17:54:48.822+0000] {dagbag.py:538} INFO - Filling up the DagBag from /home/airflow/.local/lib/python3.7/site-packages/airflow/example_dags/example_external_task_marker_dag.py
[2023-02-28T17:54:48.831+0000] {processor.py:753} INFO - DAG(s) dict_keys(['example_external_task_marker_parent', 'example_external_task_marker_child']) retrieved from /home/airflow/.local/lib/python3.7/site-packages/airflow/example_dags/example_external_task_marker_dag.py
[2023-02-28T17:54:48.850+0000] {logging_mixin.py:137} INFO - [2023-02-28T17:54:48.850+0000] {dag.py:2690} INFO - Sync 2 DAGs
[2023-02-28T17:54:48.863+0000] {logging_mixin.py:137} INFO - [2023-02-28T17:54:48.863+0000] {dag.py:3441} INFO - Setting next_dagrun for example_external_task_marker_child to None, run_after=None
[2023-02-28T17:54:48.865+0000] {logging_mixin.py:137} INFO - [2023-02-28T17:54:48.865+0000] {dag.py:3441} INFO - Setting next_dagrun for example_external_task_marker_parent to None, run_after=None
[2023-02-28T17:54:48.873+0000] {processor.py:175} INFO - Processing /home/airflow/.local/lib/python3.7/site-packages/airflow/example_dags/example_external_task_marker_dag.py took 0.055 seconds
[2023-02-28T17:55:19.004+0000] {processor.py:153} INFO - Started process (PID=589) to work on /home/airflow/.local/lib/python3.7/site-packages/airflow/example_dags/example_external_task_marker_dag.py
[2023-02-28T17:55:19.005+0000] {processor.py:743} INFO - Processing file /home/airflow/.local/lib/python3.7/site-packages/airflow/example_dags/example_external_task_marker_dag.py for tasks to queue
[2023-02-28T17:55:19.006+0000] {logging_mixin.py:137} INFO - [2023-02-28T17:55:19.006+0000] {dagbag.py:538} INFO - Filling up the DagBag from /home/airflow/.local/lib/python3.7/site-packages/airflow/example_dags/example_external_task_marker_dag.py
[2023-02-28T17:55:19.015+0000] {processor.py:753} INFO - DAG(s) dict_keys(['example_external_task_marker_parent', 'example_external_task_marker_child']) retrieved from /home/airflow/.local/lib/python3.7/site-packages/airflow/example_dags/example_external_task_marker_dag.py
[2023-02-28T17:55:19.032+0000] {logging_mixin.py:137} INFO - [2023-02-28T17:55:19.032+0000] {dag.py:2690} INFO - Sync 2 DAGs
[2023-02-28T17:55:19.045+0000] {logging_mixin.py:137} INFO - [2023-02-28T17:55:19.045+0000] {dag.py:3441} INFO - Setting next_dagrun for example_external_task_marker_child to None, run_after=None
[2023-02-28T17:55:19.047+0000] {logging_mixin.py:137} INFO - [2023-02-28T17:55:19.047+0000] {dag.py:3441} INFO - Setting next_dagrun for example_external_task_marker_parent to None, run_after=None
[2023-02-28T17:55:19.056+0000] {processor.py:175} INFO - Processing /home/airflow/.local/lib/python3.7/site-packages/airflow/example_dags/example_external_task_marker_dag.py took 0.054 seconds
[2023-02-28T17:55:49.257+0000] {processor.py:153} INFO - Started process (PID=669) to work on /home/airflow/.local/lib/python3.7/site-packages/airflow/example_dags/example_external_task_marker_dag.py
[2023-02-28T17:55:49.259+0000] {processor.py:743} INFO - Processing file /home/airflow/.local/lib/python3.7/site-packages/airflow/example_dags/example_external_task_marker_dag.py for tasks to queue
[2023-02-28T17:55:49.259+0000] {logging_mixin.py:137} INFO - [2023-02-28T17:55:49.259+0000] {dagbag.py:538} INFO - Filling up the DagBag from /home/airflow/.local/lib/python3.7/site-packages/airflow/example_dags/example_external_task_marker_dag.py
[2023-02-28T17:55:49.267+0000] {processor.py:753} INFO - DAG(s) dict_keys(['example_external_task_marker_parent', 'example_external_task_marker_child']) retrieved from /home/airflow/.local/lib/python3.7/site-packages/airflow/example_dags/example_external_task_marker_dag.py
[2023-02-28T17:55:49.286+0000] {logging_mixin.py:137} INFO - [2023-02-28T17:55:49.286+0000] {dag.py:2690} INFO - Sync 2 DAGs
[2023-02-28T17:55:49.299+0000] {logging_mixin.py:137} INFO - [2023-02-28T17:55:49.299+0000] {dag.py:3441} INFO - Setting next_dagrun for example_external_task_marker_child to None, run_after=None
[2023-02-28T17:55:49.301+0000] {logging_mixin.py:137} INFO - [2023-02-28T17:55:49.301+0000] {dag.py:3441} INFO - Setting next_dagrun for example_external_task_marker_parent to None, run_after=None
[2023-02-28T17:55:49.310+0000] {processor.py:175} INFO - Processing /home/airflow/.local/lib/python3.7/site-packages/airflow/example_dags/example_external_task_marker_dag.py took 0.055 seconds
[2023-02-28T17:56:20.226+0000] {processor.py:153} INFO - Started process (PID=749) to work on /home/airflow/.local/lib/python3.7/site-packages/airflow/example_dags/example_external_task_marker_dag.py
[2023-02-28T17:56:20.227+0000] {processor.py:743} INFO - Processing file /home/airflow/.local/lib/python3.7/site-packages/airflow/example_dags/example_external_task_marker_dag.py for tasks to queue
[2023-02-28T17:56:20.228+0000] {logging_mixin.py:137} INFO - [2023-02-28T17:56:20.228+0000] {dagbag.py:538} INFO - Filling up the DagBag from /home/airflow/.local/lib/python3.7/site-packages/airflow/example_dags/example_external_task_marker_dag.py
[2023-02-28T17:56:20.236+0000] {processor.py:753} INFO - DAG(s) dict_keys(['example_external_task_marker_child', 'example_external_task_marker_parent']) retrieved from /home/airflow/.local/lib/python3.7/site-packages/airflow/example_dags/example_external_task_marker_dag.py
[2023-02-28T17:56:20.253+0000] {logging_mixin.py:137} INFO - [2023-02-28T17:56:20.253+0000] {dag.py:2690} INFO - Sync 2 DAGs
[2023-02-28T17:56:20.266+0000] {logging_mixin.py:137} INFO - [2023-02-28T17:56:20.266+0000] {dag.py:3441} INFO - Setting next_dagrun for example_external_task_marker_child to None, run_after=None
[2023-02-28T17:56:20.269+0000] {logging_mixin.py:137} INFO - [2023-02-28T17:56:20.269+0000] {dag.py:3441} INFO - Setting next_dagrun for example_external_task_marker_parent to None, run_after=None
[2023-02-28T17:56:20.281+0000] {processor.py:175} INFO - Processing /home/airflow/.local/lib/python3.7/site-packages/airflow/example_dags/example_external_task_marker_dag.py took 0.056 seconds
[2023-02-28T17:56:50.397+0000] {processor.py:153} INFO - Started process (PID=816) to work on /home/airflow/.local/lib/python3.7/site-packages/airflow/example_dags/example_external_task_marker_dag.py
[2023-02-28T17:56:50.398+0000] {processor.py:743} INFO - Processing file /home/airflow/.local/lib/python3.7/site-packages/airflow/example_dags/example_external_task_marker_dag.py for tasks to queue
[2023-02-28T17:56:50.399+0000] {logging_mixin.py:137} INFO - [2023-02-28T17:56:50.399+0000] {dagbag.py:538} INFO - Filling up the DagBag from /home/airflow/.local/lib/python3.7/site-packages/airflow/example_dags/example_external_task_marker_dag.py
[2023-02-28T17:56:50.407+0000] {processor.py:753} INFO - DAG(s) dict_keys(['example_external_task_marker_parent', 'example_external_task_marker_child']) retrieved from /home/airflow/.local/lib/python3.7/site-packages/airflow/example_dags/example_external_task_marker_dag.py
[2023-02-28T17:56:50.424+0000] {logging_mixin.py:137} INFO - [2023-02-28T17:56:50.424+0000] {dag.py:2690} INFO - Sync 2 DAGs
[2023-02-28T17:56:50.437+0000] {logging_mixin.py:137} INFO - [2023-02-28T17:56:50.437+0000] {dag.py:3441} INFO - Setting next_dagrun for example_external_task_marker_child to None, run_after=None
[2023-02-28T17:56:50.439+0000] {logging_mixin.py:137} INFO - [2023-02-28T17:56:50.439+0000] {dag.py:3441} INFO - Setting next_dagrun for example_external_task_marker_parent to None, run_after=None
[2023-02-28T17:56:50.448+0000] {processor.py:175} INFO - Processing /home/airflow/.local/lib/python3.7/site-packages/airflow/example_dags/example_external_task_marker_dag.py took 0.053 seconds
[2023-02-28T17:57:20.685+0000] {processor.py:153} INFO - Started process (PID=896) to work on /home/airflow/.local/lib/python3.7/site-packages/airflow/example_dags/example_external_task_marker_dag.py
[2023-02-28T17:57:20.686+0000] {processor.py:743} INFO - Processing file /home/airflow/.local/lib/python3.7/site-packages/airflow/example_dags/example_external_task_marker_dag.py for tasks to queue
[2023-02-28T17:57:20.687+0000] {logging_mixin.py:137} INFO - [2023-02-28T17:57:20.687+0000] {dagbag.py:538} INFO - Filling up the DagBag from /home/airflow/.local/lib/python3.7/site-packages/airflow/example_dags/example_external_task_marker_dag.py
[2023-02-28T17:57:20.695+0000] {processor.py:753} INFO - DAG(s) dict_keys(['example_external_task_marker_parent', 'example_external_task_marker_child']) retrieved from /home/airflow/.local/lib/python3.7/site-packages/airflow/example_dags/example_external_task_marker_dag.py
[2023-02-28T17:57:20.714+0000] {logging_mixin.py:137} INFO - [2023-02-28T17:57:20.714+0000] {dag.py:2690} INFO - Sync 2 DAGs
[2023-02-28T17:57:20.728+0000] {logging_mixin.py:137} INFO - [2023-02-28T17:57:20.728+0000] {dag.py:3441} INFO - Setting next_dagrun for example_external_task_marker_child to None, run_after=None
[2023-02-28T17:57:20.730+0000] {logging_mixin.py:137} INFO - [2023-02-28T17:57:20.730+0000] {dag.py:3441} INFO - Setting next_dagrun for example_external_task_marker_parent to None, run_after=None
[2023-02-28T17:57:20.738+0000] {processor.py:175} INFO - Processing /home/airflow/.local/lib/python3.7/site-packages/airflow/example_dags/example_external_task_marker_dag.py took 0.056 seconds
[2023-02-28T17:57:50.963+0000] {processor.py:153} INFO - Started process (PID=976) to work on /home/airflow/.local/lib/python3.7/site-packages/airflow/example_dags/example_external_task_marker_dag.py
[2023-02-28T17:57:50.964+0000] {processor.py:743} INFO - Processing file /home/airflow/.local/lib/python3.7/site-packages/airflow/example_dags/example_external_task_marker_dag.py for tasks to queue
[2023-02-28T17:57:50.965+0000] {logging_mixin.py:137} INFO - [2023-02-28T17:57:50.965+0000] {dagbag.py:538} INFO - Filling up the DagBag from /home/airflow/.local/lib/python3.7/site-packages/airflow/example_dags/example_external_task_marker_dag.py
[2023-02-28T17:57:50.973+0000] {processor.py:753} INFO - DAG(s) dict_keys(['example_external_task_marker_parent', 'example_external_task_marker_child']) retrieved from /home/airflow/.local/lib/python3.7/site-packages/airflow/example_dags/example_external_task_marker_dag.py
[2023-02-28T17:57:50.991+0000] {logging_mixin.py:137} INFO - [2023-02-28T17:57:50.991+0000] {dag.py:2690} INFO - Sync 2 DAGs
[2023-02-28T17:57:51.004+0000] {logging_mixin.py:137} INFO - [2023-02-28T17:57:51.004+0000] {dag.py:3441} INFO - Setting next_dagrun for example_external_task_marker_child to None, run_after=None
[2023-02-28T17:57:51.007+0000] {logging_mixin.py:137} INFO - [2023-02-28T17:57:51.006+0000] {dag.py:3441} INFO - Setting next_dagrun for example_external_task_marker_parent to None, run_after=None
[2023-02-28T17:57:51.015+0000] {processor.py:175} INFO - Processing /home/airflow/.local/lib/python3.7/site-packages/airflow/example_dags/example_external_task_marker_dag.py took 0.054 seconds
[2023-02-28T17:58:22.029+0000] {processor.py:153} INFO - Started process (PID=1043) to work on /home/airflow/.local/lib/python3.7/site-packages/airflow/example_dags/example_external_task_marker_dag.py
[2023-02-28T17:58:22.030+0000] {processor.py:743} INFO - Processing file /home/airflow/.local/lib/python3.7/site-packages/airflow/example_dags/example_external_task_marker_dag.py for tasks to queue
[2023-02-28T17:58:22.030+0000] {logging_mixin.py:137} INFO - [2023-02-28T17:58:22.030+0000] {dagbag.py:538} INFO - Filling up the DagBag from /home/airflow/.local/lib/python3.7/site-packages/airflow/example_dags/example_external_task_marker_dag.py
[2023-02-28T17:58:22.039+0000] {processor.py:753} INFO - DAG(s) dict_keys(['example_external_task_marker_parent', 'example_external_task_marker_child']) retrieved from /home/airflow/.local/lib/python3.7/site-packages/airflow/example_dags/example_external_task_marker_dag.py
[2023-02-28T17:58:22.058+0000] {logging_mixin.py:137} INFO - [2023-02-28T17:58:22.058+0000] {dag.py:2690} INFO - Sync 2 DAGs
[2023-02-28T17:58:22.073+0000] {logging_mixin.py:137} INFO - [2023-02-28T17:58:22.073+0000] {dag.py:3441} INFO - Setting next_dagrun for example_external_task_marker_child to None, run_after=None
[2023-02-28T17:58:22.075+0000] {logging_mixin.py:137} INFO - [2023-02-28T17:58:22.075+0000] {dag.py:3441} INFO - Setting next_dagrun for example_external_task_marker_parent to None, run_after=None
[2023-02-28T17:58:22.084+0000] {processor.py:175} INFO - Processing /home/airflow/.local/lib/python3.7/site-packages/airflow/example_dags/example_external_task_marker_dag.py took 0.057 seconds
[2023-02-28T17:58:52.126+0000] {processor.py:153} INFO - Started process (PID=1121) to work on /home/airflow/.local/lib/python3.7/site-packages/airflow/example_dags/example_external_task_marker_dag.py
[2023-02-28T17:58:52.127+0000] {processor.py:743} INFO - Processing file /home/airflow/.local/lib/python3.7/site-packages/airflow/example_dags/example_external_task_marker_dag.py for tasks to queue
[2023-02-28T17:58:52.128+0000] {logging_mixin.py:137} INFO - [2023-02-28T17:58:52.128+0000] {dagbag.py:538} INFO - Filling up the DagBag from /home/airflow/.local/lib/python3.7/site-packages/airflow/example_dags/example_external_task_marker_dag.py
[2023-02-28T17:58:52.137+0000] {processor.py:753} INFO - DAG(s) dict_keys(['example_external_task_marker_parent', 'example_external_task_marker_child']) retrieved from /home/airflow/.local/lib/python3.7/site-packages/airflow/example_dags/example_external_task_marker_dag.py
[2023-02-28T17:58:52.156+0000] {logging_mixin.py:137} INFO - [2023-02-28T17:58:52.156+0000] {dag.py:2690} INFO - Sync 2 DAGs
[2023-02-28T17:58:52.169+0000] {logging_mixin.py:137} INFO - [2023-02-28T17:58:52.169+0000] {dag.py:3441} INFO - Setting next_dagrun for example_external_task_marker_child to None, run_after=None
[2023-02-28T17:58:52.171+0000] {logging_mixin.py:137} INFO - [2023-02-28T17:58:52.171+0000] {dag.py:3441} INFO - Setting next_dagrun for example_external_task_marker_parent to None, run_after=None
[2023-02-28T17:58:52.179+0000] {processor.py:175} INFO - Processing /home/airflow/.local/lib/python3.7/site-packages/airflow/example_dags/example_external_task_marker_dag.py took 0.056 seconds
[2023-02-28T17:59:22.245+0000] {processor.py:153} INFO - Started process (PID=1201) to work on /home/airflow/.local/lib/python3.7/site-packages/airflow/example_dags/example_external_task_marker_dag.py
[2023-02-28T17:59:22.246+0000] {processor.py:743} INFO - Processing file /home/airflow/.local/lib/python3.7/site-packages/airflow/example_dags/example_external_task_marker_dag.py for tasks to queue
[2023-02-28T17:59:22.247+0000] {logging_mixin.py:137} INFO - [2023-02-28T17:59:22.247+0000] {dagbag.py:538} INFO - Filling up the DagBag from /home/airflow/.local/lib/python3.7/site-packages/airflow/example_dags/example_external_task_marker_dag.py
[2023-02-28T17:59:22.255+0000] {processor.py:753} INFO - DAG(s) dict_keys(['example_external_task_marker_parent', 'example_external_task_marker_child']) retrieved from /home/airflow/.local/lib/python3.7/site-packages/airflow/example_dags/example_external_task_marker_dag.py
[2023-02-28T17:59:22.273+0000] {logging_mixin.py:137} INFO - [2023-02-28T17:59:22.273+0000] {dag.py:2690} INFO - Sync 2 DAGs
[2023-02-28T17:59:22.287+0000] {logging_mixin.py:137} INFO - [2023-02-28T17:59:22.287+0000] {dag.py:3441} INFO - Setting next_dagrun for example_external_task_marker_child to None, run_after=None
[2023-02-28T17:59:22.289+0000] {logging_mixin.py:137} INFO - [2023-02-28T17:59:22.289+0000] {dag.py:3441} INFO - Setting next_dagrun for example_external_task_marker_parent to None, run_after=None
[2023-02-28T17:59:22.297+0000] {processor.py:175} INFO - Processing /home/airflow/.local/lib/python3.7/site-packages/airflow/example_dags/example_external_task_marker_dag.py took 0.055 seconds
[2023-02-28T17:59:52.439+0000] {processor.py:153} INFO - Started process (PID=1282) to work on /home/airflow/.local/lib/python3.7/site-packages/airflow/example_dags/example_external_task_marker_dag.py
[2023-02-28T17:59:52.440+0000] {processor.py:743} INFO - Processing file /home/airflow/.local/lib/python3.7/site-packages/airflow/example_dags/example_external_task_marker_dag.py for tasks to queue
[2023-02-28T17:59:52.441+0000] {logging_mixin.py:137} INFO - [2023-02-28T17:59:52.440+0000] {dagbag.py:538} INFO - Filling up the DagBag from /home/airflow/.local/lib/python3.7/site-packages/airflow/example_dags/example_external_task_marker_dag.py
[2023-02-28T17:59:52.449+0000] {processor.py:753} INFO - DAG(s) dict_keys(['example_external_task_marker_parent', 'example_external_task_marker_child']) retrieved from /home/airflow/.local/lib/python3.7/site-packages/airflow/example_dags/example_external_task_marker_dag.py
[2023-02-28T17:59:52.467+0000] {logging_mixin.py:137} INFO - [2023-02-28T17:59:52.467+0000] {dag.py:2690} INFO - Sync 2 DAGs
[2023-02-28T17:59:52.480+0000] {logging_mixin.py:137} INFO - [2023-02-28T17:59:52.480+0000] {dag.py:3441} INFO - Setting next_dagrun for example_external_task_marker_child to None, run_after=None
[2023-02-28T17:59:52.482+0000] {logging_mixin.py:137} INFO - [2023-02-28T17:59:52.482+0000] {dag.py:3441} INFO - Setting next_dagrun for example_external_task_marker_parent to None, run_after=None
[2023-02-28T17:59:52.491+0000] {processor.py:175} INFO - Processing /home/airflow/.local/lib/python3.7/site-packages/airflow/example_dags/example_external_task_marker_dag.py took 0.054 seconds
[2023-02-28T18:00:22.790+0000] {processor.py:153} INFO - Started process (PID=1349) to work on /home/airflow/.local/lib/python3.7/site-packages/airflow/example_dags/example_external_task_marker_dag.py
[2023-02-28T18:00:22.791+0000] {processor.py:743} INFO - Processing file /home/airflow/.local/lib/python3.7/site-packages/airflow/example_dags/example_external_task_marker_dag.py for tasks to queue
[2023-02-28T18:00:22.792+0000] {logging_mixin.py:137} INFO - [2023-02-28T18:00:22.792+0000] {dagbag.py:538} INFO - Filling up the DagBag from /home/airflow/.local/lib/python3.7/site-packages/airflow/example_dags/example_external_task_marker_dag.py
[2023-02-28T18:00:22.800+0000] {processor.py:753} INFO - DAG(s) dict_keys(['example_external_task_marker_child', 'example_external_task_marker_parent']) retrieved from /home/airflow/.local/lib/python3.7/site-packages/airflow/example_dags/example_external_task_marker_dag.py
[2023-02-28T18:00:22.818+0000] {logging_mixin.py:137} INFO - [2023-02-28T18:00:22.818+0000] {dag.py:2690} INFO - Sync 2 DAGs
[2023-02-28T18:00:22.831+0000] {logging_mixin.py:137} INFO - [2023-02-28T18:00:22.831+0000] {dag.py:3441} INFO - Setting next_dagrun for example_external_task_marker_child to None, run_after=None
[2023-02-28T18:00:22.833+0000] {logging_mixin.py:137} INFO - [2023-02-28T18:00:22.833+0000] {dag.py:3441} INFO - Setting next_dagrun for example_external_task_marker_parent to None, run_after=None
[2023-02-28T18:00:22.841+0000] {processor.py:175} INFO - Processing /home/airflow/.local/lib/python3.7/site-packages/airflow/example_dags/example_external_task_marker_dag.py took 0.054 seconds
[2023-02-28T18:00:53.020+0000] {processor.py:153} INFO - Started process (PID=1429) to work on /home/airflow/.local/lib/python3.7/site-packages/airflow/example_dags/example_external_task_marker_dag.py
[2023-02-28T18:00:53.021+0000] {processor.py:743} INFO - Processing file /home/airflow/.local/lib/python3.7/site-packages/airflow/example_dags/example_external_task_marker_dag.py for tasks to queue
[2023-02-28T18:00:53.022+0000] {logging_mixin.py:137} INFO - [2023-02-28T18:00:53.022+0000] {dagbag.py:538} INFO - Filling up the DagBag from /home/airflow/.local/lib/python3.7/site-packages/airflow/example_dags/example_external_task_marker_dag.py
[2023-02-28T18:00:53.031+0000] {processor.py:753} INFO - DAG(s) dict_keys(['example_external_task_marker_child', 'example_external_task_marker_parent']) retrieved from /home/airflow/.local/lib/python3.7/site-packages/airflow/example_dags/example_external_task_marker_dag.py
[2023-02-28T18:00:53.050+0000] {logging_mixin.py:137} INFO - [2023-02-28T18:00:53.050+0000] {dag.py:2690} INFO - Sync 2 DAGs
[2023-02-28T18:00:53.064+0000] {logging_mixin.py:137} INFO - [2023-02-28T18:00:53.064+0000] {dag.py:3441} INFO - Setting next_dagrun for example_external_task_marker_child to None, run_after=None
[2023-02-28T18:00:53.066+0000] {logging_mixin.py:137} INFO - [2023-02-28T18:00:53.066+0000] {dag.py:3441} INFO - Setting next_dagrun for example_external_task_marker_parent to None, run_after=None
[2023-02-28T18:00:53.075+0000] {processor.py:175} INFO - Processing /home/airflow/.local/lib/python3.7/site-packages/airflow/example_dags/example_external_task_marker_dag.py took 0.057 seconds
[2023-02-28T18:01:23.621+0000] {processor.py:153} INFO - Started process (PID=1509) to work on /home/airflow/.local/lib/python3.7/site-packages/airflow/example_dags/example_external_task_marker_dag.py
[2023-02-28T18:01:23.622+0000] {processor.py:743} INFO - Processing file /home/airflow/.local/lib/python3.7/site-packages/airflow/example_dags/example_external_task_marker_dag.py for tasks to queue
[2023-02-28T18:01:23.623+0000] {logging_mixin.py:137} INFO - [2023-02-28T18:01:23.623+0000] {dagbag.py:538} INFO - Filling up the DagBag from /home/airflow/.local/lib/python3.7/site-packages/airflow/example_dags/example_external_task_marker_dag.py
[2023-02-28T18:01:23.631+0000] {processor.py:753} INFO - DAG(s) dict_keys(['example_external_task_marker_child', 'example_external_task_marker_parent']) retrieved from /home/airflow/.local/lib/python3.7/site-packages/airflow/example_dags/example_external_task_marker_dag.py
[2023-02-28T18:01:23.649+0000] {logging_mixin.py:137} INFO - [2023-02-28T18:01:23.649+0000] {dag.py:2690} INFO - Sync 2 DAGs
[2023-02-28T18:01:23.662+0000] {logging_mixin.py:137} INFO - [2023-02-28T18:01:23.662+0000] {dag.py:3441} INFO - Setting next_dagrun for example_external_task_marker_child to None, run_after=None
[2023-02-28T18:01:23.664+0000] {logging_mixin.py:137} INFO - [2023-02-28T18:01:23.664+0000] {dag.py:3441} INFO - Setting next_dagrun for example_external_task_marker_parent to None, run_after=None
[2023-02-28T18:01:23.672+0000] {processor.py:175} INFO - Processing /home/airflow/.local/lib/python3.7/site-packages/airflow/example_dags/example_external_task_marker_dag.py took 0.054 seconds
