[2023-02-28T17:48:40.952+0000] {processor.py:153} INFO - Started process (PID=62) to work on /home/airflow/.local/lib/python3.7/site-packages/airflow/example_dags/example_skip_dag.py
[2023-02-28T17:48:40.954+0000] {processor.py:743} INFO - Processing file /home/airflow/.local/lib/python3.7/site-packages/airflow/example_dags/example_skip_dag.py for tasks to queue
[2023-02-28T17:48:40.954+0000] {logging_mixin.py:137} INFO - [2023-02-28T17:48:40.954+0000] {dagbag.py:538} INFO - Filling up the DagBag from /home/airflow/.local/lib/python3.7/site-packages/airflow/example_dags/example_skip_dag.py
[2023-02-28T17:48:40.965+0000] {processor.py:753} INFO - DAG(s) dict_keys(['example_skip_dag']) retrieved from /home/airflow/.local/lib/python3.7/site-packages/airflow/example_dags/example_skip_dag.py
[2023-02-28T17:48:41.030+0000] {logging_mixin.py:137} INFO - [2023-02-28T17:48:41.030+0000] {manager.py:504} INFO - Created Permission View: can edit on DAG:example_skip_dag
[2023-02-28T17:48:41.036+0000] {logging_mixin.py:137} INFO - [2023-02-28T17:48:41.036+0000] {manager.py:504} INFO - Created Permission View: can read on DAG:example_skip_dag
[2023-02-28T17:48:41.039+0000] {logging_mixin.py:137} INFO - [2023-02-28T17:48:41.039+0000] {manager.py:504} INFO - Created Permission View: can delete on DAG:example_skip_dag
[2023-02-28T17:48:41.040+0000] {logging_mixin.py:137} INFO - [2023-02-28T17:48:41.040+0000] {dag.py:2690} INFO - Sync 1 DAGs
[2023-02-28T17:48:41.047+0000] {logging_mixin.py:137} INFO - [2023-02-28T17:48:41.046+0000] {dag.py:2711} INFO - Creating ORM DAG for example_skip_dag
[2023-02-28T17:48:41.053+0000] {logging_mixin.py:137} INFO - [2023-02-28T17:48:41.053+0000] {dag.py:3441} INFO - Setting next_dagrun for example_skip_dag to 2023-02-27T17:48:41.052918+00:00, run_after=2023-02-28T17:48:41.052918+00:00
[2023-02-28T17:48:41.062+0000] {processor.py:175} INFO - Processing /home/airflow/.local/lib/python3.7/site-packages/airflow/example_dags/example_skip_dag.py took 0.112 seconds
[2023-02-28T17:49:11.782+0000] {processor.py:153} INFO - Started process (PID=143) to work on /home/airflow/.local/lib/python3.7/site-packages/airflow/example_dags/example_skip_dag.py
[2023-02-28T17:49:11.783+0000] {processor.py:743} INFO - Processing file /home/airflow/.local/lib/python3.7/site-packages/airflow/example_dags/example_skip_dag.py for tasks to queue
[2023-02-28T17:49:11.784+0000] {logging_mixin.py:137} INFO - [2023-02-28T17:49:11.784+0000] {dagbag.py:538} INFO - Filling up the DagBag from /home/airflow/.local/lib/python3.7/site-packages/airflow/example_dags/example_skip_dag.py
[2023-02-28T17:49:11.792+0000] {processor.py:753} INFO - DAG(s) dict_keys(['example_skip_dag']) retrieved from /home/airflow/.local/lib/python3.7/site-packages/airflow/example_dags/example_skip_dag.py
[2023-02-28T17:49:11.810+0000] {logging_mixin.py:137} INFO - [2023-02-28T17:49:11.810+0000] {dag.py:2690} INFO - Sync 1 DAGs
[2023-02-28T17:49:11.824+0000] {logging_mixin.py:137} INFO - [2023-02-28T17:49:11.824+0000] {dag.py:3441} INFO - Setting next_dagrun for example_skip_dag to 2023-02-27T17:49:11.824227+00:00, run_after=2023-02-28T17:49:11.824227+00:00
[2023-02-28T17:49:11.836+0000] {processor.py:175} INFO - Processing /home/airflow/.local/lib/python3.7/site-packages/airflow/example_dags/example_skip_dag.py took 0.056 seconds
[2023-02-28T17:49:41.887+0000] {processor.py:153} INFO - Started process (PID=223) to work on /home/airflow/.local/lib/python3.7/site-packages/airflow/example_dags/example_skip_dag.py
[2023-02-28T17:49:41.888+0000] {processor.py:743} INFO - Processing file /home/airflow/.local/lib/python3.7/site-packages/airflow/example_dags/example_skip_dag.py for tasks to queue
[2023-02-28T17:49:41.889+0000] {logging_mixin.py:137} INFO - [2023-02-28T17:49:41.889+0000] {dagbag.py:538} INFO - Filling up the DagBag from /home/airflow/.local/lib/python3.7/site-packages/airflow/example_dags/example_skip_dag.py
[2023-02-28T17:49:41.898+0000] {processor.py:753} INFO - DAG(s) dict_keys(['example_skip_dag']) retrieved from /home/airflow/.local/lib/python3.7/site-packages/airflow/example_dags/example_skip_dag.py
[2023-02-28T17:49:41.916+0000] {logging_mixin.py:137} INFO - [2023-02-28T17:49:41.916+0000] {dag.py:2690} INFO - Sync 1 DAGs
[2023-02-28T17:49:41.930+0000] {logging_mixin.py:137} INFO - [2023-02-28T17:49:41.930+0000] {dag.py:3441} INFO - Setting next_dagrun for example_skip_dag to 2023-02-27T17:49:41.930321+00:00, run_after=2023-02-28T17:49:41.930321+00:00
[2023-02-28T17:49:41.940+0000] {processor.py:175} INFO - Processing /home/airflow/.local/lib/python3.7/site-packages/airflow/example_dags/example_skip_dag.py took 0.055 seconds
[2023-02-28T17:50:12.169+0000] {processor.py:153} INFO - Started process (PID=290) to work on /home/airflow/.local/lib/python3.7/site-packages/airflow/example_dags/example_skip_dag.py
[2023-02-28T17:50:12.171+0000] {processor.py:743} INFO - Processing file /home/airflow/.local/lib/python3.7/site-packages/airflow/example_dags/example_skip_dag.py for tasks to queue
[2023-02-28T17:50:12.172+0000] {logging_mixin.py:137} INFO - [2023-02-28T17:50:12.172+0000] {dagbag.py:538} INFO - Filling up the DagBag from /home/airflow/.local/lib/python3.7/site-packages/airflow/example_dags/example_skip_dag.py
[2023-02-28T17:50:12.185+0000] {processor.py:753} INFO - DAG(s) dict_keys(['example_skip_dag']) retrieved from /home/airflow/.local/lib/python3.7/site-packages/airflow/example_dags/example_skip_dag.py
[2023-02-28T17:50:12.206+0000] {logging_mixin.py:137} INFO - [2023-02-28T17:50:12.206+0000] {dag.py:2690} INFO - Sync 1 DAGs
[2023-02-28T17:50:12.222+0000] {logging_mixin.py:137} INFO - [2023-02-28T17:50:12.222+0000] {dag.py:3441} INFO - Setting next_dagrun for example_skip_dag to 2023-02-27T17:50:12.222084+00:00, run_after=2023-02-28T17:50:12.222084+00:00
[2023-02-28T17:50:12.252+0000] {processor.py:175} INFO - Processing /home/airflow/.local/lib/python3.7/site-packages/airflow/example_dags/example_skip_dag.py took 0.088 seconds
[2023-02-28T17:50:42.615+0000] {processor.py:153} INFO - Started process (PID=371) to work on /home/airflow/.local/lib/python3.7/site-packages/airflow/example_dags/example_skip_dag.py
[2023-02-28T17:50:42.616+0000] {processor.py:743} INFO - Processing file /home/airflow/.local/lib/python3.7/site-packages/airflow/example_dags/example_skip_dag.py for tasks to queue
[2023-02-28T17:50:42.617+0000] {logging_mixin.py:137} INFO - [2023-02-28T17:50:42.617+0000] {dagbag.py:538} INFO - Filling up the DagBag from /home/airflow/.local/lib/python3.7/site-packages/airflow/example_dags/example_skip_dag.py
[2023-02-28T17:50:42.626+0000] {processor.py:753} INFO - DAG(s) dict_keys(['example_skip_dag']) retrieved from /home/airflow/.local/lib/python3.7/site-packages/airflow/example_dags/example_skip_dag.py
[2023-02-28T17:50:42.643+0000] {logging_mixin.py:137} INFO - [2023-02-28T17:50:42.643+0000] {dag.py:2690} INFO - Sync 1 DAGs
[2023-02-28T17:50:42.656+0000] {logging_mixin.py:137} INFO - [2023-02-28T17:50:42.656+0000] {dag.py:3441} INFO - Setting next_dagrun for example_skip_dag to 2023-02-27T17:50:42.656534+00:00, run_after=2023-02-28T17:50:42.656534+00:00
[2023-02-28T17:50:42.666+0000] {processor.py:175} INFO - Processing /home/airflow/.local/lib/python3.7/site-packages/airflow/example_dags/example_skip_dag.py took 0.053 seconds
[2023-02-28T17:51:45.134+0000] {processor.py:153} INFO - Started process (PID=62) to work on /home/airflow/.local/lib/python3.7/site-packages/airflow/example_dags/example_skip_dag.py
[2023-02-28T17:51:45.135+0000] {processor.py:743} INFO - Processing file /home/airflow/.local/lib/python3.7/site-packages/airflow/example_dags/example_skip_dag.py for tasks to queue
[2023-02-28T17:51:45.136+0000] {logging_mixin.py:137} INFO - [2023-02-28T17:51:45.136+0000] {dagbag.py:538} INFO - Filling up the DagBag from /home/airflow/.local/lib/python3.7/site-packages/airflow/example_dags/example_skip_dag.py
[2023-02-28T17:51:45.149+0000] {processor.py:753} INFO - DAG(s) dict_keys(['example_skip_dag']) retrieved from /home/airflow/.local/lib/python3.7/site-packages/airflow/example_dags/example_skip_dag.py
[2023-02-28T17:51:45.164+0000] {logging_mixin.py:137} INFO - [2023-02-28T17:51:45.164+0000] {dag.py:2690} INFO - Sync 1 DAGs
[2023-02-28T17:51:45.191+0000] {logging_mixin.py:137} INFO - [2023-02-28T17:51:45.191+0000] {dag.py:3441} INFO - Setting next_dagrun for example_skip_dag to 2023-02-27T17:51:45.191219+00:00, run_after=2023-02-28T17:51:45.191219+00:00
[2023-02-28T17:51:45.207+0000] {processor.py:175} INFO - Processing /home/airflow/.local/lib/python3.7/site-packages/airflow/example_dags/example_skip_dag.py took 0.076 seconds
[2023-02-28T17:52:15.535+0000] {processor.py:153} INFO - Started process (PID=142) to work on /home/airflow/.local/lib/python3.7/site-packages/airflow/example_dags/example_skip_dag.py
[2023-02-28T17:52:15.536+0000] {processor.py:743} INFO - Processing file /home/airflow/.local/lib/python3.7/site-packages/airflow/example_dags/example_skip_dag.py for tasks to queue
[2023-02-28T17:52:15.536+0000] {logging_mixin.py:137} INFO - [2023-02-28T17:52:15.536+0000] {dagbag.py:538} INFO - Filling up the DagBag from /home/airflow/.local/lib/python3.7/site-packages/airflow/example_dags/example_skip_dag.py
[2023-02-28T17:52:15.546+0000] {processor.py:753} INFO - DAG(s) dict_keys(['example_skip_dag']) retrieved from /home/airflow/.local/lib/python3.7/site-packages/airflow/example_dags/example_skip_dag.py
[2023-02-28T17:52:15.564+0000] {logging_mixin.py:137} INFO - [2023-02-28T17:52:15.564+0000] {dag.py:2690} INFO - Sync 1 DAGs
[2023-02-28T17:52:15.577+0000] {logging_mixin.py:137} INFO - [2023-02-28T17:52:15.577+0000] {dag.py:3441} INFO - Setting next_dagrun for example_skip_dag to 2023-02-27T17:52:15.577347+00:00, run_after=2023-02-28T17:52:15.577347+00:00
[2023-02-28T17:52:15.587+0000] {processor.py:175} INFO - Processing /home/airflow/.local/lib/python3.7/site-packages/airflow/example_dags/example_skip_dag.py took 0.054 seconds
[2023-02-28T17:52:45.705+0000] {processor.py:153} INFO - Started process (PID=209) to work on /home/airflow/.local/lib/python3.7/site-packages/airflow/example_dags/example_skip_dag.py
[2023-02-28T17:52:45.706+0000] {processor.py:743} INFO - Processing file /home/airflow/.local/lib/python3.7/site-packages/airflow/example_dags/example_skip_dag.py for tasks to queue
[2023-02-28T17:52:45.707+0000] {logging_mixin.py:137} INFO - [2023-02-28T17:52:45.707+0000] {dagbag.py:538} INFO - Filling up the DagBag from /home/airflow/.local/lib/python3.7/site-packages/airflow/example_dags/example_skip_dag.py
[2023-02-28T17:52:45.716+0000] {processor.py:753} INFO - DAG(s) dict_keys(['example_skip_dag']) retrieved from /home/airflow/.local/lib/python3.7/site-packages/airflow/example_dags/example_skip_dag.py
[2023-02-28T17:52:45.733+0000] {logging_mixin.py:137} INFO - [2023-02-28T17:52:45.733+0000] {dag.py:2690} INFO - Sync 1 DAGs
[2023-02-28T17:52:45.746+0000] {logging_mixin.py:137} INFO - [2023-02-28T17:52:45.746+0000] {dag.py:3441} INFO - Setting next_dagrun for example_skip_dag to 2023-02-27T17:52:45.745982+00:00, run_after=2023-02-28T17:52:45.745982+00:00
[2023-02-28T17:52:45.755+0000] {processor.py:175} INFO - Processing /home/airflow/.local/lib/python3.7/site-packages/airflow/example_dags/example_skip_dag.py took 0.052 seconds
[2023-02-28T17:53:15.956+0000] {processor.py:153} INFO - Started process (PID=289) to work on /home/airflow/.local/lib/python3.7/site-packages/airflow/example_dags/example_skip_dag.py
[2023-02-28T17:53:15.957+0000] {processor.py:743} INFO - Processing file /home/airflow/.local/lib/python3.7/site-packages/airflow/example_dags/example_skip_dag.py for tasks to queue
[2023-02-28T17:53:15.958+0000] {logging_mixin.py:137} INFO - [2023-02-28T17:53:15.958+0000] {dagbag.py:538} INFO - Filling up the DagBag from /home/airflow/.local/lib/python3.7/site-packages/airflow/example_dags/example_skip_dag.py
[2023-02-28T17:53:15.966+0000] {processor.py:753} INFO - DAG(s) dict_keys(['example_skip_dag']) retrieved from /home/airflow/.local/lib/python3.7/site-packages/airflow/example_dags/example_skip_dag.py
[2023-02-28T17:53:15.983+0000] {logging_mixin.py:137} INFO - [2023-02-28T17:53:15.983+0000] {dag.py:2690} INFO - Sync 1 DAGs
[2023-02-28T17:53:15.996+0000] {logging_mixin.py:137} INFO - [2023-02-28T17:53:15.996+0000] {dag.py:3441} INFO - Setting next_dagrun for example_skip_dag to 2023-02-27T17:53:15.996253+00:00, run_after=2023-02-28T17:53:15.996253+00:00
[2023-02-28T17:53:16.006+0000] {processor.py:175} INFO - Processing /home/airflow/.local/lib/python3.7/site-packages/airflow/example_dags/example_skip_dag.py took 0.052 seconds
[2023-02-28T17:53:46.855+0000] {processor.py:153} INFO - Started process (PID=369) to work on /home/airflow/.local/lib/python3.7/site-packages/airflow/example_dags/example_skip_dag.py
[2023-02-28T17:53:46.856+0000] {processor.py:743} INFO - Processing file /home/airflow/.local/lib/python3.7/site-packages/airflow/example_dags/example_skip_dag.py for tasks to queue
[2023-02-28T17:53:46.857+0000] {logging_mixin.py:137} INFO - [2023-02-28T17:53:46.857+0000] {dagbag.py:538} INFO - Filling up the DagBag from /home/airflow/.local/lib/python3.7/site-packages/airflow/example_dags/example_skip_dag.py
[2023-02-28T17:53:46.865+0000] {processor.py:753} INFO - DAG(s) dict_keys(['example_skip_dag']) retrieved from /home/airflow/.local/lib/python3.7/site-packages/airflow/example_dags/example_skip_dag.py
[2023-02-28T17:53:46.881+0000] {logging_mixin.py:137} INFO - [2023-02-28T17:53:46.881+0000] {dag.py:2690} INFO - Sync 1 DAGs
[2023-02-28T17:53:46.894+0000] {logging_mixin.py:137} INFO - [2023-02-28T17:53:46.894+0000] {dag.py:3441} INFO - Setting next_dagrun for example_skip_dag to 2023-02-27T17:53:46.894681+00:00, run_after=2023-02-28T17:53:46.894681+00:00
[2023-02-28T17:53:46.904+0000] {processor.py:175} INFO - Processing /home/airflow/.local/lib/python3.7/site-packages/airflow/example_dags/example_skip_dag.py took 0.051 seconds
[2023-02-28T17:54:17.923+0000] {processor.py:153} INFO - Started process (PID=449) to work on /home/airflow/.local/lib/python3.7/site-packages/airflow/example_dags/example_skip_dag.py
[2023-02-28T17:54:17.924+0000] {processor.py:743} INFO - Processing file /home/airflow/.local/lib/python3.7/site-packages/airflow/example_dags/example_skip_dag.py for tasks to queue
[2023-02-28T17:54:17.925+0000] {logging_mixin.py:137} INFO - [2023-02-28T17:54:17.925+0000] {dagbag.py:538} INFO - Filling up the DagBag from /home/airflow/.local/lib/python3.7/site-packages/airflow/example_dags/example_skip_dag.py
[2023-02-28T17:54:17.934+0000] {processor.py:753} INFO - DAG(s) dict_keys(['example_skip_dag']) retrieved from /home/airflow/.local/lib/python3.7/site-packages/airflow/example_dags/example_skip_dag.py
[2023-02-28T17:54:17.951+0000] {logging_mixin.py:137} INFO - [2023-02-28T17:54:17.951+0000] {dag.py:2690} INFO - Sync 1 DAGs
[2023-02-28T17:54:17.964+0000] {logging_mixin.py:137} INFO - [2023-02-28T17:54:17.964+0000] {dag.py:3441} INFO - Setting next_dagrun for example_skip_dag to 2023-02-27T17:54:17.963842+00:00, run_after=2023-02-28T17:54:17.963842+00:00
[2023-02-28T17:54:17.973+0000] {processor.py:175} INFO - Processing /home/airflow/.local/lib/python3.7/site-packages/airflow/example_dags/example_skip_dag.py took 0.053 seconds
[2023-02-28T17:54:49.052+0000] {processor.py:153} INFO - Started process (PID=516) to work on /home/airflow/.local/lib/python3.7/site-packages/airflow/example_dags/example_skip_dag.py
[2023-02-28T17:54:49.053+0000] {processor.py:743} INFO - Processing file /home/airflow/.local/lib/python3.7/site-packages/airflow/example_dags/example_skip_dag.py for tasks to queue
[2023-02-28T17:54:49.054+0000] {logging_mixin.py:137} INFO - [2023-02-28T17:54:49.054+0000] {dagbag.py:538} INFO - Filling up the DagBag from /home/airflow/.local/lib/python3.7/site-packages/airflow/example_dags/example_skip_dag.py
[2023-02-28T17:54:49.063+0000] {processor.py:753} INFO - DAG(s) dict_keys(['example_skip_dag']) retrieved from /home/airflow/.local/lib/python3.7/site-packages/airflow/example_dags/example_skip_dag.py
[2023-02-28T17:54:49.079+0000] {logging_mixin.py:137} INFO - [2023-02-28T17:54:49.079+0000] {dag.py:2690} INFO - Sync 1 DAGs
[2023-02-28T17:54:49.091+0000] {logging_mixin.py:137} INFO - [2023-02-28T17:54:49.091+0000] {dag.py:3441} INFO - Setting next_dagrun for example_skip_dag to 2023-02-27T17:54:49.091604+00:00, run_after=2023-02-28T17:54:49.091604+00:00
[2023-02-28T17:54:49.100+0000] {processor.py:175} INFO - Processing /home/airflow/.local/lib/python3.7/site-packages/airflow/example_dags/example_skip_dag.py took 0.051 seconds
[2023-02-28T17:55:19.236+0000] {processor.py:153} INFO - Started process (PID=595) to work on /home/airflow/.local/lib/python3.7/site-packages/airflow/example_dags/example_skip_dag.py
[2023-02-28T17:55:19.237+0000] {processor.py:743} INFO - Processing file /home/airflow/.local/lib/python3.7/site-packages/airflow/example_dags/example_skip_dag.py for tasks to queue
[2023-02-28T17:55:19.237+0000] {logging_mixin.py:137} INFO - [2023-02-28T17:55:19.237+0000] {dagbag.py:538} INFO - Filling up the DagBag from /home/airflow/.local/lib/python3.7/site-packages/airflow/example_dags/example_skip_dag.py
[2023-02-28T17:55:19.246+0000] {processor.py:753} INFO - DAG(s) dict_keys(['example_skip_dag']) retrieved from /home/airflow/.local/lib/python3.7/site-packages/airflow/example_dags/example_skip_dag.py
[2023-02-28T17:55:19.263+0000] {logging_mixin.py:137} INFO - [2023-02-28T17:55:19.263+0000] {dag.py:2690} INFO - Sync 1 DAGs
[2023-02-28T17:55:19.276+0000] {logging_mixin.py:137} INFO - [2023-02-28T17:55:19.276+0000] {dag.py:3441} INFO - Setting next_dagrun for example_skip_dag to 2023-02-27T17:55:19.276763+00:00, run_after=2023-02-28T17:55:19.276763+00:00
[2023-02-28T17:55:19.286+0000] {processor.py:175} INFO - Processing /home/airflow/.local/lib/python3.7/site-packages/airflow/example_dags/example_skip_dag.py took 0.053 seconds
[2023-02-28T17:55:49.492+0000] {processor.py:153} INFO - Started process (PID=675) to work on /home/airflow/.local/lib/python3.7/site-packages/airflow/example_dags/example_skip_dag.py
[2023-02-28T17:55:49.493+0000] {processor.py:743} INFO - Processing file /home/airflow/.local/lib/python3.7/site-packages/airflow/example_dags/example_skip_dag.py for tasks to queue
[2023-02-28T17:55:49.493+0000] {logging_mixin.py:137} INFO - [2023-02-28T17:55:49.493+0000] {dagbag.py:538} INFO - Filling up the DagBag from /home/airflow/.local/lib/python3.7/site-packages/airflow/example_dags/example_skip_dag.py
[2023-02-28T17:55:49.503+0000] {processor.py:753} INFO - DAG(s) dict_keys(['example_skip_dag']) retrieved from /home/airflow/.local/lib/python3.7/site-packages/airflow/example_dags/example_skip_dag.py
[2023-02-28T17:55:49.519+0000] {logging_mixin.py:137} INFO - [2023-02-28T17:55:49.518+0000] {dag.py:2690} INFO - Sync 1 DAGs
[2023-02-28T17:55:49.532+0000] {logging_mixin.py:137} INFO - [2023-02-28T17:55:49.532+0000] {dag.py:3441} INFO - Setting next_dagrun for example_skip_dag to 2023-02-27T17:55:49.532077+00:00, run_after=2023-02-28T17:55:49.532077+00:00
[2023-02-28T17:55:49.541+0000] {processor.py:175} INFO - Processing /home/airflow/.local/lib/python3.7/site-packages/airflow/example_dags/example_skip_dag.py took 0.051 seconds
[2023-02-28T17:56:20.500+0000] {processor.py:153} INFO - Started process (PID=755) to work on /home/airflow/.local/lib/python3.7/site-packages/airflow/example_dags/example_skip_dag.py
[2023-02-28T17:56:20.501+0000] {processor.py:743} INFO - Processing file /home/airflow/.local/lib/python3.7/site-packages/airflow/example_dags/example_skip_dag.py for tasks to queue
[2023-02-28T17:56:20.502+0000] {logging_mixin.py:137} INFO - [2023-02-28T17:56:20.502+0000] {dagbag.py:538} INFO - Filling up the DagBag from /home/airflow/.local/lib/python3.7/site-packages/airflow/example_dags/example_skip_dag.py
[2023-02-28T17:56:20.510+0000] {processor.py:753} INFO - DAG(s) dict_keys(['example_skip_dag']) retrieved from /home/airflow/.local/lib/python3.7/site-packages/airflow/example_dags/example_skip_dag.py
[2023-02-28T17:56:20.528+0000] {logging_mixin.py:137} INFO - [2023-02-28T17:56:20.528+0000] {dag.py:2690} INFO - Sync 1 DAGs
[2023-02-28T17:56:20.542+0000] {logging_mixin.py:137} INFO - [2023-02-28T17:56:20.542+0000] {dag.py:3441} INFO - Setting next_dagrun for example_skip_dag to 2023-02-27T17:56:20.541880+00:00, run_after=2023-02-28T17:56:20.541880+00:00
[2023-02-28T17:56:20.552+0000] {processor.py:175} INFO - Processing /home/airflow/.local/lib/python3.7/site-packages/airflow/example_dags/example_skip_dag.py took 0.054 seconds
[2023-02-28T17:56:50.630+0000] {processor.py:153} INFO - Started process (PID=822) to work on /home/airflow/.local/lib/python3.7/site-packages/airflow/example_dags/example_skip_dag.py
[2023-02-28T17:56:50.632+0000] {processor.py:743} INFO - Processing file /home/airflow/.local/lib/python3.7/site-packages/airflow/example_dags/example_skip_dag.py for tasks to queue
[2023-02-28T17:56:50.632+0000] {logging_mixin.py:137} INFO - [2023-02-28T17:56:50.632+0000] {dagbag.py:538} INFO - Filling up the DagBag from /home/airflow/.local/lib/python3.7/site-packages/airflow/example_dags/example_skip_dag.py
[2023-02-28T17:56:50.641+0000] {processor.py:753} INFO - DAG(s) dict_keys(['example_skip_dag']) retrieved from /home/airflow/.local/lib/python3.7/site-packages/airflow/example_dags/example_skip_dag.py
[2023-02-28T17:56:50.658+0000] {logging_mixin.py:137} INFO - [2023-02-28T17:56:50.658+0000] {dag.py:2690} INFO - Sync 1 DAGs
[2023-02-28T17:56:50.670+0000] {logging_mixin.py:137} INFO - [2023-02-28T17:56:50.670+0000] {dag.py:3441} INFO - Setting next_dagrun for example_skip_dag to 2023-02-27T17:56:50.670635+00:00, run_after=2023-02-28T17:56:50.670635+00:00
[2023-02-28T17:56:50.679+0000] {processor.py:175} INFO - Processing /home/airflow/.local/lib/python3.7/site-packages/airflow/example_dags/example_skip_dag.py took 0.051 seconds
[2023-02-28T17:57:20.918+0000] {processor.py:153} INFO - Started process (PID=902) to work on /home/airflow/.local/lib/python3.7/site-packages/airflow/example_dags/example_skip_dag.py
[2023-02-28T17:57:20.919+0000] {processor.py:743} INFO - Processing file /home/airflow/.local/lib/python3.7/site-packages/airflow/example_dags/example_skip_dag.py for tasks to queue
[2023-02-28T17:57:20.919+0000] {logging_mixin.py:137} INFO - [2023-02-28T17:57:20.919+0000] {dagbag.py:538} INFO - Filling up the DagBag from /home/airflow/.local/lib/python3.7/site-packages/airflow/example_dags/example_skip_dag.py
[2023-02-28T17:57:20.928+0000] {processor.py:753} INFO - DAG(s) dict_keys(['example_skip_dag']) retrieved from /home/airflow/.local/lib/python3.7/site-packages/airflow/example_dags/example_skip_dag.py
[2023-02-28T17:57:20.944+0000] {logging_mixin.py:137} INFO - [2023-02-28T17:57:20.944+0000] {dag.py:2690} INFO - Sync 1 DAGs
[2023-02-28T17:57:20.957+0000] {logging_mixin.py:137} INFO - [2023-02-28T17:57:20.957+0000] {dag.py:3441} INFO - Setting next_dagrun for example_skip_dag to 2023-02-27T17:57:20.957328+00:00, run_after=2023-02-28T17:57:20.957328+00:00
[2023-02-28T17:57:20.967+0000] {processor.py:175} INFO - Processing /home/airflow/.local/lib/python3.7/site-packages/airflow/example_dags/example_skip_dag.py took 0.051 seconds
[2023-02-28T17:57:51.194+0000] {processor.py:153} INFO - Started process (PID=982) to work on /home/airflow/.local/lib/python3.7/site-packages/airflow/example_dags/example_skip_dag.py
[2023-02-28T17:57:51.195+0000] {processor.py:743} INFO - Processing file /home/airflow/.local/lib/python3.7/site-packages/airflow/example_dags/example_skip_dag.py for tasks to queue
[2023-02-28T17:57:51.196+0000] {logging_mixin.py:137} INFO - [2023-02-28T17:57:51.195+0000] {dagbag.py:538} INFO - Filling up the DagBag from /home/airflow/.local/lib/python3.7/site-packages/airflow/example_dags/example_skip_dag.py
[2023-02-28T17:57:51.205+0000] {processor.py:753} INFO - DAG(s) dict_keys(['example_skip_dag']) retrieved from /home/airflow/.local/lib/python3.7/site-packages/airflow/example_dags/example_skip_dag.py
[2023-02-28T17:57:51.221+0000] {logging_mixin.py:137} INFO - [2023-02-28T17:57:51.221+0000] {dag.py:2690} INFO - Sync 1 DAGs
[2023-02-28T17:57:51.234+0000] {logging_mixin.py:137} INFO - [2023-02-28T17:57:51.234+0000] {dag.py:3441} INFO - Setting next_dagrun for example_skip_dag to 2023-02-27T17:57:51.234613+00:00, run_after=2023-02-28T17:57:51.234613+00:00
[2023-02-28T17:57:51.243+0000] {processor.py:175} INFO - Processing /home/airflow/.local/lib/python3.7/site-packages/airflow/example_dags/example_skip_dag.py took 0.051 seconds
[2023-02-28T17:58:22.341+0000] {processor.py:153} INFO - Started process (PID=1056) to work on /home/airflow/.local/lib/python3.7/site-packages/airflow/example_dags/example_skip_dag.py
[2023-02-28T17:58:22.342+0000] {processor.py:743} INFO - Processing file /home/airflow/.local/lib/python3.7/site-packages/airflow/example_dags/example_skip_dag.py for tasks to queue
[2023-02-28T17:58:22.343+0000] {logging_mixin.py:137} INFO - [2023-02-28T17:58:22.343+0000] {dagbag.py:538} INFO - Filling up the DagBag from /home/airflow/.local/lib/python3.7/site-packages/airflow/example_dags/example_skip_dag.py
[2023-02-28T17:58:22.352+0000] {processor.py:753} INFO - DAG(s) dict_keys(['example_skip_dag']) retrieved from /home/airflow/.local/lib/python3.7/site-packages/airflow/example_dags/example_skip_dag.py
[2023-02-28T17:58:22.369+0000] {logging_mixin.py:137} INFO - [2023-02-28T17:58:22.369+0000] {dag.py:2690} INFO - Sync 1 DAGs
[2023-02-28T17:58:22.384+0000] {logging_mixin.py:137} INFO - [2023-02-28T17:58:22.384+0000] {dag.py:3441} INFO - Setting next_dagrun for example_skip_dag to 2023-02-27T17:58:22.384433+00:00, run_after=2023-02-28T17:58:22.384433+00:00
[2023-02-28T17:58:22.394+0000] {processor.py:175} INFO - Processing /home/airflow/.local/lib/python3.7/site-packages/airflow/example_dags/example_skip_dag.py took 0.054 seconds
[2023-02-28T17:58:52.590+0000] {processor.py:153} INFO - Started process (PID=1129) to work on /home/airflow/.local/lib/python3.7/site-packages/airflow/example_dags/example_skip_dag.py
[2023-02-28T17:58:52.591+0000] {processor.py:743} INFO - Processing file /home/airflow/.local/lib/python3.7/site-packages/airflow/example_dags/example_skip_dag.py for tasks to queue
[2023-02-28T17:58:52.592+0000] {logging_mixin.py:137} INFO - [2023-02-28T17:58:52.592+0000] {dagbag.py:538} INFO - Filling up the DagBag from /home/airflow/.local/lib/python3.7/site-packages/airflow/example_dags/example_skip_dag.py
[2023-02-28T17:58:52.602+0000] {processor.py:753} INFO - DAG(s) dict_keys(['example_skip_dag']) retrieved from /home/airflow/.local/lib/python3.7/site-packages/airflow/example_dags/example_skip_dag.py
[2023-02-28T17:58:52.620+0000] {logging_mixin.py:137} INFO - [2023-02-28T17:58:52.620+0000] {dag.py:2690} INFO - Sync 1 DAGs
[2023-02-28T17:58:52.633+0000] {logging_mixin.py:137} INFO - [2023-02-28T17:58:52.632+0000] {dag.py:3441} INFO - Setting next_dagrun for example_skip_dag to 2023-02-27T17:58:52.632714+00:00, run_after=2023-02-28T17:58:52.632714+00:00
[2023-02-28T17:58:52.642+0000] {processor.py:175} INFO - Processing /home/airflow/.local/lib/python3.7/site-packages/airflow/example_dags/example_skip_dag.py took 0.054 seconds
[2023-02-28T17:59:22.716+0000] {processor.py:153} INFO - Started process (PID=1209) to work on /home/airflow/.local/lib/python3.7/site-packages/airflow/example_dags/example_skip_dag.py
[2023-02-28T17:59:22.717+0000] {processor.py:743} INFO - Processing file /home/airflow/.local/lib/python3.7/site-packages/airflow/example_dags/example_skip_dag.py for tasks to queue
[2023-02-28T17:59:22.718+0000] {logging_mixin.py:137} INFO - [2023-02-28T17:59:22.718+0000] {dagbag.py:538} INFO - Filling up the DagBag from /home/airflow/.local/lib/python3.7/site-packages/airflow/example_dags/example_skip_dag.py
[2023-02-28T17:59:22.727+0000] {processor.py:753} INFO - DAG(s) dict_keys(['example_skip_dag']) retrieved from /home/airflow/.local/lib/python3.7/site-packages/airflow/example_dags/example_skip_dag.py
[2023-02-28T17:59:22.742+0000] {logging_mixin.py:137} INFO - [2023-02-28T17:59:22.742+0000] {dag.py:2690} INFO - Sync 1 DAGs
[2023-02-28T17:59:22.755+0000] {logging_mixin.py:137} INFO - [2023-02-28T17:59:22.755+0000] {dag.py:3441} INFO - Setting next_dagrun for example_skip_dag to 2023-02-27T17:59:22.754992+00:00, run_after=2023-02-28T17:59:22.754992+00:00
[2023-02-28T17:59:22.764+0000] {processor.py:175} INFO - Processing /home/airflow/.local/lib/python3.7/site-packages/airflow/example_dags/example_skip_dag.py took 0.051 seconds
[2023-02-28T17:59:52.851+0000] {processor.py:153} INFO - Started process (PID=1288) to work on /home/airflow/.local/lib/python3.7/site-packages/airflow/example_dags/example_skip_dag.py
[2023-02-28T17:59:52.852+0000] {processor.py:743} INFO - Processing file /home/airflow/.local/lib/python3.7/site-packages/airflow/example_dags/example_skip_dag.py for tasks to queue
[2023-02-28T17:59:52.853+0000] {logging_mixin.py:137} INFO - [2023-02-28T17:59:52.853+0000] {dagbag.py:538} INFO - Filling up the DagBag from /home/airflow/.local/lib/python3.7/site-packages/airflow/example_dags/example_skip_dag.py
[2023-02-28T17:59:52.866+0000] {processor.py:753} INFO - DAG(s) dict_keys(['example_skip_dag']) retrieved from /home/airflow/.local/lib/python3.7/site-packages/airflow/example_dags/example_skip_dag.py
[2023-02-28T17:59:52.886+0000] {logging_mixin.py:137} INFO - [2023-02-28T17:59:52.886+0000] {dag.py:2690} INFO - Sync 1 DAGs
[2023-02-28T17:59:52.899+0000] {logging_mixin.py:137} INFO - [2023-02-28T17:59:52.899+0000] {dag.py:3441} INFO - Setting next_dagrun for example_skip_dag to 2023-02-27T17:59:52.899568+00:00, run_after=2023-02-28T17:59:52.899568+00:00
[2023-02-28T17:59:52.910+0000] {processor.py:175} INFO - Processing /home/airflow/.local/lib/python3.7/site-packages/airflow/example_dags/example_skip_dag.py took 0.063 seconds
[2023-02-28T18:00:23.093+0000] {processor.py:153} INFO - Started process (PID=1355) to work on /home/airflow/.local/lib/python3.7/site-packages/airflow/example_dags/example_skip_dag.py
[2023-02-28T18:00:23.094+0000] {processor.py:743} INFO - Processing file /home/airflow/.local/lib/python3.7/site-packages/airflow/example_dags/example_skip_dag.py for tasks to queue
[2023-02-28T18:00:23.095+0000] {logging_mixin.py:137} INFO - [2023-02-28T18:00:23.095+0000] {dagbag.py:538} INFO - Filling up the DagBag from /home/airflow/.local/lib/python3.7/site-packages/airflow/example_dags/example_skip_dag.py
[2023-02-28T18:00:23.103+0000] {processor.py:753} INFO - DAG(s) dict_keys(['example_skip_dag']) retrieved from /home/airflow/.local/lib/python3.7/site-packages/airflow/example_dags/example_skip_dag.py
[2023-02-28T18:00:23.121+0000] {logging_mixin.py:137} INFO - [2023-02-28T18:00:23.121+0000] {dag.py:2690} INFO - Sync 1 DAGs
[2023-02-28T18:00:23.133+0000] {logging_mixin.py:137} INFO - [2023-02-28T18:00:23.133+0000] {dag.py:3441} INFO - Setting next_dagrun for example_skip_dag to 2023-02-27T18:00:23.133639+00:00, run_after=2023-02-28T18:00:23.133639+00:00
[2023-02-28T18:00:23.143+0000] {processor.py:175} INFO - Processing /home/airflow/.local/lib/python3.7/site-packages/airflow/example_dags/example_skip_dag.py took 0.052 seconds
[2023-02-28T18:00:53.329+0000] {processor.py:153} INFO - Started process (PID=1435) to work on /home/airflow/.local/lib/python3.7/site-packages/airflow/example_dags/example_skip_dag.py
[2023-02-28T18:00:53.331+0000] {processor.py:743} INFO - Processing file /home/airflow/.local/lib/python3.7/site-packages/airflow/example_dags/example_skip_dag.py for tasks to queue
[2023-02-28T18:00:53.331+0000] {logging_mixin.py:137} INFO - [2023-02-28T18:00:53.331+0000] {dagbag.py:538} INFO - Filling up the DagBag from /home/airflow/.local/lib/python3.7/site-packages/airflow/example_dags/example_skip_dag.py
[2023-02-28T18:00:53.341+0000] {processor.py:753} INFO - DAG(s) dict_keys(['example_skip_dag']) retrieved from /home/airflow/.local/lib/python3.7/site-packages/airflow/example_dags/example_skip_dag.py
[2023-02-28T18:00:53.360+0000] {logging_mixin.py:137} INFO - [2023-02-28T18:00:53.360+0000] {dag.py:2690} INFO - Sync 1 DAGs
[2023-02-28T18:00:53.374+0000] {logging_mixin.py:137} INFO - [2023-02-28T18:00:53.374+0000] {dag.py:3441} INFO - Setting next_dagrun for example_skip_dag to 2023-02-27T18:00:53.374662+00:00, run_after=2023-02-28T18:00:53.374662+00:00
[2023-02-28T18:00:53.384+0000] {processor.py:175} INFO - Processing /home/airflow/.local/lib/python3.7/site-packages/airflow/example_dags/example_skip_dag.py took 0.058 seconds
[2023-02-28T18:01:23.864+0000] {processor.py:153} INFO - Started process (PID=1515) to work on /home/airflow/.local/lib/python3.7/site-packages/airflow/example_dags/example_skip_dag.py
[2023-02-28T18:01:23.866+0000] {processor.py:743} INFO - Processing file /home/airflow/.local/lib/python3.7/site-packages/airflow/example_dags/example_skip_dag.py for tasks to queue
[2023-02-28T18:01:23.867+0000] {logging_mixin.py:137} INFO - [2023-02-28T18:01:23.866+0000] {dagbag.py:538} INFO - Filling up the DagBag from /home/airflow/.local/lib/python3.7/site-packages/airflow/example_dags/example_skip_dag.py
[2023-02-28T18:01:23.875+0000] {processor.py:753} INFO - DAG(s) dict_keys(['example_skip_dag']) retrieved from /home/airflow/.local/lib/python3.7/site-packages/airflow/example_dags/example_skip_dag.py
[2023-02-28T18:01:23.893+0000] {logging_mixin.py:137} INFO - [2023-02-28T18:01:23.893+0000] {dag.py:2690} INFO - Sync 1 DAGs
[2023-02-28T18:01:23.907+0000] {logging_mixin.py:137} INFO - [2023-02-28T18:01:23.907+0000] {dag.py:3441} INFO - Setting next_dagrun for example_skip_dag to 2023-02-27T18:01:23.906902+00:00, run_after=2023-02-28T18:01:23.906902+00:00
[2023-02-28T18:01:23.917+0000] {processor.py:175} INFO - Processing /home/airflow/.local/lib/python3.7/site-packages/airflow/example_dags/example_skip_dag.py took 0.056 seconds
