[2023-02-28T17:48:40.660+0000] {processor.py:153} INFO - Started process (PID=58) to work on /home/airflow/.local/lib/python3.7/site-packages/airflow/example_dags/example_python_operator.py
[2023-02-28T17:48:40.662+0000] {processor.py:743} INFO - Processing file /home/airflow/.local/lib/python3.7/site-packages/airflow/example_dags/example_python_operator.py for tasks to queue
[2023-02-28T17:48:40.663+0000] {logging_mixin.py:137} INFO - [2023-02-28T17:48:40.663+0000] {dagbag.py:538} INFO - Filling up the DagBag from /home/airflow/.local/lib/python3.7/site-packages/airflow/example_dags/example_python_operator.py
[2023-02-28T17:48:40.676+0000] {logging_mixin.py:137} INFO - [2023-02-28T17:48:40.676+0000] {taskmixin.py:205} WARNING - Dependency <Task(_PythonDecoratedOperator): print_the_context>, log_sql_query already registered for DAG: example_python_operator
[2023-02-28T17:48:40.677+0000] {logging_mixin.py:137} INFO - [2023-02-28T17:48:40.677+0000] {taskmixin.py:205} WARNING - Dependency <Task(_PythonDecoratedOperator): log_sql_query>, print_the_context already registered for DAG: example_python_operator
[2023-02-28T17:48:40.678+0000] {logging_mixin.py:137} INFO - [2023-02-28T17:48:40.678+0000] {taskmixin.py:205} WARNING - Dependency <Task(_PythonDecoratedOperator): print_the_context>, log_sql_query already registered for DAG: example_python_operator
[2023-02-28T17:48:40.678+0000] {logging_mixin.py:137} INFO - [2023-02-28T17:48:40.678+0000] {taskmixin.py:205} WARNING - Dependency <Task(_PythonDecoratedOperator): log_sql_query>, print_the_context already registered for DAG: example_python_operator
[2023-02-28T17:48:40.679+0000] {logging_mixin.py:137} INFO - [2023-02-28T17:48:40.679+0000] {taskmixin.py:205} WARNING - Dependency <Task(_PythonDecoratedOperator): print_the_context>, log_sql_query already registered for DAG: example_python_operator
[2023-02-28T17:48:40.679+0000] {logging_mixin.py:137} INFO - [2023-02-28T17:48:40.679+0000] {taskmixin.py:205} WARNING - Dependency <Task(_PythonDecoratedOperator): log_sql_query>, print_the_context already registered for DAG: example_python_operator
[2023-02-28T17:48:40.680+0000] {logging_mixin.py:137} INFO - [2023-02-28T17:48:40.680+0000] {taskmixin.py:205} WARNING - Dependency <Task(_PythonDecoratedOperator): print_the_context>, log_sql_query already registered for DAG: example_python_operator
[2023-02-28T17:48:40.681+0000] {logging_mixin.py:137} INFO - [2023-02-28T17:48:40.680+0000] {taskmixin.py:205} WARNING - Dependency <Task(_PythonDecoratedOperator): log_sql_query>, print_the_context already registered for DAG: example_python_operator
[2023-02-28T17:48:40.685+0000] {processor.py:753} INFO - DAG(s) dict_keys(['example_python_operator']) retrieved from /home/airflow/.local/lib/python3.7/site-packages/airflow/example_dags/example_python_operator.py
[2023-02-28T17:48:40.751+0000] {logging_mixin.py:137} INFO - [2023-02-28T17:48:40.750+0000] {manager.py:504} INFO - Created Permission View: can edit on DAG:example_python_operator
[2023-02-28T17:48:40.755+0000] {logging_mixin.py:137} INFO - [2023-02-28T17:48:40.755+0000] {manager.py:504} INFO - Created Permission View: can read on DAG:example_python_operator
[2023-02-28T17:48:40.758+0000] {logging_mixin.py:137} INFO - [2023-02-28T17:48:40.758+0000] {manager.py:504} INFO - Created Permission View: can delete on DAG:example_python_operator
[2023-02-28T17:48:40.759+0000] {logging_mixin.py:137} INFO - [2023-02-28T17:48:40.759+0000] {dag.py:2690} INFO - Sync 1 DAGs
[2023-02-28T17:48:40.766+0000] {logging_mixin.py:137} INFO - [2023-02-28T17:48:40.766+0000] {dag.py:2711} INFO - Creating ORM DAG for example_python_operator
[2023-02-28T17:48:40.771+0000] {logging_mixin.py:137} INFO - [2023-02-28T17:48:40.771+0000] {dag.py:3441} INFO - Setting next_dagrun for example_python_operator to None, run_after=None
[2023-02-28T17:48:40.782+0000] {processor.py:175} INFO - Processing /home/airflow/.local/lib/python3.7/site-packages/airflow/example_dags/example_python_operator.py took 0.125 seconds
[2023-02-28T17:49:11.611+0000] {processor.py:153} INFO - Started process (PID=139) to work on /home/airflow/.local/lib/python3.7/site-packages/airflow/example_dags/example_python_operator.py
[2023-02-28T17:49:11.613+0000] {processor.py:743} INFO - Processing file /home/airflow/.local/lib/python3.7/site-packages/airflow/example_dags/example_python_operator.py for tasks to queue
[2023-02-28T17:49:11.613+0000] {logging_mixin.py:137} INFO - [2023-02-28T17:49:11.613+0000] {dagbag.py:538} INFO - Filling up the DagBag from /home/airflow/.local/lib/python3.7/site-packages/airflow/example_dags/example_python_operator.py
[2023-02-28T17:49:11.624+0000] {logging_mixin.py:137} INFO - [2023-02-28T17:49:11.624+0000] {taskmixin.py:205} WARNING - Dependency <Task(_PythonDecoratedOperator): print_the_context>, log_sql_query already registered for DAG: example_python_operator
[2023-02-28T17:49:11.624+0000] {logging_mixin.py:137} INFO - [2023-02-28T17:49:11.624+0000] {taskmixin.py:205} WARNING - Dependency <Task(_PythonDecoratedOperator): log_sql_query>, print_the_context already registered for DAG: example_python_operator
[2023-02-28T17:49:11.625+0000] {logging_mixin.py:137} INFO - [2023-02-28T17:49:11.625+0000] {taskmixin.py:205} WARNING - Dependency <Task(_PythonDecoratedOperator): print_the_context>, log_sql_query already registered for DAG: example_python_operator
[2023-02-28T17:49:11.626+0000] {logging_mixin.py:137} INFO - [2023-02-28T17:49:11.625+0000] {taskmixin.py:205} WARNING - Dependency <Task(_PythonDecoratedOperator): log_sql_query>, print_the_context already registered for DAG: example_python_operator
[2023-02-28T17:49:11.626+0000] {logging_mixin.py:137} INFO - [2023-02-28T17:49:11.626+0000] {taskmixin.py:205} WARNING - Dependency <Task(_PythonDecoratedOperator): print_the_context>, log_sql_query already registered for DAG: example_python_operator
[2023-02-28T17:49:11.627+0000] {logging_mixin.py:137} INFO - [2023-02-28T17:49:11.627+0000] {taskmixin.py:205} WARNING - Dependency <Task(_PythonDecoratedOperator): log_sql_query>, print_the_context already registered for DAG: example_python_operator
[2023-02-28T17:49:11.628+0000] {logging_mixin.py:137} INFO - [2023-02-28T17:49:11.628+0000] {taskmixin.py:205} WARNING - Dependency <Task(_PythonDecoratedOperator): print_the_context>, log_sql_query already registered for DAG: example_python_operator
[2023-02-28T17:49:11.628+0000] {logging_mixin.py:137} INFO - [2023-02-28T17:49:11.628+0000] {taskmixin.py:205} WARNING - Dependency <Task(_PythonDecoratedOperator): log_sql_query>, print_the_context already registered for DAG: example_python_operator
[2023-02-28T17:49:11.632+0000] {processor.py:753} INFO - DAG(s) dict_keys(['example_python_operator']) retrieved from /home/airflow/.local/lib/python3.7/site-packages/airflow/example_dags/example_python_operator.py
[2023-02-28T17:49:11.651+0000] {logging_mixin.py:137} INFO - [2023-02-28T17:49:11.651+0000] {dag.py:2690} INFO - Sync 1 DAGs
[2023-02-28T17:49:11.667+0000] {logging_mixin.py:137} INFO - [2023-02-28T17:49:11.667+0000] {dag.py:3441} INFO - Setting next_dagrun for example_python_operator to None, run_after=None
[2023-02-28T17:49:11.678+0000] {processor.py:175} INFO - Processing /home/airflow/.local/lib/python3.7/site-packages/airflow/example_dags/example_python_operator.py took 0.069 seconds
[2023-02-28T17:49:41.704+0000] {processor.py:153} INFO - Started process (PID=219) to work on /home/airflow/.local/lib/python3.7/site-packages/airflow/example_dags/example_python_operator.py
[2023-02-28T17:49:41.705+0000] {processor.py:743} INFO - Processing file /home/airflow/.local/lib/python3.7/site-packages/airflow/example_dags/example_python_operator.py for tasks to queue
[2023-02-28T17:49:41.708+0000] {logging_mixin.py:137} INFO - [2023-02-28T17:49:41.708+0000] {dagbag.py:538} INFO - Filling up the DagBag from /home/airflow/.local/lib/python3.7/site-packages/airflow/example_dags/example_python_operator.py
[2023-02-28T17:49:41.718+0000] {logging_mixin.py:137} INFO - [2023-02-28T17:49:41.718+0000] {taskmixin.py:205} WARNING - Dependency <Task(_PythonDecoratedOperator): print_the_context>, log_sql_query already registered for DAG: example_python_operator
[2023-02-28T17:49:41.719+0000] {logging_mixin.py:137} INFO - [2023-02-28T17:49:41.719+0000] {taskmixin.py:205} WARNING - Dependency <Task(_PythonDecoratedOperator): log_sql_query>, print_the_context already registered for DAG: example_python_operator
[2023-02-28T17:49:41.721+0000] {logging_mixin.py:137} INFO - [2023-02-28T17:49:41.721+0000] {taskmixin.py:205} WARNING - Dependency <Task(_PythonDecoratedOperator): print_the_context>, log_sql_query already registered for DAG: example_python_operator
[2023-02-28T17:49:41.722+0000] {logging_mixin.py:137} INFO - [2023-02-28T17:49:41.721+0000] {taskmixin.py:205} WARNING - Dependency <Task(_PythonDecoratedOperator): log_sql_query>, print_the_context already registered for DAG: example_python_operator
[2023-02-28T17:49:41.722+0000] {logging_mixin.py:137} INFO - [2023-02-28T17:49:41.722+0000] {taskmixin.py:205} WARNING - Dependency <Task(_PythonDecoratedOperator): print_the_context>, log_sql_query already registered for DAG: example_python_operator
[2023-02-28T17:49:41.724+0000] {logging_mixin.py:137} INFO - [2023-02-28T17:49:41.724+0000] {taskmixin.py:205} WARNING - Dependency <Task(_PythonDecoratedOperator): log_sql_query>, print_the_context already registered for DAG: example_python_operator
[2023-02-28T17:49:41.725+0000] {logging_mixin.py:137} INFO - [2023-02-28T17:49:41.725+0000] {taskmixin.py:205} WARNING - Dependency <Task(_PythonDecoratedOperator): print_the_context>, log_sql_query already registered for DAG: example_python_operator
[2023-02-28T17:49:41.725+0000] {logging_mixin.py:137} INFO - [2023-02-28T17:49:41.725+0000] {taskmixin.py:205} WARNING - Dependency <Task(_PythonDecoratedOperator): log_sql_query>, print_the_context already registered for DAG: example_python_operator
[2023-02-28T17:49:41.729+0000] {processor.py:753} INFO - DAG(s) dict_keys(['example_python_operator']) retrieved from /home/airflow/.local/lib/python3.7/site-packages/airflow/example_dags/example_python_operator.py
[2023-02-28T17:49:41.749+0000] {logging_mixin.py:137} INFO - [2023-02-28T17:49:41.749+0000] {dag.py:2690} INFO - Sync 1 DAGs
[2023-02-28T17:49:41.762+0000] {logging_mixin.py:137} INFO - [2023-02-28T17:49:41.762+0000] {dag.py:3441} INFO - Setting next_dagrun for example_python_operator to None, run_after=None
[2023-02-28T17:49:41.771+0000] {processor.py:175} INFO - Processing /home/airflow/.local/lib/python3.7/site-packages/airflow/example_dags/example_python_operator.py took 0.071 seconds
[2023-02-28T17:50:11.968+0000] {processor.py:153} INFO - Started process (PID=286) to work on /home/airflow/.local/lib/python3.7/site-packages/airflow/example_dags/example_python_operator.py
[2023-02-28T17:50:11.969+0000] {processor.py:743} INFO - Processing file /home/airflow/.local/lib/python3.7/site-packages/airflow/example_dags/example_python_operator.py for tasks to queue
[2023-02-28T17:50:11.970+0000] {logging_mixin.py:137} INFO - [2023-02-28T17:50:11.970+0000] {dagbag.py:538} INFO - Filling up the DagBag from /home/airflow/.local/lib/python3.7/site-packages/airflow/example_dags/example_python_operator.py
[2023-02-28T17:50:11.980+0000] {logging_mixin.py:137} INFO - [2023-02-28T17:50:11.980+0000] {taskmixin.py:205} WARNING - Dependency <Task(_PythonDecoratedOperator): print_the_context>, log_sql_query already registered for DAG: example_python_operator
[2023-02-28T17:50:11.981+0000] {logging_mixin.py:137} INFO - [2023-02-28T17:50:11.981+0000] {taskmixin.py:205} WARNING - Dependency <Task(_PythonDecoratedOperator): log_sql_query>, print_the_context already registered for DAG: example_python_operator
[2023-02-28T17:50:11.982+0000] {logging_mixin.py:137} INFO - [2023-02-28T17:50:11.982+0000] {taskmixin.py:205} WARNING - Dependency <Task(_PythonDecoratedOperator): print_the_context>, log_sql_query already registered for DAG: example_python_operator
[2023-02-28T17:50:11.982+0000] {logging_mixin.py:137} INFO - [2023-02-28T17:50:11.982+0000] {taskmixin.py:205} WARNING - Dependency <Task(_PythonDecoratedOperator): log_sql_query>, print_the_context already registered for DAG: example_python_operator
[2023-02-28T17:50:11.983+0000] {logging_mixin.py:137} INFO - [2023-02-28T17:50:11.983+0000] {taskmixin.py:205} WARNING - Dependency <Task(_PythonDecoratedOperator): print_the_context>, log_sql_query already registered for DAG: example_python_operator
[2023-02-28T17:50:11.984+0000] {logging_mixin.py:137} INFO - [2023-02-28T17:50:11.984+0000] {taskmixin.py:205} WARNING - Dependency <Task(_PythonDecoratedOperator): log_sql_query>, print_the_context already registered for DAG: example_python_operator
[2023-02-28T17:50:11.984+0000] {logging_mixin.py:137} INFO - [2023-02-28T17:50:11.984+0000] {taskmixin.py:205} WARNING - Dependency <Task(_PythonDecoratedOperator): print_the_context>, log_sql_query already registered for DAG: example_python_operator
[2023-02-28T17:50:11.985+0000] {logging_mixin.py:137} INFO - [2023-02-28T17:50:11.985+0000] {taskmixin.py:205} WARNING - Dependency <Task(_PythonDecoratedOperator): log_sql_query>, print_the_context already registered for DAG: example_python_operator
[2023-02-28T17:50:11.989+0000] {processor.py:753} INFO - DAG(s) dict_keys(['example_python_operator']) retrieved from /home/airflow/.local/lib/python3.7/site-packages/airflow/example_dags/example_python_operator.py
[2023-02-28T17:50:12.007+0000] {logging_mixin.py:137} INFO - [2023-02-28T17:50:12.007+0000] {dag.py:2690} INFO - Sync 1 DAGs
[2023-02-28T17:50:12.021+0000] {logging_mixin.py:137} INFO - [2023-02-28T17:50:12.021+0000] {dag.py:3441} INFO - Setting next_dagrun for example_python_operator to None, run_after=None
[2023-02-28T17:50:12.030+0000] {processor.py:175} INFO - Processing /home/airflow/.local/lib/python3.7/site-packages/airflow/example_dags/example_python_operator.py took 0.065 seconds
[2023-02-28T17:50:42.431+0000] {processor.py:153} INFO - Started process (PID=367) to work on /home/airflow/.local/lib/python3.7/site-packages/airflow/example_dags/example_python_operator.py
[2023-02-28T17:50:42.432+0000] {processor.py:743} INFO - Processing file /home/airflow/.local/lib/python3.7/site-packages/airflow/example_dags/example_python_operator.py for tasks to queue
[2023-02-28T17:50:42.433+0000] {logging_mixin.py:137} INFO - [2023-02-28T17:50:42.433+0000] {dagbag.py:538} INFO - Filling up the DagBag from /home/airflow/.local/lib/python3.7/site-packages/airflow/example_dags/example_python_operator.py
[2023-02-28T17:50:42.443+0000] {logging_mixin.py:137} INFO - [2023-02-28T17:50:42.443+0000] {taskmixin.py:205} WARNING - Dependency <Task(_PythonDecoratedOperator): print_the_context>, log_sql_query already registered for DAG: example_python_operator
[2023-02-28T17:50:42.444+0000] {logging_mixin.py:137} INFO - [2023-02-28T17:50:42.444+0000] {taskmixin.py:205} WARNING - Dependency <Task(_PythonDecoratedOperator): log_sql_query>, print_the_context already registered for DAG: example_python_operator
[2023-02-28T17:50:42.445+0000] {logging_mixin.py:137} INFO - [2023-02-28T17:50:42.445+0000] {taskmixin.py:205} WARNING - Dependency <Task(_PythonDecoratedOperator): print_the_context>, log_sql_query already registered for DAG: example_python_operator
[2023-02-28T17:50:42.445+0000] {logging_mixin.py:137} INFO - [2023-02-28T17:50:42.445+0000] {taskmixin.py:205} WARNING - Dependency <Task(_PythonDecoratedOperator): log_sql_query>, print_the_context already registered for DAG: example_python_operator
[2023-02-28T17:50:42.446+0000] {logging_mixin.py:137} INFO - [2023-02-28T17:50:42.446+0000] {taskmixin.py:205} WARNING - Dependency <Task(_PythonDecoratedOperator): print_the_context>, log_sql_query already registered for DAG: example_python_operator
[2023-02-28T17:50:42.446+0000] {logging_mixin.py:137} INFO - [2023-02-28T17:50:42.446+0000] {taskmixin.py:205} WARNING - Dependency <Task(_PythonDecoratedOperator): log_sql_query>, print_the_context already registered for DAG: example_python_operator
[2023-02-28T17:50:42.447+0000] {logging_mixin.py:137} INFO - [2023-02-28T17:50:42.447+0000] {taskmixin.py:205} WARNING - Dependency <Task(_PythonDecoratedOperator): print_the_context>, log_sql_query already registered for DAG: example_python_operator
[2023-02-28T17:50:42.448+0000] {logging_mixin.py:137} INFO - [2023-02-28T17:50:42.447+0000] {taskmixin.py:205} WARNING - Dependency <Task(_PythonDecoratedOperator): log_sql_query>, print_the_context already registered for DAG: example_python_operator
[2023-02-28T17:50:42.452+0000] {processor.py:753} INFO - DAG(s) dict_keys(['example_python_operator']) retrieved from /home/airflow/.local/lib/python3.7/site-packages/airflow/example_dags/example_python_operator.py
[2023-02-28T17:50:42.470+0000] {logging_mixin.py:137} INFO - [2023-02-28T17:50:42.470+0000] {dag.py:2690} INFO - Sync 1 DAGs
[2023-02-28T17:50:42.483+0000] {logging_mixin.py:137} INFO - [2023-02-28T17:50:42.483+0000] {dag.py:3441} INFO - Setting next_dagrun for example_python_operator to None, run_after=None
[2023-02-28T17:50:42.493+0000] {processor.py:175} INFO - Processing /home/airflow/.local/lib/python3.7/site-packages/airflow/example_dags/example_python_operator.py took 0.065 seconds
[2023-02-28T17:51:44.921+0000] {processor.py:153} INFO - Started process (PID=58) to work on /home/airflow/.local/lib/python3.7/site-packages/airflow/example_dags/example_python_operator.py
[2023-02-28T17:51:44.923+0000] {processor.py:743} INFO - Processing file /home/airflow/.local/lib/python3.7/site-packages/airflow/example_dags/example_python_operator.py for tasks to queue
[2023-02-28T17:51:44.924+0000] {logging_mixin.py:137} INFO - [2023-02-28T17:51:44.924+0000] {dagbag.py:538} INFO - Filling up the DagBag from /home/airflow/.local/lib/python3.7/site-packages/airflow/example_dags/example_python_operator.py
[2023-02-28T17:51:44.937+0000] {logging_mixin.py:137} INFO - [2023-02-28T17:51:44.937+0000] {taskmixin.py:205} WARNING - Dependency <Task(_PythonDecoratedOperator): print_the_context>, log_sql_query already registered for DAG: example_python_operator
[2023-02-28T17:51:44.938+0000] {logging_mixin.py:137} INFO - [2023-02-28T17:51:44.938+0000] {taskmixin.py:205} WARNING - Dependency <Task(_PythonDecoratedOperator): log_sql_query>, print_the_context already registered for DAG: example_python_operator
[2023-02-28T17:51:44.939+0000] {logging_mixin.py:137} INFO - [2023-02-28T17:51:44.939+0000] {taskmixin.py:205} WARNING - Dependency <Task(_PythonDecoratedOperator): print_the_context>, log_sql_query already registered for DAG: example_python_operator
[2023-02-28T17:51:44.939+0000] {logging_mixin.py:137} INFO - [2023-02-28T17:51:44.939+0000] {taskmixin.py:205} WARNING - Dependency <Task(_PythonDecoratedOperator): log_sql_query>, print_the_context already registered for DAG: example_python_operator
[2023-02-28T17:51:44.940+0000] {logging_mixin.py:137} INFO - [2023-02-28T17:51:44.940+0000] {taskmixin.py:205} WARNING - Dependency <Task(_PythonDecoratedOperator): print_the_context>, log_sql_query already registered for DAG: example_python_operator
[2023-02-28T17:51:44.941+0000] {logging_mixin.py:137} INFO - [2023-02-28T17:51:44.940+0000] {taskmixin.py:205} WARNING - Dependency <Task(_PythonDecoratedOperator): log_sql_query>, print_the_context already registered for DAG: example_python_operator
[2023-02-28T17:51:44.941+0000] {logging_mixin.py:137} INFO - [2023-02-28T17:51:44.941+0000] {taskmixin.py:205} WARNING - Dependency <Task(_PythonDecoratedOperator): print_the_context>, log_sql_query already registered for DAG: example_python_operator
[2023-02-28T17:51:44.942+0000] {logging_mixin.py:137} INFO - [2023-02-28T17:51:44.942+0000] {taskmixin.py:205} WARNING - Dependency <Task(_PythonDecoratedOperator): log_sql_query>, print_the_context already registered for DAG: example_python_operator
[2023-02-28T17:51:44.947+0000] {processor.py:753} INFO - DAG(s) dict_keys(['example_python_operator']) retrieved from /home/airflow/.local/lib/python3.7/site-packages/airflow/example_dags/example_python_operator.py
[2023-02-28T17:51:44.960+0000] {logging_mixin.py:137} INFO - [2023-02-28T17:51:44.960+0000] {dag.py:2690} INFO - Sync 1 DAGs
[2023-02-28T17:51:44.978+0000] {logging_mixin.py:137} INFO - [2023-02-28T17:51:44.978+0000] {dag.py:3441} INFO - Setting next_dagrun for example_python_operator to None, run_after=None
[2023-02-28T17:51:44.998+0000] {processor.py:175} INFO - Processing /home/airflow/.local/lib/python3.7/site-packages/airflow/example_dags/example_python_operator.py took 0.081 seconds
[2023-02-28T17:52:15.274+0000] {processor.py:153} INFO - Started process (PID=138) to work on /home/airflow/.local/lib/python3.7/site-packages/airflow/example_dags/example_python_operator.py
[2023-02-28T17:52:15.276+0000] {processor.py:743} INFO - Processing file /home/airflow/.local/lib/python3.7/site-packages/airflow/example_dags/example_python_operator.py for tasks to queue
[2023-02-28T17:52:15.276+0000] {logging_mixin.py:137} INFO - [2023-02-28T17:52:15.276+0000] {dagbag.py:538} INFO - Filling up the DagBag from /home/airflow/.local/lib/python3.7/site-packages/airflow/example_dags/example_python_operator.py
[2023-02-28T17:52:15.287+0000] {logging_mixin.py:137} INFO - [2023-02-28T17:52:15.287+0000] {taskmixin.py:205} WARNING - Dependency <Task(_PythonDecoratedOperator): print_the_context>, log_sql_query already registered for DAG: example_python_operator
[2023-02-28T17:52:15.287+0000] {logging_mixin.py:137} INFO - [2023-02-28T17:52:15.287+0000] {taskmixin.py:205} WARNING - Dependency <Task(_PythonDecoratedOperator): log_sql_query>, print_the_context already registered for DAG: example_python_operator
[2023-02-28T17:52:15.288+0000] {logging_mixin.py:137} INFO - [2023-02-28T17:52:15.288+0000] {taskmixin.py:205} WARNING - Dependency <Task(_PythonDecoratedOperator): print_the_context>, log_sql_query already registered for DAG: example_python_operator
[2023-02-28T17:52:15.288+0000] {logging_mixin.py:137} INFO - [2023-02-28T17:52:15.288+0000] {taskmixin.py:205} WARNING - Dependency <Task(_PythonDecoratedOperator): log_sql_query>, print_the_context already registered for DAG: example_python_operator
[2023-02-28T17:52:15.289+0000] {logging_mixin.py:137} INFO - [2023-02-28T17:52:15.289+0000] {taskmixin.py:205} WARNING - Dependency <Task(_PythonDecoratedOperator): print_the_context>, log_sql_query already registered for DAG: example_python_operator
[2023-02-28T17:52:15.289+0000] {logging_mixin.py:137} INFO - [2023-02-28T17:52:15.289+0000] {taskmixin.py:205} WARNING - Dependency <Task(_PythonDecoratedOperator): log_sql_query>, print_the_context already registered for DAG: example_python_operator
[2023-02-28T17:52:15.290+0000] {logging_mixin.py:137} INFO - [2023-02-28T17:52:15.290+0000] {taskmixin.py:205} WARNING - Dependency <Task(_PythonDecoratedOperator): print_the_context>, log_sql_query already registered for DAG: example_python_operator
[2023-02-28T17:52:15.290+0000] {logging_mixin.py:137} INFO - [2023-02-28T17:52:15.290+0000] {taskmixin.py:205} WARNING - Dependency <Task(_PythonDecoratedOperator): log_sql_query>, print_the_context already registered for DAG: example_python_operator
[2023-02-28T17:52:15.294+0000] {processor.py:753} INFO - DAG(s) dict_keys(['example_python_operator']) retrieved from /home/airflow/.local/lib/python3.7/site-packages/airflow/example_dags/example_python_operator.py
[2023-02-28T17:52:15.330+0000] {logging_mixin.py:137} INFO - [2023-02-28T17:52:15.330+0000] {dag.py:2690} INFO - Sync 1 DAGs
[2023-02-28T17:52:15.342+0000] {logging_mixin.py:137} INFO - [2023-02-28T17:52:15.341+0000] {dag.py:3441} INFO - Setting next_dagrun for example_python_operator to None, run_after=None
[2023-02-28T17:52:15.351+0000] {processor.py:175} INFO - Processing /home/airflow/.local/lib/python3.7/site-packages/airflow/example_dags/example_python_operator.py took 0.079 seconds
[2023-02-28T17:52:45.543+0000] {processor.py:153} INFO - Started process (PID=205) to work on /home/airflow/.local/lib/python3.7/site-packages/airflow/example_dags/example_python_operator.py
[2023-02-28T17:52:45.544+0000] {processor.py:743} INFO - Processing file /home/airflow/.local/lib/python3.7/site-packages/airflow/example_dags/example_python_operator.py for tasks to queue
[2023-02-28T17:52:45.545+0000] {logging_mixin.py:137} INFO - [2023-02-28T17:52:45.545+0000] {dagbag.py:538} INFO - Filling up the DagBag from /home/airflow/.local/lib/python3.7/site-packages/airflow/example_dags/example_python_operator.py
[2023-02-28T17:52:45.556+0000] {logging_mixin.py:137} INFO - [2023-02-28T17:52:45.556+0000] {taskmixin.py:205} WARNING - Dependency <Task(_PythonDecoratedOperator): print_the_context>, log_sql_query already registered for DAG: example_python_operator
[2023-02-28T17:52:45.557+0000] {logging_mixin.py:137} INFO - [2023-02-28T17:52:45.557+0000] {taskmixin.py:205} WARNING - Dependency <Task(_PythonDecoratedOperator): log_sql_query>, print_the_context already registered for DAG: example_python_operator
[2023-02-28T17:52:45.557+0000] {logging_mixin.py:137} INFO - [2023-02-28T17:52:45.557+0000] {taskmixin.py:205} WARNING - Dependency <Task(_PythonDecoratedOperator): print_the_context>, log_sql_query already registered for DAG: example_python_operator
[2023-02-28T17:52:45.558+0000] {logging_mixin.py:137} INFO - [2023-02-28T17:52:45.558+0000] {taskmixin.py:205} WARNING - Dependency <Task(_PythonDecoratedOperator): log_sql_query>, print_the_context already registered for DAG: example_python_operator
[2023-02-28T17:52:45.559+0000] {logging_mixin.py:137} INFO - [2023-02-28T17:52:45.558+0000] {taskmixin.py:205} WARNING - Dependency <Task(_PythonDecoratedOperator): print_the_context>, log_sql_query already registered for DAG: example_python_operator
[2023-02-28T17:52:45.559+0000] {logging_mixin.py:137} INFO - [2023-02-28T17:52:45.559+0000] {taskmixin.py:205} WARNING - Dependency <Task(_PythonDecoratedOperator): log_sql_query>, print_the_context already registered for DAG: example_python_operator
[2023-02-28T17:52:45.560+0000] {logging_mixin.py:137} INFO - [2023-02-28T17:52:45.560+0000] {taskmixin.py:205} WARNING - Dependency <Task(_PythonDecoratedOperator): print_the_context>, log_sql_query already registered for DAG: example_python_operator
[2023-02-28T17:52:45.560+0000] {logging_mixin.py:137} INFO - [2023-02-28T17:52:45.560+0000] {taskmixin.py:205} WARNING - Dependency <Task(_PythonDecoratedOperator): log_sql_query>, print_the_context already registered for DAG: example_python_operator
[2023-02-28T17:52:45.564+0000] {processor.py:753} INFO - DAG(s) dict_keys(['example_python_operator']) retrieved from /home/airflow/.local/lib/python3.7/site-packages/airflow/example_dags/example_python_operator.py
[2023-02-28T17:52:45.581+0000] {logging_mixin.py:137} INFO - [2023-02-28T17:52:45.581+0000] {dag.py:2690} INFO - Sync 1 DAGs
[2023-02-28T17:52:45.594+0000] {logging_mixin.py:137} INFO - [2023-02-28T17:52:45.594+0000] {dag.py:3441} INFO - Setting next_dagrun for example_python_operator to None, run_after=None
[2023-02-28T17:52:45.604+0000] {processor.py:175} INFO - Processing /home/airflow/.local/lib/python3.7/site-packages/airflow/example_dags/example_python_operator.py took 0.063 seconds
[2023-02-28T17:53:15.797+0000] {processor.py:153} INFO - Started process (PID=285) to work on /home/airflow/.local/lib/python3.7/site-packages/airflow/example_dags/example_python_operator.py
[2023-02-28T17:53:15.798+0000] {processor.py:743} INFO - Processing file /home/airflow/.local/lib/python3.7/site-packages/airflow/example_dags/example_python_operator.py for tasks to queue
[2023-02-28T17:53:15.799+0000] {logging_mixin.py:137} INFO - [2023-02-28T17:53:15.799+0000] {dagbag.py:538} INFO - Filling up the DagBag from /home/airflow/.local/lib/python3.7/site-packages/airflow/example_dags/example_python_operator.py
[2023-02-28T17:53:15.809+0000] {logging_mixin.py:137} INFO - [2023-02-28T17:53:15.809+0000] {taskmixin.py:205} WARNING - Dependency <Task(_PythonDecoratedOperator): print_the_context>, log_sql_query already registered for DAG: example_python_operator
[2023-02-28T17:53:15.809+0000] {logging_mixin.py:137} INFO - [2023-02-28T17:53:15.809+0000] {taskmixin.py:205} WARNING - Dependency <Task(_PythonDecoratedOperator): log_sql_query>, print_the_context already registered for DAG: example_python_operator
[2023-02-28T17:53:15.810+0000] {logging_mixin.py:137} INFO - [2023-02-28T17:53:15.810+0000] {taskmixin.py:205} WARNING - Dependency <Task(_PythonDecoratedOperator): print_the_context>, log_sql_query already registered for DAG: example_python_operator
[2023-02-28T17:53:15.811+0000] {logging_mixin.py:137} INFO - [2023-02-28T17:53:15.811+0000] {taskmixin.py:205} WARNING - Dependency <Task(_PythonDecoratedOperator): log_sql_query>, print_the_context already registered for DAG: example_python_operator
[2023-02-28T17:53:15.811+0000] {logging_mixin.py:137} INFO - [2023-02-28T17:53:15.811+0000] {taskmixin.py:205} WARNING - Dependency <Task(_PythonDecoratedOperator): print_the_context>, log_sql_query already registered for DAG: example_python_operator
[2023-02-28T17:53:15.812+0000] {logging_mixin.py:137} INFO - [2023-02-28T17:53:15.812+0000] {taskmixin.py:205} WARNING - Dependency <Task(_PythonDecoratedOperator): log_sql_query>, print_the_context already registered for DAG: example_python_operator
[2023-02-28T17:53:15.812+0000] {logging_mixin.py:137} INFO - [2023-02-28T17:53:15.812+0000] {taskmixin.py:205} WARNING - Dependency <Task(_PythonDecoratedOperator): print_the_context>, log_sql_query already registered for DAG: example_python_operator
[2023-02-28T17:53:15.813+0000] {logging_mixin.py:137} INFO - [2023-02-28T17:53:15.813+0000] {taskmixin.py:205} WARNING - Dependency <Task(_PythonDecoratedOperator): log_sql_query>, print_the_context already registered for DAG: example_python_operator
[2023-02-28T17:53:15.817+0000] {processor.py:753} INFO - DAG(s) dict_keys(['example_python_operator']) retrieved from /home/airflow/.local/lib/python3.7/site-packages/airflow/example_dags/example_python_operator.py
[2023-02-28T17:53:15.833+0000] {logging_mixin.py:137} INFO - [2023-02-28T17:53:15.833+0000] {dag.py:2690} INFO - Sync 1 DAGs
[2023-02-28T17:53:15.846+0000] {logging_mixin.py:137} INFO - [2023-02-28T17:53:15.846+0000] {dag.py:3441} INFO - Setting next_dagrun for example_python_operator to None, run_after=None
[2023-02-28T17:53:15.855+0000] {processor.py:175} INFO - Processing /home/airflow/.local/lib/python3.7/site-packages/airflow/example_dags/example_python_operator.py took 0.061 seconds
[2023-02-28T17:53:46.697+0000] {processor.py:153} INFO - Started process (PID=365) to work on /home/airflow/.local/lib/python3.7/site-packages/airflow/example_dags/example_python_operator.py
[2023-02-28T17:53:46.698+0000] {processor.py:743} INFO - Processing file /home/airflow/.local/lib/python3.7/site-packages/airflow/example_dags/example_python_operator.py for tasks to queue
[2023-02-28T17:53:46.698+0000] {logging_mixin.py:137} INFO - [2023-02-28T17:53:46.698+0000] {dagbag.py:538} INFO - Filling up the DagBag from /home/airflow/.local/lib/python3.7/site-packages/airflow/example_dags/example_python_operator.py
[2023-02-28T17:53:46.708+0000] {logging_mixin.py:137} INFO - [2023-02-28T17:53:46.707+0000] {taskmixin.py:205} WARNING - Dependency <Task(_PythonDecoratedOperator): print_the_context>, log_sql_query already registered for DAG: example_python_operator
[2023-02-28T17:53:46.708+0000] {logging_mixin.py:137} INFO - [2023-02-28T17:53:46.708+0000] {taskmixin.py:205} WARNING - Dependency <Task(_PythonDecoratedOperator): log_sql_query>, print_the_context already registered for DAG: example_python_operator
[2023-02-28T17:53:46.709+0000] {logging_mixin.py:137} INFO - [2023-02-28T17:53:46.709+0000] {taskmixin.py:205} WARNING - Dependency <Task(_PythonDecoratedOperator): print_the_context>, log_sql_query already registered for DAG: example_python_operator
[2023-02-28T17:53:46.709+0000] {logging_mixin.py:137} INFO - [2023-02-28T17:53:46.709+0000] {taskmixin.py:205} WARNING - Dependency <Task(_PythonDecoratedOperator): log_sql_query>, print_the_context already registered for DAG: example_python_operator
[2023-02-28T17:53:46.710+0000] {logging_mixin.py:137} INFO - [2023-02-28T17:53:46.710+0000] {taskmixin.py:205} WARNING - Dependency <Task(_PythonDecoratedOperator): print_the_context>, log_sql_query already registered for DAG: example_python_operator
[2023-02-28T17:53:46.710+0000] {logging_mixin.py:137} INFO - [2023-02-28T17:53:46.710+0000] {taskmixin.py:205} WARNING - Dependency <Task(_PythonDecoratedOperator): log_sql_query>, print_the_context already registered for DAG: example_python_operator
[2023-02-28T17:53:46.712+0000] {logging_mixin.py:137} INFO - [2023-02-28T17:53:46.711+0000] {taskmixin.py:205} WARNING - Dependency <Task(_PythonDecoratedOperator): print_the_context>, log_sql_query already registered for DAG: example_python_operator
[2023-02-28T17:53:46.712+0000] {logging_mixin.py:137} INFO - [2023-02-28T17:53:46.712+0000] {taskmixin.py:205} WARNING - Dependency <Task(_PythonDecoratedOperator): log_sql_query>, print_the_context already registered for DAG: example_python_operator
[2023-02-28T17:53:46.716+0000] {processor.py:753} INFO - DAG(s) dict_keys(['example_python_operator']) retrieved from /home/airflow/.local/lib/python3.7/site-packages/airflow/example_dags/example_python_operator.py
[2023-02-28T17:53:46.733+0000] {logging_mixin.py:137} INFO - [2023-02-28T17:53:46.733+0000] {dag.py:2690} INFO - Sync 1 DAGs
[2023-02-28T17:53:46.746+0000] {logging_mixin.py:137} INFO - [2023-02-28T17:53:46.746+0000] {dag.py:3441} INFO - Setting next_dagrun for example_python_operator to None, run_after=None
[2023-02-28T17:53:46.756+0000] {processor.py:175} INFO - Processing /home/airflow/.local/lib/python3.7/site-packages/airflow/example_dags/example_python_operator.py took 0.061 seconds
[2023-02-28T17:54:17.761+0000] {processor.py:153} INFO - Started process (PID=445) to work on /home/airflow/.local/lib/python3.7/site-packages/airflow/example_dags/example_python_operator.py
[2023-02-28T17:54:17.762+0000] {processor.py:743} INFO - Processing file /home/airflow/.local/lib/python3.7/site-packages/airflow/example_dags/example_python_operator.py for tasks to queue
[2023-02-28T17:54:17.762+0000] {logging_mixin.py:137} INFO - [2023-02-28T17:54:17.762+0000] {dagbag.py:538} INFO - Filling up the DagBag from /home/airflow/.local/lib/python3.7/site-packages/airflow/example_dags/example_python_operator.py
[2023-02-28T17:54:17.772+0000] {logging_mixin.py:137} INFO - [2023-02-28T17:54:17.772+0000] {taskmixin.py:205} WARNING - Dependency <Task(_PythonDecoratedOperator): print_the_context>, log_sql_query already registered for DAG: example_python_operator
[2023-02-28T17:54:17.773+0000] {logging_mixin.py:137} INFO - [2023-02-28T17:54:17.773+0000] {taskmixin.py:205} WARNING - Dependency <Task(_PythonDecoratedOperator): log_sql_query>, print_the_context already registered for DAG: example_python_operator
[2023-02-28T17:54:17.774+0000] {logging_mixin.py:137} INFO - [2023-02-28T17:54:17.774+0000] {taskmixin.py:205} WARNING - Dependency <Task(_PythonDecoratedOperator): print_the_context>, log_sql_query already registered for DAG: example_python_operator
[2023-02-28T17:54:17.774+0000] {logging_mixin.py:137} INFO - [2023-02-28T17:54:17.774+0000] {taskmixin.py:205} WARNING - Dependency <Task(_PythonDecoratedOperator): log_sql_query>, print_the_context already registered for DAG: example_python_operator
[2023-02-28T17:54:17.775+0000] {logging_mixin.py:137} INFO - [2023-02-28T17:54:17.775+0000] {taskmixin.py:205} WARNING - Dependency <Task(_PythonDecoratedOperator): print_the_context>, log_sql_query already registered for DAG: example_python_operator
[2023-02-28T17:54:17.775+0000] {logging_mixin.py:137} INFO - [2023-02-28T17:54:17.775+0000] {taskmixin.py:205} WARNING - Dependency <Task(_PythonDecoratedOperator): log_sql_query>, print_the_context already registered for DAG: example_python_operator
[2023-02-28T17:54:17.776+0000] {logging_mixin.py:137} INFO - [2023-02-28T17:54:17.776+0000] {taskmixin.py:205} WARNING - Dependency <Task(_PythonDecoratedOperator): print_the_context>, log_sql_query already registered for DAG: example_python_operator
[2023-02-28T17:54:17.776+0000] {logging_mixin.py:137} INFO - [2023-02-28T17:54:17.776+0000] {taskmixin.py:205} WARNING - Dependency <Task(_PythonDecoratedOperator): log_sql_query>, print_the_context already registered for DAG: example_python_operator
[2023-02-28T17:54:17.780+0000] {processor.py:753} INFO - DAG(s) dict_keys(['example_python_operator']) retrieved from /home/airflow/.local/lib/python3.7/site-packages/airflow/example_dags/example_python_operator.py
[2023-02-28T17:54:17.799+0000] {logging_mixin.py:137} INFO - [2023-02-28T17:54:17.799+0000] {dag.py:2690} INFO - Sync 1 DAGs
[2023-02-28T17:54:17.811+0000] {logging_mixin.py:137} INFO - [2023-02-28T17:54:17.811+0000] {dag.py:3441} INFO - Setting next_dagrun for example_python_operator to None, run_after=None
[2023-02-28T17:54:17.820+0000] {processor.py:175} INFO - Processing /home/airflow/.local/lib/python3.7/site-packages/airflow/example_dags/example_python_operator.py took 0.062 seconds
[2023-02-28T17:54:48.890+0000] {processor.py:153} INFO - Started process (PID=512) to work on /home/airflow/.local/lib/python3.7/site-packages/airflow/example_dags/example_python_operator.py
[2023-02-28T17:54:48.891+0000] {processor.py:743} INFO - Processing file /home/airflow/.local/lib/python3.7/site-packages/airflow/example_dags/example_python_operator.py for tasks to queue
[2023-02-28T17:54:48.892+0000] {logging_mixin.py:137} INFO - [2023-02-28T17:54:48.892+0000] {dagbag.py:538} INFO - Filling up the DagBag from /home/airflow/.local/lib/python3.7/site-packages/airflow/example_dags/example_python_operator.py
[2023-02-28T17:54:48.902+0000] {logging_mixin.py:137} INFO - [2023-02-28T17:54:48.902+0000] {taskmixin.py:205} WARNING - Dependency <Task(_PythonDecoratedOperator): print_the_context>, log_sql_query already registered for DAG: example_python_operator
[2023-02-28T17:54:48.903+0000] {logging_mixin.py:137} INFO - [2023-02-28T17:54:48.903+0000] {taskmixin.py:205} WARNING - Dependency <Task(_PythonDecoratedOperator): log_sql_query>, print_the_context already registered for DAG: example_python_operator
[2023-02-28T17:54:48.903+0000] {logging_mixin.py:137} INFO - [2023-02-28T17:54:48.903+0000] {taskmixin.py:205} WARNING - Dependency <Task(_PythonDecoratedOperator): print_the_context>, log_sql_query already registered for DAG: example_python_operator
[2023-02-28T17:54:48.904+0000] {logging_mixin.py:137} INFO - [2023-02-28T17:54:48.904+0000] {taskmixin.py:205} WARNING - Dependency <Task(_PythonDecoratedOperator): log_sql_query>, print_the_context already registered for DAG: example_python_operator
[2023-02-28T17:54:48.904+0000] {logging_mixin.py:137} INFO - [2023-02-28T17:54:48.904+0000] {taskmixin.py:205} WARNING - Dependency <Task(_PythonDecoratedOperator): print_the_context>, log_sql_query already registered for DAG: example_python_operator
[2023-02-28T17:54:48.905+0000] {logging_mixin.py:137} INFO - [2023-02-28T17:54:48.905+0000] {taskmixin.py:205} WARNING - Dependency <Task(_PythonDecoratedOperator): log_sql_query>, print_the_context already registered for DAG: example_python_operator
[2023-02-28T17:54:48.905+0000] {logging_mixin.py:137} INFO - [2023-02-28T17:54:48.905+0000] {taskmixin.py:205} WARNING - Dependency <Task(_PythonDecoratedOperator): print_the_context>, log_sql_query already registered for DAG: example_python_operator
[2023-02-28T17:54:48.906+0000] {logging_mixin.py:137} INFO - [2023-02-28T17:54:48.906+0000] {taskmixin.py:205} WARNING - Dependency <Task(_PythonDecoratedOperator): log_sql_query>, print_the_context already registered for DAG: example_python_operator
[2023-02-28T17:54:48.909+0000] {processor.py:753} INFO - DAG(s) dict_keys(['example_python_operator']) retrieved from /home/airflow/.local/lib/python3.7/site-packages/airflow/example_dags/example_python_operator.py
[2023-02-28T17:54:48.928+0000] {logging_mixin.py:137} INFO - [2023-02-28T17:54:48.928+0000] {dag.py:2690} INFO - Sync 1 DAGs
[2023-02-28T17:54:48.940+0000] {logging_mixin.py:137} INFO - [2023-02-28T17:54:48.940+0000] {dag.py:3441} INFO - Setting next_dagrun for example_python_operator to None, run_after=None
[2023-02-28T17:54:48.950+0000] {processor.py:175} INFO - Processing /home/airflow/.local/lib/python3.7/site-packages/airflow/example_dags/example_python_operator.py took 0.062 seconds
[2023-02-28T17:55:19.076+0000] {processor.py:153} INFO - Started process (PID=591) to work on /home/airflow/.local/lib/python3.7/site-packages/airflow/example_dags/example_python_operator.py
[2023-02-28T17:55:19.078+0000] {processor.py:743} INFO - Processing file /home/airflow/.local/lib/python3.7/site-packages/airflow/example_dags/example_python_operator.py for tasks to queue
[2023-02-28T17:55:19.079+0000] {logging_mixin.py:137} INFO - [2023-02-28T17:55:19.079+0000] {dagbag.py:538} INFO - Filling up the DagBag from /home/airflow/.local/lib/python3.7/site-packages/airflow/example_dags/example_python_operator.py
[2023-02-28T17:55:19.089+0000] {logging_mixin.py:137} INFO - [2023-02-28T17:55:19.088+0000] {taskmixin.py:205} WARNING - Dependency <Task(_PythonDecoratedOperator): print_the_context>, log_sql_query already registered for DAG: example_python_operator
[2023-02-28T17:55:19.089+0000] {logging_mixin.py:137} INFO - [2023-02-28T17:55:19.089+0000] {taskmixin.py:205} WARNING - Dependency <Task(_PythonDecoratedOperator): log_sql_query>, print_the_context already registered for DAG: example_python_operator
[2023-02-28T17:55:19.090+0000] {logging_mixin.py:137} INFO - [2023-02-28T17:55:19.090+0000] {taskmixin.py:205} WARNING - Dependency <Task(_PythonDecoratedOperator): print_the_context>, log_sql_query already registered for DAG: example_python_operator
[2023-02-28T17:55:19.090+0000] {logging_mixin.py:137} INFO - [2023-02-28T17:55:19.090+0000] {taskmixin.py:205} WARNING - Dependency <Task(_PythonDecoratedOperator): log_sql_query>, print_the_context already registered for DAG: example_python_operator
[2023-02-28T17:55:19.091+0000] {logging_mixin.py:137} INFO - [2023-02-28T17:55:19.091+0000] {taskmixin.py:205} WARNING - Dependency <Task(_PythonDecoratedOperator): print_the_context>, log_sql_query already registered for DAG: example_python_operator
[2023-02-28T17:55:19.091+0000] {logging_mixin.py:137} INFO - [2023-02-28T17:55:19.091+0000] {taskmixin.py:205} WARNING - Dependency <Task(_PythonDecoratedOperator): log_sql_query>, print_the_context already registered for DAG: example_python_operator
[2023-02-28T17:55:19.092+0000] {logging_mixin.py:137} INFO - [2023-02-28T17:55:19.092+0000] {taskmixin.py:205} WARNING - Dependency <Task(_PythonDecoratedOperator): print_the_context>, log_sql_query already registered for DAG: example_python_operator
[2023-02-28T17:55:19.093+0000] {logging_mixin.py:137} INFO - [2023-02-28T17:55:19.093+0000] {taskmixin.py:205} WARNING - Dependency <Task(_PythonDecoratedOperator): log_sql_query>, print_the_context already registered for DAG: example_python_operator
[2023-02-28T17:55:19.097+0000] {processor.py:753} INFO - DAG(s) dict_keys(['example_python_operator']) retrieved from /home/airflow/.local/lib/python3.7/site-packages/airflow/example_dags/example_python_operator.py
[2023-02-28T17:55:19.114+0000] {logging_mixin.py:137} INFO - [2023-02-28T17:55:19.114+0000] {dag.py:2690} INFO - Sync 1 DAGs
[2023-02-28T17:55:19.128+0000] {logging_mixin.py:137} INFO - [2023-02-28T17:55:19.128+0000] {dag.py:3441} INFO - Setting next_dagrun for example_python_operator to None, run_after=None
[2023-02-28T17:55:19.136+0000] {processor.py:175} INFO - Processing /home/airflow/.local/lib/python3.7/site-packages/airflow/example_dags/example_python_operator.py took 0.062 seconds
[2023-02-28T17:55:49.333+0000] {processor.py:153} INFO - Started process (PID=671) to work on /home/airflow/.local/lib/python3.7/site-packages/airflow/example_dags/example_python_operator.py
[2023-02-28T17:55:49.334+0000] {processor.py:743} INFO - Processing file /home/airflow/.local/lib/python3.7/site-packages/airflow/example_dags/example_python_operator.py for tasks to queue
[2023-02-28T17:55:49.334+0000] {logging_mixin.py:137} INFO - [2023-02-28T17:55:49.334+0000] {dagbag.py:538} INFO - Filling up the DagBag from /home/airflow/.local/lib/python3.7/site-packages/airflow/example_dags/example_python_operator.py
[2023-02-28T17:55:49.345+0000] {logging_mixin.py:137} INFO - [2023-02-28T17:55:49.345+0000] {taskmixin.py:205} WARNING - Dependency <Task(_PythonDecoratedOperator): print_the_context>, log_sql_query already registered for DAG: example_python_operator
[2023-02-28T17:55:49.345+0000] {logging_mixin.py:137} INFO - [2023-02-28T17:55:49.345+0000] {taskmixin.py:205} WARNING - Dependency <Task(_PythonDecoratedOperator): log_sql_query>, print_the_context already registered for DAG: example_python_operator
[2023-02-28T17:55:49.346+0000] {logging_mixin.py:137} INFO - [2023-02-28T17:55:49.346+0000] {taskmixin.py:205} WARNING - Dependency <Task(_PythonDecoratedOperator): print_the_context>, log_sql_query already registered for DAG: example_python_operator
[2023-02-28T17:55:49.347+0000] {logging_mixin.py:137} INFO - [2023-02-28T17:55:49.347+0000] {taskmixin.py:205} WARNING - Dependency <Task(_PythonDecoratedOperator): log_sql_query>, print_the_context already registered for DAG: example_python_operator
[2023-02-28T17:55:49.347+0000] {logging_mixin.py:137} INFO - [2023-02-28T17:55:49.347+0000] {taskmixin.py:205} WARNING - Dependency <Task(_PythonDecoratedOperator): print_the_context>, log_sql_query already registered for DAG: example_python_operator
[2023-02-28T17:55:49.348+0000] {logging_mixin.py:137} INFO - [2023-02-28T17:55:49.348+0000] {taskmixin.py:205} WARNING - Dependency <Task(_PythonDecoratedOperator): log_sql_query>, print_the_context already registered for DAG: example_python_operator
[2023-02-28T17:55:49.348+0000] {logging_mixin.py:137} INFO - [2023-02-28T17:55:49.348+0000] {taskmixin.py:205} WARNING - Dependency <Task(_PythonDecoratedOperator): print_the_context>, log_sql_query already registered for DAG: example_python_operator
[2023-02-28T17:55:49.349+0000] {logging_mixin.py:137} INFO - [2023-02-28T17:55:49.349+0000] {taskmixin.py:205} WARNING - Dependency <Task(_PythonDecoratedOperator): log_sql_query>, print_the_context already registered for DAG: example_python_operator
[2023-02-28T17:55:49.353+0000] {processor.py:753} INFO - DAG(s) dict_keys(['example_python_operator']) retrieved from /home/airflow/.local/lib/python3.7/site-packages/airflow/example_dags/example_python_operator.py
[2023-02-28T17:55:49.370+0000] {logging_mixin.py:137} INFO - [2023-02-28T17:55:49.370+0000] {dag.py:2690} INFO - Sync 1 DAGs
[2023-02-28T17:55:49.383+0000] {logging_mixin.py:137} INFO - [2023-02-28T17:55:49.383+0000] {dag.py:3441} INFO - Setting next_dagrun for example_python_operator to None, run_after=None
[2023-02-28T17:55:49.393+0000] {processor.py:175} INFO - Processing /home/airflow/.local/lib/python3.7/site-packages/airflow/example_dags/example_python_operator.py took 0.062 seconds
[2023-02-28T17:56:20.309+0000] {processor.py:153} INFO - Started process (PID=751) to work on /home/airflow/.local/lib/python3.7/site-packages/airflow/example_dags/example_python_operator.py
[2023-02-28T17:56:20.310+0000] {processor.py:743} INFO - Processing file /home/airflow/.local/lib/python3.7/site-packages/airflow/example_dags/example_python_operator.py for tasks to queue
[2023-02-28T17:56:20.311+0000] {logging_mixin.py:137} INFO - [2023-02-28T17:56:20.311+0000] {dagbag.py:538} INFO - Filling up the DagBag from /home/airflow/.local/lib/python3.7/site-packages/airflow/example_dags/example_python_operator.py
[2023-02-28T17:56:20.323+0000] {logging_mixin.py:137} INFO - [2023-02-28T17:56:20.323+0000] {taskmixin.py:205} WARNING - Dependency <Task(_PythonDecoratedOperator): print_the_context>, log_sql_query already registered for DAG: example_python_operator
[2023-02-28T17:56:20.324+0000] {logging_mixin.py:137} INFO - [2023-02-28T17:56:20.324+0000] {taskmixin.py:205} WARNING - Dependency <Task(_PythonDecoratedOperator): log_sql_query>, print_the_context already registered for DAG: example_python_operator
[2023-02-28T17:56:20.325+0000] {logging_mixin.py:137} INFO - [2023-02-28T17:56:20.325+0000] {taskmixin.py:205} WARNING - Dependency <Task(_PythonDecoratedOperator): print_the_context>, log_sql_query already registered for DAG: example_python_operator
[2023-02-28T17:56:20.326+0000] {logging_mixin.py:137} INFO - [2023-02-28T17:56:20.326+0000] {taskmixin.py:205} WARNING - Dependency <Task(_PythonDecoratedOperator): log_sql_query>, print_the_context already registered for DAG: example_python_operator
[2023-02-28T17:56:20.326+0000] {logging_mixin.py:137} INFO - [2023-02-28T17:56:20.326+0000] {taskmixin.py:205} WARNING - Dependency <Task(_PythonDecoratedOperator): print_the_context>, log_sql_query already registered for DAG: example_python_operator
[2023-02-28T17:56:20.327+0000] {logging_mixin.py:137} INFO - [2023-02-28T17:56:20.327+0000] {taskmixin.py:205} WARNING - Dependency <Task(_PythonDecoratedOperator): log_sql_query>, print_the_context already registered for DAG: example_python_operator
[2023-02-28T17:56:20.328+0000] {logging_mixin.py:137} INFO - [2023-02-28T17:56:20.328+0000] {taskmixin.py:205} WARNING - Dependency <Task(_PythonDecoratedOperator): print_the_context>, log_sql_query already registered for DAG: example_python_operator
[2023-02-28T17:56:20.329+0000] {logging_mixin.py:137} INFO - [2023-02-28T17:56:20.329+0000] {taskmixin.py:205} WARNING - Dependency <Task(_PythonDecoratedOperator): log_sql_query>, print_the_context already registered for DAG: example_python_operator
[2023-02-28T17:56:20.333+0000] {processor.py:753} INFO - DAG(s) dict_keys(['example_python_operator']) retrieved from /home/airflow/.local/lib/python3.7/site-packages/airflow/example_dags/example_python_operator.py
[2023-02-28T17:56:20.357+0000] {logging_mixin.py:137} INFO - [2023-02-28T17:56:20.357+0000] {dag.py:2690} INFO - Sync 1 DAGs
[2023-02-28T17:56:20.373+0000] {logging_mixin.py:137} INFO - [2023-02-28T17:56:20.373+0000] {dag.py:3441} INFO - Setting next_dagrun for example_python_operator to None, run_after=None
[2023-02-28T17:56:20.385+0000] {processor.py:175} INFO - Processing /home/airflow/.local/lib/python3.7/site-packages/airflow/example_dags/example_python_operator.py took 0.081 seconds
[2023-02-28T17:56:50.469+0000] {processor.py:153} INFO - Started process (PID=818) to work on /home/airflow/.local/lib/python3.7/site-packages/airflow/example_dags/example_python_operator.py
[2023-02-28T17:56:50.470+0000] {processor.py:743} INFO - Processing file /home/airflow/.local/lib/python3.7/site-packages/airflow/example_dags/example_python_operator.py for tasks to queue
[2023-02-28T17:56:50.470+0000] {logging_mixin.py:137} INFO - [2023-02-28T17:56:50.470+0000] {dagbag.py:538} INFO - Filling up the DagBag from /home/airflow/.local/lib/python3.7/site-packages/airflow/example_dags/example_python_operator.py
[2023-02-28T17:56:50.480+0000] {logging_mixin.py:137} INFO - [2023-02-28T17:56:50.480+0000] {taskmixin.py:205} WARNING - Dependency <Task(_PythonDecoratedOperator): print_the_context>, log_sql_query already registered for DAG: example_python_operator
[2023-02-28T17:56:50.480+0000] {logging_mixin.py:137} INFO - [2023-02-28T17:56:50.480+0000] {taskmixin.py:205} WARNING - Dependency <Task(_PythonDecoratedOperator): log_sql_query>, print_the_context already registered for DAG: example_python_operator
[2023-02-28T17:56:50.481+0000] {logging_mixin.py:137} INFO - [2023-02-28T17:56:50.481+0000] {taskmixin.py:205} WARNING - Dependency <Task(_PythonDecoratedOperator): print_the_context>, log_sql_query already registered for DAG: example_python_operator
[2023-02-28T17:56:50.482+0000] {logging_mixin.py:137} INFO - [2023-02-28T17:56:50.482+0000] {taskmixin.py:205} WARNING - Dependency <Task(_PythonDecoratedOperator): log_sql_query>, print_the_context already registered for DAG: example_python_operator
[2023-02-28T17:56:50.482+0000] {logging_mixin.py:137} INFO - [2023-02-28T17:56:50.482+0000] {taskmixin.py:205} WARNING - Dependency <Task(_PythonDecoratedOperator): print_the_context>, log_sql_query already registered for DAG: example_python_operator
[2023-02-28T17:56:50.483+0000] {logging_mixin.py:137} INFO - [2023-02-28T17:56:50.483+0000] {taskmixin.py:205} WARNING - Dependency <Task(_PythonDecoratedOperator): log_sql_query>, print_the_context already registered for DAG: example_python_operator
[2023-02-28T17:56:50.483+0000] {logging_mixin.py:137} INFO - [2023-02-28T17:56:50.483+0000] {taskmixin.py:205} WARNING - Dependency <Task(_PythonDecoratedOperator): print_the_context>, log_sql_query already registered for DAG: example_python_operator
[2023-02-28T17:56:50.484+0000] {logging_mixin.py:137} INFO - [2023-02-28T17:56:50.484+0000] {taskmixin.py:205} WARNING - Dependency <Task(_PythonDecoratedOperator): log_sql_query>, print_the_context already registered for DAG: example_python_operator
[2023-02-28T17:56:50.488+0000] {processor.py:753} INFO - DAG(s) dict_keys(['example_python_operator']) retrieved from /home/airflow/.local/lib/python3.7/site-packages/airflow/example_dags/example_python_operator.py
[2023-02-28T17:56:50.507+0000] {logging_mixin.py:137} INFO - [2023-02-28T17:56:50.506+0000] {dag.py:2690} INFO - Sync 1 DAGs
[2023-02-28T17:56:50.519+0000] {logging_mixin.py:137} INFO - [2023-02-28T17:56:50.519+0000] {dag.py:3441} INFO - Setting next_dagrun for example_python_operator to None, run_after=None
[2023-02-28T17:56:50.529+0000] {processor.py:175} INFO - Processing /home/airflow/.local/lib/python3.7/site-packages/airflow/example_dags/example_python_operator.py took 0.063 seconds
[2023-02-28T17:57:20.758+0000] {processor.py:153} INFO - Started process (PID=898) to work on /home/airflow/.local/lib/python3.7/site-packages/airflow/example_dags/example_python_operator.py
[2023-02-28T17:57:20.759+0000] {processor.py:743} INFO - Processing file /home/airflow/.local/lib/python3.7/site-packages/airflow/example_dags/example_python_operator.py for tasks to queue
[2023-02-28T17:57:20.760+0000] {logging_mixin.py:137} INFO - [2023-02-28T17:57:20.760+0000] {dagbag.py:538} INFO - Filling up the DagBag from /home/airflow/.local/lib/python3.7/site-packages/airflow/example_dags/example_python_operator.py
[2023-02-28T17:57:20.771+0000] {logging_mixin.py:137} INFO - [2023-02-28T17:57:20.770+0000] {taskmixin.py:205} WARNING - Dependency <Task(_PythonDecoratedOperator): print_the_context>, log_sql_query already registered for DAG: example_python_operator
[2023-02-28T17:57:20.771+0000] {logging_mixin.py:137} INFO - [2023-02-28T17:57:20.771+0000] {taskmixin.py:205} WARNING - Dependency <Task(_PythonDecoratedOperator): log_sql_query>, print_the_context already registered for DAG: example_python_operator
[2023-02-28T17:57:20.772+0000] {logging_mixin.py:137} INFO - [2023-02-28T17:57:20.772+0000] {taskmixin.py:205} WARNING - Dependency <Task(_PythonDecoratedOperator): print_the_context>, log_sql_query already registered for DAG: example_python_operator
[2023-02-28T17:57:20.772+0000] {logging_mixin.py:137} INFO - [2023-02-28T17:57:20.772+0000] {taskmixin.py:205} WARNING - Dependency <Task(_PythonDecoratedOperator): log_sql_query>, print_the_context already registered for DAG: example_python_operator
[2023-02-28T17:57:20.773+0000] {logging_mixin.py:137} INFO - [2023-02-28T17:57:20.773+0000] {taskmixin.py:205} WARNING - Dependency <Task(_PythonDecoratedOperator): print_the_context>, log_sql_query already registered for DAG: example_python_operator
[2023-02-28T17:57:20.773+0000] {logging_mixin.py:137} INFO - [2023-02-28T17:57:20.773+0000] {taskmixin.py:205} WARNING - Dependency <Task(_PythonDecoratedOperator): log_sql_query>, print_the_context already registered for DAG: example_python_operator
[2023-02-28T17:57:20.774+0000] {logging_mixin.py:137} INFO - [2023-02-28T17:57:20.774+0000] {taskmixin.py:205} WARNING - Dependency <Task(_PythonDecoratedOperator): print_the_context>, log_sql_query already registered for DAG: example_python_operator
[2023-02-28T17:57:20.774+0000] {logging_mixin.py:137} INFO - [2023-02-28T17:57:20.774+0000] {taskmixin.py:205} WARNING - Dependency <Task(_PythonDecoratedOperator): log_sql_query>, print_the_context already registered for DAG: example_python_operator
[2023-02-28T17:57:20.778+0000] {processor.py:753} INFO - DAG(s) dict_keys(['example_python_operator']) retrieved from /home/airflow/.local/lib/python3.7/site-packages/airflow/example_dags/example_python_operator.py
[2023-02-28T17:57:20.796+0000] {logging_mixin.py:137} INFO - [2023-02-28T17:57:20.796+0000] {dag.py:2690} INFO - Sync 1 DAGs
[2023-02-28T17:57:20.809+0000] {logging_mixin.py:137} INFO - [2023-02-28T17:57:20.809+0000] {dag.py:3441} INFO - Setting next_dagrun for example_python_operator to None, run_after=None
[2023-02-28T17:57:20.818+0000] {processor.py:175} INFO - Processing /home/airflow/.local/lib/python3.7/site-packages/airflow/example_dags/example_python_operator.py took 0.062 seconds
[2023-02-28T17:57:51.035+0000] {processor.py:153} INFO - Started process (PID=978) to work on /home/airflow/.local/lib/python3.7/site-packages/airflow/example_dags/example_python_operator.py
[2023-02-28T17:57:51.035+0000] {processor.py:743} INFO - Processing file /home/airflow/.local/lib/python3.7/site-packages/airflow/example_dags/example_python_operator.py for tasks to queue
[2023-02-28T17:57:51.036+0000] {logging_mixin.py:137} INFO - [2023-02-28T17:57:51.036+0000] {dagbag.py:538} INFO - Filling up the DagBag from /home/airflow/.local/lib/python3.7/site-packages/airflow/example_dags/example_python_operator.py
[2023-02-28T17:57:51.046+0000] {logging_mixin.py:137} INFO - [2023-02-28T17:57:51.046+0000] {taskmixin.py:205} WARNING - Dependency <Task(_PythonDecoratedOperator): print_the_context>, log_sql_query already registered for DAG: example_python_operator
[2023-02-28T17:57:51.046+0000] {logging_mixin.py:137} INFO - [2023-02-28T17:57:51.046+0000] {taskmixin.py:205} WARNING - Dependency <Task(_PythonDecoratedOperator): log_sql_query>, print_the_context already registered for DAG: example_python_operator
[2023-02-28T17:57:51.047+0000] {logging_mixin.py:137} INFO - [2023-02-28T17:57:51.047+0000] {taskmixin.py:205} WARNING - Dependency <Task(_PythonDecoratedOperator): print_the_context>, log_sql_query already registered for DAG: example_python_operator
[2023-02-28T17:57:51.048+0000] {logging_mixin.py:137} INFO - [2023-02-28T17:57:51.048+0000] {taskmixin.py:205} WARNING - Dependency <Task(_PythonDecoratedOperator): log_sql_query>, print_the_context already registered for DAG: example_python_operator
[2023-02-28T17:57:51.048+0000] {logging_mixin.py:137} INFO - [2023-02-28T17:57:51.048+0000] {taskmixin.py:205} WARNING - Dependency <Task(_PythonDecoratedOperator): print_the_context>, log_sql_query already registered for DAG: example_python_operator
[2023-02-28T17:57:51.049+0000] {logging_mixin.py:137} INFO - [2023-02-28T17:57:51.049+0000] {taskmixin.py:205} WARNING - Dependency <Task(_PythonDecoratedOperator): log_sql_query>, print_the_context already registered for DAG: example_python_operator
[2023-02-28T17:57:51.049+0000] {logging_mixin.py:137} INFO - [2023-02-28T17:57:51.049+0000] {taskmixin.py:205} WARNING - Dependency <Task(_PythonDecoratedOperator): print_the_context>, log_sql_query already registered for DAG: example_python_operator
[2023-02-28T17:57:51.050+0000] {logging_mixin.py:137} INFO - [2023-02-28T17:57:51.050+0000] {taskmixin.py:205} WARNING - Dependency <Task(_PythonDecoratedOperator): log_sql_query>, print_the_context already registered for DAG: example_python_operator
[2023-02-28T17:57:51.054+0000] {processor.py:753} INFO - DAG(s) dict_keys(['example_python_operator']) retrieved from /home/airflow/.local/lib/python3.7/site-packages/airflow/example_dags/example_python_operator.py
[2023-02-28T17:57:51.072+0000] {logging_mixin.py:137} INFO - [2023-02-28T17:57:51.072+0000] {dag.py:2690} INFO - Sync 1 DAGs
[2023-02-28T17:57:51.084+0000] {logging_mixin.py:137} INFO - [2023-02-28T17:57:51.084+0000] {dag.py:3441} INFO - Setting next_dagrun for example_python_operator to None, run_after=None
[2023-02-28T17:57:51.092+0000] {processor.py:175} INFO - Processing /home/airflow/.local/lib/python3.7/site-packages/airflow/example_dags/example_python_operator.py took 0.060 seconds
[2023-02-28T17:58:22.173+0000] {processor.py:153} INFO - Started process (PID=1045) to work on /home/airflow/.local/lib/python3.7/site-packages/airflow/example_dags/example_python_operator.py
[2023-02-28T17:58:22.174+0000] {processor.py:743} INFO - Processing file /home/airflow/.local/lib/python3.7/site-packages/airflow/example_dags/example_python_operator.py for tasks to queue
[2023-02-28T17:58:22.175+0000] {logging_mixin.py:137} INFO - [2023-02-28T17:58:22.175+0000] {dagbag.py:538} INFO - Filling up the DagBag from /home/airflow/.local/lib/python3.7/site-packages/airflow/example_dags/example_python_operator.py
[2023-02-28T17:58:22.185+0000] {logging_mixin.py:137} INFO - [2023-02-28T17:58:22.185+0000] {taskmixin.py:205} WARNING - Dependency <Task(_PythonDecoratedOperator): print_the_context>, log_sql_query already registered for DAG: example_python_operator
[2023-02-28T17:58:22.186+0000] {logging_mixin.py:137} INFO - [2023-02-28T17:58:22.186+0000] {taskmixin.py:205} WARNING - Dependency <Task(_PythonDecoratedOperator): log_sql_query>, print_the_context already registered for DAG: example_python_operator
[2023-02-28T17:58:22.187+0000] {logging_mixin.py:137} INFO - [2023-02-28T17:58:22.187+0000] {taskmixin.py:205} WARNING - Dependency <Task(_PythonDecoratedOperator): print_the_context>, log_sql_query already registered for DAG: example_python_operator
[2023-02-28T17:58:22.187+0000] {logging_mixin.py:137} INFO - [2023-02-28T17:58:22.187+0000] {taskmixin.py:205} WARNING - Dependency <Task(_PythonDecoratedOperator): log_sql_query>, print_the_context already registered for DAG: example_python_operator
[2023-02-28T17:58:22.188+0000] {logging_mixin.py:137} INFO - [2023-02-28T17:58:22.188+0000] {taskmixin.py:205} WARNING - Dependency <Task(_PythonDecoratedOperator): print_the_context>, log_sql_query already registered for DAG: example_python_operator
[2023-02-28T17:58:22.188+0000] {logging_mixin.py:137} INFO - [2023-02-28T17:58:22.188+0000] {taskmixin.py:205} WARNING - Dependency <Task(_PythonDecoratedOperator): log_sql_query>, print_the_context already registered for DAG: example_python_operator
[2023-02-28T17:58:22.189+0000] {logging_mixin.py:137} INFO - [2023-02-28T17:58:22.189+0000] {taskmixin.py:205} WARNING - Dependency <Task(_PythonDecoratedOperator): print_the_context>, log_sql_query already registered for DAG: example_python_operator
[2023-02-28T17:58:22.189+0000] {logging_mixin.py:137} INFO - [2023-02-28T17:58:22.189+0000] {taskmixin.py:205} WARNING - Dependency <Task(_PythonDecoratedOperator): log_sql_query>, print_the_context already registered for DAG: example_python_operator
[2023-02-28T17:58:22.194+0000] {processor.py:753} INFO - DAG(s) dict_keys(['example_python_operator']) retrieved from /home/airflow/.local/lib/python3.7/site-packages/airflow/example_dags/example_python_operator.py
[2023-02-28T17:58:22.211+0000] {logging_mixin.py:137} INFO - [2023-02-28T17:58:22.211+0000] {dag.py:2690} INFO - Sync 1 DAGs
[2023-02-28T17:58:22.223+0000] {logging_mixin.py:137} INFO - [2023-02-28T17:58:22.223+0000] {dag.py:3441} INFO - Setting next_dagrun for example_python_operator to None, run_after=None
[2023-02-28T17:58:22.233+0000] {processor.py:175} INFO - Processing /home/airflow/.local/lib/python3.7/site-packages/airflow/example_dags/example_python_operator.py took 0.062 seconds
[2023-02-28T17:58:52.272+0000] {processor.py:153} INFO - Started process (PID=1125) to work on /home/airflow/.local/lib/python3.7/site-packages/airflow/example_dags/example_python_operator.py
[2023-02-28T17:58:52.273+0000] {processor.py:743} INFO - Processing file /home/airflow/.local/lib/python3.7/site-packages/airflow/example_dags/example_python_operator.py for tasks to queue
[2023-02-28T17:58:52.274+0000] {logging_mixin.py:137} INFO - [2023-02-28T17:58:52.274+0000] {dagbag.py:538} INFO - Filling up the DagBag from /home/airflow/.local/lib/python3.7/site-packages/airflow/example_dags/example_python_operator.py
[2023-02-28T17:58:52.283+0000] {logging_mixin.py:137} INFO - [2023-02-28T17:58:52.283+0000] {taskmixin.py:205} WARNING - Dependency <Task(_PythonDecoratedOperator): print_the_context>, log_sql_query already registered for DAG: example_python_operator
[2023-02-28T17:58:52.284+0000] {logging_mixin.py:137} INFO - [2023-02-28T17:58:52.284+0000] {taskmixin.py:205} WARNING - Dependency <Task(_PythonDecoratedOperator): log_sql_query>, print_the_context already registered for DAG: example_python_operator
[2023-02-28T17:58:52.285+0000] {logging_mixin.py:137} INFO - [2023-02-28T17:58:52.285+0000] {taskmixin.py:205} WARNING - Dependency <Task(_PythonDecoratedOperator): print_the_context>, log_sql_query already registered for DAG: example_python_operator
[2023-02-28T17:58:52.285+0000] {logging_mixin.py:137} INFO - [2023-02-28T17:58:52.285+0000] {taskmixin.py:205} WARNING - Dependency <Task(_PythonDecoratedOperator): log_sql_query>, print_the_context already registered for DAG: example_python_operator
[2023-02-28T17:58:52.286+0000] {logging_mixin.py:137} INFO - [2023-02-28T17:58:52.286+0000] {taskmixin.py:205} WARNING - Dependency <Task(_PythonDecoratedOperator): print_the_context>, log_sql_query already registered for DAG: example_python_operator
[2023-02-28T17:58:52.287+0000] {logging_mixin.py:137} INFO - [2023-02-28T17:58:52.287+0000] {taskmixin.py:205} WARNING - Dependency <Task(_PythonDecoratedOperator): log_sql_query>, print_the_context already registered for DAG: example_python_operator
[2023-02-28T17:58:52.287+0000] {logging_mixin.py:137} INFO - [2023-02-28T17:58:52.287+0000] {taskmixin.py:205} WARNING - Dependency <Task(_PythonDecoratedOperator): print_the_context>, log_sql_query already registered for DAG: example_python_operator
[2023-02-28T17:58:52.288+0000] {logging_mixin.py:137} INFO - [2023-02-28T17:58:52.288+0000] {taskmixin.py:205} WARNING - Dependency <Task(_PythonDecoratedOperator): log_sql_query>, print_the_context already registered for DAG: example_python_operator
[2023-02-28T17:58:52.292+0000] {processor.py:753} INFO - DAG(s) dict_keys(['example_python_operator']) retrieved from /home/airflow/.local/lib/python3.7/site-packages/airflow/example_dags/example_python_operator.py
[2023-02-28T17:58:52.309+0000] {logging_mixin.py:137} INFO - [2023-02-28T17:58:52.309+0000] {dag.py:2690} INFO - Sync 1 DAGs
[2023-02-28T17:58:52.323+0000] {logging_mixin.py:137} INFO - [2023-02-28T17:58:52.322+0000] {dag.py:3441} INFO - Setting next_dagrun for example_python_operator to None, run_after=None
[2023-02-28T17:58:52.332+0000] {processor.py:175} INFO - Processing /home/airflow/.local/lib/python3.7/site-packages/airflow/example_dags/example_python_operator.py took 0.063 seconds
[2023-02-28T17:59:22.383+0000] {processor.py:153} INFO - Started process (PID=1203) to work on /home/airflow/.local/lib/python3.7/site-packages/airflow/example_dags/example_python_operator.py
[2023-02-28T17:59:22.385+0000] {processor.py:743} INFO - Processing file /home/airflow/.local/lib/python3.7/site-packages/airflow/example_dags/example_python_operator.py for tasks to queue
[2023-02-28T17:59:22.385+0000] {logging_mixin.py:137} INFO - [2023-02-28T17:59:22.385+0000] {dagbag.py:538} INFO - Filling up the DagBag from /home/airflow/.local/lib/python3.7/site-packages/airflow/example_dags/example_python_operator.py
[2023-02-28T17:59:22.395+0000] {logging_mixin.py:137} INFO - [2023-02-28T17:59:22.395+0000] {taskmixin.py:205} WARNING - Dependency <Task(_PythonDecoratedOperator): print_the_context>, log_sql_query already registered for DAG: example_python_operator
[2023-02-28T17:59:22.396+0000] {logging_mixin.py:137} INFO - [2023-02-28T17:59:22.396+0000] {taskmixin.py:205} WARNING - Dependency <Task(_PythonDecoratedOperator): log_sql_query>, print_the_context already registered for DAG: example_python_operator
[2023-02-28T17:59:22.396+0000] {logging_mixin.py:137} INFO - [2023-02-28T17:59:22.396+0000] {taskmixin.py:205} WARNING - Dependency <Task(_PythonDecoratedOperator): print_the_context>, log_sql_query already registered for DAG: example_python_operator
[2023-02-28T17:59:22.397+0000] {logging_mixin.py:137} INFO - [2023-02-28T17:59:22.397+0000] {taskmixin.py:205} WARNING - Dependency <Task(_PythonDecoratedOperator): log_sql_query>, print_the_context already registered for DAG: example_python_operator
[2023-02-28T17:59:22.398+0000] {logging_mixin.py:137} INFO - [2023-02-28T17:59:22.398+0000] {taskmixin.py:205} WARNING - Dependency <Task(_PythonDecoratedOperator): print_the_context>, log_sql_query already registered for DAG: example_python_operator
[2023-02-28T17:59:22.398+0000] {logging_mixin.py:137} INFO - [2023-02-28T17:59:22.398+0000] {taskmixin.py:205} WARNING - Dependency <Task(_PythonDecoratedOperator): log_sql_query>, print_the_context already registered for DAG: example_python_operator
[2023-02-28T17:59:22.399+0000] {logging_mixin.py:137} INFO - [2023-02-28T17:59:22.399+0000] {taskmixin.py:205} WARNING - Dependency <Task(_PythonDecoratedOperator): print_the_context>, log_sql_query already registered for DAG: example_python_operator
[2023-02-28T17:59:22.399+0000] {logging_mixin.py:137} INFO - [2023-02-28T17:59:22.399+0000] {taskmixin.py:205} WARNING - Dependency <Task(_PythonDecoratedOperator): log_sql_query>, print_the_context already registered for DAG: example_python_operator
[2023-02-28T17:59:22.403+0000] {processor.py:753} INFO - DAG(s) dict_keys(['example_python_operator']) retrieved from /home/airflow/.local/lib/python3.7/site-packages/airflow/example_dags/example_python_operator.py
[2023-02-28T17:59:22.422+0000] {logging_mixin.py:137} INFO - [2023-02-28T17:59:22.422+0000] {dag.py:2690} INFO - Sync 1 DAGs
[2023-02-28T17:59:22.435+0000] {logging_mixin.py:137} INFO - [2023-02-28T17:59:22.435+0000] {dag.py:3441} INFO - Setting next_dagrun for example_python_operator to None, run_after=None
[2023-02-28T17:59:22.445+0000] {processor.py:175} INFO - Processing /home/airflow/.local/lib/python3.7/site-packages/airflow/example_dags/example_python_operator.py took 0.064 seconds
[2023-02-28T17:59:52.513+0000] {processor.py:153} INFO - Started process (PID=1284) to work on /home/airflow/.local/lib/python3.7/site-packages/airflow/example_dags/example_python_operator.py
[2023-02-28T17:59:52.514+0000] {processor.py:743} INFO - Processing file /home/airflow/.local/lib/python3.7/site-packages/airflow/example_dags/example_python_operator.py for tasks to queue
[2023-02-28T17:59:52.514+0000] {logging_mixin.py:137} INFO - [2023-02-28T17:59:52.514+0000] {dagbag.py:538} INFO - Filling up the DagBag from /home/airflow/.local/lib/python3.7/site-packages/airflow/example_dags/example_python_operator.py
[2023-02-28T17:59:52.525+0000] {logging_mixin.py:137} INFO - [2023-02-28T17:59:52.524+0000] {taskmixin.py:205} WARNING - Dependency <Task(_PythonDecoratedOperator): print_the_context>, log_sql_query already registered for DAG: example_python_operator
[2023-02-28T17:59:52.525+0000] {logging_mixin.py:137} INFO - [2023-02-28T17:59:52.525+0000] {taskmixin.py:205} WARNING - Dependency <Task(_PythonDecoratedOperator): log_sql_query>, print_the_context already registered for DAG: example_python_operator
[2023-02-28T17:59:52.526+0000] {logging_mixin.py:137} INFO - [2023-02-28T17:59:52.526+0000] {taskmixin.py:205} WARNING - Dependency <Task(_PythonDecoratedOperator): print_the_context>, log_sql_query already registered for DAG: example_python_operator
[2023-02-28T17:59:52.526+0000] {logging_mixin.py:137} INFO - [2023-02-28T17:59:52.526+0000] {taskmixin.py:205} WARNING - Dependency <Task(_PythonDecoratedOperator): log_sql_query>, print_the_context already registered for DAG: example_python_operator
[2023-02-28T17:59:52.527+0000] {logging_mixin.py:137} INFO - [2023-02-28T17:59:52.527+0000] {taskmixin.py:205} WARNING - Dependency <Task(_PythonDecoratedOperator): print_the_context>, log_sql_query already registered for DAG: example_python_operator
[2023-02-28T17:59:52.527+0000] {logging_mixin.py:137} INFO - [2023-02-28T17:59:52.527+0000] {taskmixin.py:205} WARNING - Dependency <Task(_PythonDecoratedOperator): log_sql_query>, print_the_context already registered for DAG: example_python_operator
[2023-02-28T17:59:52.528+0000] {logging_mixin.py:137} INFO - [2023-02-28T17:59:52.528+0000] {taskmixin.py:205} WARNING - Dependency <Task(_PythonDecoratedOperator): print_the_context>, log_sql_query already registered for DAG: example_python_operator
[2023-02-28T17:59:52.529+0000] {logging_mixin.py:137} INFO - [2023-02-28T17:59:52.528+0000] {taskmixin.py:205} WARNING - Dependency <Task(_PythonDecoratedOperator): log_sql_query>, print_the_context already registered for DAG: example_python_operator
[2023-02-28T17:59:52.533+0000] {processor.py:753} INFO - DAG(s) dict_keys(['example_python_operator']) retrieved from /home/airflow/.local/lib/python3.7/site-packages/airflow/example_dags/example_python_operator.py
[2023-02-28T17:59:52.550+0000] {logging_mixin.py:137} INFO - [2023-02-28T17:59:52.550+0000] {dag.py:2690} INFO - Sync 1 DAGs
[2023-02-28T17:59:52.561+0000] {logging_mixin.py:137} INFO - [2023-02-28T17:59:52.561+0000] {dag.py:3441} INFO - Setting next_dagrun for example_python_operator to None, run_after=None
[2023-02-28T17:59:52.571+0000] {processor.py:175} INFO - Processing /home/airflow/.local/lib/python3.7/site-packages/airflow/example_dags/example_python_operator.py took 0.061 seconds
[2023-02-28T18:00:22.861+0000] {processor.py:153} INFO - Started process (PID=1351) to work on /home/airflow/.local/lib/python3.7/site-packages/airflow/example_dags/example_python_operator.py
[2023-02-28T18:00:22.863+0000] {processor.py:743} INFO - Processing file /home/airflow/.local/lib/python3.7/site-packages/airflow/example_dags/example_python_operator.py for tasks to queue
[2023-02-28T18:00:22.863+0000] {logging_mixin.py:137} INFO - [2023-02-28T18:00:22.863+0000] {dagbag.py:538} INFO - Filling up the DagBag from /home/airflow/.local/lib/python3.7/site-packages/airflow/example_dags/example_python_operator.py
[2023-02-28T18:00:22.873+0000] {logging_mixin.py:137} INFO - [2023-02-28T18:00:22.873+0000] {taskmixin.py:205} WARNING - Dependency <Task(_PythonDecoratedOperator): print_the_context>, log_sql_query already registered for DAG: example_python_operator
[2023-02-28T18:00:22.874+0000] {logging_mixin.py:137} INFO - [2023-02-28T18:00:22.874+0000] {taskmixin.py:205} WARNING - Dependency <Task(_PythonDecoratedOperator): log_sql_query>, print_the_context already registered for DAG: example_python_operator
[2023-02-28T18:00:22.874+0000] {logging_mixin.py:137} INFO - [2023-02-28T18:00:22.874+0000] {taskmixin.py:205} WARNING - Dependency <Task(_PythonDecoratedOperator): print_the_context>, log_sql_query already registered for DAG: example_python_operator
[2023-02-28T18:00:22.875+0000] {logging_mixin.py:137} INFO - [2023-02-28T18:00:22.875+0000] {taskmixin.py:205} WARNING - Dependency <Task(_PythonDecoratedOperator): log_sql_query>, print_the_context already registered for DAG: example_python_operator
[2023-02-28T18:00:22.876+0000] {logging_mixin.py:137} INFO - [2023-02-28T18:00:22.876+0000] {taskmixin.py:205} WARNING - Dependency <Task(_PythonDecoratedOperator): print_the_context>, log_sql_query already registered for DAG: example_python_operator
[2023-02-28T18:00:22.876+0000] {logging_mixin.py:137} INFO - [2023-02-28T18:00:22.876+0000] {taskmixin.py:205} WARNING - Dependency <Task(_PythonDecoratedOperator): log_sql_query>, print_the_context already registered for DAG: example_python_operator
[2023-02-28T18:00:22.877+0000] {logging_mixin.py:137} INFO - [2023-02-28T18:00:22.877+0000] {taskmixin.py:205} WARNING - Dependency <Task(_PythonDecoratedOperator): print_the_context>, log_sql_query already registered for DAG: example_python_operator
[2023-02-28T18:00:22.877+0000] {logging_mixin.py:137} INFO - [2023-02-28T18:00:22.877+0000] {taskmixin.py:205} WARNING - Dependency <Task(_PythonDecoratedOperator): log_sql_query>, print_the_context already registered for DAG: example_python_operator
[2023-02-28T18:00:22.881+0000] {processor.py:753} INFO - DAG(s) dict_keys(['example_python_operator']) retrieved from /home/airflow/.local/lib/python3.7/site-packages/airflow/example_dags/example_python_operator.py
[2023-02-28T18:00:22.898+0000] {logging_mixin.py:137} INFO - [2023-02-28T18:00:22.898+0000] {dag.py:2690} INFO - Sync 1 DAGs
[2023-02-28T18:00:22.911+0000] {logging_mixin.py:137} INFO - [2023-02-28T18:00:22.911+0000] {dag.py:3441} INFO - Setting next_dagrun for example_python_operator to None, run_after=None
[2023-02-28T18:00:22.921+0000] {processor.py:175} INFO - Processing /home/airflow/.local/lib/python3.7/site-packages/airflow/example_dags/example_python_operator.py took 0.063 seconds
[2023-02-28T18:00:53.096+0000] {processor.py:153} INFO - Started process (PID=1431) to work on /home/airflow/.local/lib/python3.7/site-packages/airflow/example_dags/example_python_operator.py
[2023-02-28T18:00:53.097+0000] {processor.py:743} INFO - Processing file /home/airflow/.local/lib/python3.7/site-packages/airflow/example_dags/example_python_operator.py for tasks to queue
[2023-02-28T18:00:53.098+0000] {logging_mixin.py:137} INFO - [2023-02-28T18:00:53.098+0000] {dagbag.py:538} INFO - Filling up the DagBag from /home/airflow/.local/lib/python3.7/site-packages/airflow/example_dags/example_python_operator.py
[2023-02-28T18:00:53.108+0000] {logging_mixin.py:137} INFO - [2023-02-28T18:00:53.108+0000] {taskmixin.py:205} WARNING - Dependency <Task(_PythonDecoratedOperator): print_the_context>, log_sql_query already registered for DAG: example_python_operator
[2023-02-28T18:00:53.108+0000] {logging_mixin.py:137} INFO - [2023-02-28T18:00:53.108+0000] {taskmixin.py:205} WARNING - Dependency <Task(_PythonDecoratedOperator): log_sql_query>, print_the_context already registered for DAG: example_python_operator
[2023-02-28T18:00:53.109+0000] {logging_mixin.py:137} INFO - [2023-02-28T18:00:53.109+0000] {taskmixin.py:205} WARNING - Dependency <Task(_PythonDecoratedOperator): print_the_context>, log_sql_query already registered for DAG: example_python_operator
[2023-02-28T18:00:53.109+0000] {logging_mixin.py:137} INFO - [2023-02-28T18:00:53.109+0000] {taskmixin.py:205} WARNING - Dependency <Task(_PythonDecoratedOperator): log_sql_query>, print_the_context already registered for DAG: example_python_operator
[2023-02-28T18:00:53.110+0000] {logging_mixin.py:137} INFO - [2023-02-28T18:00:53.110+0000] {taskmixin.py:205} WARNING - Dependency <Task(_PythonDecoratedOperator): print_the_context>, log_sql_query already registered for DAG: example_python_operator
[2023-02-28T18:00:53.110+0000] {logging_mixin.py:137} INFO - [2023-02-28T18:00:53.110+0000] {taskmixin.py:205} WARNING - Dependency <Task(_PythonDecoratedOperator): log_sql_query>, print_the_context already registered for DAG: example_python_operator
[2023-02-28T18:00:53.111+0000] {logging_mixin.py:137} INFO - [2023-02-28T18:00:53.111+0000] {taskmixin.py:205} WARNING - Dependency <Task(_PythonDecoratedOperator): print_the_context>, log_sql_query already registered for DAG: example_python_operator
[2023-02-28T18:00:53.111+0000] {logging_mixin.py:137} INFO - [2023-02-28T18:00:53.111+0000] {taskmixin.py:205} WARNING - Dependency <Task(_PythonDecoratedOperator): log_sql_query>, print_the_context already registered for DAG: example_python_operator
[2023-02-28T18:00:53.115+0000] {processor.py:753} INFO - DAG(s) dict_keys(['example_python_operator']) retrieved from /home/airflow/.local/lib/python3.7/site-packages/airflow/example_dags/example_python_operator.py
[2023-02-28T18:00:53.135+0000] {logging_mixin.py:137} INFO - [2023-02-28T18:00:53.135+0000] {dag.py:2690} INFO - Sync 1 DAGs
[2023-02-28T18:00:53.147+0000] {logging_mixin.py:137} INFO - [2023-02-28T18:00:53.147+0000] {dag.py:3441} INFO - Setting next_dagrun for example_python_operator to None, run_after=None
[2023-02-28T18:00:53.157+0000] {processor.py:175} INFO - Processing /home/airflow/.local/lib/python3.7/site-packages/airflow/example_dags/example_python_operator.py took 0.063 seconds
[2023-02-28T18:01:23.692+0000] {processor.py:153} INFO - Started process (PID=1511) to work on /home/airflow/.local/lib/python3.7/site-packages/airflow/example_dags/example_python_operator.py
[2023-02-28T18:01:23.693+0000] {processor.py:743} INFO - Processing file /home/airflow/.local/lib/python3.7/site-packages/airflow/example_dags/example_python_operator.py for tasks to queue
[2023-02-28T18:01:23.693+0000] {logging_mixin.py:137} INFO - [2023-02-28T18:01:23.693+0000] {dagbag.py:538} INFO - Filling up the DagBag from /home/airflow/.local/lib/python3.7/site-packages/airflow/example_dags/example_python_operator.py
[2023-02-28T18:01:23.703+0000] {logging_mixin.py:137} INFO - [2023-02-28T18:01:23.703+0000] {taskmixin.py:205} WARNING - Dependency <Task(_PythonDecoratedOperator): print_the_context>, log_sql_query already registered for DAG: example_python_operator
[2023-02-28T18:01:23.703+0000] {logging_mixin.py:137} INFO - [2023-02-28T18:01:23.703+0000] {taskmixin.py:205} WARNING - Dependency <Task(_PythonDecoratedOperator): log_sql_query>, print_the_context already registered for DAG: example_python_operator
[2023-02-28T18:01:23.704+0000] {logging_mixin.py:137} INFO - [2023-02-28T18:01:23.704+0000] {taskmixin.py:205} WARNING - Dependency <Task(_PythonDecoratedOperator): print_the_context>, log_sql_query already registered for DAG: example_python_operator
[2023-02-28T18:01:23.705+0000] {logging_mixin.py:137} INFO - [2023-02-28T18:01:23.705+0000] {taskmixin.py:205} WARNING - Dependency <Task(_PythonDecoratedOperator): log_sql_query>, print_the_context already registered for DAG: example_python_operator
[2023-02-28T18:01:23.705+0000] {logging_mixin.py:137} INFO - [2023-02-28T18:01:23.705+0000] {taskmixin.py:205} WARNING - Dependency <Task(_PythonDecoratedOperator): print_the_context>, log_sql_query already registered for DAG: example_python_operator
[2023-02-28T18:01:23.706+0000] {logging_mixin.py:137} INFO - [2023-02-28T18:01:23.706+0000] {taskmixin.py:205} WARNING - Dependency <Task(_PythonDecoratedOperator): log_sql_query>, print_the_context already registered for DAG: example_python_operator
[2023-02-28T18:01:23.706+0000] {logging_mixin.py:137} INFO - [2023-02-28T18:01:23.706+0000] {taskmixin.py:205} WARNING - Dependency <Task(_PythonDecoratedOperator): print_the_context>, log_sql_query already registered for DAG: example_python_operator
[2023-02-28T18:01:23.707+0000] {logging_mixin.py:137} INFO - [2023-02-28T18:01:23.707+0000] {taskmixin.py:205} WARNING - Dependency <Task(_PythonDecoratedOperator): log_sql_query>, print_the_context already registered for DAG: example_python_operator
[2023-02-28T18:01:23.710+0000] {processor.py:753} INFO - DAG(s) dict_keys(['example_python_operator']) retrieved from /home/airflow/.local/lib/python3.7/site-packages/airflow/example_dags/example_python_operator.py
[2023-02-28T18:01:23.728+0000] {logging_mixin.py:137} INFO - [2023-02-28T18:01:23.728+0000] {dag.py:2690} INFO - Sync 1 DAGs
[2023-02-28T18:01:23.741+0000] {logging_mixin.py:137} INFO - [2023-02-28T18:01:23.741+0000] {dag.py:3441} INFO - Setting next_dagrun for example_python_operator to None, run_after=None
[2023-02-28T18:01:23.750+0000] {processor.py:175} INFO - Processing /home/airflow/.local/lib/python3.7/site-packages/airflow/example_dags/example_python_operator.py took 0.061 seconds
