[2023-02-28T17:48:37.845+0000] {processor.py:153} INFO - Started process (PID=35) to work on /home/airflow/.local/lib/python3.7/site-packages/airflow/example_dags/example_bash_operator.py
[2023-02-28T17:48:37.846+0000] {processor.py:743} INFO - Processing file /home/airflow/.local/lib/python3.7/site-packages/airflow/example_dags/example_bash_operator.py for tasks to queue
[2023-02-28T17:48:37.847+0000] {logging_mixin.py:137} INFO - [2023-02-28T17:48:37.847+0000] {dagbag.py:538} INFO - Filling up the DagBag from /home/airflow/.local/lib/python3.7/site-packages/airflow/example_dags/example_bash_operator.py
[2023-02-28T17:48:37.871+0000] {processor.py:753} INFO - DAG(s) dict_keys(['example_bash_operator']) retrieved from /home/airflow/.local/lib/python3.7/site-packages/airflow/example_dags/example_bash_operator.py
[2023-02-28T17:48:37.973+0000] {logging_mixin.py:137} INFO - [2023-02-28T17:48:37.973+0000] {manager.py:504} INFO - Created Permission View: can edit on DAG:example_bash_operator
[2023-02-28T17:48:37.978+0000] {logging_mixin.py:137} INFO - [2023-02-28T17:48:37.978+0000] {manager.py:504} INFO - Created Permission View: can read on DAG:example_bash_operator
[2023-02-28T17:48:37.982+0000] {logging_mixin.py:137} INFO - [2023-02-28T17:48:37.982+0000] {manager.py:504} INFO - Created Permission View: can delete on DAG:example_bash_operator
[2023-02-28T17:48:37.982+0000] {logging_mixin.py:137} INFO - [2023-02-28T17:48:37.982+0000] {dag.py:2690} INFO - Sync 1 DAGs
[2023-02-28T17:48:37.990+0000] {logging_mixin.py:137} INFO - [2023-02-28T17:48:37.990+0000] {dag.py:2711} INFO - Creating ORM DAG for example_bash_operator
[2023-02-28T17:48:37.998+0000] {logging_mixin.py:137} INFO - [2023-02-28T17:48:37.998+0000] {dag.py:3441} INFO - Setting next_dagrun for example_bash_operator to 2023-02-27T00:00:00+00:00, run_after=2023-02-28T00:00:00+00:00
[2023-02-28T17:48:38.012+0000] {processor.py:175} INFO - Processing /home/airflow/.local/lib/python3.7/site-packages/airflow/example_dags/example_bash_operator.py took 0.169 seconds
[2023-02-28T17:49:08.052+0000] {processor.py:153} INFO - Started process (PID=115) to work on /home/airflow/.local/lib/python3.7/site-packages/airflow/example_dags/example_bash_operator.py
[2023-02-28T17:49:08.054+0000] {processor.py:743} INFO - Processing file /home/airflow/.local/lib/python3.7/site-packages/airflow/example_dags/example_bash_operator.py for tasks to queue
[2023-02-28T17:49:08.055+0000] {logging_mixin.py:137} INFO - [2023-02-28T17:49:08.055+0000] {dagbag.py:538} INFO - Filling up the DagBag from /home/airflow/.local/lib/python3.7/site-packages/airflow/example_dags/example_bash_operator.py
[2023-02-28T17:49:08.085+0000] {processor.py:753} INFO - DAG(s) dict_keys(['example_bash_operator']) retrieved from /home/airflow/.local/lib/python3.7/site-packages/airflow/example_dags/example_bash_operator.py
[2023-02-28T17:49:08.110+0000] {logging_mixin.py:137} INFO - [2023-02-28T17:49:08.110+0000] {dag.py:2690} INFO - Sync 1 DAGs
[2023-02-28T17:49:08.126+0000] {logging_mixin.py:137} INFO - [2023-02-28T17:49:08.126+0000] {dag.py:3441} INFO - Setting next_dagrun for example_bash_operator to 2023-02-27T00:00:00+00:00, run_after=2023-02-28T00:00:00+00:00
[2023-02-28T17:49:08.137+0000] {processor.py:175} INFO - Processing /home/airflow/.local/lib/python3.7/site-packages/airflow/example_dags/example_bash_operator.py took 0.089 seconds
[2023-02-28T17:49:38.516+0000] {processor.py:153} INFO - Started process (PID=182) to work on /home/airflow/.local/lib/python3.7/site-packages/airflow/example_dags/example_bash_operator.py
[2023-02-28T17:49:38.517+0000] {processor.py:743} INFO - Processing file /home/airflow/.local/lib/python3.7/site-packages/airflow/example_dags/example_bash_operator.py for tasks to queue
[2023-02-28T17:49:38.518+0000] {logging_mixin.py:137} INFO - [2023-02-28T17:49:38.518+0000] {dagbag.py:538} INFO - Filling up the DagBag from /home/airflow/.local/lib/python3.7/site-packages/airflow/example_dags/example_bash_operator.py
[2023-02-28T17:49:38.532+0000] {processor.py:753} INFO - DAG(s) dict_keys(['example_bash_operator']) retrieved from /home/airflow/.local/lib/python3.7/site-packages/airflow/example_dags/example_bash_operator.py
[2023-02-28T17:49:38.554+0000] {logging_mixin.py:137} INFO - [2023-02-28T17:49:38.554+0000] {dag.py:2690} INFO - Sync 1 DAGs
[2023-02-28T17:49:38.570+0000] {logging_mixin.py:137} INFO - [2023-02-28T17:49:38.570+0000] {dag.py:3441} INFO - Setting next_dagrun for example_bash_operator to 2023-02-27T00:00:00+00:00, run_after=2023-02-28T00:00:00+00:00
[2023-02-28T17:49:38.580+0000] {processor.py:175} INFO - Processing /home/airflow/.local/lib/python3.7/site-packages/airflow/example_dags/example_bash_operator.py took 0.066 seconds
[2023-02-28T17:50:08.690+0000] {processor.py:153} INFO - Started process (PID=262) to work on /home/airflow/.local/lib/python3.7/site-packages/airflow/example_dags/example_bash_operator.py
[2023-02-28T17:50:08.692+0000] {processor.py:743} INFO - Processing file /home/airflow/.local/lib/python3.7/site-packages/airflow/example_dags/example_bash_operator.py for tasks to queue
[2023-02-28T17:50:08.694+0000] {logging_mixin.py:137} INFO - [2023-02-28T17:50:08.693+0000] {dagbag.py:538} INFO - Filling up the DagBag from /home/airflow/.local/lib/python3.7/site-packages/airflow/example_dags/example_bash_operator.py
[2023-02-28T17:50:08.717+0000] {processor.py:753} INFO - DAG(s) dict_keys(['example_bash_operator']) retrieved from /home/airflow/.local/lib/python3.7/site-packages/airflow/example_dags/example_bash_operator.py
[2023-02-28T17:50:08.743+0000] {logging_mixin.py:137} INFO - [2023-02-28T17:50:08.743+0000] {dag.py:2690} INFO - Sync 1 DAGs
[2023-02-28T17:50:08.759+0000] {logging_mixin.py:137} INFO - [2023-02-28T17:50:08.758+0000] {dag.py:3441} INFO - Setting next_dagrun for example_bash_operator to 2023-02-27T00:00:00+00:00, run_after=2023-02-28T00:00:00+00:00
[2023-02-28T17:50:08.769+0000] {processor.py:175} INFO - Processing /home/airflow/.local/lib/python3.7/site-packages/airflow/example_dags/example_bash_operator.py took 0.084 seconds
[2023-02-28T17:50:39.128+0000] {processor.py:153} INFO - Started process (PID=343) to work on /home/airflow/.local/lib/python3.7/site-packages/airflow/example_dags/example_bash_operator.py
[2023-02-28T17:50:39.129+0000] {processor.py:743} INFO - Processing file /home/airflow/.local/lib/python3.7/site-packages/airflow/example_dags/example_bash_operator.py for tasks to queue
[2023-02-28T17:50:39.131+0000] {logging_mixin.py:137} INFO - [2023-02-28T17:50:39.130+0000] {dagbag.py:538} INFO - Filling up the DagBag from /home/airflow/.local/lib/python3.7/site-packages/airflow/example_dags/example_bash_operator.py
[2023-02-28T17:50:39.159+0000] {processor.py:753} INFO - DAG(s) dict_keys(['example_bash_operator']) retrieved from /home/airflow/.local/lib/python3.7/site-packages/airflow/example_dags/example_bash_operator.py
[2023-02-28T17:50:39.187+0000] {logging_mixin.py:137} INFO - [2023-02-28T17:50:39.187+0000] {dag.py:2690} INFO - Sync 1 DAGs
[2023-02-28T17:50:39.204+0000] {logging_mixin.py:137} INFO - [2023-02-28T17:50:39.204+0000] {dag.py:3441} INFO - Setting next_dagrun for example_bash_operator to 2023-02-27T00:00:00+00:00, run_after=2023-02-28T00:00:00+00:00
[2023-02-28T17:50:39.217+0000] {processor.py:175} INFO - Processing /home/airflow/.local/lib/python3.7/site-packages/airflow/example_dags/example_bash_operator.py took 0.093 seconds
[2023-02-28T17:51:43.453+0000] {processor.py:153} INFO - Started process (PID=35) to work on /home/airflow/.local/lib/python3.7/site-packages/airflow/example_dags/example_bash_operator.py
[2023-02-28T17:51:43.454+0000] {processor.py:743} INFO - Processing file /home/airflow/.local/lib/python3.7/site-packages/airflow/example_dags/example_bash_operator.py for tasks to queue
[2023-02-28T17:51:43.455+0000] {logging_mixin.py:137} INFO - [2023-02-28T17:51:43.454+0000] {dagbag.py:538} INFO - Filling up the DagBag from /home/airflow/.local/lib/python3.7/site-packages/airflow/example_dags/example_bash_operator.py
[2023-02-28T17:51:43.477+0000] {processor.py:753} INFO - DAG(s) dict_keys(['example_bash_operator']) retrieved from /home/airflow/.local/lib/python3.7/site-packages/airflow/example_dags/example_bash_operator.py
[2023-02-28T17:51:43.499+0000] {logging_mixin.py:137} INFO - [2023-02-28T17:51:43.499+0000] {dag.py:2690} INFO - Sync 1 DAGs
[2023-02-28T17:51:43.515+0000] {logging_mixin.py:137} INFO - [2023-02-28T17:51:43.515+0000] {dag.py:3441} INFO - Setting next_dagrun for example_bash_operator to 2023-02-27T00:00:00+00:00, run_after=2023-02-28T00:00:00+00:00
[2023-02-28T17:51:43.527+0000] {processor.py:175} INFO - Processing /home/airflow/.local/lib/python3.7/site-packages/airflow/example_dags/example_bash_operator.py took 0.078 seconds
[2023-02-28T17:52:14.002+0000] {processor.py:153} INFO - Started process (PID=114) to work on /home/airflow/.local/lib/python3.7/site-packages/airflow/example_dags/example_bash_operator.py
[2023-02-28T17:52:14.005+0000] {processor.py:743} INFO - Processing file /home/airflow/.local/lib/python3.7/site-packages/airflow/example_dags/example_bash_operator.py for tasks to queue
[2023-02-28T17:52:14.006+0000] {logging_mixin.py:137} INFO - [2023-02-28T17:52:14.006+0000] {dagbag.py:538} INFO - Filling up the DagBag from /home/airflow/.local/lib/python3.7/site-packages/airflow/example_dags/example_bash_operator.py
[2023-02-28T17:52:14.025+0000] {processor.py:753} INFO - DAG(s) dict_keys(['example_bash_operator']) retrieved from /home/airflow/.local/lib/python3.7/site-packages/airflow/example_dags/example_bash_operator.py
[2023-02-28T17:52:14.050+0000] {logging_mixin.py:137} INFO - [2023-02-28T17:52:14.050+0000] {dag.py:2690} INFO - Sync 1 DAGs
[2023-02-28T17:52:14.068+0000] {logging_mixin.py:137} INFO - [2023-02-28T17:52:14.068+0000] {dag.py:3441} INFO - Setting next_dagrun for example_bash_operator to 2023-02-27T00:00:00+00:00, run_after=2023-02-28T00:00:00+00:00
[2023-02-28T17:52:14.081+0000] {processor.py:175} INFO - Processing /home/airflow/.local/lib/python3.7/site-packages/airflow/example_dags/example_bash_operator.py took 0.082 seconds
[2023-02-28T17:52:44.439+0000] {processor.py:153} INFO - Started process (PID=181) to work on /home/airflow/.local/lib/python3.7/site-packages/airflow/example_dags/example_bash_operator.py
[2023-02-28T17:52:44.441+0000] {processor.py:743} INFO - Processing file /home/airflow/.local/lib/python3.7/site-packages/airflow/example_dags/example_bash_operator.py for tasks to queue
[2023-02-28T17:52:44.443+0000] {logging_mixin.py:137} INFO - [2023-02-28T17:52:44.443+0000] {dagbag.py:538} INFO - Filling up the DagBag from /home/airflow/.local/lib/python3.7/site-packages/airflow/example_dags/example_bash_operator.py
[2023-02-28T17:52:44.468+0000] {processor.py:753} INFO - DAG(s) dict_keys(['example_bash_operator']) retrieved from /home/airflow/.local/lib/python3.7/site-packages/airflow/example_dags/example_bash_operator.py
[2023-02-28T17:52:44.491+0000] {logging_mixin.py:137} INFO - [2023-02-28T17:52:44.491+0000] {dag.py:2690} INFO - Sync 1 DAGs
[2023-02-28T17:52:44.506+0000] {logging_mixin.py:137} INFO - [2023-02-28T17:52:44.506+0000] {dag.py:3441} INFO - Setting next_dagrun for example_bash_operator to 2023-02-27T00:00:00+00:00, run_after=2023-02-28T00:00:00+00:00
[2023-02-28T17:52:44.516+0000] {processor.py:175} INFO - Processing /home/airflow/.local/lib/python3.7/site-packages/airflow/example_dags/example_bash_operator.py took 0.085 seconds
[2023-02-28T17:53:14.665+0000] {processor.py:153} INFO - Started process (PID=261) to work on /home/airflow/.local/lib/python3.7/site-packages/airflow/example_dags/example_bash_operator.py
[2023-02-28T17:53:14.666+0000] {processor.py:743} INFO - Processing file /home/airflow/.local/lib/python3.7/site-packages/airflow/example_dags/example_bash_operator.py for tasks to queue
[2023-02-28T17:53:14.667+0000] {logging_mixin.py:137} INFO - [2023-02-28T17:53:14.667+0000] {dagbag.py:538} INFO - Filling up the DagBag from /home/airflow/.local/lib/python3.7/site-packages/airflow/example_dags/example_bash_operator.py
[2023-02-28T17:53:14.688+0000] {processor.py:753} INFO - DAG(s) dict_keys(['example_bash_operator']) retrieved from /home/airflow/.local/lib/python3.7/site-packages/airflow/example_dags/example_bash_operator.py
[2023-02-28T17:53:14.713+0000] {logging_mixin.py:137} INFO - [2023-02-28T17:53:14.713+0000] {dag.py:2690} INFO - Sync 1 DAGs
[2023-02-28T17:53:14.728+0000] {logging_mixin.py:137} INFO - [2023-02-28T17:53:14.728+0000] {dag.py:3441} INFO - Setting next_dagrun for example_bash_operator to 2023-02-27T00:00:00+00:00, run_after=2023-02-28T00:00:00+00:00
[2023-02-28T17:53:14.739+0000] {processor.py:175} INFO - Processing /home/airflow/.local/lib/python3.7/site-packages/airflow/example_dags/example_bash_operator.py took 0.079 seconds
[2023-02-28T17:53:45.689+0000] {processor.py:153} INFO - Started process (PID=342) to work on /home/airflow/.local/lib/python3.7/site-packages/airflow/example_dags/example_bash_operator.py
[2023-02-28T17:53:45.691+0000] {processor.py:743} INFO - Processing file /home/airflow/.local/lib/python3.7/site-packages/airflow/example_dags/example_bash_operator.py for tasks to queue
[2023-02-28T17:53:45.692+0000] {logging_mixin.py:137} INFO - [2023-02-28T17:53:45.692+0000] {dagbag.py:538} INFO - Filling up the DagBag from /home/airflow/.local/lib/python3.7/site-packages/airflow/example_dags/example_bash_operator.py
[2023-02-28T17:53:45.709+0000] {processor.py:753} INFO - DAG(s) dict_keys(['example_bash_operator']) retrieved from /home/airflow/.local/lib/python3.7/site-packages/airflow/example_dags/example_bash_operator.py
[2023-02-28T17:53:45.733+0000] {logging_mixin.py:137} INFO - [2023-02-28T17:53:45.733+0000] {dag.py:2690} INFO - Sync 1 DAGs
[2023-02-28T17:53:45.747+0000] {logging_mixin.py:137} INFO - [2023-02-28T17:53:45.747+0000] {dag.py:3441} INFO - Setting next_dagrun for example_bash_operator to 2023-02-27T00:00:00+00:00, run_after=2023-02-28T00:00:00+00:00
[2023-02-28T17:53:45.757+0000] {processor.py:175} INFO - Processing /home/airflow/.local/lib/python3.7/site-packages/airflow/example_dags/example_bash_operator.py took 0.072 seconds
[2023-02-28T17:54:16.606+0000] {processor.py:153} INFO - Started process (PID=418) to work on /home/airflow/.local/lib/python3.7/site-packages/airflow/example_dags/example_bash_operator.py
[2023-02-28T17:54:16.606+0000] {processor.py:743} INFO - Processing file /home/airflow/.local/lib/python3.7/site-packages/airflow/example_dags/example_bash_operator.py for tasks to queue
[2023-02-28T17:54:16.607+0000] {logging_mixin.py:137} INFO - [2023-02-28T17:54:16.607+0000] {dagbag.py:538} INFO - Filling up the DagBag from /home/airflow/.local/lib/python3.7/site-packages/airflow/example_dags/example_bash_operator.py
[2023-02-28T17:54:16.619+0000] {processor.py:753} INFO - DAG(s) dict_keys(['example_bash_operator']) retrieved from /home/airflow/.local/lib/python3.7/site-packages/airflow/example_dags/example_bash_operator.py
[2023-02-28T17:54:16.639+0000] {logging_mixin.py:137} INFO - [2023-02-28T17:54:16.639+0000] {dag.py:2690} INFO - Sync 1 DAGs
[2023-02-28T17:54:16.652+0000] {logging_mixin.py:137} INFO - [2023-02-28T17:54:16.652+0000] {dag.py:3441} INFO - Setting next_dagrun for example_bash_operator to 2023-02-27T00:00:00+00:00, run_after=2023-02-28T00:00:00+00:00
[2023-02-28T17:54:16.662+0000] {processor.py:175} INFO - Processing /home/airflow/.local/lib/python3.7/site-packages/airflow/example_dags/example_bash_operator.py took 0.059 seconds
[2023-02-28T17:54:46.708+0000] {processor.py:153} INFO - Started process (PID=488) to work on /home/airflow/.local/lib/python3.7/site-packages/airflow/example_dags/example_bash_operator.py
[2023-02-28T17:54:46.710+0000] {processor.py:743} INFO - Processing file /home/airflow/.local/lib/python3.7/site-packages/airflow/example_dags/example_bash_operator.py for tasks to queue
[2023-02-28T17:54:46.711+0000] {logging_mixin.py:137} INFO - [2023-02-28T17:54:46.711+0000] {dagbag.py:538} INFO - Filling up the DagBag from /home/airflow/.local/lib/python3.7/site-packages/airflow/example_dags/example_bash_operator.py
[2023-02-28T17:54:46.734+0000] {processor.py:753} INFO - DAG(s) dict_keys(['example_bash_operator']) retrieved from /home/airflow/.local/lib/python3.7/site-packages/airflow/example_dags/example_bash_operator.py
[2023-02-28T17:54:46.757+0000] {logging_mixin.py:137} INFO - [2023-02-28T17:54:46.757+0000] {dag.py:2690} INFO - Sync 1 DAGs
[2023-02-28T17:54:46.770+0000] {logging_mixin.py:137} INFO - [2023-02-28T17:54:46.770+0000] {dag.py:3441} INFO - Setting next_dagrun for example_bash_operator to 2023-02-27T00:00:00+00:00, run_after=2023-02-28T00:00:00+00:00
[2023-02-28T17:54:46.779+0000] {processor.py:175} INFO - Processing /home/airflow/.local/lib/python3.7/site-packages/airflow/example_dags/example_bash_operator.py took 0.076 seconds
[2023-02-28T17:55:16.986+0000] {processor.py:153} INFO - Started process (PID=567) to work on /home/airflow/.local/lib/python3.7/site-packages/airflow/example_dags/example_bash_operator.py
[2023-02-28T17:55:16.988+0000] {processor.py:743} INFO - Processing file /home/airflow/.local/lib/python3.7/site-packages/airflow/example_dags/example_bash_operator.py for tasks to queue
[2023-02-28T17:55:16.989+0000] {logging_mixin.py:137} INFO - [2023-02-28T17:55:16.989+0000] {dagbag.py:538} INFO - Filling up the DagBag from /home/airflow/.local/lib/python3.7/site-packages/airflow/example_dags/example_bash_operator.py
[2023-02-28T17:55:17.012+0000] {processor.py:753} INFO - DAG(s) dict_keys(['example_bash_operator']) retrieved from /home/airflow/.local/lib/python3.7/site-packages/airflow/example_dags/example_bash_operator.py
[2023-02-28T17:55:17.035+0000] {logging_mixin.py:137} INFO - [2023-02-28T17:55:17.035+0000] {dag.py:2690} INFO - Sync 1 DAGs
[2023-02-28T17:55:17.049+0000] {logging_mixin.py:137} INFO - [2023-02-28T17:55:17.048+0000] {dag.py:3441} INFO - Setting next_dagrun for example_bash_operator to 2023-02-27T00:00:00+00:00, run_after=2023-02-28T00:00:00+00:00
[2023-02-28T17:55:17.059+0000] {processor.py:175} INFO - Processing /home/airflow/.local/lib/python3.7/site-packages/airflow/example_dags/example_bash_operator.py took 0.079 seconds
[2023-02-28T17:55:47.100+0000] {processor.py:153} INFO - Started process (PID=647) to work on /home/airflow/.local/lib/python3.7/site-packages/airflow/example_dags/example_bash_operator.py
[2023-02-28T17:55:47.102+0000] {processor.py:743} INFO - Processing file /home/airflow/.local/lib/python3.7/site-packages/airflow/example_dags/example_bash_operator.py for tasks to queue
[2023-02-28T17:55:47.103+0000] {logging_mixin.py:137} INFO - [2023-02-28T17:55:47.103+0000] {dagbag.py:538} INFO - Filling up the DagBag from /home/airflow/.local/lib/python3.7/site-packages/airflow/example_dags/example_bash_operator.py
[2023-02-28T17:55:47.123+0000] {processor.py:753} INFO - DAG(s) dict_keys(['example_bash_operator']) retrieved from /home/airflow/.local/lib/python3.7/site-packages/airflow/example_dags/example_bash_operator.py
[2023-02-28T17:55:47.145+0000] {logging_mixin.py:137} INFO - [2023-02-28T17:55:47.145+0000] {dag.py:2690} INFO - Sync 1 DAGs
[2023-02-28T17:55:47.159+0000] {logging_mixin.py:137} INFO - [2023-02-28T17:55:47.159+0000] {dag.py:3441} INFO - Setting next_dagrun for example_bash_operator to 2023-02-27T00:00:00+00:00, run_after=2023-02-28T00:00:00+00:00
[2023-02-28T17:55:47.169+0000] {processor.py:175} INFO - Processing /home/airflow/.local/lib/python3.7/site-packages/airflow/example_dags/example_bash_operator.py took 0.074 seconds
[2023-02-28T17:56:18.151+0000] {processor.py:153} INFO - Started process (PID=714) to work on /home/airflow/.local/lib/python3.7/site-packages/airflow/example_dags/example_bash_operator.py
[2023-02-28T17:56:18.152+0000] {processor.py:743} INFO - Processing file /home/airflow/.local/lib/python3.7/site-packages/airflow/example_dags/example_bash_operator.py for tasks to queue
[2023-02-28T17:56:18.153+0000] {logging_mixin.py:137} INFO - [2023-02-28T17:56:18.153+0000] {dagbag.py:538} INFO - Filling up the DagBag from /home/airflow/.local/lib/python3.7/site-packages/airflow/example_dags/example_bash_operator.py
[2023-02-28T17:56:18.172+0000] {processor.py:753} INFO - DAG(s) dict_keys(['example_bash_operator']) retrieved from /home/airflow/.local/lib/python3.7/site-packages/airflow/example_dags/example_bash_operator.py
[2023-02-28T17:56:18.197+0000] {logging_mixin.py:137} INFO - [2023-02-28T17:56:18.197+0000] {dag.py:2690} INFO - Sync 1 DAGs
[2023-02-28T17:56:18.211+0000] {logging_mixin.py:137} INFO - [2023-02-28T17:56:18.211+0000] {dag.py:3441} INFO - Setting next_dagrun for example_bash_operator to 2023-02-27T00:00:00+00:00, run_after=2023-02-28T00:00:00+00:00
[2023-02-28T17:56:18.220+0000] {processor.py:175} INFO - Processing /home/airflow/.local/lib/python3.7/site-packages/airflow/example_dags/example_bash_operator.py took 0.073 seconds
[2023-02-28T17:56:48.328+0000] {processor.py:153} INFO - Started process (PID=794) to work on /home/airflow/.local/lib/python3.7/site-packages/airflow/example_dags/example_bash_operator.py
[2023-02-28T17:56:48.330+0000] {processor.py:743} INFO - Processing file /home/airflow/.local/lib/python3.7/site-packages/airflow/example_dags/example_bash_operator.py for tasks to queue
[2023-02-28T17:56:48.331+0000] {logging_mixin.py:137} INFO - [2023-02-28T17:56:48.331+0000] {dagbag.py:538} INFO - Filling up the DagBag from /home/airflow/.local/lib/python3.7/site-packages/airflow/example_dags/example_bash_operator.py
[2023-02-28T17:56:48.344+0000] {processor.py:753} INFO - DAG(s) dict_keys(['example_bash_operator']) retrieved from /home/airflow/.local/lib/python3.7/site-packages/airflow/example_dags/example_bash_operator.py
[2023-02-28T17:56:48.364+0000] {logging_mixin.py:137} INFO - [2023-02-28T17:56:48.364+0000] {dag.py:2690} INFO - Sync 1 DAGs
[2023-02-28T17:56:48.377+0000] {logging_mixin.py:137} INFO - [2023-02-28T17:56:48.377+0000] {dag.py:3441} INFO - Setting next_dagrun for example_bash_operator to 2023-02-27T00:00:00+00:00, run_after=2023-02-28T00:00:00+00:00
[2023-02-28T17:56:48.387+0000] {processor.py:175} INFO - Processing /home/airflow/.local/lib/python3.7/site-packages/airflow/example_dags/example_bash_operator.py took 0.060 seconds
[2023-02-28T17:57:19.431+0000] {processor.py:153} INFO - Started process (PID=874) to work on /home/airflow/.local/lib/python3.7/site-packages/airflow/example_dags/example_bash_operator.py
[2023-02-28T17:57:19.434+0000] {processor.py:743} INFO - Processing file /home/airflow/.local/lib/python3.7/site-packages/airflow/example_dags/example_bash_operator.py for tasks to queue
[2023-02-28T17:57:19.435+0000] {logging_mixin.py:137} INFO - [2023-02-28T17:57:19.435+0000] {dagbag.py:538} INFO - Filling up the DagBag from /home/airflow/.local/lib/python3.7/site-packages/airflow/example_dags/example_bash_operator.py
[2023-02-28T17:57:19.458+0000] {processor.py:753} INFO - DAG(s) dict_keys(['example_bash_operator']) retrieved from /home/airflow/.local/lib/python3.7/site-packages/airflow/example_dags/example_bash_operator.py
[2023-02-28T17:57:19.481+0000] {logging_mixin.py:137} INFO - [2023-02-28T17:57:19.481+0000] {dag.py:2690} INFO - Sync 1 DAGs
[2023-02-28T17:57:19.494+0000] {logging_mixin.py:137} INFO - [2023-02-28T17:57:19.494+0000] {dag.py:3441} INFO - Setting next_dagrun for example_bash_operator to 2023-02-27T00:00:00+00:00, run_after=2023-02-28T00:00:00+00:00
[2023-02-28T17:57:19.503+0000] {processor.py:175} INFO - Processing /home/airflow/.local/lib/python3.7/site-packages/airflow/example_dags/example_bash_operator.py took 0.077 seconds
[2023-02-28T17:57:49.723+0000] {processor.py:153} INFO - Started process (PID=954) to work on /home/airflow/.local/lib/python3.7/site-packages/airflow/example_dags/example_bash_operator.py
[2023-02-28T17:57:49.725+0000] {processor.py:743} INFO - Processing file /home/airflow/.local/lib/python3.7/site-packages/airflow/example_dags/example_bash_operator.py for tasks to queue
[2023-02-28T17:57:49.726+0000] {logging_mixin.py:137} INFO - [2023-02-28T17:57:49.726+0000] {dagbag.py:538} INFO - Filling up the DagBag from /home/airflow/.local/lib/python3.7/site-packages/airflow/example_dags/example_bash_operator.py
[2023-02-28T17:57:49.740+0000] {processor.py:753} INFO - DAG(s) dict_keys(['example_bash_operator']) retrieved from /home/airflow/.local/lib/python3.7/site-packages/airflow/example_dags/example_bash_operator.py
[2023-02-28T17:57:49.766+0000] {logging_mixin.py:137} INFO - [2023-02-28T17:57:49.766+0000] {dag.py:2690} INFO - Sync 1 DAGs
[2023-02-28T17:57:49.785+0000] {logging_mixin.py:137} INFO - [2023-02-28T17:57:49.785+0000] {dag.py:3441} INFO - Setting next_dagrun for example_bash_operator to 2023-02-27T00:00:00+00:00, run_after=2023-02-28T00:00:00+00:00
[2023-02-28T17:57:49.796+0000] {processor.py:175} INFO - Processing /home/airflow/.local/lib/python3.7/site-packages/airflow/example_dags/example_bash_operator.py took 0.077 seconds
[2023-02-28T17:58:20.008+0000] {processor.py:153} INFO - Started process (PID=1021) to work on /home/airflow/.local/lib/python3.7/site-packages/airflow/example_dags/example_bash_operator.py
[2023-02-28T17:58:20.010+0000] {processor.py:743} INFO - Processing file /home/airflow/.local/lib/python3.7/site-packages/airflow/example_dags/example_bash_operator.py for tasks to queue
[2023-02-28T17:58:20.011+0000] {logging_mixin.py:137} INFO - [2023-02-28T17:58:20.011+0000] {dagbag.py:538} INFO - Filling up the DagBag from /home/airflow/.local/lib/python3.7/site-packages/airflow/example_dags/example_bash_operator.py
[2023-02-28T17:58:20.031+0000] {processor.py:753} INFO - DAG(s) dict_keys(['example_bash_operator']) retrieved from /home/airflow/.local/lib/python3.7/site-packages/airflow/example_dags/example_bash_operator.py
[2023-02-28T17:58:20.056+0000] {logging_mixin.py:137} INFO - [2023-02-28T17:58:20.056+0000] {dag.py:2690} INFO - Sync 1 DAGs
[2023-02-28T17:58:20.069+0000] {logging_mixin.py:137} INFO - [2023-02-28T17:58:20.069+0000] {dag.py:3441} INFO - Setting next_dagrun for example_bash_operator to 2023-02-27T00:00:00+00:00, run_after=2023-02-28T00:00:00+00:00
[2023-02-28T17:58:20.079+0000] {processor.py:175} INFO - Processing /home/airflow/.local/lib/python3.7/site-packages/airflow/example_dags/example_bash_operator.py took 0.076 seconds
[2023-02-28T17:58:50.162+0000] {processor.py:153} INFO - Started process (PID=1101) to work on /home/airflow/.local/lib/python3.7/site-packages/airflow/example_dags/example_bash_operator.py
[2023-02-28T17:58:50.165+0000] {processor.py:743} INFO - Processing file /home/airflow/.local/lib/python3.7/site-packages/airflow/example_dags/example_bash_operator.py for tasks to queue
[2023-02-28T17:58:50.166+0000] {logging_mixin.py:137} INFO - [2023-02-28T17:58:50.166+0000] {dagbag.py:538} INFO - Filling up the DagBag from /home/airflow/.local/lib/python3.7/site-packages/airflow/example_dags/example_bash_operator.py
[2023-02-28T17:58:50.186+0000] {processor.py:753} INFO - DAG(s) dict_keys(['example_bash_operator']) retrieved from /home/airflow/.local/lib/python3.7/site-packages/airflow/example_dags/example_bash_operator.py
[2023-02-28T17:58:50.210+0000] {logging_mixin.py:137} INFO - [2023-02-28T17:58:50.210+0000] {dag.py:2690} INFO - Sync 1 DAGs
[2023-02-28T17:58:50.224+0000] {logging_mixin.py:137} INFO - [2023-02-28T17:58:50.224+0000] {dag.py:3441} INFO - Setting next_dagrun for example_bash_operator to 2023-02-27T00:00:00+00:00, run_after=2023-02-28T00:00:00+00:00
[2023-02-28T17:58:50.234+0000] {processor.py:175} INFO - Processing /home/airflow/.local/lib/python3.7/site-packages/airflow/example_dags/example_bash_operator.py took 0.079 seconds
[2023-02-28T17:59:20.403+0000] {processor.py:153} INFO - Started process (PID=1181) to work on /home/airflow/.local/lib/python3.7/site-packages/airflow/example_dags/example_bash_operator.py
[2023-02-28T17:59:20.405+0000] {processor.py:743} INFO - Processing file /home/airflow/.local/lib/python3.7/site-packages/airflow/example_dags/example_bash_operator.py for tasks to queue
[2023-02-28T17:59:20.406+0000] {logging_mixin.py:137} INFO - [2023-02-28T17:59:20.406+0000] {dagbag.py:538} INFO - Filling up the DagBag from /home/airflow/.local/lib/python3.7/site-packages/airflow/example_dags/example_bash_operator.py
[2023-02-28T17:59:20.427+0000] {processor.py:753} INFO - DAG(s) dict_keys(['example_bash_operator']) retrieved from /home/airflow/.local/lib/python3.7/site-packages/airflow/example_dags/example_bash_operator.py
[2023-02-28T17:59:20.450+0000] {logging_mixin.py:137} INFO - [2023-02-28T17:59:20.450+0000] {dag.py:2690} INFO - Sync 1 DAGs
[2023-02-28T17:59:20.465+0000] {logging_mixin.py:137} INFO - [2023-02-28T17:59:20.465+0000] {dag.py:3441} INFO - Setting next_dagrun for example_bash_operator to 2023-02-27T00:00:00+00:00, run_after=2023-02-28T00:00:00+00:00
[2023-02-28T17:59:20.475+0000] {processor.py:175} INFO - Processing /home/airflow/.local/lib/python3.7/site-packages/airflow/example_dags/example_bash_operator.py took 0.078 seconds
[2023-02-28T17:59:50.645+0000] {processor.py:153} INFO - Started process (PID=1248) to work on /home/airflow/.local/lib/python3.7/site-packages/airflow/example_dags/example_bash_operator.py
[2023-02-28T17:59:50.647+0000] {processor.py:743} INFO - Processing file /home/airflow/.local/lib/python3.7/site-packages/airflow/example_dags/example_bash_operator.py for tasks to queue
[2023-02-28T17:59:50.648+0000] {logging_mixin.py:137} INFO - [2023-02-28T17:59:50.648+0000] {dagbag.py:538} INFO - Filling up the DagBag from /home/airflow/.local/lib/python3.7/site-packages/airflow/example_dags/example_bash_operator.py
[2023-02-28T17:59:50.667+0000] {processor.py:753} INFO - DAG(s) dict_keys(['example_bash_operator']) retrieved from /home/airflow/.local/lib/python3.7/site-packages/airflow/example_dags/example_bash_operator.py
[2023-02-28T17:59:50.692+0000] {logging_mixin.py:137} INFO - [2023-02-28T17:59:50.692+0000] {dag.py:2690} INFO - Sync 1 DAGs
[2023-02-28T17:59:50.705+0000] {logging_mixin.py:137} INFO - [2023-02-28T17:59:50.705+0000] {dag.py:3441} INFO - Setting next_dagrun for example_bash_operator to 2023-02-27T00:00:00+00:00, run_after=2023-02-28T00:00:00+00:00
[2023-02-28T17:59:50.715+0000] {processor.py:175} INFO - Processing /home/airflow/.local/lib/python3.7/site-packages/airflow/example_dags/example_bash_operator.py took 0.075 seconds
[2023-02-28T18:00:20.982+0000] {processor.py:153} INFO - Started process (PID=1329) to work on /home/airflow/.local/lib/python3.7/site-packages/airflow/example_dags/example_bash_operator.py
[2023-02-28T18:00:20.984+0000] {processor.py:743} INFO - Processing file /home/airflow/.local/lib/python3.7/site-packages/airflow/example_dags/example_bash_operator.py for tasks to queue
[2023-02-28T18:00:20.985+0000] {logging_mixin.py:137} INFO - [2023-02-28T18:00:20.985+0000] {dagbag.py:538} INFO - Filling up the DagBag from /home/airflow/.local/lib/python3.7/site-packages/airflow/example_dags/example_bash_operator.py
[2023-02-28T18:00:21.006+0000] {processor.py:753} INFO - DAG(s) dict_keys(['example_bash_operator']) retrieved from /home/airflow/.local/lib/python3.7/site-packages/airflow/example_dags/example_bash_operator.py
[2023-02-28T18:00:21.031+0000] {logging_mixin.py:137} INFO - [2023-02-28T18:00:21.031+0000] {dag.py:2690} INFO - Sync 1 DAGs
[2023-02-28T18:00:21.045+0000] {logging_mixin.py:137} INFO - [2023-02-28T18:00:21.045+0000] {dag.py:3441} INFO - Setting next_dagrun for example_bash_operator to 2023-02-27T00:00:00+00:00, run_after=2023-02-28T00:00:00+00:00
[2023-02-28T18:00:21.055+0000] {processor.py:175} INFO - Processing /home/airflow/.local/lib/python3.7/site-packages/airflow/example_dags/example_bash_operator.py took 0.077 seconds
[2023-02-28T18:00:51.178+0000] {processor.py:153} INFO - Started process (PID=1409) to work on /home/airflow/.local/lib/python3.7/site-packages/airflow/example_dags/example_bash_operator.py
[2023-02-28T18:00:51.180+0000] {processor.py:743} INFO - Processing file /home/airflow/.local/lib/python3.7/site-packages/airflow/example_dags/example_bash_operator.py for tasks to queue
[2023-02-28T18:00:51.181+0000] {logging_mixin.py:137} INFO - [2023-02-28T18:00:51.181+0000] {dagbag.py:538} INFO - Filling up the DagBag from /home/airflow/.local/lib/python3.7/site-packages/airflow/example_dags/example_bash_operator.py
[2023-02-28T18:00:51.203+0000] {processor.py:753} INFO - DAG(s) dict_keys(['example_bash_operator']) retrieved from /home/airflow/.local/lib/python3.7/site-packages/airflow/example_dags/example_bash_operator.py
[2023-02-28T18:00:51.225+0000] {logging_mixin.py:137} INFO - [2023-02-28T18:00:51.225+0000] {dag.py:2690} INFO - Sync 1 DAGs
[2023-02-28T18:00:51.240+0000] {logging_mixin.py:137} INFO - [2023-02-28T18:00:51.240+0000] {dag.py:3441} INFO - Setting next_dagrun for example_bash_operator to 2023-02-27T00:00:00+00:00, run_after=2023-02-28T00:00:00+00:00
[2023-02-28T18:00:51.250+0000] {processor.py:175} INFO - Processing /home/airflow/.local/lib/python3.7/site-packages/airflow/example_dags/example_bash_operator.py took 0.077 seconds
[2023-02-28T18:01:21.730+0000] {processor.py:153} INFO - Started process (PID=1485) to work on /home/airflow/.local/lib/python3.7/site-packages/airflow/example_dags/example_bash_operator.py
[2023-02-28T18:01:21.732+0000] {processor.py:743} INFO - Processing file /home/airflow/.local/lib/python3.7/site-packages/airflow/example_dags/example_bash_operator.py for tasks to queue
[2023-02-28T18:01:21.733+0000] {logging_mixin.py:137} INFO - [2023-02-28T18:01:21.733+0000] {dagbag.py:538} INFO - Filling up the DagBag from /home/airflow/.local/lib/python3.7/site-packages/airflow/example_dags/example_bash_operator.py
[2023-02-28T18:01:21.752+0000] {processor.py:753} INFO - DAG(s) dict_keys(['example_bash_operator']) retrieved from /home/airflow/.local/lib/python3.7/site-packages/airflow/example_dags/example_bash_operator.py
[2023-02-28T18:01:21.801+0000] {logging_mixin.py:137} INFO - [2023-02-28T18:01:21.801+0000] {dag.py:2690} INFO - Sync 1 DAGs
[2023-02-28T18:01:21.825+0000] {logging_mixin.py:137} INFO - [2023-02-28T18:01:21.825+0000] {dag.py:3441} INFO - Setting next_dagrun for example_bash_operator to 2023-02-27T00:00:00+00:00, run_after=2023-02-28T00:00:00+00:00
[2023-02-28T18:01:21.838+0000] {processor.py:175} INFO - Processing /home/airflow/.local/lib/python3.7/site-packages/airflow/example_dags/example_bash_operator.py took 0.113 seconds
