[2023-02-28T17:48:41.494+0000] {processor.py:153} INFO - Started process (PID=69) to work on /home/airflow/.local/lib/python3.7/site-packages/airflow/example_dags/example_nested_branch_dag.py
[2023-02-28T17:48:41.495+0000] {processor.py:743} INFO - Processing file /home/airflow/.local/lib/python3.7/site-packages/airflow/example_dags/example_nested_branch_dag.py for tasks to queue
[2023-02-28T17:48:41.495+0000] {logging_mixin.py:137} INFO - [2023-02-28T17:48:41.495+0000] {dagbag.py:538} INFO - Filling up the DagBag from /home/airflow/.local/lib/python3.7/site-packages/airflow/example_dags/example_nested_branch_dag.py
[2023-02-28T17:48:41.512+0000] {processor.py:753} INFO - DAG(s) dict_keys(['example_nested_branch_dag']) retrieved from /home/airflow/.local/lib/python3.7/site-packages/airflow/example_dags/example_nested_branch_dag.py
[2023-02-28T17:48:41.577+0000] {logging_mixin.py:137} INFO - [2023-02-28T17:48:41.577+0000] {manager.py:504} INFO - Created Permission View: can edit on DAG:example_nested_branch_dag
[2023-02-28T17:48:41.582+0000] {logging_mixin.py:137} INFO - [2023-02-28T17:48:41.581+0000] {manager.py:504} INFO - Created Permission View: can read on DAG:example_nested_branch_dag
[2023-02-28T17:48:41.584+0000] {logging_mixin.py:137} INFO - [2023-02-28T17:48:41.584+0000] {manager.py:504} INFO - Created Permission View: can delete on DAG:example_nested_branch_dag
[2023-02-28T17:48:41.585+0000] {logging_mixin.py:137} INFO - [2023-02-28T17:48:41.585+0000] {dag.py:2690} INFO - Sync 1 DAGs
[2023-02-28T17:48:41.591+0000] {logging_mixin.py:137} INFO - [2023-02-28T17:48:41.591+0000] {dag.py:2711} INFO - Creating ORM DAG for example_nested_branch_dag
[2023-02-28T17:48:41.599+0000] {logging_mixin.py:137} INFO - [2023-02-28T17:48:41.598+0000] {dag.py:3441} INFO - Setting next_dagrun for example_nested_branch_dag to 2023-02-27T00:00:00+00:00, run_after=2023-02-28T00:00:00+00:00
[2023-02-28T17:48:41.607+0000] {processor.py:175} INFO - Processing /home/airflow/.local/lib/python3.7/site-packages/airflow/example_dags/example_nested_branch_dag.py took 0.116 seconds
[2023-02-28T17:49:12.073+0000] {processor.py:153} INFO - Started process (PID=150) to work on /home/airflow/.local/lib/python3.7/site-packages/airflow/example_dags/example_nested_branch_dag.py
[2023-02-28T17:49:12.074+0000] {processor.py:743} INFO - Processing file /home/airflow/.local/lib/python3.7/site-packages/airflow/example_dags/example_nested_branch_dag.py for tasks to queue
[2023-02-28T17:49:12.075+0000] {logging_mixin.py:137} INFO - [2023-02-28T17:49:12.075+0000] {dagbag.py:538} INFO - Filling up the DagBag from /home/airflow/.local/lib/python3.7/site-packages/airflow/example_dags/example_nested_branch_dag.py
[2023-02-28T17:49:12.090+0000] {processor.py:753} INFO - DAG(s) dict_keys(['example_nested_branch_dag']) retrieved from /home/airflow/.local/lib/python3.7/site-packages/airflow/example_dags/example_nested_branch_dag.py
[2023-02-28T17:49:12.107+0000] {logging_mixin.py:137} INFO - [2023-02-28T17:49:12.107+0000] {dag.py:2690} INFO - Sync 1 DAGs
[2023-02-28T17:49:12.122+0000] {logging_mixin.py:137} INFO - [2023-02-28T17:49:12.122+0000] {dag.py:3441} INFO - Setting next_dagrun for example_nested_branch_dag to 2023-02-27T00:00:00+00:00, run_after=2023-02-28T00:00:00+00:00
[2023-02-28T17:49:12.132+0000] {processor.py:175} INFO - Processing /home/airflow/.local/lib/python3.7/site-packages/airflow/example_dags/example_nested_branch_dag.py took 0.062 seconds
[2023-02-28T17:49:42.181+0000] {processor.py:153} INFO - Started process (PID=230) to work on /home/airflow/.local/lib/python3.7/site-packages/airflow/example_dags/example_nested_branch_dag.py
[2023-02-28T17:49:42.182+0000] {processor.py:743} INFO - Processing file /home/airflow/.local/lib/python3.7/site-packages/airflow/example_dags/example_nested_branch_dag.py for tasks to queue
[2023-02-28T17:49:42.183+0000] {logging_mixin.py:137} INFO - [2023-02-28T17:49:42.183+0000] {dagbag.py:538} INFO - Filling up the DagBag from /home/airflow/.local/lib/python3.7/site-packages/airflow/example_dags/example_nested_branch_dag.py
[2023-02-28T17:49:42.199+0000] {processor.py:753} INFO - DAG(s) dict_keys(['example_nested_branch_dag']) retrieved from /home/airflow/.local/lib/python3.7/site-packages/airflow/example_dags/example_nested_branch_dag.py
[2023-02-28T17:49:42.219+0000] {logging_mixin.py:137} INFO - [2023-02-28T17:49:42.219+0000] {dag.py:2690} INFO - Sync 1 DAGs
[2023-02-28T17:49:42.234+0000] {logging_mixin.py:137} INFO - [2023-02-28T17:49:42.234+0000] {dag.py:3441} INFO - Setting next_dagrun for example_nested_branch_dag to 2023-02-27T00:00:00+00:00, run_after=2023-02-28T00:00:00+00:00
[2023-02-28T17:49:42.245+0000] {processor.py:175} INFO - Processing /home/airflow/.local/lib/python3.7/site-packages/airflow/example_dags/example_nested_branch_dag.py took 0.066 seconds
[2023-02-28T17:50:12.533+0000] {processor.py:153} INFO - Started process (PID=297) to work on /home/airflow/.local/lib/python3.7/site-packages/airflow/example_dags/example_nested_branch_dag.py
[2023-02-28T17:50:12.534+0000] {processor.py:743} INFO - Processing file /home/airflow/.local/lib/python3.7/site-packages/airflow/example_dags/example_nested_branch_dag.py for tasks to queue
[2023-02-28T17:50:12.535+0000] {logging_mixin.py:137} INFO - [2023-02-28T17:50:12.535+0000] {dagbag.py:538} INFO - Filling up the DagBag from /home/airflow/.local/lib/python3.7/site-packages/airflow/example_dags/example_nested_branch_dag.py
[2023-02-28T17:50:12.561+0000] {processor.py:753} INFO - DAG(s) dict_keys(['example_nested_branch_dag']) retrieved from /home/airflow/.local/lib/python3.7/site-packages/airflow/example_dags/example_nested_branch_dag.py
[2023-02-28T17:50:12.587+0000] {logging_mixin.py:137} INFO - [2023-02-28T17:50:12.587+0000] {dag.py:2690} INFO - Sync 1 DAGs
[2023-02-28T17:50:12.610+0000] {logging_mixin.py:137} INFO - [2023-02-28T17:50:12.610+0000] {dag.py:3441} INFO - Setting next_dagrun for example_nested_branch_dag to 2023-02-27T00:00:00+00:00, run_after=2023-02-28T00:00:00+00:00
[2023-02-28T17:50:12.626+0000] {processor.py:175} INFO - Processing /home/airflow/.local/lib/python3.7/site-packages/airflow/example_dags/example_nested_branch_dag.py took 0.096 seconds
[2023-02-28T17:50:42.881+0000] {processor.py:153} INFO - Started process (PID=378) to work on /home/airflow/.local/lib/python3.7/site-packages/airflow/example_dags/example_nested_branch_dag.py
[2023-02-28T17:50:42.882+0000] {processor.py:743} INFO - Processing file /home/airflow/.local/lib/python3.7/site-packages/airflow/example_dags/example_nested_branch_dag.py for tasks to queue
[2023-02-28T17:50:42.882+0000] {logging_mixin.py:137} INFO - [2023-02-28T17:50:42.882+0000] {dagbag.py:538} INFO - Filling up the DagBag from /home/airflow/.local/lib/python3.7/site-packages/airflow/example_dags/example_nested_branch_dag.py
[2023-02-28T17:50:42.899+0000] {processor.py:753} INFO - DAG(s) dict_keys(['example_nested_branch_dag']) retrieved from /home/airflow/.local/lib/python3.7/site-packages/airflow/example_dags/example_nested_branch_dag.py
[2023-02-28T17:50:42.917+0000] {logging_mixin.py:137} INFO - [2023-02-28T17:50:42.917+0000] {dag.py:2690} INFO - Sync 1 DAGs
[2023-02-28T17:50:42.933+0000] {logging_mixin.py:137} INFO - [2023-02-28T17:50:42.932+0000] {dag.py:3441} INFO - Setting next_dagrun for example_nested_branch_dag to 2023-02-27T00:00:00+00:00, run_after=2023-02-28T00:00:00+00:00
[2023-02-28T17:50:42.943+0000] {processor.py:175} INFO - Processing /home/airflow/.local/lib/python3.7/site-packages/airflow/example_dags/example_nested_branch_dag.py took 0.065 seconds
[2023-02-28T17:51:45.477+0000] {processor.py:153} INFO - Started process (PID=69) to work on /home/airflow/.local/lib/python3.7/site-packages/airflow/example_dags/example_nested_branch_dag.py
[2023-02-28T17:51:45.478+0000] {processor.py:743} INFO - Processing file /home/airflow/.local/lib/python3.7/site-packages/airflow/example_dags/example_nested_branch_dag.py for tasks to queue
[2023-02-28T17:51:45.479+0000] {logging_mixin.py:137} INFO - [2023-02-28T17:51:45.479+0000] {dagbag.py:538} INFO - Filling up the DagBag from /home/airflow/.local/lib/python3.7/site-packages/airflow/example_dags/example_nested_branch_dag.py
[2023-02-28T17:51:45.513+0000] {processor.py:753} INFO - DAG(s) dict_keys(['example_nested_branch_dag']) retrieved from /home/airflow/.local/lib/python3.7/site-packages/airflow/example_dags/example_nested_branch_dag.py
[2023-02-28T17:51:45.535+0000] {logging_mixin.py:137} INFO - [2023-02-28T17:51:45.535+0000] {dag.py:2690} INFO - Sync 1 DAGs
[2023-02-28T17:51:45.558+0000] {logging_mixin.py:137} INFO - [2023-02-28T17:51:45.558+0000] {dag.py:3441} INFO - Setting next_dagrun for example_nested_branch_dag to 2023-02-27T00:00:00+00:00, run_after=2023-02-28T00:00:00+00:00
[2023-02-28T17:51:45.570+0000] {processor.py:175} INFO - Processing /home/airflow/.local/lib/python3.7/site-packages/airflow/example_dags/example_nested_branch_dag.py took 0.096 seconds
[2023-02-28T17:52:15.963+0000] {processor.py:153} INFO - Started process (PID=149) to work on /home/airflow/.local/lib/python3.7/site-packages/airflow/example_dags/example_nested_branch_dag.py
[2023-02-28T17:52:15.964+0000] {processor.py:743} INFO - Processing file /home/airflow/.local/lib/python3.7/site-packages/airflow/example_dags/example_nested_branch_dag.py for tasks to queue
[2023-02-28T17:52:15.965+0000] {logging_mixin.py:137} INFO - [2023-02-28T17:52:15.965+0000] {dagbag.py:538} INFO - Filling up the DagBag from /home/airflow/.local/lib/python3.7/site-packages/airflow/example_dags/example_nested_branch_dag.py
[2023-02-28T17:52:15.982+0000] {processor.py:753} INFO - DAG(s) dict_keys(['example_nested_branch_dag']) retrieved from /home/airflow/.local/lib/python3.7/site-packages/airflow/example_dags/example_nested_branch_dag.py
[2023-02-28T17:52:16.002+0000] {logging_mixin.py:137} INFO - [2023-02-28T17:52:16.002+0000] {dag.py:2690} INFO - Sync 1 DAGs
[2023-02-28T17:52:16.017+0000] {logging_mixin.py:137} INFO - [2023-02-28T17:52:16.017+0000] {dag.py:3441} INFO - Setting next_dagrun for example_nested_branch_dag to 2023-02-27T00:00:00+00:00, run_after=2023-02-28T00:00:00+00:00
[2023-02-28T17:52:16.028+0000] {processor.py:175} INFO - Processing /home/airflow/.local/lib/python3.7/site-packages/airflow/example_dags/example_nested_branch_dag.py took 0.069 seconds
[2023-02-28T17:52:46.081+0000] {processor.py:153} INFO - Started process (PID=216) to work on /home/airflow/.local/lib/python3.7/site-packages/airflow/example_dags/example_nested_branch_dag.py
[2023-02-28T17:52:46.082+0000] {processor.py:743} INFO - Processing file /home/airflow/.local/lib/python3.7/site-packages/airflow/example_dags/example_nested_branch_dag.py for tasks to queue
[2023-02-28T17:52:46.083+0000] {logging_mixin.py:137} INFO - [2023-02-28T17:52:46.083+0000] {dagbag.py:538} INFO - Filling up the DagBag from /home/airflow/.local/lib/python3.7/site-packages/airflow/example_dags/example_nested_branch_dag.py
[2023-02-28T17:52:46.097+0000] {processor.py:753} INFO - DAG(s) dict_keys(['example_nested_branch_dag']) retrieved from /home/airflow/.local/lib/python3.7/site-packages/airflow/example_dags/example_nested_branch_dag.py
[2023-02-28T17:52:46.114+0000] {logging_mixin.py:137} INFO - [2023-02-28T17:52:46.114+0000] {dag.py:2690} INFO - Sync 1 DAGs
[2023-02-28T17:52:46.127+0000] {logging_mixin.py:137} INFO - [2023-02-28T17:52:46.127+0000] {dag.py:3441} INFO - Setting next_dagrun for example_nested_branch_dag to 2023-02-27T00:00:00+00:00, run_after=2023-02-28T00:00:00+00:00
[2023-02-28T17:52:46.136+0000] {processor.py:175} INFO - Processing /home/airflow/.local/lib/python3.7/site-packages/airflow/example_dags/example_nested_branch_dag.py took 0.057 seconds
[2023-02-28T17:53:16.225+0000] {processor.py:153} INFO - Started process (PID=296) to work on /home/airflow/.local/lib/python3.7/site-packages/airflow/example_dags/example_nested_branch_dag.py
[2023-02-28T17:53:16.226+0000] {processor.py:743} INFO - Processing file /home/airflow/.local/lib/python3.7/site-packages/airflow/example_dags/example_nested_branch_dag.py for tasks to queue
[2023-02-28T17:53:16.226+0000] {logging_mixin.py:137} INFO - [2023-02-28T17:53:16.226+0000] {dagbag.py:538} INFO - Filling up the DagBag from /home/airflow/.local/lib/python3.7/site-packages/airflow/example_dags/example_nested_branch_dag.py
[2023-02-28T17:53:16.241+0000] {processor.py:753} INFO - DAG(s) dict_keys(['example_nested_branch_dag']) retrieved from /home/airflow/.local/lib/python3.7/site-packages/airflow/example_dags/example_nested_branch_dag.py
[2023-02-28T17:53:16.258+0000] {logging_mixin.py:137} INFO - [2023-02-28T17:53:16.258+0000] {dag.py:2690} INFO - Sync 1 DAGs
[2023-02-28T17:53:16.272+0000] {logging_mixin.py:137} INFO - [2023-02-28T17:53:16.272+0000] {dag.py:3441} INFO - Setting next_dagrun for example_nested_branch_dag to 2023-02-27T00:00:00+00:00, run_after=2023-02-28T00:00:00+00:00
[2023-02-28T17:53:16.281+0000] {processor.py:175} INFO - Processing /home/airflow/.local/lib/python3.7/site-packages/airflow/example_dags/example_nested_branch_dag.py took 0.058 seconds
[2023-02-28T17:53:47.128+0000] {processor.py:153} INFO - Started process (PID=376) to work on /home/airflow/.local/lib/python3.7/site-packages/airflow/example_dags/example_nested_branch_dag.py
[2023-02-28T17:53:47.129+0000] {processor.py:743} INFO - Processing file /home/airflow/.local/lib/python3.7/site-packages/airflow/example_dags/example_nested_branch_dag.py for tasks to queue
[2023-02-28T17:53:47.130+0000] {logging_mixin.py:137} INFO - [2023-02-28T17:53:47.130+0000] {dagbag.py:538} INFO - Filling up the DagBag from /home/airflow/.local/lib/python3.7/site-packages/airflow/example_dags/example_nested_branch_dag.py
[2023-02-28T17:53:47.144+0000] {processor.py:753} INFO - DAG(s) dict_keys(['example_nested_branch_dag']) retrieved from /home/airflow/.local/lib/python3.7/site-packages/airflow/example_dags/example_nested_branch_dag.py
[2023-02-28T17:53:47.161+0000] {logging_mixin.py:137} INFO - [2023-02-28T17:53:47.161+0000] {dag.py:2690} INFO - Sync 1 DAGs
[2023-02-28T17:53:47.174+0000] {logging_mixin.py:137} INFO - [2023-02-28T17:53:47.174+0000] {dag.py:3441} INFO - Setting next_dagrun for example_nested_branch_dag to 2023-02-27T00:00:00+00:00, run_after=2023-02-28T00:00:00+00:00
[2023-02-28T17:53:47.184+0000] {processor.py:175} INFO - Processing /home/airflow/.local/lib/python3.7/site-packages/airflow/example_dags/example_nested_branch_dag.py took 0.058 seconds
[2023-02-28T17:54:18.175+0000] {processor.py:153} INFO - Started process (PID=456) to work on /home/airflow/.local/lib/python3.7/site-packages/airflow/example_dags/example_nested_branch_dag.py
[2023-02-28T17:54:18.176+0000] {processor.py:743} INFO - Processing file /home/airflow/.local/lib/python3.7/site-packages/airflow/example_dags/example_nested_branch_dag.py for tasks to queue
[2023-02-28T17:54:18.177+0000] {logging_mixin.py:137} INFO - [2023-02-28T17:54:18.177+0000] {dagbag.py:538} INFO - Filling up the DagBag from /home/airflow/.local/lib/python3.7/site-packages/airflow/example_dags/example_nested_branch_dag.py
[2023-02-28T17:54:18.190+0000] {processor.py:753} INFO - DAG(s) dict_keys(['example_nested_branch_dag']) retrieved from /home/airflow/.local/lib/python3.7/site-packages/airflow/example_dags/example_nested_branch_dag.py
[2023-02-28T17:54:18.207+0000] {logging_mixin.py:137} INFO - [2023-02-28T17:54:18.207+0000] {dag.py:2690} INFO - Sync 1 DAGs
[2023-02-28T17:54:18.221+0000] {logging_mixin.py:137} INFO - [2023-02-28T17:54:18.221+0000] {dag.py:3441} INFO - Setting next_dagrun for example_nested_branch_dag to 2023-02-27T00:00:00+00:00, run_after=2023-02-28T00:00:00+00:00
[2023-02-28T17:54:18.231+0000] {processor.py:175} INFO - Processing /home/airflow/.local/lib/python3.7/site-packages/airflow/example_dags/example_nested_branch_dag.py took 0.058 seconds
[2023-02-28T17:54:49.418+0000] {processor.py:153} INFO - Started process (PID=523) to work on /home/airflow/.local/lib/python3.7/site-packages/airflow/example_dags/example_nested_branch_dag.py
[2023-02-28T17:54:49.419+0000] {processor.py:743} INFO - Processing file /home/airflow/.local/lib/python3.7/site-packages/airflow/example_dags/example_nested_branch_dag.py for tasks to queue
[2023-02-28T17:54:49.420+0000] {logging_mixin.py:137} INFO - [2023-02-28T17:54:49.420+0000] {dagbag.py:538} INFO - Filling up the DagBag from /home/airflow/.local/lib/python3.7/site-packages/airflow/example_dags/example_nested_branch_dag.py
[2023-02-28T17:54:49.434+0000] {processor.py:753} INFO - DAG(s) dict_keys(['example_nested_branch_dag']) retrieved from /home/airflow/.local/lib/python3.7/site-packages/airflow/example_dags/example_nested_branch_dag.py
[2023-02-28T17:54:49.452+0000] {logging_mixin.py:137} INFO - [2023-02-28T17:54:49.452+0000] {dag.py:2690} INFO - Sync 1 DAGs
[2023-02-28T17:54:49.465+0000] {logging_mixin.py:137} INFO - [2023-02-28T17:54:49.465+0000] {dag.py:3441} INFO - Setting next_dagrun for example_nested_branch_dag to 2023-02-27T00:00:00+00:00, run_after=2023-02-28T00:00:00+00:00
[2023-02-28T17:54:49.475+0000] {processor.py:175} INFO - Processing /home/airflow/.local/lib/python3.7/site-packages/airflow/example_dags/example_nested_branch_dag.py took 0.059 seconds
[2023-02-28T17:55:19.496+0000] {processor.py:153} INFO - Started process (PID=602) to work on /home/airflow/.local/lib/python3.7/site-packages/airflow/example_dags/example_nested_branch_dag.py
[2023-02-28T17:55:19.497+0000] {processor.py:743} INFO - Processing file /home/airflow/.local/lib/python3.7/site-packages/airflow/example_dags/example_nested_branch_dag.py for tasks to queue
[2023-02-28T17:55:19.497+0000] {logging_mixin.py:137} INFO - [2023-02-28T17:55:19.497+0000] {dagbag.py:538} INFO - Filling up the DagBag from /home/airflow/.local/lib/python3.7/site-packages/airflow/example_dags/example_nested_branch_dag.py
[2023-02-28T17:55:19.511+0000] {processor.py:753} INFO - DAG(s) dict_keys(['example_nested_branch_dag']) retrieved from /home/airflow/.local/lib/python3.7/site-packages/airflow/example_dags/example_nested_branch_dag.py
[2023-02-28T17:55:19.528+0000] {logging_mixin.py:137} INFO - [2023-02-28T17:55:19.528+0000] {dag.py:2690} INFO - Sync 1 DAGs
[2023-02-28T17:55:19.542+0000] {logging_mixin.py:137} INFO - [2023-02-28T17:55:19.542+0000] {dag.py:3441} INFO - Setting next_dagrun for example_nested_branch_dag to 2023-02-27T00:00:00+00:00, run_after=2023-02-28T00:00:00+00:00
[2023-02-28T17:55:19.551+0000] {processor.py:175} INFO - Processing /home/airflow/.local/lib/python3.7/site-packages/airflow/example_dags/example_nested_branch_dag.py took 0.058 seconds
[2023-02-28T17:55:49.723+0000] {processor.py:153} INFO - Started process (PID=682) to work on /home/airflow/.local/lib/python3.7/site-packages/airflow/example_dags/example_nested_branch_dag.py
[2023-02-28T17:55:49.724+0000] {processor.py:743} INFO - Processing file /home/airflow/.local/lib/python3.7/site-packages/airflow/example_dags/example_nested_branch_dag.py for tasks to queue
[2023-02-28T17:55:49.725+0000] {logging_mixin.py:137} INFO - [2023-02-28T17:55:49.724+0000] {dagbag.py:538} INFO - Filling up the DagBag from /home/airflow/.local/lib/python3.7/site-packages/airflow/example_dags/example_nested_branch_dag.py
[2023-02-28T17:55:49.738+0000] {processor.py:753} INFO - DAG(s) dict_keys(['example_nested_branch_dag']) retrieved from /home/airflow/.local/lib/python3.7/site-packages/airflow/example_dags/example_nested_branch_dag.py
[2023-02-28T17:55:49.754+0000] {logging_mixin.py:137} INFO - [2023-02-28T17:55:49.754+0000] {dag.py:2690} INFO - Sync 1 DAGs
[2023-02-28T17:55:49.767+0000] {logging_mixin.py:137} INFO - [2023-02-28T17:55:49.767+0000] {dag.py:3441} INFO - Setting next_dagrun for example_nested_branch_dag to 2023-02-27T00:00:00+00:00, run_after=2023-02-28T00:00:00+00:00
[2023-02-28T17:55:49.776+0000] {processor.py:175} INFO - Processing /home/airflow/.local/lib/python3.7/site-packages/airflow/example_dags/example_nested_branch_dag.py took 0.056 seconds
[2023-02-28T17:56:20.772+0000] {processor.py:153} INFO - Started process (PID=762) to work on /home/airflow/.local/lib/python3.7/site-packages/airflow/example_dags/example_nested_branch_dag.py
[2023-02-28T17:56:20.773+0000] {processor.py:743} INFO - Processing file /home/airflow/.local/lib/python3.7/site-packages/airflow/example_dags/example_nested_branch_dag.py for tasks to queue
[2023-02-28T17:56:20.774+0000] {logging_mixin.py:137} INFO - [2023-02-28T17:56:20.774+0000] {dagbag.py:538} INFO - Filling up the DagBag from /home/airflow/.local/lib/python3.7/site-packages/airflow/example_dags/example_nested_branch_dag.py
[2023-02-28T17:56:20.789+0000] {processor.py:753} INFO - DAG(s) dict_keys(['example_nested_branch_dag']) retrieved from /home/airflow/.local/lib/python3.7/site-packages/airflow/example_dags/example_nested_branch_dag.py
[2023-02-28T17:56:20.809+0000] {logging_mixin.py:137} INFO - [2023-02-28T17:56:20.809+0000] {dag.py:2690} INFO - Sync 1 DAGs
[2023-02-28T17:56:20.822+0000] {logging_mixin.py:137} INFO - [2023-02-28T17:56:20.822+0000] {dag.py:3441} INFO - Setting next_dagrun for example_nested_branch_dag to 2023-02-27T00:00:00+00:00, run_after=2023-02-28T00:00:00+00:00
[2023-02-28T17:56:20.831+0000] {processor.py:175} INFO - Processing /home/airflow/.local/lib/python3.7/site-packages/airflow/example_dags/example_nested_branch_dag.py took 0.061 seconds
[2023-02-28T17:56:50.886+0000] {processor.py:153} INFO - Started process (PID=829) to work on /home/airflow/.local/lib/python3.7/site-packages/airflow/example_dags/example_nested_branch_dag.py
[2023-02-28T17:56:50.887+0000] {processor.py:743} INFO - Processing file /home/airflow/.local/lib/python3.7/site-packages/airflow/example_dags/example_nested_branch_dag.py for tasks to queue
[2023-02-28T17:56:50.888+0000] {logging_mixin.py:137} INFO - [2023-02-28T17:56:50.888+0000] {dagbag.py:538} INFO - Filling up the DagBag from /home/airflow/.local/lib/python3.7/site-packages/airflow/example_dags/example_nested_branch_dag.py
[2023-02-28T17:56:50.902+0000] {processor.py:753} INFO - DAG(s) dict_keys(['example_nested_branch_dag']) retrieved from /home/airflow/.local/lib/python3.7/site-packages/airflow/example_dags/example_nested_branch_dag.py
[2023-02-28T17:56:50.918+0000] {logging_mixin.py:137} INFO - [2023-02-28T17:56:50.918+0000] {dag.py:2690} INFO - Sync 1 DAGs
[2023-02-28T17:56:50.932+0000] {logging_mixin.py:137} INFO - [2023-02-28T17:56:50.932+0000] {dag.py:3441} INFO - Setting next_dagrun for example_nested_branch_dag to 2023-02-27T00:00:00+00:00, run_after=2023-02-28T00:00:00+00:00
[2023-02-28T17:56:50.941+0000] {processor.py:175} INFO - Processing /home/airflow/.local/lib/python3.7/site-packages/airflow/example_dags/example_nested_branch_dag.py took 0.057 seconds
[2023-02-28T17:57:21.163+0000] {processor.py:153} INFO - Started process (PID=909) to work on /home/airflow/.local/lib/python3.7/site-packages/airflow/example_dags/example_nested_branch_dag.py
[2023-02-28T17:57:21.164+0000] {processor.py:743} INFO - Processing file /home/airflow/.local/lib/python3.7/site-packages/airflow/example_dags/example_nested_branch_dag.py for tasks to queue
[2023-02-28T17:57:21.165+0000] {logging_mixin.py:137} INFO - [2023-02-28T17:57:21.165+0000] {dagbag.py:538} INFO - Filling up the DagBag from /home/airflow/.local/lib/python3.7/site-packages/airflow/example_dags/example_nested_branch_dag.py
[2023-02-28T17:57:21.179+0000] {processor.py:753} INFO - DAG(s) dict_keys(['example_nested_branch_dag']) retrieved from /home/airflow/.local/lib/python3.7/site-packages/airflow/example_dags/example_nested_branch_dag.py
[2023-02-28T17:57:21.197+0000] {logging_mixin.py:137} INFO - [2023-02-28T17:57:21.196+0000] {dag.py:2690} INFO - Sync 1 DAGs
[2023-02-28T17:57:21.210+0000] {logging_mixin.py:137} INFO - [2023-02-28T17:57:21.210+0000] {dag.py:3441} INFO - Setting next_dagrun for example_nested_branch_dag to 2023-02-27T00:00:00+00:00, run_after=2023-02-28T00:00:00+00:00
[2023-02-28T17:57:21.219+0000] {processor.py:175} INFO - Processing /home/airflow/.local/lib/python3.7/site-packages/airflow/example_dags/example_nested_branch_dag.py took 0.058 seconds
[2023-02-28T17:57:51.427+0000] {processor.py:153} INFO - Started process (PID=989) to work on /home/airflow/.local/lib/python3.7/site-packages/airflow/example_dags/example_nested_branch_dag.py
[2023-02-28T17:57:51.428+0000] {processor.py:743} INFO - Processing file /home/airflow/.local/lib/python3.7/site-packages/airflow/example_dags/example_nested_branch_dag.py for tasks to queue
[2023-02-28T17:57:51.429+0000] {logging_mixin.py:137} INFO - [2023-02-28T17:57:51.429+0000] {dagbag.py:538} INFO - Filling up the DagBag from /home/airflow/.local/lib/python3.7/site-packages/airflow/example_dags/example_nested_branch_dag.py
[2023-02-28T17:57:51.442+0000] {processor.py:753} INFO - DAG(s) dict_keys(['example_nested_branch_dag']) retrieved from /home/airflow/.local/lib/python3.7/site-packages/airflow/example_dags/example_nested_branch_dag.py
[2023-02-28T17:57:51.460+0000] {logging_mixin.py:137} INFO - [2023-02-28T17:57:51.460+0000] {dag.py:2690} INFO - Sync 1 DAGs
[2023-02-28T17:57:51.473+0000] {logging_mixin.py:137} INFO - [2023-02-28T17:57:51.473+0000] {dag.py:3441} INFO - Setting next_dagrun for example_nested_branch_dag to 2023-02-27T00:00:00+00:00, run_after=2023-02-28T00:00:00+00:00
[2023-02-28T17:57:51.482+0000] {processor.py:175} INFO - Processing /home/airflow/.local/lib/python3.7/site-packages/airflow/example_dags/example_nested_branch_dag.py took 0.057 seconds
[2023-02-28T17:58:22.595+0000] {processor.py:153} INFO - Started process (PID=1065) to work on /home/airflow/.local/lib/python3.7/site-packages/airflow/example_dags/example_nested_branch_dag.py
[2023-02-28T17:58:22.596+0000] {processor.py:743} INFO - Processing file /home/airflow/.local/lib/python3.7/site-packages/airflow/example_dags/example_nested_branch_dag.py for tasks to queue
[2023-02-28T17:58:22.597+0000] {logging_mixin.py:137} INFO - [2023-02-28T17:58:22.597+0000] {dagbag.py:538} INFO - Filling up the DagBag from /home/airflow/.local/lib/python3.7/site-packages/airflow/example_dags/example_nested_branch_dag.py
[2023-02-28T17:58:22.610+0000] {processor.py:753} INFO - DAG(s) dict_keys(['example_nested_branch_dag']) retrieved from /home/airflow/.local/lib/python3.7/site-packages/airflow/example_dags/example_nested_branch_dag.py
[2023-02-28T17:58:22.627+0000] {logging_mixin.py:137} INFO - [2023-02-28T17:58:22.627+0000] {dag.py:2690} INFO - Sync 1 DAGs
[2023-02-28T17:58:22.640+0000] {logging_mixin.py:137} INFO - [2023-02-28T17:58:22.640+0000] {dag.py:3441} INFO - Setting next_dagrun for example_nested_branch_dag to 2023-02-27T00:00:00+00:00, run_after=2023-02-28T00:00:00+00:00
[2023-02-28T17:58:22.652+0000] {processor.py:175} INFO - Processing /home/airflow/.local/lib/python3.7/site-packages/airflow/example_dags/example_nested_branch_dag.py took 0.059 seconds
[2023-02-28T17:58:52.850+0000] {processor.py:153} INFO - Started process (PID=1136) to work on /home/airflow/.local/lib/python3.7/site-packages/airflow/example_dags/example_nested_branch_dag.py
[2023-02-28T17:58:52.851+0000] {processor.py:743} INFO - Processing file /home/airflow/.local/lib/python3.7/site-packages/airflow/example_dags/example_nested_branch_dag.py for tasks to queue
[2023-02-28T17:58:52.851+0000] {logging_mixin.py:137} INFO - [2023-02-28T17:58:52.851+0000] {dagbag.py:538} INFO - Filling up the DagBag from /home/airflow/.local/lib/python3.7/site-packages/airflow/example_dags/example_nested_branch_dag.py
[2023-02-28T17:58:52.865+0000] {processor.py:753} INFO - DAG(s) dict_keys(['example_nested_branch_dag']) retrieved from /home/airflow/.local/lib/python3.7/site-packages/airflow/example_dags/example_nested_branch_dag.py
[2023-02-28T17:58:52.882+0000] {logging_mixin.py:137} INFO - [2023-02-28T17:58:52.882+0000] {dag.py:2690} INFO - Sync 1 DAGs
[2023-02-28T17:58:52.896+0000] {logging_mixin.py:137} INFO - [2023-02-28T17:58:52.896+0000] {dag.py:3441} INFO - Setting next_dagrun for example_nested_branch_dag to 2023-02-27T00:00:00+00:00, run_after=2023-02-28T00:00:00+00:00
[2023-02-28T17:58:52.906+0000] {processor.py:175} INFO - Processing /home/airflow/.local/lib/python3.7/site-packages/airflow/example_dags/example_nested_branch_dag.py took 0.058 seconds
[2023-02-28T17:59:23.135+0000] {processor.py:153} INFO - Started process (PID=1216) to work on /home/airflow/.local/lib/python3.7/site-packages/airflow/example_dags/example_nested_branch_dag.py
[2023-02-28T17:59:23.137+0000] {processor.py:743} INFO - Processing file /home/airflow/.local/lib/python3.7/site-packages/airflow/example_dags/example_nested_branch_dag.py for tasks to queue
[2023-02-28T17:59:23.138+0000] {logging_mixin.py:137} INFO - [2023-02-28T17:59:23.138+0000] {dagbag.py:538} INFO - Filling up the DagBag from /home/airflow/.local/lib/python3.7/site-packages/airflow/example_dags/example_nested_branch_dag.py
[2023-02-28T17:59:23.151+0000] {processor.py:753} INFO - DAG(s) dict_keys(['example_nested_branch_dag']) retrieved from /home/airflow/.local/lib/python3.7/site-packages/airflow/example_dags/example_nested_branch_dag.py
[2023-02-28T17:59:23.169+0000] {logging_mixin.py:137} INFO - [2023-02-28T17:59:23.169+0000] {dag.py:2690} INFO - Sync 1 DAGs
[2023-02-28T17:59:23.183+0000] {logging_mixin.py:137} INFO - [2023-02-28T17:59:23.183+0000] {dag.py:3441} INFO - Setting next_dagrun for example_nested_branch_dag to 2023-02-27T00:00:00+00:00, run_after=2023-02-28T00:00:00+00:00
[2023-02-28T17:59:23.192+0000] {processor.py:175} INFO - Processing /home/airflow/.local/lib/python3.7/site-packages/airflow/example_dags/example_nested_branch_dag.py took 0.058 seconds
[2023-02-28T17:59:53.405+0000] {processor.py:153} INFO - Started process (PID=1297) to work on /home/airflow/.local/lib/python3.7/site-packages/airflow/example_dags/example_nested_branch_dag.py
[2023-02-28T17:59:53.406+0000] {processor.py:743} INFO - Processing file /home/airflow/.local/lib/python3.7/site-packages/airflow/example_dags/example_nested_branch_dag.py for tasks to queue
[2023-02-28T17:59:53.407+0000] {logging_mixin.py:137} INFO - [2023-02-28T17:59:53.407+0000] {dagbag.py:538} INFO - Filling up the DagBag from /home/airflow/.local/lib/python3.7/site-packages/airflow/example_dags/example_nested_branch_dag.py
[2023-02-28T17:59:53.420+0000] {processor.py:753} INFO - DAG(s) dict_keys(['example_nested_branch_dag']) retrieved from /home/airflow/.local/lib/python3.7/site-packages/airflow/example_dags/example_nested_branch_dag.py
[2023-02-28T17:59:53.438+0000] {logging_mixin.py:137} INFO - [2023-02-28T17:59:53.438+0000] {dag.py:2690} INFO - Sync 1 DAGs
[2023-02-28T17:59:53.451+0000] {logging_mixin.py:137} INFO - [2023-02-28T17:59:53.450+0000] {dag.py:3441} INFO - Setting next_dagrun for example_nested_branch_dag to 2023-02-27T00:00:00+00:00, run_after=2023-02-28T00:00:00+00:00
[2023-02-28T17:59:53.460+0000] {processor.py:175} INFO - Processing /home/airflow/.local/lib/python3.7/site-packages/airflow/example_dags/example_nested_branch_dag.py took 0.056 seconds
[2023-02-28T18:00:23.541+0000] {processor.py:153} INFO - Started process (PID=1363) to work on /home/airflow/.local/lib/python3.7/site-packages/airflow/example_dags/example_nested_branch_dag.py
[2023-02-28T18:00:23.542+0000] {processor.py:743} INFO - Processing file /home/airflow/.local/lib/python3.7/site-packages/airflow/example_dags/example_nested_branch_dag.py for tasks to queue
[2023-02-28T18:00:23.543+0000] {logging_mixin.py:137} INFO - [2023-02-28T18:00:23.543+0000] {dagbag.py:538} INFO - Filling up the DagBag from /home/airflow/.local/lib/python3.7/site-packages/airflow/example_dags/example_nested_branch_dag.py
[2023-02-28T18:00:23.557+0000] {processor.py:753} INFO - DAG(s) dict_keys(['example_nested_branch_dag']) retrieved from /home/airflow/.local/lib/python3.7/site-packages/airflow/example_dags/example_nested_branch_dag.py
[2023-02-28T18:00:23.574+0000] {logging_mixin.py:137} INFO - [2023-02-28T18:00:23.574+0000] {dag.py:2690} INFO - Sync 1 DAGs
[2023-02-28T18:00:23.587+0000] {logging_mixin.py:137} INFO - [2023-02-28T18:00:23.587+0000] {dag.py:3441} INFO - Setting next_dagrun for example_nested_branch_dag to 2023-02-27T00:00:00+00:00, run_after=2023-02-28T00:00:00+00:00
[2023-02-28T18:00:23.597+0000] {processor.py:175} INFO - Processing /home/airflow/.local/lib/python3.7/site-packages/airflow/example_dags/example_nested_branch_dag.py took 0.058 seconds
[2023-02-28T18:00:53.651+0000] {processor.py:153} INFO - Started process (PID=1442) to work on /home/airflow/.local/lib/python3.7/site-packages/airflow/example_dags/example_nested_branch_dag.py
[2023-02-28T18:00:53.652+0000] {processor.py:743} INFO - Processing file /home/airflow/.local/lib/python3.7/site-packages/airflow/example_dags/example_nested_branch_dag.py for tasks to queue
[2023-02-28T18:00:53.653+0000] {logging_mixin.py:137} INFO - [2023-02-28T18:00:53.653+0000] {dagbag.py:538} INFO - Filling up the DagBag from /home/airflow/.local/lib/python3.7/site-packages/airflow/example_dags/example_nested_branch_dag.py
[2023-02-28T18:00:53.666+0000] {processor.py:753} INFO - DAG(s) dict_keys(['example_nested_branch_dag']) retrieved from /home/airflow/.local/lib/python3.7/site-packages/airflow/example_dags/example_nested_branch_dag.py
[2023-02-28T18:00:53.682+0000] {logging_mixin.py:137} INFO - [2023-02-28T18:00:53.682+0000] {dag.py:2690} INFO - Sync 1 DAGs
[2023-02-28T18:00:53.696+0000] {logging_mixin.py:137} INFO - [2023-02-28T18:00:53.696+0000] {dag.py:3441} INFO - Setting next_dagrun for example_nested_branch_dag to 2023-02-27T00:00:00+00:00, run_after=2023-02-28T00:00:00+00:00
[2023-02-28T18:00:53.705+0000] {processor.py:175} INFO - Processing /home/airflow/.local/lib/python3.7/site-packages/airflow/example_dags/example_nested_branch_dag.py took 0.056 seconds
[2023-02-28T18:01:24.250+0000] {processor.py:153} INFO - Started process (PID=1522) to work on /home/airflow/.local/lib/python3.7/site-packages/airflow/example_dags/example_nested_branch_dag.py
[2023-02-28T18:01:24.251+0000] {processor.py:743} INFO - Processing file /home/airflow/.local/lib/python3.7/site-packages/airflow/example_dags/example_nested_branch_dag.py for tasks to queue
[2023-02-28T18:01:24.251+0000] {logging_mixin.py:137} INFO - [2023-02-28T18:01:24.251+0000] {dagbag.py:538} INFO - Filling up the DagBag from /home/airflow/.local/lib/python3.7/site-packages/airflow/example_dags/example_nested_branch_dag.py
[2023-02-28T18:01:24.265+0000] {processor.py:753} INFO - DAG(s) dict_keys(['example_nested_branch_dag']) retrieved from /home/airflow/.local/lib/python3.7/site-packages/airflow/example_dags/example_nested_branch_dag.py
[2023-02-28T18:01:24.283+0000] {logging_mixin.py:137} INFO - [2023-02-28T18:01:24.283+0000] {dag.py:2690} INFO - Sync 1 DAGs
[2023-02-28T18:01:24.297+0000] {logging_mixin.py:137} INFO - [2023-02-28T18:01:24.296+0000] {dag.py:3441} INFO - Setting next_dagrun for example_nested_branch_dag to 2023-02-27T00:00:00+00:00, run_after=2023-02-28T00:00:00+00:00
[2023-02-28T18:01:24.305+0000] {processor.py:175} INFO - Processing /home/airflow/.local/lib/python3.7/site-packages/airflow/example_dags/example_nested_branch_dag.py took 0.058 seconds
