[2023-02-28T17:48:41.090+0000] {processor.py:153} INFO - Started process (PID=64) to work on /home/airflow/.local/lib/python3.7/site-packages/airflow/example_dags/example_branch_python_dop_operator_3.py
[2023-02-28T17:48:41.091+0000] {processor.py:743} INFO - Processing file /home/airflow/.local/lib/python3.7/site-packages/airflow/example_dags/example_branch_python_dop_operator_3.py for tasks to queue
[2023-02-28T17:48:41.092+0000] {logging_mixin.py:137} INFO - [2023-02-28T17:48:41.092+0000] {dagbag.py:538} INFO - Filling up the DagBag from /home/airflow/.local/lib/python3.7/site-packages/airflow/example_dags/example_branch_python_dop_operator_3.py
[2023-02-28T17:48:41.109+0000] {processor.py:753} INFO - DAG(s) dict_keys(['example_branch_dop_operator_v3']) retrieved from /home/airflow/.local/lib/python3.7/site-packages/airflow/example_dags/example_branch_python_dop_operator_3.py
[2023-02-28T17:48:41.178+0000] {logging_mixin.py:137} INFO - [2023-02-28T17:48:41.178+0000] {manager.py:504} INFO - Created Permission View: can edit on DAG:example_branch_dop_operator_v3
[2023-02-28T17:48:41.183+0000] {logging_mixin.py:137} INFO - [2023-02-28T17:48:41.183+0000] {manager.py:504} INFO - Created Permission View: can read on DAG:example_branch_dop_operator_v3
[2023-02-28T17:48:41.186+0000] {logging_mixin.py:137} INFO - [2023-02-28T17:48:41.186+0000] {manager.py:504} INFO - Created Permission View: can delete on DAG:example_branch_dop_operator_v3
[2023-02-28T17:48:41.186+0000] {logging_mixin.py:137} INFO - [2023-02-28T17:48:41.186+0000] {dag.py:2690} INFO - Sync 1 DAGs
[2023-02-28T17:48:41.193+0000] {logging_mixin.py:137} INFO - [2023-02-28T17:48:41.193+0000] {dag.py:2711} INFO - Creating ORM DAG for example_branch_dop_operator_v3
[2023-02-28T17:48:41.202+0000] {logging_mixin.py:137} INFO - [2023-02-28T17:48:41.202+0000] {dag.py:3441} INFO - Setting next_dagrun for example_branch_dop_operator_v3 to 2023-02-28T17:47:00+00:00, run_after=2023-02-28T17:48:00+00:00
[2023-02-28T17:48:41.213+0000] {processor.py:175} INFO - Processing /home/airflow/.local/lib/python3.7/site-packages/airflow/example_dags/example_branch_python_dop_operator_3.py took 0.126 seconds
[2023-02-28T17:49:11.856+0000] {processor.py:153} INFO - Started process (PID=145) to work on /home/airflow/.local/lib/python3.7/site-packages/airflow/example_dags/example_branch_python_dop_operator_3.py
[2023-02-28T17:49:11.857+0000] {processor.py:743} INFO - Processing file /home/airflow/.local/lib/python3.7/site-packages/airflow/example_dags/example_branch_python_dop_operator_3.py for tasks to queue
[2023-02-28T17:49:11.858+0000] {logging_mixin.py:137} INFO - [2023-02-28T17:49:11.858+0000] {dagbag.py:538} INFO - Filling up the DagBag from /home/airflow/.local/lib/python3.7/site-packages/airflow/example_dags/example_branch_python_dop_operator_3.py
[2023-02-28T17:49:11.872+0000] {processor.py:753} INFO - DAG(s) dict_keys(['example_branch_dop_operator_v3']) retrieved from /home/airflow/.local/lib/python3.7/site-packages/airflow/example_dags/example_branch_python_dop_operator_3.py
[2023-02-28T17:49:11.890+0000] {logging_mixin.py:137} INFO - [2023-02-28T17:49:11.890+0000] {dag.py:2690} INFO - Sync 1 DAGs
[2023-02-28T17:49:11.906+0000] {logging_mixin.py:137} INFO - [2023-02-28T17:49:11.906+0000] {dag.py:3441} INFO - Setting next_dagrun for example_branch_dop_operator_v3 to 2023-02-28T17:48:00+00:00, run_after=2023-02-28T17:49:00+00:00
[2023-02-28T17:49:11.917+0000] {processor.py:175} INFO - Processing /home/airflow/.local/lib/python3.7/site-packages/airflow/example_dags/example_branch_python_dop_operator_3.py took 0.063 seconds
[2023-02-28T17:49:41.961+0000] {processor.py:153} INFO - Started process (PID=225) to work on /home/airflow/.local/lib/python3.7/site-packages/airflow/example_dags/example_branch_python_dop_operator_3.py
[2023-02-28T17:49:41.962+0000] {processor.py:743} INFO - Processing file /home/airflow/.local/lib/python3.7/site-packages/airflow/example_dags/example_branch_python_dop_operator_3.py for tasks to queue
[2023-02-28T17:49:41.963+0000] {logging_mixin.py:137} INFO - [2023-02-28T17:49:41.963+0000] {dagbag.py:538} INFO - Filling up the DagBag from /home/airflow/.local/lib/python3.7/site-packages/airflow/example_dags/example_branch_python_dop_operator_3.py
[2023-02-28T17:49:41.978+0000] {processor.py:753} INFO - DAG(s) dict_keys(['example_branch_dop_operator_v3']) retrieved from /home/airflow/.local/lib/python3.7/site-packages/airflow/example_dags/example_branch_python_dop_operator_3.py
[2023-02-28T17:49:41.996+0000] {logging_mixin.py:137} INFO - [2023-02-28T17:49:41.996+0000] {dag.py:2690} INFO - Sync 1 DAGs
[2023-02-28T17:49:42.012+0000] {logging_mixin.py:137} INFO - [2023-02-28T17:49:42.012+0000] {dag.py:3441} INFO - Setting next_dagrun for example_branch_dop_operator_v3 to 2023-02-28T17:48:00+00:00, run_after=2023-02-28T17:49:00+00:00
[2023-02-28T17:49:42.021+0000] {processor.py:175} INFO - Processing /home/airflow/.local/lib/python3.7/site-packages/airflow/example_dags/example_branch_python_dop_operator_3.py took 0.062 seconds
[2023-02-28T17:50:12.285+0000] {processor.py:153} INFO - Started process (PID=292) to work on /home/airflow/.local/lib/python3.7/site-packages/airflow/example_dags/example_branch_python_dop_operator_3.py
[2023-02-28T17:50:12.287+0000] {processor.py:743} INFO - Processing file /home/airflow/.local/lib/python3.7/site-packages/airflow/example_dags/example_branch_python_dop_operator_3.py for tasks to queue
[2023-02-28T17:50:12.287+0000] {logging_mixin.py:137} INFO - [2023-02-28T17:50:12.287+0000] {dagbag.py:538} INFO - Filling up the DagBag from /home/airflow/.local/lib/python3.7/site-packages/airflow/example_dags/example_branch_python_dop_operator_3.py
[2023-02-28T17:50:12.313+0000] {processor.py:753} INFO - DAG(s) dict_keys(['example_branch_dop_operator_v3']) retrieved from /home/airflow/.local/lib/python3.7/site-packages/airflow/example_dags/example_branch_python_dop_operator_3.py
[2023-02-28T17:50:12.333+0000] {logging_mixin.py:137} INFO - [2023-02-28T17:50:12.333+0000] {dag.py:2690} INFO - Sync 1 DAGs
[2023-02-28T17:50:12.351+0000] {logging_mixin.py:137} INFO - [2023-02-28T17:50:12.351+0000] {dag.py:3441} INFO - Setting next_dagrun for example_branch_dop_operator_v3 to 2023-02-28T17:49:00+00:00, run_after=2023-02-28T17:50:00+00:00
[2023-02-28T17:50:12.364+0000] {processor.py:175} INFO - Processing /home/airflow/.local/lib/python3.7/site-packages/airflow/example_dags/example_branch_python_dop_operator_3.py took 0.082 seconds
[2023-02-28T17:50:42.686+0000] {processor.py:153} INFO - Started process (PID=373) to work on /home/airflow/.local/lib/python3.7/site-packages/airflow/example_dags/example_branch_python_dop_operator_3.py
[2023-02-28T17:50:42.687+0000] {processor.py:743} INFO - Processing file /home/airflow/.local/lib/python3.7/site-packages/airflow/example_dags/example_branch_python_dop_operator_3.py for tasks to queue
[2023-02-28T17:50:42.688+0000] {logging_mixin.py:137} INFO - [2023-02-28T17:50:42.688+0000] {dagbag.py:538} INFO - Filling up the DagBag from /home/airflow/.local/lib/python3.7/site-packages/airflow/example_dags/example_branch_python_dop_operator_3.py
[2023-02-28T17:50:42.703+0000] {processor.py:753} INFO - DAG(s) dict_keys(['example_branch_dop_operator_v3']) retrieved from /home/airflow/.local/lib/python3.7/site-packages/airflow/example_dags/example_branch_python_dop_operator_3.py
[2023-02-28T17:50:42.720+0000] {logging_mixin.py:137} INFO - [2023-02-28T17:50:42.720+0000] {dag.py:2690} INFO - Sync 1 DAGs
[2023-02-28T17:50:42.735+0000] {logging_mixin.py:137} INFO - [2023-02-28T17:50:42.735+0000] {dag.py:3441} INFO - Setting next_dagrun for example_branch_dop_operator_v3 to 2023-02-28T17:49:00+00:00, run_after=2023-02-28T17:50:00+00:00
[2023-02-28T17:50:42.745+0000] {processor.py:175} INFO - Processing /home/airflow/.local/lib/python3.7/site-packages/airflow/example_dags/example_branch_python_dop_operator_3.py took 0.061 seconds
[2023-02-28T17:51:45.229+0000] {processor.py:153} INFO - Started process (PID=64) to work on /home/airflow/.local/lib/python3.7/site-packages/airflow/example_dags/example_branch_python_dop_operator_3.py
[2023-02-28T17:51:45.230+0000] {processor.py:743} INFO - Processing file /home/airflow/.local/lib/python3.7/site-packages/airflow/example_dags/example_branch_python_dop_operator_3.py for tasks to queue
[2023-02-28T17:51:45.231+0000] {logging_mixin.py:137} INFO - [2023-02-28T17:51:45.231+0000] {dagbag.py:538} INFO - Filling up the DagBag from /home/airflow/.local/lib/python3.7/site-packages/airflow/example_dags/example_branch_python_dop_operator_3.py
[2023-02-28T17:51:45.246+0000] {processor.py:753} INFO - DAG(s) dict_keys(['example_branch_dop_operator_v3']) retrieved from /home/airflow/.local/lib/python3.7/site-packages/airflow/example_dags/example_branch_python_dop_operator_3.py
[2023-02-28T17:51:45.260+0000] {logging_mixin.py:137} INFO - [2023-02-28T17:51:45.260+0000] {dag.py:2690} INFO - Sync 1 DAGs
[2023-02-28T17:51:45.284+0000] {logging_mixin.py:137} INFO - [2023-02-28T17:51:45.284+0000] {dag.py:3441} INFO - Setting next_dagrun for example_branch_dop_operator_v3 to 2023-02-28T17:50:00+00:00, run_after=2023-02-28T17:51:00+00:00
[2023-02-28T17:51:45.303+0000] {processor.py:175} INFO - Processing /home/airflow/.local/lib/python3.7/site-packages/airflow/example_dags/example_branch_python_dop_operator_3.py took 0.077 seconds
[2023-02-28T17:52:15.609+0000] {processor.py:153} INFO - Started process (PID=144) to work on /home/airflow/.local/lib/python3.7/site-packages/airflow/example_dags/example_branch_python_dop_operator_3.py
[2023-02-28T17:52:15.610+0000] {processor.py:743} INFO - Processing file /home/airflow/.local/lib/python3.7/site-packages/airflow/example_dags/example_branch_python_dop_operator_3.py for tasks to queue
[2023-02-28T17:52:15.610+0000] {logging_mixin.py:137} INFO - [2023-02-28T17:52:15.610+0000] {dagbag.py:538} INFO - Filling up the DagBag from /home/airflow/.local/lib/python3.7/site-packages/airflow/example_dags/example_branch_python_dop_operator_3.py
[2023-02-28T17:52:15.624+0000] {processor.py:753} INFO - DAG(s) dict_keys(['example_branch_dop_operator_v3']) retrieved from /home/airflow/.local/lib/python3.7/site-packages/airflow/example_dags/example_branch_python_dop_operator_3.py
[2023-02-28T17:52:15.641+0000] {logging_mixin.py:137} INFO - [2023-02-28T17:52:15.641+0000] {dag.py:2690} INFO - Sync 1 DAGs
[2023-02-28T17:52:15.655+0000] {logging_mixin.py:137} INFO - [2023-02-28T17:52:15.655+0000] {dag.py:3441} INFO - Setting next_dagrun for example_branch_dop_operator_v3 to 2023-02-28T17:51:00+00:00, run_after=2023-02-28T17:52:00+00:00
[2023-02-28T17:52:15.665+0000] {processor.py:175} INFO - Processing /home/airflow/.local/lib/python3.7/site-packages/airflow/example_dags/example_branch_python_dop_operator_3.py took 0.058 seconds
[2023-02-28T17:52:45.849+0000] {processor.py:153} INFO - Started process (PID=211) to work on /home/airflow/.local/lib/python3.7/site-packages/airflow/example_dags/example_branch_python_dop_operator_3.py
[2023-02-28T17:52:45.851+0000] {processor.py:743} INFO - Processing file /home/airflow/.local/lib/python3.7/site-packages/airflow/example_dags/example_branch_python_dop_operator_3.py for tasks to queue
[2023-02-28T17:52:45.851+0000] {logging_mixin.py:137} INFO - [2023-02-28T17:52:45.851+0000] {dagbag.py:538} INFO - Filling up the DagBag from /home/airflow/.local/lib/python3.7/site-packages/airflow/example_dags/example_branch_python_dop_operator_3.py
[2023-02-28T17:52:45.865+0000] {processor.py:753} INFO - DAG(s) dict_keys(['example_branch_dop_operator_v3']) retrieved from /home/airflow/.local/lib/python3.7/site-packages/airflow/example_dags/example_branch_python_dop_operator_3.py
[2023-02-28T17:52:45.882+0000] {logging_mixin.py:137} INFO - [2023-02-28T17:52:45.882+0000] {dag.py:2690} INFO - Sync 1 DAGs
[2023-02-28T17:52:45.897+0000] {logging_mixin.py:137} INFO - [2023-02-28T17:52:45.897+0000] {dag.py:3441} INFO - Setting next_dagrun for example_branch_dop_operator_v3 to 2023-02-28T17:51:00+00:00, run_after=2023-02-28T17:52:00+00:00
[2023-02-28T17:52:45.905+0000] {processor.py:175} INFO - Processing /home/airflow/.local/lib/python3.7/site-packages/airflow/example_dags/example_branch_python_dop_operator_3.py took 0.059 seconds
[2023-02-28T17:53:16.026+0000] {processor.py:153} INFO - Started process (PID=291) to work on /home/airflow/.local/lib/python3.7/site-packages/airflow/example_dags/example_branch_python_dop_operator_3.py
[2023-02-28T17:53:16.027+0000] {processor.py:743} INFO - Processing file /home/airflow/.local/lib/python3.7/site-packages/airflow/example_dags/example_branch_python_dop_operator_3.py for tasks to queue
[2023-02-28T17:53:16.028+0000] {logging_mixin.py:137} INFO - [2023-02-28T17:53:16.028+0000] {dagbag.py:538} INFO - Filling up the DagBag from /home/airflow/.local/lib/python3.7/site-packages/airflow/example_dags/example_branch_python_dop_operator_3.py
[2023-02-28T17:53:16.041+0000] {processor.py:753} INFO - DAG(s) dict_keys(['example_branch_dop_operator_v3']) retrieved from /home/airflow/.local/lib/python3.7/site-packages/airflow/example_dags/example_branch_python_dop_operator_3.py
[2023-02-28T17:53:16.058+0000] {logging_mixin.py:137} INFO - [2023-02-28T17:53:16.058+0000] {dag.py:2690} INFO - Sync 1 DAGs
[2023-02-28T17:53:16.074+0000] {logging_mixin.py:137} INFO - [2023-02-28T17:53:16.074+0000] {dag.py:3441} INFO - Setting next_dagrun for example_branch_dop_operator_v3 to 2023-02-28T17:52:00+00:00, run_after=2023-02-28T17:53:00+00:00
[2023-02-28T17:53:16.082+0000] {processor.py:175} INFO - Processing /home/airflow/.local/lib/python3.7/site-packages/airflow/example_dags/example_branch_python_dop_operator_3.py took 0.058 seconds
[2023-02-28T17:53:46.924+0000] {processor.py:153} INFO - Started process (PID=371) to work on /home/airflow/.local/lib/python3.7/site-packages/airflow/example_dags/example_branch_python_dop_operator_3.py
[2023-02-28T17:53:46.925+0000] {processor.py:743} INFO - Processing file /home/airflow/.local/lib/python3.7/site-packages/airflow/example_dags/example_branch_python_dop_operator_3.py for tasks to queue
[2023-02-28T17:53:46.925+0000] {logging_mixin.py:137} INFO - [2023-02-28T17:53:46.925+0000] {dagbag.py:538} INFO - Filling up the DagBag from /home/airflow/.local/lib/python3.7/site-packages/airflow/example_dags/example_branch_python_dop_operator_3.py
[2023-02-28T17:53:46.939+0000] {processor.py:753} INFO - DAG(s) dict_keys(['example_branch_dop_operator_v3']) retrieved from /home/airflow/.local/lib/python3.7/site-packages/airflow/example_dags/example_branch_python_dop_operator_3.py
[2023-02-28T17:53:46.955+0000] {logging_mixin.py:137} INFO - [2023-02-28T17:53:46.955+0000] {dag.py:2690} INFO - Sync 1 DAGs
[2023-02-28T17:53:46.971+0000] {logging_mixin.py:137} INFO - [2023-02-28T17:53:46.970+0000] {dag.py:3441} INFO - Setting next_dagrun for example_branch_dop_operator_v3 to 2023-02-28T17:52:00+00:00, run_after=2023-02-28T17:53:00+00:00
[2023-02-28T17:53:46.980+0000] {processor.py:175} INFO - Processing /home/airflow/.local/lib/python3.7/site-packages/airflow/example_dags/example_branch_python_dop_operator_3.py took 0.058 seconds
[2023-02-28T17:54:17.995+0000] {processor.py:153} INFO - Started process (PID=451) to work on /home/airflow/.local/lib/python3.7/site-packages/airflow/example_dags/example_branch_python_dop_operator_3.py
[2023-02-28T17:54:17.996+0000] {processor.py:743} INFO - Processing file /home/airflow/.local/lib/python3.7/site-packages/airflow/example_dags/example_branch_python_dop_operator_3.py for tasks to queue
[2023-02-28T17:54:17.996+0000] {logging_mixin.py:137} INFO - [2023-02-28T17:54:17.996+0000] {dagbag.py:538} INFO - Filling up the DagBag from /home/airflow/.local/lib/python3.7/site-packages/airflow/example_dags/example_branch_python_dop_operator_3.py
[2023-02-28T17:54:18.011+0000] {processor.py:753} INFO - DAG(s) dict_keys(['example_branch_dop_operator_v3']) retrieved from /home/airflow/.local/lib/python3.7/site-packages/airflow/example_dags/example_branch_python_dop_operator_3.py
[2023-02-28T17:54:18.027+0000] {logging_mixin.py:137} INFO - [2023-02-28T17:54:18.027+0000] {dag.py:2690} INFO - Sync 1 DAGs
[2023-02-28T17:54:18.042+0000] {logging_mixin.py:137} INFO - [2023-02-28T17:54:18.042+0000] {dag.py:3441} INFO - Setting next_dagrun for example_branch_dop_operator_v3 to 2023-02-28T17:53:00+00:00, run_after=2023-02-28T17:54:00+00:00
[2023-02-28T17:54:18.052+0000] {processor.py:175} INFO - Processing /home/airflow/.local/lib/python3.7/site-packages/airflow/example_dags/example_branch_python_dop_operator_3.py took 0.059 seconds
[2023-02-28T17:54:49.190+0000] {processor.py:153} INFO - Started process (PID=518) to work on /home/airflow/.local/lib/python3.7/site-packages/airflow/example_dags/example_branch_python_dop_operator_3.py
[2023-02-28T17:54:49.191+0000] {processor.py:743} INFO - Processing file /home/airflow/.local/lib/python3.7/site-packages/airflow/example_dags/example_branch_python_dop_operator_3.py for tasks to queue
[2023-02-28T17:54:49.192+0000] {logging_mixin.py:137} INFO - [2023-02-28T17:54:49.192+0000] {dagbag.py:538} INFO - Filling up the DagBag from /home/airflow/.local/lib/python3.7/site-packages/airflow/example_dags/example_branch_python_dop_operator_3.py
[2023-02-28T17:54:49.205+0000] {processor.py:753} INFO - DAG(s) dict_keys(['example_branch_dop_operator_v3']) retrieved from /home/airflow/.local/lib/python3.7/site-packages/airflow/example_dags/example_branch_python_dop_operator_3.py
[2023-02-28T17:54:49.223+0000] {logging_mixin.py:137} INFO - [2023-02-28T17:54:49.223+0000] {dag.py:2690} INFO - Sync 1 DAGs
[2023-02-28T17:54:49.238+0000] {logging_mixin.py:137} INFO - [2023-02-28T17:54:49.238+0000] {dag.py:3441} INFO - Setting next_dagrun for example_branch_dop_operator_v3 to 2023-02-28T17:53:00+00:00, run_after=2023-02-28T17:54:00+00:00
[2023-02-28T17:54:49.247+0000] {processor.py:175} INFO - Processing /home/airflow/.local/lib/python3.7/site-packages/airflow/example_dags/example_branch_python_dop_operator_3.py took 0.059 seconds
[2023-02-28T17:55:19.308+0000] {processor.py:153} INFO - Started process (PID=597) to work on /home/airflow/.local/lib/python3.7/site-packages/airflow/example_dags/example_branch_python_dop_operator_3.py
[2023-02-28T17:55:19.309+0000] {processor.py:743} INFO - Processing file /home/airflow/.local/lib/python3.7/site-packages/airflow/example_dags/example_branch_python_dop_operator_3.py for tasks to queue
[2023-02-28T17:55:19.310+0000] {logging_mixin.py:137} INFO - [2023-02-28T17:55:19.310+0000] {dagbag.py:538} INFO - Filling up the DagBag from /home/airflow/.local/lib/python3.7/site-packages/airflow/example_dags/example_branch_python_dop_operator_3.py
[2023-02-28T17:55:19.324+0000] {processor.py:753} INFO - DAG(s) dict_keys(['example_branch_dop_operator_v3']) retrieved from /home/airflow/.local/lib/python3.7/site-packages/airflow/example_dags/example_branch_python_dop_operator_3.py
[2023-02-28T17:55:19.342+0000] {logging_mixin.py:137} INFO - [2023-02-28T17:55:19.342+0000] {dag.py:2690} INFO - Sync 1 DAGs
[2023-02-28T17:55:19.358+0000] {logging_mixin.py:137} INFO - [2023-02-28T17:55:19.358+0000] {dag.py:3441} INFO - Setting next_dagrun for example_branch_dop_operator_v3 to 2023-02-28T17:54:00+00:00, run_after=2023-02-28T17:55:00+00:00
[2023-02-28T17:55:19.367+0000] {processor.py:175} INFO - Processing /home/airflow/.local/lib/python3.7/site-packages/airflow/example_dags/example_branch_python_dop_operator_3.py took 0.062 seconds
[2023-02-28T17:55:49.561+0000] {processor.py:153} INFO - Started process (PID=677) to work on /home/airflow/.local/lib/python3.7/site-packages/airflow/example_dags/example_branch_python_dop_operator_3.py
[2023-02-28T17:55:49.562+0000] {processor.py:743} INFO - Processing file /home/airflow/.local/lib/python3.7/site-packages/airflow/example_dags/example_branch_python_dop_operator_3.py for tasks to queue
[2023-02-28T17:55:49.563+0000] {logging_mixin.py:137} INFO - [2023-02-28T17:55:49.563+0000] {dagbag.py:538} INFO - Filling up the DagBag from /home/airflow/.local/lib/python3.7/site-packages/airflow/example_dags/example_branch_python_dop_operator_3.py
[2023-02-28T17:55:49.576+0000] {processor.py:753} INFO - DAG(s) dict_keys(['example_branch_dop_operator_v3']) retrieved from /home/airflow/.local/lib/python3.7/site-packages/airflow/example_dags/example_branch_python_dop_operator_3.py
[2023-02-28T17:55:49.592+0000] {logging_mixin.py:137} INFO - [2023-02-28T17:55:49.592+0000] {dag.py:2690} INFO - Sync 1 DAGs
[2023-02-28T17:55:49.608+0000] {logging_mixin.py:137} INFO - [2023-02-28T17:55:49.608+0000] {dag.py:3441} INFO - Setting next_dagrun for example_branch_dop_operator_v3 to 2023-02-28T17:54:00+00:00, run_after=2023-02-28T17:55:00+00:00
[2023-02-28T17:55:49.617+0000] {processor.py:175} INFO - Processing /home/airflow/.local/lib/python3.7/site-packages/airflow/example_dags/example_branch_python_dop_operator_3.py took 0.059 seconds
[2023-02-28T17:56:20.572+0000] {processor.py:153} INFO - Started process (PID=757) to work on /home/airflow/.local/lib/python3.7/site-packages/airflow/example_dags/example_branch_python_dop_operator_3.py
[2023-02-28T17:56:20.573+0000] {processor.py:743} INFO - Processing file /home/airflow/.local/lib/python3.7/site-packages/airflow/example_dags/example_branch_python_dop_operator_3.py for tasks to queue
[2023-02-28T17:56:20.573+0000] {logging_mixin.py:137} INFO - [2023-02-28T17:56:20.573+0000] {dagbag.py:538} INFO - Filling up the DagBag from /home/airflow/.local/lib/python3.7/site-packages/airflow/example_dags/example_branch_python_dop_operator_3.py
[2023-02-28T17:56:20.587+0000] {processor.py:753} INFO - DAG(s) dict_keys(['example_branch_dop_operator_v3']) retrieved from /home/airflow/.local/lib/python3.7/site-packages/airflow/example_dags/example_branch_python_dop_operator_3.py
[2023-02-28T17:56:20.609+0000] {logging_mixin.py:137} INFO - [2023-02-28T17:56:20.609+0000] {dag.py:2690} INFO - Sync 1 DAGs
[2023-02-28T17:56:20.624+0000] {logging_mixin.py:137} INFO - [2023-02-28T17:56:20.624+0000] {dag.py:3441} INFO - Setting next_dagrun for example_branch_dop_operator_v3 to 2023-02-28T17:55:00+00:00, run_after=2023-02-28T17:56:00+00:00
[2023-02-28T17:56:20.633+0000] {processor.py:175} INFO - Processing /home/airflow/.local/lib/python3.7/site-packages/airflow/example_dags/example_branch_python_dop_operator_3.py took 0.064 seconds
[2023-02-28T17:56:50.700+0000] {processor.py:153} INFO - Started process (PID=824) to work on /home/airflow/.local/lib/python3.7/site-packages/airflow/example_dags/example_branch_python_dop_operator_3.py
[2023-02-28T17:56:50.701+0000] {processor.py:743} INFO - Processing file /home/airflow/.local/lib/python3.7/site-packages/airflow/example_dags/example_branch_python_dop_operator_3.py for tasks to queue
[2023-02-28T17:56:50.702+0000] {logging_mixin.py:137} INFO - [2023-02-28T17:56:50.702+0000] {dagbag.py:538} INFO - Filling up the DagBag from /home/airflow/.local/lib/python3.7/site-packages/airflow/example_dags/example_branch_python_dop_operator_3.py
[2023-02-28T17:56:50.716+0000] {processor.py:753} INFO - DAG(s) dict_keys(['example_branch_dop_operator_v3']) retrieved from /home/airflow/.local/lib/python3.7/site-packages/airflow/example_dags/example_branch_python_dop_operator_3.py
[2023-02-28T17:56:50.733+0000] {logging_mixin.py:137} INFO - [2023-02-28T17:56:50.733+0000] {dag.py:2690} INFO - Sync 1 DAGs
[2023-02-28T17:56:50.748+0000] {logging_mixin.py:137} INFO - [2023-02-28T17:56:50.748+0000] {dag.py:3441} INFO - Setting next_dagrun for example_branch_dop_operator_v3 to 2023-02-28T17:55:00+00:00, run_after=2023-02-28T17:56:00+00:00
[2023-02-28T17:56:50.758+0000] {processor.py:175} INFO - Processing /home/airflow/.local/lib/python3.7/site-packages/airflow/example_dags/example_branch_python_dop_operator_3.py took 0.060 seconds
[2023-02-28T17:57:20.987+0000] {processor.py:153} INFO - Started process (PID=904) to work on /home/airflow/.local/lib/python3.7/site-packages/airflow/example_dags/example_branch_python_dop_operator_3.py
[2023-02-28T17:57:20.988+0000] {processor.py:743} INFO - Processing file /home/airflow/.local/lib/python3.7/site-packages/airflow/example_dags/example_branch_python_dop_operator_3.py for tasks to queue
[2023-02-28T17:57:20.989+0000] {logging_mixin.py:137} INFO - [2023-02-28T17:57:20.989+0000] {dagbag.py:538} INFO - Filling up the DagBag from /home/airflow/.local/lib/python3.7/site-packages/airflow/example_dags/example_branch_python_dop_operator_3.py
[2023-02-28T17:57:21.002+0000] {processor.py:753} INFO - DAG(s) dict_keys(['example_branch_dop_operator_v3']) retrieved from /home/airflow/.local/lib/python3.7/site-packages/airflow/example_dags/example_branch_python_dop_operator_3.py
[2023-02-28T17:57:21.019+0000] {logging_mixin.py:137} INFO - [2023-02-28T17:57:21.019+0000] {dag.py:2690} INFO - Sync 1 DAGs
[2023-02-28T17:57:21.034+0000] {logging_mixin.py:137} INFO - [2023-02-28T17:57:21.034+0000] {dag.py:3441} INFO - Setting next_dagrun for example_branch_dop_operator_v3 to 2023-02-28T17:56:00+00:00, run_after=2023-02-28T17:57:00+00:00
[2023-02-28T17:57:21.044+0000] {processor.py:175} INFO - Processing /home/airflow/.local/lib/python3.7/site-packages/airflow/example_dags/example_branch_python_dop_operator_3.py took 0.059 seconds
[2023-02-28T17:57:51.263+0000] {processor.py:153} INFO - Started process (PID=984) to work on /home/airflow/.local/lib/python3.7/site-packages/airflow/example_dags/example_branch_python_dop_operator_3.py
[2023-02-28T17:57:51.264+0000] {processor.py:743} INFO - Processing file /home/airflow/.local/lib/python3.7/site-packages/airflow/example_dags/example_branch_python_dop_operator_3.py for tasks to queue
[2023-02-28T17:57:51.265+0000] {logging_mixin.py:137} INFO - [2023-02-28T17:57:51.265+0000] {dagbag.py:538} INFO - Filling up the DagBag from /home/airflow/.local/lib/python3.7/site-packages/airflow/example_dags/example_branch_python_dop_operator_3.py
[2023-02-28T17:57:51.279+0000] {processor.py:753} INFO - DAG(s) dict_keys(['example_branch_dop_operator_v3']) retrieved from /home/airflow/.local/lib/python3.7/site-packages/airflow/example_dags/example_branch_python_dop_operator_3.py
[2023-02-28T17:57:51.296+0000] {logging_mixin.py:137} INFO - [2023-02-28T17:57:51.295+0000] {dag.py:2690} INFO - Sync 1 DAGs
[2023-02-28T17:57:51.310+0000] {logging_mixin.py:137} INFO - [2023-02-28T17:57:51.310+0000] {dag.py:3441} INFO - Setting next_dagrun for example_branch_dop_operator_v3 to 2023-02-28T17:56:00+00:00, run_after=2023-02-28T17:57:00+00:00
[2023-02-28T17:57:51.319+0000] {processor.py:175} INFO - Processing /home/airflow/.local/lib/python3.7/site-packages/airflow/example_dags/example_branch_python_dop_operator_3.py took 0.058 seconds
[2023-02-28T17:58:22.422+0000] {processor.py:153} INFO - Started process (PID=1058) to work on /home/airflow/.local/lib/python3.7/site-packages/airflow/example_dags/example_branch_python_dop_operator_3.py
[2023-02-28T17:58:22.423+0000] {processor.py:743} INFO - Processing file /home/airflow/.local/lib/python3.7/site-packages/airflow/example_dags/example_branch_python_dop_operator_3.py for tasks to queue
[2023-02-28T17:58:22.424+0000] {logging_mixin.py:137} INFO - [2023-02-28T17:58:22.424+0000] {dagbag.py:538} INFO - Filling up the DagBag from /home/airflow/.local/lib/python3.7/site-packages/airflow/example_dags/example_branch_python_dop_operator_3.py
[2023-02-28T17:58:22.441+0000] {processor.py:753} INFO - DAG(s) dict_keys(['example_branch_dop_operator_v3']) retrieved from /home/airflow/.local/lib/python3.7/site-packages/airflow/example_dags/example_branch_python_dop_operator_3.py
[2023-02-28T17:58:22.457+0000] {logging_mixin.py:137} INFO - [2023-02-28T17:58:22.457+0000] {dag.py:2690} INFO - Sync 1 DAGs
[2023-02-28T17:58:22.472+0000] {logging_mixin.py:137} INFO - [2023-02-28T17:58:22.472+0000] {dag.py:3441} INFO - Setting next_dagrun for example_branch_dop_operator_v3 to 2023-02-28T17:57:00+00:00, run_after=2023-02-28T17:58:00+00:00
[2023-02-28T17:58:22.481+0000] {processor.py:175} INFO - Processing /home/airflow/.local/lib/python3.7/site-packages/airflow/example_dags/example_branch_python_dop_operator_3.py took 0.062 seconds
[2023-02-28T17:58:52.662+0000] {processor.py:153} INFO - Started process (PID=1131) to work on /home/airflow/.local/lib/python3.7/site-packages/airflow/example_dags/example_branch_python_dop_operator_3.py
[2023-02-28T17:58:52.663+0000] {processor.py:743} INFO - Processing file /home/airflow/.local/lib/python3.7/site-packages/airflow/example_dags/example_branch_python_dop_operator_3.py for tasks to queue
[2023-02-28T17:58:52.663+0000] {logging_mixin.py:137} INFO - [2023-02-28T17:58:52.663+0000] {dagbag.py:538} INFO - Filling up the DagBag from /home/airflow/.local/lib/python3.7/site-packages/airflow/example_dags/example_branch_python_dop_operator_3.py
[2023-02-28T17:58:52.678+0000] {processor.py:753} INFO - DAG(s) dict_keys(['example_branch_dop_operator_v3']) retrieved from /home/airflow/.local/lib/python3.7/site-packages/airflow/example_dags/example_branch_python_dop_operator_3.py
[2023-02-28T17:58:52.704+0000] {logging_mixin.py:137} INFO - [2023-02-28T17:58:52.703+0000] {dag.py:2690} INFO - Sync 1 DAGs
[2023-02-28T17:58:52.719+0000] {logging_mixin.py:137} INFO - [2023-02-28T17:58:52.719+0000] {dag.py:3441} INFO - Setting next_dagrun for example_branch_dop_operator_v3 to 2023-02-28T17:57:00+00:00, run_after=2023-02-28T17:58:00+00:00
[2023-02-28T17:58:52.729+0000] {processor.py:175} INFO - Processing /home/airflow/.local/lib/python3.7/site-packages/airflow/example_dags/example_branch_python_dop_operator_3.py took 0.069 seconds
[2023-02-28T17:59:22.864+0000] {processor.py:153} INFO - Started process (PID=1211) to work on /home/airflow/.local/lib/python3.7/site-packages/airflow/example_dags/example_branch_python_dop_operator_3.py
[2023-02-28T17:59:22.866+0000] {processor.py:743} INFO - Processing file /home/airflow/.local/lib/python3.7/site-packages/airflow/example_dags/example_branch_python_dop_operator_3.py for tasks to queue
[2023-02-28T17:59:22.866+0000] {logging_mixin.py:137} INFO - [2023-02-28T17:59:22.866+0000] {dagbag.py:538} INFO - Filling up the DagBag from /home/airflow/.local/lib/python3.7/site-packages/airflow/example_dags/example_branch_python_dop_operator_3.py
[2023-02-28T17:59:22.882+0000] {processor.py:753} INFO - DAG(s) dict_keys(['example_branch_dop_operator_v3']) retrieved from /home/airflow/.local/lib/python3.7/site-packages/airflow/example_dags/example_branch_python_dop_operator_3.py
[2023-02-28T17:59:22.902+0000] {logging_mixin.py:137} INFO - [2023-02-28T17:59:22.902+0000] {dag.py:2690} INFO - Sync 1 DAGs
[2023-02-28T17:59:22.919+0000] {logging_mixin.py:137} INFO - [2023-02-28T17:59:22.919+0000] {dag.py:3441} INFO - Setting next_dagrun for example_branch_dop_operator_v3 to 2023-02-28T17:58:00+00:00, run_after=2023-02-28T17:59:00+00:00
[2023-02-28T17:59:22.929+0000] {processor.py:175} INFO - Processing /home/airflow/.local/lib/python3.7/site-packages/airflow/example_dags/example_branch_python_dop_operator_3.py took 0.068 seconds
[2023-02-28T17:59:53.009+0000] {processor.py:153} INFO - Started process (PID=1290) to work on /home/airflow/.local/lib/python3.7/site-packages/airflow/example_dags/example_branch_python_dop_operator_3.py
[2023-02-28T17:59:53.010+0000] {processor.py:743} INFO - Processing file /home/airflow/.local/lib/python3.7/site-packages/airflow/example_dags/example_branch_python_dop_operator_3.py for tasks to queue
[2023-02-28T17:59:53.011+0000] {logging_mixin.py:137} INFO - [2023-02-28T17:59:53.011+0000] {dagbag.py:538} INFO - Filling up the DagBag from /home/airflow/.local/lib/python3.7/site-packages/airflow/example_dags/example_branch_python_dop_operator_3.py
[2023-02-28T17:59:53.025+0000] {processor.py:753} INFO - DAG(s) dict_keys(['example_branch_dop_operator_v3']) retrieved from /home/airflow/.local/lib/python3.7/site-packages/airflow/example_dags/example_branch_python_dop_operator_3.py
[2023-02-28T17:59:53.043+0000] {logging_mixin.py:137} INFO - [2023-02-28T17:59:53.043+0000] {dag.py:2690} INFO - Sync 1 DAGs
[2023-02-28T17:59:53.058+0000] {logging_mixin.py:137} INFO - [2023-02-28T17:59:53.057+0000] {dag.py:3441} INFO - Setting next_dagrun for example_branch_dop_operator_v3 to 2023-02-28T17:58:00+00:00, run_after=2023-02-28T17:59:00+00:00
[2023-02-28T17:59:53.067+0000] {processor.py:175} INFO - Processing /home/airflow/.local/lib/python3.7/site-packages/airflow/example_dags/example_branch_python_dop_operator_3.py took 0.061 seconds
[2023-02-28T18:00:23.162+0000] {processor.py:153} INFO - Started process (PID=1357) to work on /home/airflow/.local/lib/python3.7/site-packages/airflow/example_dags/example_branch_python_dop_operator_3.py
[2023-02-28T18:00:23.164+0000] {processor.py:743} INFO - Processing file /home/airflow/.local/lib/python3.7/site-packages/airflow/example_dags/example_branch_python_dop_operator_3.py for tasks to queue
[2023-02-28T18:00:23.164+0000] {logging_mixin.py:137} INFO - [2023-02-28T18:00:23.164+0000] {dagbag.py:538} INFO - Filling up the DagBag from /home/airflow/.local/lib/python3.7/site-packages/airflow/example_dags/example_branch_python_dop_operator_3.py
[2023-02-28T18:00:23.177+0000] {processor.py:753} INFO - DAG(s) dict_keys(['example_branch_dop_operator_v3']) retrieved from /home/airflow/.local/lib/python3.7/site-packages/airflow/example_dags/example_branch_python_dop_operator_3.py
[2023-02-28T18:00:23.194+0000] {logging_mixin.py:137} INFO - [2023-02-28T18:00:23.194+0000] {dag.py:2690} INFO - Sync 1 DAGs
[2023-02-28T18:00:23.209+0000] {logging_mixin.py:137} INFO - [2023-02-28T18:00:23.209+0000] {dag.py:3441} INFO - Setting next_dagrun for example_branch_dop_operator_v3 to 2023-02-28T17:59:00+00:00, run_after=2023-02-28T18:00:00+00:00
[2023-02-28T18:00:23.219+0000] {processor.py:175} INFO - Processing /home/airflow/.local/lib/python3.7/site-packages/airflow/example_dags/example_branch_python_dop_operator_3.py took 0.059 seconds
[2023-02-28T18:00:53.407+0000] {processor.py:153} INFO - Started process (PID=1437) to work on /home/airflow/.local/lib/python3.7/site-packages/airflow/example_dags/example_branch_python_dop_operator_3.py
[2023-02-28T18:00:53.408+0000] {processor.py:743} INFO - Processing file /home/airflow/.local/lib/python3.7/site-packages/airflow/example_dags/example_branch_python_dop_operator_3.py for tasks to queue
[2023-02-28T18:00:53.409+0000] {logging_mixin.py:137} INFO - [2023-02-28T18:00:53.409+0000] {dagbag.py:538} INFO - Filling up the DagBag from /home/airflow/.local/lib/python3.7/site-packages/airflow/example_dags/example_branch_python_dop_operator_3.py
[2023-02-28T18:00:53.423+0000] {processor.py:753} INFO - DAG(s) dict_keys(['example_branch_dop_operator_v3']) retrieved from /home/airflow/.local/lib/python3.7/site-packages/airflow/example_dags/example_branch_python_dop_operator_3.py
[2023-02-28T18:00:53.444+0000] {logging_mixin.py:137} INFO - [2023-02-28T18:00:53.444+0000] {dag.py:2690} INFO - Sync 1 DAGs
[2023-02-28T18:00:53.461+0000] {logging_mixin.py:137} INFO - [2023-02-28T18:00:53.461+0000] {dag.py:3441} INFO - Setting next_dagrun for example_branch_dop_operator_v3 to 2023-02-28T17:59:00+00:00, run_after=2023-02-28T18:00:00+00:00
[2023-02-28T18:00:53.471+0000] {processor.py:175} INFO - Processing /home/airflow/.local/lib/python3.7/site-packages/airflow/example_dags/example_branch_python_dop_operator_3.py took 0.067 seconds
[2023-02-28T18:01:24.009+0000] {processor.py:153} INFO - Started process (PID=1517) to work on /home/airflow/.local/lib/python3.7/site-packages/airflow/example_dags/example_branch_python_dop_operator_3.py
[2023-02-28T18:01:24.010+0000] {processor.py:743} INFO - Processing file /home/airflow/.local/lib/python3.7/site-packages/airflow/example_dags/example_branch_python_dop_operator_3.py for tasks to queue
[2023-02-28T18:01:24.011+0000] {logging_mixin.py:137} INFO - [2023-02-28T18:01:24.011+0000] {dagbag.py:538} INFO - Filling up the DagBag from /home/airflow/.local/lib/python3.7/site-packages/airflow/example_dags/example_branch_python_dop_operator_3.py
[2023-02-28T18:01:24.025+0000] {processor.py:753} INFO - DAG(s) dict_keys(['example_branch_dop_operator_v3']) retrieved from /home/airflow/.local/lib/python3.7/site-packages/airflow/example_dags/example_branch_python_dop_operator_3.py
[2023-02-28T18:01:24.043+0000] {logging_mixin.py:137} INFO - [2023-02-28T18:01:24.043+0000] {dag.py:2690} INFO - Sync 1 DAGs
[2023-02-28T18:01:24.064+0000] {logging_mixin.py:137} INFO - [2023-02-28T18:01:24.064+0000] {dag.py:3441} INFO - Setting next_dagrun for example_branch_dop_operator_v3 to 2023-02-28T18:00:00+00:00, run_after=2023-02-28T18:01:00+00:00
[2023-02-28T18:01:24.073+0000] {processor.py:175} INFO - Processing /home/airflow/.local/lib/python3.7/site-packages/airflow/example_dags/example_branch_python_dop_operator_3.py took 0.066 seconds
