[2023-02-28T17:48:39.696+0000] {processor.py:153} INFO - Started process (PID=48) to work on /home/airflow/.local/lib/python3.7/site-packages/airflow/example_dags/example_branch_labels.py
[2023-02-28T17:48:39.697+0000] {processor.py:743} INFO - Processing file /home/airflow/.local/lib/python3.7/site-packages/airflow/example_dags/example_branch_labels.py for tasks to queue
[2023-02-28T17:48:39.698+0000] {logging_mixin.py:137} INFO - [2023-02-28T17:48:39.698+0000] {dagbag.py:538} INFO - Filling up the DagBag from /home/airflow/.local/lib/python3.7/site-packages/airflow/example_dags/example_branch_labels.py
[2023-02-28T17:48:39.732+0000] {processor.py:753} INFO - DAG(s) dict_keys(['example_branch_labels']) retrieved from /home/airflow/.local/lib/python3.7/site-packages/airflow/example_dags/example_branch_labels.py
[2023-02-28T17:48:39.821+0000] {logging_mixin.py:137} INFO - [2023-02-28T17:48:39.821+0000] {manager.py:504} INFO - Created Permission View: can edit on DAG:example_branch_labels
[2023-02-28T17:48:39.828+0000] {logging_mixin.py:137} INFO - [2023-02-28T17:48:39.828+0000] {manager.py:504} INFO - Created Permission View: can read on DAG:example_branch_labels
[2023-02-28T17:48:39.831+0000] {logging_mixin.py:137} INFO - [2023-02-28T17:48:39.831+0000] {manager.py:504} INFO - Created Permission View: can delete on DAG:example_branch_labels
[2023-02-28T17:48:39.832+0000] {logging_mixin.py:137} INFO - [2023-02-28T17:48:39.832+0000] {dag.py:2690} INFO - Sync 1 DAGs
[2023-02-28T17:48:39.850+0000] {logging_mixin.py:137} INFO - [2023-02-28T17:48:39.849+0000] {dag.py:2711} INFO - Creating ORM DAG for example_branch_labels
[2023-02-28T17:48:39.863+0000] {logging_mixin.py:137} INFO - [2023-02-28T17:48:39.863+0000] {dag.py:3441} INFO - Setting next_dagrun for example_branch_labels to 2023-02-27T00:00:00+00:00, run_after=2023-02-28T00:00:00+00:00
[2023-02-28T17:48:39.874+0000] {processor.py:175} INFO - Processing /home/airflow/.local/lib/python3.7/site-packages/airflow/example_dags/example_branch_labels.py took 0.183 seconds
[2023-02-28T17:49:10.141+0000] {processor.py:153} INFO - Started process (PID=129) to work on /home/airflow/.local/lib/python3.7/site-packages/airflow/example_dags/example_branch_labels.py
[2023-02-28T17:49:10.142+0000] {processor.py:743} INFO - Processing file /home/airflow/.local/lib/python3.7/site-packages/airflow/example_dags/example_branch_labels.py for tasks to queue
[2023-02-28T17:49:10.142+0000] {logging_mixin.py:137} INFO - [2023-02-28T17:49:10.142+0000] {dagbag.py:538} INFO - Filling up the DagBag from /home/airflow/.local/lib/python3.7/site-packages/airflow/example_dags/example_branch_labels.py
[2023-02-28T17:49:10.151+0000] {processor.py:753} INFO - DAG(s) dict_keys(['example_branch_labels']) retrieved from /home/airflow/.local/lib/python3.7/site-packages/airflow/example_dags/example_branch_labels.py
[2023-02-28T17:49:10.169+0000] {logging_mixin.py:137} INFO - [2023-02-28T17:49:10.169+0000] {dag.py:2690} INFO - Sync 1 DAGs
[2023-02-28T17:49:10.183+0000] {logging_mixin.py:137} INFO - [2023-02-28T17:49:10.183+0000] {dag.py:3441} INFO - Setting next_dagrun for example_branch_labels to 2023-02-27T00:00:00+00:00, run_after=2023-02-28T00:00:00+00:00
[2023-02-28T17:49:10.193+0000] {processor.py:175} INFO - Processing /home/airflow/.local/lib/python3.7/site-packages/airflow/example_dags/example_branch_labels.py took 0.055 seconds
[2023-02-28T17:49:41.255+0000] {processor.py:153} INFO - Started process (PID=209) to work on /home/airflow/.local/lib/python3.7/site-packages/airflow/example_dags/example_branch_labels.py
[2023-02-28T17:49:41.256+0000] {processor.py:743} INFO - Processing file /home/airflow/.local/lib/python3.7/site-packages/airflow/example_dags/example_branch_labels.py for tasks to queue
[2023-02-28T17:49:41.257+0000] {logging_mixin.py:137} INFO - [2023-02-28T17:49:41.257+0000] {dagbag.py:538} INFO - Filling up the DagBag from /home/airflow/.local/lib/python3.7/site-packages/airflow/example_dags/example_branch_labels.py
[2023-02-28T17:49:41.267+0000] {processor.py:753} INFO - DAG(s) dict_keys(['example_branch_labels']) retrieved from /home/airflow/.local/lib/python3.7/site-packages/airflow/example_dags/example_branch_labels.py
[2023-02-28T17:49:41.286+0000] {logging_mixin.py:137} INFO - [2023-02-28T17:49:41.286+0000] {dag.py:2690} INFO - Sync 1 DAGs
[2023-02-28T17:49:41.302+0000] {logging_mixin.py:137} INFO - [2023-02-28T17:49:41.302+0000] {dag.py:3441} INFO - Setting next_dagrun for example_branch_labels to 2023-02-27T00:00:00+00:00, run_after=2023-02-28T00:00:00+00:00
[2023-02-28T17:49:41.313+0000] {processor.py:175} INFO - Processing /home/airflow/.local/lib/python3.7/site-packages/airflow/example_dags/example_branch_labels.py took 0.060 seconds
[2023-02-28T17:50:11.465+0000] {processor.py:153} INFO - Started process (PID=276) to work on /home/airflow/.local/lib/python3.7/site-packages/airflow/example_dags/example_branch_labels.py
[2023-02-28T17:50:11.466+0000] {processor.py:743} INFO - Processing file /home/airflow/.local/lib/python3.7/site-packages/airflow/example_dags/example_branch_labels.py for tasks to queue
[2023-02-28T17:50:11.467+0000] {logging_mixin.py:137} INFO - [2023-02-28T17:50:11.467+0000] {dagbag.py:538} INFO - Filling up the DagBag from /home/airflow/.local/lib/python3.7/site-packages/airflow/example_dags/example_branch_labels.py
[2023-02-28T17:50:11.475+0000] {processor.py:753} INFO - DAG(s) dict_keys(['example_branch_labels']) retrieved from /home/airflow/.local/lib/python3.7/site-packages/airflow/example_dags/example_branch_labels.py
[2023-02-28T17:50:11.495+0000] {logging_mixin.py:137} INFO - [2023-02-28T17:50:11.495+0000] {dag.py:2690} INFO - Sync 1 DAGs
[2023-02-28T17:50:11.510+0000] {logging_mixin.py:137} INFO - [2023-02-28T17:50:11.510+0000] {dag.py:3441} INFO - Setting next_dagrun for example_branch_labels to 2023-02-27T00:00:00+00:00, run_after=2023-02-28T00:00:00+00:00
[2023-02-28T17:50:11.522+0000] {processor.py:175} INFO - Processing /home/airflow/.local/lib/python3.7/site-packages/airflow/example_dags/example_branch_labels.py took 0.060 seconds
[2023-02-28T17:50:41.844+0000] {processor.py:153} INFO - Started process (PID=357) to work on /home/airflow/.local/lib/python3.7/site-packages/airflow/example_dags/example_branch_labels.py
[2023-02-28T17:50:41.845+0000] {processor.py:743} INFO - Processing file /home/airflow/.local/lib/python3.7/site-packages/airflow/example_dags/example_branch_labels.py for tasks to queue
[2023-02-28T17:50:41.846+0000] {logging_mixin.py:137} INFO - [2023-02-28T17:50:41.846+0000] {dagbag.py:538} INFO - Filling up the DagBag from /home/airflow/.local/lib/python3.7/site-packages/airflow/example_dags/example_branch_labels.py
[2023-02-28T17:50:41.858+0000] {processor.py:753} INFO - DAG(s) dict_keys(['example_branch_labels']) retrieved from /home/airflow/.local/lib/python3.7/site-packages/airflow/example_dags/example_branch_labels.py
[2023-02-28T17:50:41.883+0000] {logging_mixin.py:137} INFO - [2023-02-28T17:50:41.882+0000] {dag.py:2690} INFO - Sync 1 DAGs
[2023-02-28T17:50:41.903+0000] {logging_mixin.py:137} INFO - [2023-02-28T17:50:41.903+0000] {dag.py:3441} INFO - Setting next_dagrun for example_branch_labels to 2023-02-27T00:00:00+00:00, run_after=2023-02-28T00:00:00+00:00
[2023-02-28T17:50:41.915+0000] {processor.py:175} INFO - Processing /home/airflow/.local/lib/python3.7/site-packages/airflow/example_dags/example_branch_labels.py took 0.074 seconds
[2023-02-28T17:51:44.406+0000] {processor.py:153} INFO - Started process (PID=48) to work on /home/airflow/.local/lib/python3.7/site-packages/airflow/example_dags/example_branch_labels.py
[2023-02-28T17:51:44.407+0000] {processor.py:743} INFO - Processing file /home/airflow/.local/lib/python3.7/site-packages/airflow/example_dags/example_branch_labels.py for tasks to queue
[2023-02-28T17:51:44.408+0000] {logging_mixin.py:137} INFO - [2023-02-28T17:51:44.408+0000] {dagbag.py:538} INFO - Filling up the DagBag from /home/airflow/.local/lib/python3.7/site-packages/airflow/example_dags/example_branch_labels.py
[2023-02-28T17:51:44.417+0000] {processor.py:753} INFO - DAG(s) dict_keys(['example_branch_labels']) retrieved from /home/airflow/.local/lib/python3.7/site-packages/airflow/example_dags/example_branch_labels.py
[2023-02-28T17:51:44.429+0000] {logging_mixin.py:137} INFO - [2023-02-28T17:51:44.429+0000] {dag.py:2690} INFO - Sync 1 DAGs
[2023-02-28T17:51:44.453+0000] {logging_mixin.py:137} INFO - [2023-02-28T17:51:44.453+0000] {dag.py:3441} INFO - Setting next_dagrun for example_branch_labels to 2023-02-27T00:00:00+00:00, run_after=2023-02-28T00:00:00+00:00
[2023-02-28T17:51:44.466+0000] {processor.py:175} INFO - Processing /home/airflow/.local/lib/python3.7/site-packages/airflow/example_dags/example_branch_labels.py took 0.063 seconds
[2023-02-28T17:52:14.778+0000] {processor.py:153} INFO - Started process (PID=128) to work on /home/airflow/.local/lib/python3.7/site-packages/airflow/example_dags/example_branch_labels.py
[2023-02-28T17:52:14.779+0000] {processor.py:743} INFO - Processing file /home/airflow/.local/lib/python3.7/site-packages/airflow/example_dags/example_branch_labels.py for tasks to queue
[2023-02-28T17:52:14.780+0000] {logging_mixin.py:137} INFO - [2023-02-28T17:52:14.780+0000] {dagbag.py:538} INFO - Filling up the DagBag from /home/airflow/.local/lib/python3.7/site-packages/airflow/example_dags/example_branch_labels.py
[2023-02-28T17:52:14.789+0000] {processor.py:753} INFO - DAG(s) dict_keys(['example_branch_labels']) retrieved from /home/airflow/.local/lib/python3.7/site-packages/airflow/example_dags/example_branch_labels.py
[2023-02-28T17:52:14.806+0000] {logging_mixin.py:137} INFO - [2023-02-28T17:52:14.806+0000] {dag.py:2690} INFO - Sync 1 DAGs
[2023-02-28T17:52:14.820+0000] {logging_mixin.py:137} INFO - [2023-02-28T17:52:14.820+0000] {dag.py:3441} INFO - Setting next_dagrun for example_branch_labels to 2023-02-27T00:00:00+00:00, run_after=2023-02-28T00:00:00+00:00
[2023-02-28T17:52:14.829+0000] {processor.py:175} INFO - Processing /home/airflow/.local/lib/python3.7/site-packages/airflow/example_dags/example_branch_labels.py took 0.052 seconds
[2023-02-28T17:52:45.159+0000] {processor.py:153} INFO - Started process (PID=195) to work on /home/airflow/.local/lib/python3.7/site-packages/airflow/example_dags/example_branch_labels.py
[2023-02-28T17:52:45.160+0000] {processor.py:743} INFO - Processing file /home/airflow/.local/lib/python3.7/site-packages/airflow/example_dags/example_branch_labels.py for tasks to queue
[2023-02-28T17:52:45.161+0000] {logging_mixin.py:137} INFO - [2023-02-28T17:52:45.161+0000] {dagbag.py:538} INFO - Filling up the DagBag from /home/airflow/.local/lib/python3.7/site-packages/airflow/example_dags/example_branch_labels.py
[2023-02-28T17:52:45.170+0000] {processor.py:753} INFO - DAG(s) dict_keys(['example_branch_labels']) retrieved from /home/airflow/.local/lib/python3.7/site-packages/airflow/example_dags/example_branch_labels.py
[2023-02-28T17:52:45.187+0000] {logging_mixin.py:137} INFO - [2023-02-28T17:52:45.187+0000] {dag.py:2690} INFO - Sync 1 DAGs
[2023-02-28T17:52:45.201+0000] {logging_mixin.py:137} INFO - [2023-02-28T17:52:45.201+0000] {dag.py:3441} INFO - Setting next_dagrun for example_branch_labels to 2023-02-27T00:00:00+00:00, run_after=2023-02-28T00:00:00+00:00
[2023-02-28T17:52:45.210+0000] {processor.py:175} INFO - Processing /home/airflow/.local/lib/python3.7/site-packages/airflow/example_dags/example_branch_labels.py took 0.053 seconds
[2023-02-28T17:53:15.272+0000] {processor.py:153} INFO - Started process (PID=275) to work on /home/airflow/.local/lib/python3.7/site-packages/airflow/example_dags/example_branch_labels.py
[2023-02-28T17:53:15.273+0000] {processor.py:743} INFO - Processing file /home/airflow/.local/lib/python3.7/site-packages/airflow/example_dags/example_branch_labels.py for tasks to queue
[2023-02-28T17:53:15.273+0000] {logging_mixin.py:137} INFO - [2023-02-28T17:53:15.273+0000] {dagbag.py:538} INFO - Filling up the DagBag from /home/airflow/.local/lib/python3.7/site-packages/airflow/example_dags/example_branch_labels.py
[2023-02-28T17:53:15.282+0000] {processor.py:753} INFO - DAG(s) dict_keys(['example_branch_labels']) retrieved from /home/airflow/.local/lib/python3.7/site-packages/airflow/example_dags/example_branch_labels.py
[2023-02-28T17:53:15.300+0000] {logging_mixin.py:137} INFO - [2023-02-28T17:53:15.300+0000] {dag.py:2690} INFO - Sync 1 DAGs
[2023-02-28T17:53:15.313+0000] {logging_mixin.py:137} INFO - [2023-02-28T17:53:15.313+0000] {dag.py:3441} INFO - Setting next_dagrun for example_branch_labels to 2023-02-27T00:00:00+00:00, run_after=2023-02-28T00:00:00+00:00
[2023-02-28T17:53:15.322+0000] {processor.py:175} INFO - Processing /home/airflow/.local/lib/python3.7/site-packages/airflow/example_dags/example_branch_labels.py took 0.053 seconds
[2023-02-28T17:53:46.322+0000] {processor.py:153} INFO - Started process (PID=355) to work on /home/airflow/.local/lib/python3.7/site-packages/airflow/example_dags/example_branch_labels.py
[2023-02-28T17:53:46.323+0000] {processor.py:743} INFO - Processing file /home/airflow/.local/lib/python3.7/site-packages/airflow/example_dags/example_branch_labels.py for tasks to queue
[2023-02-28T17:53:46.323+0000] {logging_mixin.py:137} INFO - [2023-02-28T17:53:46.323+0000] {dagbag.py:538} INFO - Filling up the DagBag from /home/airflow/.local/lib/python3.7/site-packages/airflow/example_dags/example_branch_labels.py
[2023-02-28T17:53:46.332+0000] {processor.py:753} INFO - DAG(s) dict_keys(['example_branch_labels']) retrieved from /home/airflow/.local/lib/python3.7/site-packages/airflow/example_dags/example_branch_labels.py
[2023-02-28T17:53:46.348+0000] {logging_mixin.py:137} INFO - [2023-02-28T17:53:46.348+0000] {dag.py:2690} INFO - Sync 1 DAGs
[2023-02-28T17:53:46.361+0000] {logging_mixin.py:137} INFO - [2023-02-28T17:53:46.361+0000] {dag.py:3441} INFO - Setting next_dagrun for example_branch_labels to 2023-02-27T00:00:00+00:00, run_after=2023-02-28T00:00:00+00:00
[2023-02-28T17:53:46.371+0000] {processor.py:175} INFO - Processing /home/airflow/.local/lib/python3.7/site-packages/airflow/example_dags/example_branch_labels.py took 0.052 seconds
[2023-02-28T17:54:17.348+0000] {processor.py:153} INFO - Started process (PID=435) to work on /home/airflow/.local/lib/python3.7/site-packages/airflow/example_dags/example_branch_labels.py
[2023-02-28T17:54:17.349+0000] {processor.py:743} INFO - Processing file /home/airflow/.local/lib/python3.7/site-packages/airflow/example_dags/example_branch_labels.py for tasks to queue
[2023-02-28T17:54:17.350+0000] {logging_mixin.py:137} INFO - [2023-02-28T17:54:17.350+0000] {dagbag.py:538} INFO - Filling up the DagBag from /home/airflow/.local/lib/python3.7/site-packages/airflow/example_dags/example_branch_labels.py
[2023-02-28T17:54:17.366+0000] {processor.py:753} INFO - DAG(s) dict_keys(['example_branch_labels']) retrieved from /home/airflow/.local/lib/python3.7/site-packages/airflow/example_dags/example_branch_labels.py
[2023-02-28T17:54:17.393+0000] {logging_mixin.py:137} INFO - [2023-02-28T17:54:17.393+0000] {dag.py:2690} INFO - Sync 1 DAGs
[2023-02-28T17:54:17.409+0000] {logging_mixin.py:137} INFO - [2023-02-28T17:54:17.409+0000] {dag.py:3441} INFO - Setting next_dagrun for example_branch_labels to 2023-02-27T00:00:00+00:00, run_after=2023-02-28T00:00:00+00:00
[2023-02-28T17:54:17.418+0000] {processor.py:175} INFO - Processing /home/airflow/.local/lib/python3.7/site-packages/airflow/example_dags/example_branch_labels.py took 0.073 seconds
[2023-02-28T17:54:48.439+0000] {processor.py:153} INFO - Started process (PID=502) to work on /home/airflow/.local/lib/python3.7/site-packages/airflow/example_dags/example_branch_labels.py
[2023-02-28T17:54:48.440+0000] {processor.py:743} INFO - Processing file /home/airflow/.local/lib/python3.7/site-packages/airflow/example_dags/example_branch_labels.py for tasks to queue
[2023-02-28T17:54:48.441+0000] {logging_mixin.py:137} INFO - [2023-02-28T17:54:48.441+0000] {dagbag.py:538} INFO - Filling up the DagBag from /home/airflow/.local/lib/python3.7/site-packages/airflow/example_dags/example_branch_labels.py
[2023-02-28T17:54:48.450+0000] {processor.py:753} INFO - DAG(s) dict_keys(['example_branch_labels']) retrieved from /home/airflow/.local/lib/python3.7/site-packages/airflow/example_dags/example_branch_labels.py
[2023-02-28T17:54:48.468+0000] {logging_mixin.py:137} INFO - [2023-02-28T17:54:48.468+0000] {dag.py:2690} INFO - Sync 1 DAGs
[2023-02-28T17:54:48.481+0000] {logging_mixin.py:137} INFO - [2023-02-28T17:54:48.481+0000] {dag.py:3441} INFO - Setting next_dagrun for example_branch_labels to 2023-02-27T00:00:00+00:00, run_after=2023-02-28T00:00:00+00:00
[2023-02-28T17:54:48.490+0000] {processor.py:175} INFO - Processing /home/airflow/.local/lib/python3.7/site-packages/airflow/example_dags/example_branch_labels.py took 0.054 seconds
[2023-02-28T17:55:18.689+0000] {processor.py:153} INFO - Started process (PID=581) to work on /home/airflow/.local/lib/python3.7/site-packages/airflow/example_dags/example_branch_labels.py
[2023-02-28T17:55:18.690+0000] {processor.py:743} INFO - Processing file /home/airflow/.local/lib/python3.7/site-packages/airflow/example_dags/example_branch_labels.py for tasks to queue
[2023-02-28T17:55:18.691+0000] {logging_mixin.py:137} INFO - [2023-02-28T17:55:18.691+0000] {dagbag.py:538} INFO - Filling up the DagBag from /home/airflow/.local/lib/python3.7/site-packages/airflow/example_dags/example_branch_labels.py
[2023-02-28T17:55:18.699+0000] {processor.py:753} INFO - DAG(s) dict_keys(['example_branch_labels']) retrieved from /home/airflow/.local/lib/python3.7/site-packages/airflow/example_dags/example_branch_labels.py
[2023-02-28T17:55:18.717+0000] {logging_mixin.py:137} INFO - [2023-02-28T17:55:18.717+0000] {dag.py:2690} INFO - Sync 1 DAGs
[2023-02-28T17:55:18.731+0000] {logging_mixin.py:137} INFO - [2023-02-28T17:55:18.731+0000] {dag.py:3441} INFO - Setting next_dagrun for example_branch_labels to 2023-02-27T00:00:00+00:00, run_after=2023-02-28T00:00:00+00:00
[2023-02-28T17:55:18.741+0000] {processor.py:175} INFO - Processing /home/airflow/.local/lib/python3.7/site-packages/airflow/example_dags/example_branch_labels.py took 0.054 seconds
[2023-02-28T17:55:48.832+0000] {processor.py:153} INFO - Started process (PID=661) to work on /home/airflow/.local/lib/python3.7/site-packages/airflow/example_dags/example_branch_labels.py
[2023-02-28T17:55:48.833+0000] {processor.py:743} INFO - Processing file /home/airflow/.local/lib/python3.7/site-packages/airflow/example_dags/example_branch_labels.py for tasks to queue
[2023-02-28T17:55:48.833+0000] {logging_mixin.py:137} INFO - [2023-02-28T17:55:48.833+0000] {dagbag.py:538} INFO - Filling up the DagBag from /home/airflow/.local/lib/python3.7/site-packages/airflow/example_dags/example_branch_labels.py
[2023-02-28T17:55:48.841+0000] {processor.py:753} INFO - DAG(s) dict_keys(['example_branch_labels']) retrieved from /home/airflow/.local/lib/python3.7/site-packages/airflow/example_dags/example_branch_labels.py
[2023-02-28T17:55:48.858+0000] {logging_mixin.py:137} INFO - [2023-02-28T17:55:48.858+0000] {dag.py:2690} INFO - Sync 1 DAGs
[2023-02-28T17:55:48.872+0000] {logging_mixin.py:137} INFO - [2023-02-28T17:55:48.872+0000] {dag.py:3441} INFO - Setting next_dagrun for example_branch_labels to 2023-02-27T00:00:00+00:00, run_after=2023-02-28T00:00:00+00:00
[2023-02-28T17:55:48.881+0000] {processor.py:175} INFO - Processing /home/airflow/.local/lib/python3.7/site-packages/airflow/example_dags/example_branch_labels.py took 0.052 seconds
[2023-02-28T17:56:19.888+0000] {processor.py:153} INFO - Started process (PID=741) to work on /home/airflow/.local/lib/python3.7/site-packages/airflow/example_dags/example_branch_labels.py
[2023-02-28T17:56:19.889+0000] {processor.py:743} INFO - Processing file /home/airflow/.local/lib/python3.7/site-packages/airflow/example_dags/example_branch_labels.py for tasks to queue
[2023-02-28T17:56:19.890+0000] {logging_mixin.py:137} INFO - [2023-02-28T17:56:19.890+0000] {dagbag.py:538} INFO - Filling up the DagBag from /home/airflow/.local/lib/python3.7/site-packages/airflow/example_dags/example_branch_labels.py
[2023-02-28T17:56:19.898+0000] {processor.py:753} INFO - DAG(s) dict_keys(['example_branch_labels']) retrieved from /home/airflow/.local/lib/python3.7/site-packages/airflow/example_dags/example_branch_labels.py
[2023-02-28T17:56:19.916+0000] {logging_mixin.py:137} INFO - [2023-02-28T17:56:19.916+0000] {dag.py:2690} INFO - Sync 1 DAGs
[2023-02-28T17:56:19.929+0000] {logging_mixin.py:137} INFO - [2023-02-28T17:56:19.929+0000] {dag.py:3441} INFO - Setting next_dagrun for example_branch_labels to 2023-02-27T00:00:00+00:00, run_after=2023-02-28T00:00:00+00:00
[2023-02-28T17:56:19.939+0000] {processor.py:175} INFO - Processing /home/airflow/.local/lib/python3.7/site-packages/airflow/example_dags/example_branch_labels.py took 0.053 seconds
[2023-02-28T17:56:50.091+0000] {processor.py:153} INFO - Started process (PID=808) to work on /home/airflow/.local/lib/python3.7/site-packages/airflow/example_dags/example_branch_labels.py
[2023-02-28T17:56:50.092+0000] {processor.py:743} INFO - Processing file /home/airflow/.local/lib/python3.7/site-packages/airflow/example_dags/example_branch_labels.py for tasks to queue
[2023-02-28T17:56:50.093+0000] {logging_mixin.py:137} INFO - [2023-02-28T17:56:50.093+0000] {dagbag.py:538} INFO - Filling up the DagBag from /home/airflow/.local/lib/python3.7/site-packages/airflow/example_dags/example_branch_labels.py
[2023-02-28T17:56:50.101+0000] {processor.py:753} INFO - DAG(s) dict_keys(['example_branch_labels']) retrieved from /home/airflow/.local/lib/python3.7/site-packages/airflow/example_dags/example_branch_labels.py
[2023-02-28T17:56:50.119+0000] {logging_mixin.py:137} INFO - [2023-02-28T17:56:50.119+0000] {dag.py:2690} INFO - Sync 1 DAGs
[2023-02-28T17:56:50.132+0000] {logging_mixin.py:137} INFO - [2023-02-28T17:56:50.132+0000] {dag.py:3441} INFO - Setting next_dagrun for example_branch_labels to 2023-02-27T00:00:00+00:00, run_after=2023-02-28T00:00:00+00:00
[2023-02-28T17:56:50.141+0000] {processor.py:175} INFO - Processing /home/airflow/.local/lib/python3.7/site-packages/airflow/example_dags/example_branch_labels.py took 0.053 seconds
[2023-02-28T17:57:20.252+0000] {processor.py:153} INFO - Started process (PID=888) to work on /home/airflow/.local/lib/python3.7/site-packages/airflow/example_dags/example_branch_labels.py
[2023-02-28T17:57:20.253+0000] {processor.py:743} INFO - Processing file /home/airflow/.local/lib/python3.7/site-packages/airflow/example_dags/example_branch_labels.py for tasks to queue
[2023-02-28T17:57:20.254+0000] {logging_mixin.py:137} INFO - [2023-02-28T17:57:20.254+0000] {dagbag.py:538} INFO - Filling up the DagBag from /home/airflow/.local/lib/python3.7/site-packages/airflow/example_dags/example_branch_labels.py
[2023-02-28T17:57:20.263+0000] {processor.py:753} INFO - DAG(s) dict_keys(['example_branch_labels']) retrieved from /home/airflow/.local/lib/python3.7/site-packages/airflow/example_dags/example_branch_labels.py
[2023-02-28T17:57:20.280+0000] {logging_mixin.py:137} INFO - [2023-02-28T17:57:20.280+0000] {dag.py:2690} INFO - Sync 1 DAGs
[2023-02-28T17:57:20.294+0000] {logging_mixin.py:137} INFO - [2023-02-28T17:57:20.294+0000] {dag.py:3441} INFO - Setting next_dagrun for example_branch_labels to 2023-02-27T00:00:00+00:00, run_after=2023-02-28T00:00:00+00:00
[2023-02-28T17:57:20.304+0000] {processor.py:175} INFO - Processing /home/airflow/.local/lib/python3.7/site-packages/airflow/example_dags/example_branch_labels.py took 0.054 seconds
[2023-02-28T17:57:50.348+0000] {processor.py:153} INFO - Started process (PID=966) to work on /home/airflow/.local/lib/python3.7/site-packages/airflow/example_dags/example_branch_labels.py
[2023-02-28T17:57:50.349+0000] {processor.py:743} INFO - Processing file /home/airflow/.local/lib/python3.7/site-packages/airflow/example_dags/example_branch_labels.py for tasks to queue
[2023-02-28T17:57:50.349+0000] {logging_mixin.py:137} INFO - [2023-02-28T17:57:50.349+0000] {dagbag.py:538} INFO - Filling up the DagBag from /home/airflow/.local/lib/python3.7/site-packages/airflow/example_dags/example_branch_labels.py
[2023-02-28T17:57:50.358+0000] {processor.py:753} INFO - DAG(s) dict_keys(['example_branch_labels']) retrieved from /home/airflow/.local/lib/python3.7/site-packages/airflow/example_dags/example_branch_labels.py
[2023-02-28T17:57:50.375+0000] {logging_mixin.py:137} INFO - [2023-02-28T17:57:50.375+0000] {dag.py:2690} INFO - Sync 1 DAGs
[2023-02-28T17:57:50.389+0000] {logging_mixin.py:137} INFO - [2023-02-28T17:57:50.389+0000] {dag.py:3441} INFO - Setting next_dagrun for example_branch_labels to 2023-02-27T00:00:00+00:00, run_after=2023-02-28T00:00:00+00:00
[2023-02-28T17:57:50.398+0000] {processor.py:175} INFO - Processing /home/airflow/.local/lib/python3.7/site-packages/airflow/example_dags/example_branch_labels.py took 0.052 seconds
[2023-02-28T17:58:20.469+0000] {processor.py:153} INFO - Started process (PID=1033) to work on /home/airflow/.local/lib/python3.7/site-packages/airflow/example_dags/example_branch_labels.py
[2023-02-28T17:58:20.470+0000] {processor.py:743} INFO - Processing file /home/airflow/.local/lib/python3.7/site-packages/airflow/example_dags/example_branch_labels.py for tasks to queue
[2023-02-28T17:58:20.471+0000] {logging_mixin.py:137} INFO - [2023-02-28T17:58:20.470+0000] {dagbag.py:538} INFO - Filling up the DagBag from /home/airflow/.local/lib/python3.7/site-packages/airflow/example_dags/example_branch_labels.py
[2023-02-28T17:58:20.479+0000] {processor.py:753} INFO - DAG(s) dict_keys(['example_branch_labels']) retrieved from /home/airflow/.local/lib/python3.7/site-packages/airflow/example_dags/example_branch_labels.py
[2023-02-28T17:58:20.498+0000] {logging_mixin.py:137} INFO - [2023-02-28T17:58:20.498+0000] {dag.py:2690} INFO - Sync 1 DAGs
[2023-02-28T17:58:20.512+0000] {logging_mixin.py:137} INFO - [2023-02-28T17:58:20.511+0000] {dag.py:3441} INFO - Setting next_dagrun for example_branch_labels to 2023-02-27T00:00:00+00:00, run_after=2023-02-28T00:00:00+00:00
[2023-02-28T17:58:20.521+0000] {processor.py:175} INFO - Processing /home/airflow/.local/lib/python3.7/site-packages/airflow/example_dags/example_branch_labels.py took 0.054 seconds
[2023-02-28T17:58:50.619+0000] {processor.py:153} INFO - Started process (PID=1113) to work on /home/airflow/.local/lib/python3.7/site-packages/airflow/example_dags/example_branch_labels.py
[2023-02-28T17:58:50.620+0000] {processor.py:743} INFO - Processing file /home/airflow/.local/lib/python3.7/site-packages/airflow/example_dags/example_branch_labels.py for tasks to queue
[2023-02-28T17:58:50.621+0000] {logging_mixin.py:137} INFO - [2023-02-28T17:58:50.621+0000] {dagbag.py:538} INFO - Filling up the DagBag from /home/airflow/.local/lib/python3.7/site-packages/airflow/example_dags/example_branch_labels.py
[2023-02-28T17:58:50.630+0000] {processor.py:753} INFO - DAG(s) dict_keys(['example_branch_labels']) retrieved from /home/airflow/.local/lib/python3.7/site-packages/airflow/example_dags/example_branch_labels.py
[2023-02-28T17:58:50.647+0000] {logging_mixin.py:137} INFO - [2023-02-28T17:58:50.647+0000] {dag.py:2690} INFO - Sync 1 DAGs
[2023-02-28T17:58:50.659+0000] {logging_mixin.py:137} INFO - [2023-02-28T17:58:50.659+0000] {dag.py:3441} INFO - Setting next_dagrun for example_branch_labels to 2023-02-27T00:00:00+00:00, run_after=2023-02-28T00:00:00+00:00
[2023-02-28T17:58:50.669+0000] {processor.py:175} INFO - Processing /home/airflow/.local/lib/python3.7/site-packages/airflow/example_dags/example_branch_labels.py took 0.051 seconds
[2023-02-28T17:59:20.861+0000] {processor.py:153} INFO - Started process (PID=1193) to work on /home/airflow/.local/lib/python3.7/site-packages/airflow/example_dags/example_branch_labels.py
[2023-02-28T17:59:20.862+0000] {processor.py:743} INFO - Processing file /home/airflow/.local/lib/python3.7/site-packages/airflow/example_dags/example_branch_labels.py for tasks to queue
[2023-02-28T17:59:20.863+0000] {logging_mixin.py:137} INFO - [2023-02-28T17:59:20.863+0000] {dagbag.py:538} INFO - Filling up the DagBag from /home/airflow/.local/lib/python3.7/site-packages/airflow/example_dags/example_branch_labels.py
[2023-02-28T17:59:20.871+0000] {processor.py:753} INFO - DAG(s) dict_keys(['example_branch_labels']) retrieved from /home/airflow/.local/lib/python3.7/site-packages/airflow/example_dags/example_branch_labels.py
[2023-02-28T17:59:20.889+0000] {logging_mixin.py:137} INFO - [2023-02-28T17:59:20.889+0000] {dag.py:2690} INFO - Sync 1 DAGs
[2023-02-28T17:59:20.903+0000] {logging_mixin.py:137} INFO - [2023-02-28T17:59:20.903+0000] {dag.py:3441} INFO - Setting next_dagrun for example_branch_labels to 2023-02-27T00:00:00+00:00, run_after=2023-02-28T00:00:00+00:00
[2023-02-28T17:59:20.912+0000] {processor.py:175} INFO - Processing /home/airflow/.local/lib/python3.7/site-packages/airflow/example_dags/example_branch_labels.py took 0.054 seconds
[2023-02-28T17:59:51.098+0000] {processor.py:153} INFO - Started process (PID=1260) to work on /home/airflow/.local/lib/python3.7/site-packages/airflow/example_dags/example_branch_labels.py
[2023-02-28T17:59:51.099+0000] {processor.py:743} INFO - Processing file /home/airflow/.local/lib/python3.7/site-packages/airflow/example_dags/example_branch_labels.py for tasks to queue
[2023-02-28T17:59:51.099+0000] {logging_mixin.py:137} INFO - [2023-02-28T17:59:51.099+0000] {dagbag.py:538} INFO - Filling up the DagBag from /home/airflow/.local/lib/python3.7/site-packages/airflow/example_dags/example_branch_labels.py
[2023-02-28T17:59:51.108+0000] {processor.py:753} INFO - DAG(s) dict_keys(['example_branch_labels']) retrieved from /home/airflow/.local/lib/python3.7/site-packages/airflow/example_dags/example_branch_labels.py
[2023-02-28T17:59:51.126+0000] {logging_mixin.py:137} INFO - [2023-02-28T17:59:51.126+0000] {dag.py:2690} INFO - Sync 1 DAGs
[2023-02-28T17:59:51.139+0000] {logging_mixin.py:137} INFO - [2023-02-28T17:59:51.139+0000] {dag.py:3441} INFO - Setting next_dagrun for example_branch_labels to 2023-02-27T00:00:00+00:00, run_after=2023-02-28T00:00:00+00:00
[2023-02-28T17:59:51.149+0000] {processor.py:175} INFO - Processing /home/airflow/.local/lib/python3.7/site-packages/airflow/example_dags/example_branch_labels.py took 0.053 seconds
[2023-02-28T18:00:21.442+0000] {processor.py:153} INFO - Started process (PID=1341) to work on /home/airflow/.local/lib/python3.7/site-packages/airflow/example_dags/example_branch_labels.py
[2023-02-28T18:00:21.444+0000] {processor.py:743} INFO - Processing file /home/airflow/.local/lib/python3.7/site-packages/airflow/example_dags/example_branch_labels.py for tasks to queue
[2023-02-28T18:00:21.446+0000] {logging_mixin.py:137} INFO - [2023-02-28T18:00:21.446+0000] {dagbag.py:538} INFO - Filling up the DagBag from /home/airflow/.local/lib/python3.7/site-packages/airflow/example_dags/example_branch_labels.py
[2023-02-28T18:00:21.455+0000] {processor.py:753} INFO - DAG(s) dict_keys(['example_branch_labels']) retrieved from /home/airflow/.local/lib/python3.7/site-packages/airflow/example_dags/example_branch_labels.py
[2023-02-28T18:00:21.471+0000] {logging_mixin.py:137} INFO - [2023-02-28T18:00:21.471+0000] {dag.py:2690} INFO - Sync 1 DAGs
[2023-02-28T18:00:21.484+0000] {logging_mixin.py:137} INFO - [2023-02-28T18:00:21.484+0000] {dag.py:3441} INFO - Setting next_dagrun for example_branch_labels to 2023-02-27T00:00:00+00:00, run_after=2023-02-28T00:00:00+00:00
[2023-02-28T18:00:21.494+0000] {processor.py:175} INFO - Processing /home/airflow/.local/lib/python3.7/site-packages/airflow/example_dags/example_branch_labels.py took 0.054 seconds
[2023-02-28T18:00:51.648+0000] {processor.py:153} INFO - Started process (PID=1421) to work on /home/airflow/.local/lib/python3.7/site-packages/airflow/example_dags/example_branch_labels.py
[2023-02-28T18:00:51.649+0000] {processor.py:743} INFO - Processing file /home/airflow/.local/lib/python3.7/site-packages/airflow/example_dags/example_branch_labels.py for tasks to queue
[2023-02-28T18:00:51.650+0000] {logging_mixin.py:137} INFO - [2023-02-28T18:00:51.650+0000] {dagbag.py:538} INFO - Filling up the DagBag from /home/airflow/.local/lib/python3.7/site-packages/airflow/example_dags/example_branch_labels.py
[2023-02-28T18:00:51.660+0000] {processor.py:753} INFO - DAG(s) dict_keys(['example_branch_labels']) retrieved from /home/airflow/.local/lib/python3.7/site-packages/airflow/example_dags/example_branch_labels.py
[2023-02-28T18:00:51.676+0000] {logging_mixin.py:137} INFO - [2023-02-28T18:00:51.676+0000] {dag.py:2690} INFO - Sync 1 DAGs
[2023-02-28T18:00:51.690+0000] {logging_mixin.py:137} INFO - [2023-02-28T18:00:51.690+0000] {dag.py:3441} INFO - Setting next_dagrun for example_branch_labels to 2023-02-27T00:00:00+00:00, run_after=2023-02-28T00:00:00+00:00
[2023-02-28T18:00:51.699+0000] {processor.py:175} INFO - Processing /home/airflow/.local/lib/python3.7/site-packages/airflow/example_dags/example_branch_labels.py took 0.053 seconds
[2023-02-28T18:01:22.265+0000] {processor.py:153} INFO - Started process (PID=1501) to work on /home/airflow/.local/lib/python3.7/site-packages/airflow/example_dags/example_branch_labels.py
[2023-02-28T18:01:22.267+0000] {processor.py:743} INFO - Processing file /home/airflow/.local/lib/python3.7/site-packages/airflow/example_dags/example_branch_labels.py for tasks to queue
[2023-02-28T18:01:22.267+0000] {logging_mixin.py:137} INFO - [2023-02-28T18:01:22.267+0000] {dagbag.py:538} INFO - Filling up the DagBag from /home/airflow/.local/lib/python3.7/site-packages/airflow/example_dags/example_branch_labels.py
[2023-02-28T18:01:22.276+0000] {processor.py:753} INFO - DAG(s) dict_keys(['example_branch_labels']) retrieved from /home/airflow/.local/lib/python3.7/site-packages/airflow/example_dags/example_branch_labels.py
[2023-02-28T18:01:22.299+0000] {logging_mixin.py:137} INFO - [2023-02-28T18:01:22.299+0000] {dag.py:2690} INFO - Sync 1 DAGs
[2023-02-28T18:01:22.315+0000] {logging_mixin.py:137} INFO - [2023-02-28T18:01:22.315+0000] {dag.py:3441} INFO - Setting next_dagrun for example_branch_labels to 2023-02-27T00:00:00+00:00, run_after=2023-02-28T00:00:00+00:00
[2023-02-28T18:01:22.324+0000] {processor.py:175} INFO - Processing /home/airflow/.local/lib/python3.7/site-packages/airflow/example_dags/example_branch_labels.py took 0.062 seconds
