[2023-02-28T17:48:41.236+0000] {processor.py:153} INFO - Started process (PID=66) to work on /home/airflow/.local/lib/python3.7/site-packages/airflow/example_dags/example_sla_dag.py
[2023-02-28T17:48:41.237+0000] {processor.py:743} INFO - Processing file /home/airflow/.local/lib/python3.7/site-packages/airflow/example_dags/example_sla_dag.py for tasks to queue
[2023-02-28T17:48:41.238+0000] {logging_mixin.py:137} INFO - [2023-02-28T17:48:41.238+0000] {dagbag.py:538} INFO - Filling up the DagBag from /home/airflow/.local/lib/python3.7/site-packages/airflow/example_dags/example_sla_dag.py
[2023-02-28T17:48:41.254+0000] {processor.py:753} INFO - DAG(s) dict_keys(['example_sla_dag']) retrieved from /home/airflow/.local/lib/python3.7/site-packages/airflow/example_dags/example_sla_dag.py
[2023-02-28T17:48:41.351+0000] {logging_mixin.py:137} INFO - [2023-02-28T17:48:41.351+0000] {manager.py:504} INFO - Created Permission View: can edit on DAG:example_sla_dag
[2023-02-28T17:48:41.358+0000] {logging_mixin.py:137} INFO - [2023-02-28T17:48:41.358+0000] {manager.py:504} INFO - Created Permission View: can read on DAG:example_sla_dag
[2023-02-28T17:48:41.362+0000] {logging_mixin.py:137} INFO - [2023-02-28T17:48:41.362+0000] {manager.py:504} INFO - Created Permission View: can delete on DAG:example_sla_dag
[2023-02-28T17:48:41.362+0000] {logging_mixin.py:137} INFO - [2023-02-28T17:48:41.362+0000] {dag.py:2690} INFO - Sync 1 DAGs
[2023-02-28T17:48:41.369+0000] {logging_mixin.py:137} INFO - [2023-02-28T17:48:41.369+0000] {dag.py:2711} INFO - Creating ORM DAG for example_sla_dag
[2023-02-28T17:48:41.377+0000] {logging_mixin.py:137} INFO - [2023-02-28T17:48:41.377+0000] {dag.py:3441} INFO - Setting next_dagrun for example_sla_dag to 2023-02-28T17:46:00+00:00, run_after=2023-02-28T17:48:00+00:00
[2023-02-28T17:48:41.385+0000] {processor.py:175} INFO - Processing /home/airflow/.local/lib/python3.7/site-packages/airflow/example_dags/example_sla_dag.py took 0.152 seconds
[2023-02-28T17:49:11.938+0000] {processor.py:153} INFO - Started process (PID=147) to work on /home/airflow/.local/lib/python3.7/site-packages/airflow/example_dags/example_sla_dag.py
[2023-02-28T17:49:11.939+0000] {processor.py:743} INFO - Processing file /home/airflow/.local/lib/python3.7/site-packages/airflow/example_dags/example_sla_dag.py for tasks to queue
[2023-02-28T17:49:11.940+0000] {logging_mixin.py:137} INFO - [2023-02-28T17:49:11.939+0000] {dagbag.py:538} INFO - Filling up the DagBag from /home/airflow/.local/lib/python3.7/site-packages/airflow/example_dags/example_sla_dag.py
[2023-02-28T17:49:11.953+0000] {processor.py:753} INFO - DAG(s) dict_keys(['example_sla_dag']) retrieved from /home/airflow/.local/lib/python3.7/site-packages/airflow/example_dags/example_sla_dag.py
[2023-02-28T17:49:11.970+0000] {logging_mixin.py:137} INFO - [2023-02-28T17:49:11.970+0000] {dag.py:2690} INFO - Sync 1 DAGs
[2023-02-28T17:49:11.986+0000] {logging_mixin.py:137} INFO - [2023-02-28T17:49:11.986+0000] {dag.py:3441} INFO - Setting next_dagrun for example_sla_dag to 2023-02-28T17:46:00+00:00, run_after=2023-02-28T17:48:00+00:00
[2023-02-28T17:49:11.995+0000] {processor.py:175} INFO - Processing /home/airflow/.local/lib/python3.7/site-packages/airflow/example_dags/example_sla_dag.py took 0.060 seconds
[2023-02-28T17:49:42.043+0000] {processor.py:153} INFO - Started process (PID=227) to work on /home/airflow/.local/lib/python3.7/site-packages/airflow/example_dags/example_sla_dag.py
[2023-02-28T17:49:42.044+0000] {processor.py:743} INFO - Processing file /home/airflow/.local/lib/python3.7/site-packages/airflow/example_dags/example_sla_dag.py for tasks to queue
[2023-02-28T17:49:42.045+0000] {logging_mixin.py:137} INFO - [2023-02-28T17:49:42.045+0000] {dagbag.py:538} INFO - Filling up the DagBag from /home/airflow/.local/lib/python3.7/site-packages/airflow/example_dags/example_sla_dag.py
[2023-02-28T17:49:42.060+0000] {processor.py:753} INFO - DAG(s) dict_keys(['example_sla_dag']) retrieved from /home/airflow/.local/lib/python3.7/site-packages/airflow/example_dags/example_sla_dag.py
[2023-02-28T17:49:42.078+0000] {logging_mixin.py:137} INFO - [2023-02-28T17:49:42.078+0000] {dag.py:2690} INFO - Sync 1 DAGs
[2023-02-28T17:49:42.095+0000] {logging_mixin.py:137} INFO - [2023-02-28T17:49:42.095+0000] {dag.py:3441} INFO - Setting next_dagrun for example_sla_dag to 2023-02-28T17:46:00+00:00, run_after=2023-02-28T17:48:00+00:00
[2023-02-28T17:49:42.105+0000] {processor.py:175} INFO - Processing /home/airflow/.local/lib/python3.7/site-packages/airflow/example_dags/example_sla_dag.py took 0.064 seconds
[2023-02-28T17:50:12.395+0000] {processor.py:153} INFO - Started process (PID=294) to work on /home/airflow/.local/lib/python3.7/site-packages/airflow/example_dags/example_sla_dag.py
[2023-02-28T17:50:12.397+0000] {processor.py:743} INFO - Processing file /home/airflow/.local/lib/python3.7/site-packages/airflow/example_dags/example_sla_dag.py for tasks to queue
[2023-02-28T17:50:12.398+0000] {logging_mixin.py:137} INFO - [2023-02-28T17:50:12.398+0000] {dagbag.py:538} INFO - Filling up the DagBag from /home/airflow/.local/lib/python3.7/site-packages/airflow/example_dags/example_sla_dag.py
[2023-02-28T17:50:12.417+0000] {processor.py:753} INFO - DAG(s) dict_keys(['example_sla_dag']) retrieved from /home/airflow/.local/lib/python3.7/site-packages/airflow/example_dags/example_sla_dag.py
[2023-02-28T17:50:12.436+0000] {logging_mixin.py:137} INFO - [2023-02-28T17:50:12.436+0000] {dag.py:2690} INFO - Sync 1 DAGs
[2023-02-28T17:50:12.454+0000] {logging_mixin.py:137} INFO - [2023-02-28T17:50:12.454+0000] {dag.py:3441} INFO - Setting next_dagrun for example_sla_dag to 2023-02-28T17:48:00+00:00, run_after=2023-02-28T17:50:00+00:00
[2023-02-28T17:50:12.465+0000] {processor.py:175} INFO - Processing /home/airflow/.local/lib/python3.7/site-packages/airflow/example_dags/example_sla_dag.py took 0.073 seconds
[2023-02-28T17:50:42.765+0000] {processor.py:153} INFO - Started process (PID=375) to work on /home/airflow/.local/lib/python3.7/site-packages/airflow/example_dags/example_sla_dag.py
[2023-02-28T17:50:42.766+0000] {processor.py:743} INFO - Processing file /home/airflow/.local/lib/python3.7/site-packages/airflow/example_dags/example_sla_dag.py for tasks to queue
[2023-02-28T17:50:42.767+0000] {logging_mixin.py:137} INFO - [2023-02-28T17:50:42.767+0000] {dagbag.py:538} INFO - Filling up the DagBag from /home/airflow/.local/lib/python3.7/site-packages/airflow/example_dags/example_sla_dag.py
[2023-02-28T17:50:42.781+0000] {processor.py:753} INFO - DAG(s) dict_keys(['example_sla_dag']) retrieved from /home/airflow/.local/lib/python3.7/site-packages/airflow/example_dags/example_sla_dag.py
[2023-02-28T17:50:42.798+0000] {logging_mixin.py:137} INFO - [2023-02-28T17:50:42.798+0000] {dag.py:2690} INFO - Sync 1 DAGs
[2023-02-28T17:50:42.812+0000] {logging_mixin.py:137} INFO - [2023-02-28T17:50:42.812+0000] {dag.py:3441} INFO - Setting next_dagrun for example_sla_dag to 2023-02-28T17:48:00+00:00, run_after=2023-02-28T17:50:00+00:00
[2023-02-28T17:50:42.822+0000] {processor.py:175} INFO - Processing /home/airflow/.local/lib/python3.7/site-packages/airflow/example_dags/example_sla_dag.py took 0.060 seconds
[2023-02-28T17:51:45.336+0000] {processor.py:153} INFO - Started process (PID=66) to work on /home/airflow/.local/lib/python3.7/site-packages/airflow/example_dags/example_sla_dag.py
[2023-02-28T17:51:45.338+0000] {processor.py:743} INFO - Processing file /home/airflow/.local/lib/python3.7/site-packages/airflow/example_dags/example_sla_dag.py for tasks to queue
[2023-02-28T17:51:45.339+0000] {logging_mixin.py:137} INFO - [2023-02-28T17:51:45.339+0000] {dagbag.py:538} INFO - Filling up the DagBag from /home/airflow/.local/lib/python3.7/site-packages/airflow/example_dags/example_sla_dag.py
[2023-02-28T17:51:45.361+0000] {processor.py:753} INFO - DAG(s) dict_keys(['example_sla_dag']) retrieved from /home/airflow/.local/lib/python3.7/site-packages/airflow/example_dags/example_sla_dag.py
[2023-02-28T17:51:45.372+0000] {logging_mixin.py:137} INFO - [2023-02-28T17:51:45.372+0000] {dag.py:2690} INFO - Sync 1 DAGs
[2023-02-28T17:51:45.393+0000] {logging_mixin.py:137} INFO - [2023-02-28T17:51:45.393+0000] {dag.py:3441} INFO - Setting next_dagrun for example_sla_dag to 2023-02-28T17:48:00+00:00, run_after=2023-02-28T17:50:00+00:00
[2023-02-28T17:51:45.408+0000] {processor.py:175} INFO - Processing /home/airflow/.local/lib/python3.7/site-packages/airflow/example_dags/example_sla_dag.py took 0.078 seconds
[2023-02-28T17:52:15.686+0000] {processor.py:153} INFO - Started process (PID=146) to work on /home/airflow/.local/lib/python3.7/site-packages/airflow/example_dags/example_sla_dag.py
[2023-02-28T17:52:15.687+0000] {processor.py:743} INFO - Processing file /home/airflow/.local/lib/python3.7/site-packages/airflow/example_dags/example_sla_dag.py for tasks to queue
[2023-02-28T17:52:15.687+0000] {logging_mixin.py:137} INFO - [2023-02-28T17:52:15.687+0000] {dagbag.py:538} INFO - Filling up the DagBag from /home/airflow/.local/lib/python3.7/site-packages/airflow/example_dags/example_sla_dag.py
[2023-02-28T17:52:15.699+0000] {processor.py:753} INFO - DAG(s) dict_keys(['example_sla_dag']) retrieved from /home/airflow/.local/lib/python3.7/site-packages/airflow/example_dags/example_sla_dag.py
[2023-02-28T17:52:15.716+0000] {logging_mixin.py:137} INFO - [2023-02-28T17:52:15.715+0000] {dag.py:2690} INFO - Sync 1 DAGs
[2023-02-28T17:52:15.729+0000] {logging_mixin.py:137} INFO - [2023-02-28T17:52:15.729+0000] {dag.py:3441} INFO - Setting next_dagrun for example_sla_dag to 2023-02-28T17:50:00+00:00, run_after=2023-02-28T17:52:00+00:00
[2023-02-28T17:52:15.738+0000] {processor.py:175} INFO - Processing /home/airflow/.local/lib/python3.7/site-packages/airflow/example_dags/example_sla_dag.py took 0.055 seconds
[2023-02-28T17:52:45.924+0000] {processor.py:153} INFO - Started process (PID=213) to work on /home/airflow/.local/lib/python3.7/site-packages/airflow/example_dags/example_sla_dag.py
[2023-02-28T17:52:45.925+0000] {processor.py:743} INFO - Processing file /home/airflow/.local/lib/python3.7/site-packages/airflow/example_dags/example_sla_dag.py for tasks to queue
[2023-02-28T17:52:45.925+0000] {logging_mixin.py:137} INFO - [2023-02-28T17:52:45.925+0000] {dagbag.py:538} INFO - Filling up the DagBag from /home/airflow/.local/lib/python3.7/site-packages/airflow/example_dags/example_sla_dag.py
[2023-02-28T17:52:45.938+0000] {processor.py:753} INFO - DAG(s) dict_keys(['example_sla_dag']) retrieved from /home/airflow/.local/lib/python3.7/site-packages/airflow/example_dags/example_sla_dag.py
[2023-02-28T17:52:45.956+0000] {logging_mixin.py:137} INFO - [2023-02-28T17:52:45.956+0000] {dag.py:2690} INFO - Sync 1 DAGs
[2023-02-28T17:52:45.970+0000] {logging_mixin.py:137} INFO - [2023-02-28T17:52:45.970+0000] {dag.py:3441} INFO - Setting next_dagrun for example_sla_dag to 2023-02-28T17:50:00+00:00, run_after=2023-02-28T17:52:00+00:00
[2023-02-28T17:52:45.978+0000] {processor.py:175} INFO - Processing /home/airflow/.local/lib/python3.7/site-packages/airflow/example_dags/example_sla_dag.py took 0.057 seconds
[2023-02-28T17:53:16.102+0000] {processor.py:153} INFO - Started process (PID=293) to work on /home/airflow/.local/lib/python3.7/site-packages/airflow/example_dags/example_sla_dag.py
[2023-02-28T17:53:16.103+0000] {processor.py:743} INFO - Processing file /home/airflow/.local/lib/python3.7/site-packages/airflow/example_dags/example_sla_dag.py for tasks to queue
[2023-02-28T17:53:16.104+0000] {logging_mixin.py:137} INFO - [2023-02-28T17:53:16.104+0000] {dagbag.py:538} INFO - Filling up the DagBag from /home/airflow/.local/lib/python3.7/site-packages/airflow/example_dags/example_sla_dag.py
[2023-02-28T17:53:16.117+0000] {processor.py:753} INFO - DAG(s) dict_keys(['example_sla_dag']) retrieved from /home/airflow/.local/lib/python3.7/site-packages/airflow/example_dags/example_sla_dag.py
[2023-02-28T17:53:16.134+0000] {logging_mixin.py:137} INFO - [2023-02-28T17:53:16.134+0000] {dag.py:2690} INFO - Sync 1 DAGs
[2023-02-28T17:53:16.148+0000] {logging_mixin.py:137} INFO - [2023-02-28T17:53:16.147+0000] {dag.py:3441} INFO - Setting next_dagrun for example_sla_dag to 2023-02-28T17:50:00+00:00, run_after=2023-02-28T17:52:00+00:00
[2023-02-28T17:53:16.157+0000] {processor.py:175} INFO - Processing /home/airflow/.local/lib/python3.7/site-packages/airflow/example_dags/example_sla_dag.py took 0.057 seconds
[2023-02-28T17:53:47.001+0000] {processor.py:153} INFO - Started process (PID=373) to work on /home/airflow/.local/lib/python3.7/site-packages/airflow/example_dags/example_sla_dag.py
[2023-02-28T17:53:47.002+0000] {processor.py:743} INFO - Processing file /home/airflow/.local/lib/python3.7/site-packages/airflow/example_dags/example_sla_dag.py for tasks to queue
[2023-02-28T17:53:47.003+0000] {logging_mixin.py:137} INFO - [2023-02-28T17:53:47.003+0000] {dagbag.py:538} INFO - Filling up the DagBag from /home/airflow/.local/lib/python3.7/site-packages/airflow/example_dags/example_sla_dag.py
[2023-02-28T17:53:47.016+0000] {processor.py:753} INFO - DAG(s) dict_keys(['example_sla_dag']) retrieved from /home/airflow/.local/lib/python3.7/site-packages/airflow/example_dags/example_sla_dag.py
[2023-02-28T17:53:47.032+0000] {logging_mixin.py:137} INFO - [2023-02-28T17:53:47.032+0000] {dag.py:2690} INFO - Sync 1 DAGs
[2023-02-28T17:53:47.048+0000] {logging_mixin.py:137} INFO - [2023-02-28T17:53:47.048+0000] {dag.py:3441} INFO - Setting next_dagrun for example_sla_dag to 2023-02-28T17:50:00+00:00, run_after=2023-02-28T17:52:00+00:00
[2023-02-28T17:53:47.056+0000] {processor.py:175} INFO - Processing /home/airflow/.local/lib/python3.7/site-packages/airflow/example_dags/example_sla_dag.py took 0.057 seconds
[2023-02-28T17:54:18.073+0000] {processor.py:153} INFO - Started process (PID=453) to work on /home/airflow/.local/lib/python3.7/site-packages/airflow/example_dags/example_sla_dag.py
[2023-02-28T17:54:18.074+0000] {processor.py:743} INFO - Processing file /home/airflow/.local/lib/python3.7/site-packages/airflow/example_dags/example_sla_dag.py for tasks to queue
[2023-02-28T17:54:18.075+0000] {logging_mixin.py:137} INFO - [2023-02-28T17:54:18.074+0000] {dagbag.py:538} INFO - Filling up the DagBag from /home/airflow/.local/lib/python3.7/site-packages/airflow/example_dags/example_sla_dag.py
[2023-02-28T17:54:18.089+0000] {processor.py:753} INFO - DAG(s) dict_keys(['example_sla_dag']) retrieved from /home/airflow/.local/lib/python3.7/site-packages/airflow/example_dags/example_sla_dag.py
[2023-02-28T17:54:18.106+0000] {logging_mixin.py:137} INFO - [2023-02-28T17:54:18.106+0000] {dag.py:2690} INFO - Sync 1 DAGs
[2023-02-28T17:54:18.120+0000] {logging_mixin.py:137} INFO - [2023-02-28T17:54:18.120+0000] {dag.py:3441} INFO - Setting next_dagrun for example_sla_dag to 2023-02-28T17:52:00+00:00, run_after=2023-02-28T17:54:00+00:00
[2023-02-28T17:54:18.129+0000] {processor.py:175} INFO - Processing /home/airflow/.local/lib/python3.7/site-packages/airflow/example_dags/example_sla_dag.py took 0.058 seconds
[2023-02-28T17:54:49.265+0000] {processor.py:153} INFO - Started process (PID=520) to work on /home/airflow/.local/lib/python3.7/site-packages/airflow/example_dags/example_sla_dag.py
[2023-02-28T17:54:49.266+0000] {processor.py:743} INFO - Processing file /home/airflow/.local/lib/python3.7/site-packages/airflow/example_dags/example_sla_dag.py for tasks to queue
[2023-02-28T17:54:49.267+0000] {logging_mixin.py:137} INFO - [2023-02-28T17:54:49.267+0000] {dagbag.py:538} INFO - Filling up the DagBag from /home/airflow/.local/lib/python3.7/site-packages/airflow/example_dags/example_sla_dag.py
[2023-02-28T17:54:49.280+0000] {processor.py:753} INFO - DAG(s) dict_keys(['example_sla_dag']) retrieved from /home/airflow/.local/lib/python3.7/site-packages/airflow/example_dags/example_sla_dag.py
[2023-02-28T17:54:49.298+0000] {logging_mixin.py:137} INFO - [2023-02-28T17:54:49.298+0000] {dag.py:2690} INFO - Sync 1 DAGs
[2023-02-28T17:54:49.312+0000] {logging_mixin.py:137} INFO - [2023-02-28T17:54:49.312+0000] {dag.py:3441} INFO - Setting next_dagrun for example_sla_dag to 2023-02-28T17:52:00+00:00, run_after=2023-02-28T17:54:00+00:00
[2023-02-28T17:54:49.321+0000] {processor.py:175} INFO - Processing /home/airflow/.local/lib/python3.7/site-packages/airflow/example_dags/example_sla_dag.py took 0.058 seconds
[2023-02-28T17:55:19.387+0000] {processor.py:153} INFO - Started process (PID=599) to work on /home/airflow/.local/lib/python3.7/site-packages/airflow/example_dags/example_sla_dag.py
[2023-02-28T17:55:19.388+0000] {processor.py:743} INFO - Processing file /home/airflow/.local/lib/python3.7/site-packages/airflow/example_dags/example_sla_dag.py for tasks to queue
[2023-02-28T17:55:19.389+0000] {logging_mixin.py:137} INFO - [2023-02-28T17:55:19.389+0000] {dagbag.py:538} INFO - Filling up the DagBag from /home/airflow/.local/lib/python3.7/site-packages/airflow/example_dags/example_sla_dag.py
[2023-02-28T17:55:19.403+0000] {processor.py:753} INFO - DAG(s) dict_keys(['example_sla_dag']) retrieved from /home/airflow/.local/lib/python3.7/site-packages/airflow/example_dags/example_sla_dag.py
[2023-02-28T17:55:19.419+0000] {logging_mixin.py:137} INFO - [2023-02-28T17:55:19.419+0000] {dag.py:2690} INFO - Sync 1 DAGs
[2023-02-28T17:55:19.434+0000] {logging_mixin.py:137} INFO - [2023-02-28T17:55:19.434+0000] {dag.py:3441} INFO - Setting next_dagrun for example_sla_dag to 2023-02-28T17:52:00+00:00, run_after=2023-02-28T17:54:00+00:00
[2023-02-28T17:55:19.442+0000] {processor.py:175} INFO - Processing /home/airflow/.local/lib/python3.7/site-packages/airflow/example_dags/example_sla_dag.py took 0.057 seconds
[2023-02-28T17:55:49.638+0000] {processor.py:153} INFO - Started process (PID=679) to work on /home/airflow/.local/lib/python3.7/site-packages/airflow/example_dags/example_sla_dag.py
[2023-02-28T17:55:49.638+0000] {processor.py:743} INFO - Processing file /home/airflow/.local/lib/python3.7/site-packages/airflow/example_dags/example_sla_dag.py for tasks to queue
[2023-02-28T17:55:49.639+0000] {logging_mixin.py:137} INFO - [2023-02-28T17:55:49.639+0000] {dagbag.py:538} INFO - Filling up the DagBag from /home/airflow/.local/lib/python3.7/site-packages/airflow/example_dags/example_sla_dag.py
[2023-02-28T17:55:49.652+0000] {processor.py:753} INFO - DAG(s) dict_keys(['example_sla_dag']) retrieved from /home/airflow/.local/lib/python3.7/site-packages/airflow/example_dags/example_sla_dag.py
[2023-02-28T17:55:49.669+0000] {logging_mixin.py:137} INFO - [2023-02-28T17:55:49.669+0000] {dag.py:2690} INFO - Sync 1 DAGs
[2023-02-28T17:55:49.683+0000] {logging_mixin.py:137} INFO - [2023-02-28T17:55:49.683+0000] {dag.py:3441} INFO - Setting next_dagrun for example_sla_dag to 2023-02-28T17:52:00+00:00, run_after=2023-02-28T17:54:00+00:00
[2023-02-28T17:55:49.692+0000] {processor.py:175} INFO - Processing /home/airflow/.local/lib/python3.7/site-packages/airflow/example_dags/example_sla_dag.py took 0.056 seconds
[2023-02-28T17:56:20.654+0000] {processor.py:153} INFO - Started process (PID=759) to work on /home/airflow/.local/lib/python3.7/site-packages/airflow/example_dags/example_sla_dag.py
[2023-02-28T17:56:20.655+0000] {processor.py:743} INFO - Processing file /home/airflow/.local/lib/python3.7/site-packages/airflow/example_dags/example_sla_dag.py for tasks to queue
[2023-02-28T17:56:20.655+0000] {logging_mixin.py:137} INFO - [2023-02-28T17:56:20.655+0000] {dagbag.py:538} INFO - Filling up the DagBag from /home/airflow/.local/lib/python3.7/site-packages/airflow/example_dags/example_sla_dag.py
[2023-02-28T17:56:20.669+0000] {processor.py:753} INFO - DAG(s) dict_keys(['example_sla_dag']) retrieved from /home/airflow/.local/lib/python3.7/site-packages/airflow/example_dags/example_sla_dag.py
[2023-02-28T17:56:20.686+0000] {logging_mixin.py:137} INFO - [2023-02-28T17:56:20.686+0000] {dag.py:2690} INFO - Sync 1 DAGs
[2023-02-28T17:56:20.701+0000] {logging_mixin.py:137} INFO - [2023-02-28T17:56:20.701+0000] {dag.py:3441} INFO - Setting next_dagrun for example_sla_dag to 2023-02-28T17:54:00+00:00, run_after=2023-02-28T17:56:00+00:00
[2023-02-28T17:56:20.710+0000] {processor.py:175} INFO - Processing /home/airflow/.local/lib/python3.7/site-packages/airflow/example_dags/example_sla_dag.py took 0.059 seconds
[2023-02-28T17:56:50.777+0000] {processor.py:153} INFO - Started process (PID=826) to work on /home/airflow/.local/lib/python3.7/site-packages/airflow/example_dags/example_sla_dag.py
[2023-02-28T17:56:50.779+0000] {processor.py:743} INFO - Processing file /home/airflow/.local/lib/python3.7/site-packages/airflow/example_dags/example_sla_dag.py for tasks to queue
[2023-02-28T17:56:50.779+0000] {logging_mixin.py:137} INFO - [2023-02-28T17:56:50.779+0000] {dagbag.py:538} INFO - Filling up the DagBag from /home/airflow/.local/lib/python3.7/site-packages/airflow/example_dags/example_sla_dag.py
[2023-02-28T17:56:50.793+0000] {processor.py:753} INFO - DAG(s) dict_keys(['example_sla_dag']) retrieved from /home/airflow/.local/lib/python3.7/site-packages/airflow/example_dags/example_sla_dag.py
[2023-02-28T17:56:50.811+0000] {logging_mixin.py:137} INFO - [2023-02-28T17:56:50.810+0000] {dag.py:2690} INFO - Sync 1 DAGs
[2023-02-28T17:56:50.825+0000] {logging_mixin.py:137} INFO - [2023-02-28T17:56:50.825+0000] {dag.py:3441} INFO - Setting next_dagrun for example_sla_dag to 2023-02-28T17:54:00+00:00, run_after=2023-02-28T17:56:00+00:00
[2023-02-28T17:56:50.835+0000] {processor.py:175} INFO - Processing /home/airflow/.local/lib/python3.7/site-packages/airflow/example_dags/example_sla_dag.py took 0.060 seconds
[2023-02-28T17:57:21.066+0000] {processor.py:153} INFO - Started process (PID=906) to work on /home/airflow/.local/lib/python3.7/site-packages/airflow/example_dags/example_sla_dag.py
[2023-02-28T17:57:21.067+0000] {processor.py:743} INFO - Processing file /home/airflow/.local/lib/python3.7/site-packages/airflow/example_dags/example_sla_dag.py for tasks to queue
[2023-02-28T17:57:21.068+0000] {logging_mixin.py:137} INFO - [2023-02-28T17:57:21.067+0000] {dagbag.py:538} INFO - Filling up the DagBag from /home/airflow/.local/lib/python3.7/site-packages/airflow/example_dags/example_sla_dag.py
[2023-02-28T17:57:21.081+0000] {processor.py:753} INFO - DAG(s) dict_keys(['example_sla_dag']) retrieved from /home/airflow/.local/lib/python3.7/site-packages/airflow/example_dags/example_sla_dag.py
[2023-02-28T17:57:21.097+0000] {logging_mixin.py:137} INFO - [2023-02-28T17:57:21.097+0000] {dag.py:2690} INFO - Sync 1 DAGs
[2023-02-28T17:57:21.112+0000] {logging_mixin.py:137} INFO - [2023-02-28T17:57:21.112+0000] {dag.py:3441} INFO - Setting next_dagrun for example_sla_dag to 2023-02-28T17:54:00+00:00, run_after=2023-02-28T17:56:00+00:00
[2023-02-28T17:57:21.121+0000] {processor.py:175} INFO - Processing /home/airflow/.local/lib/python3.7/site-packages/airflow/example_dags/example_sla_dag.py took 0.058 seconds
[2023-02-28T17:57:51.340+0000] {processor.py:153} INFO - Started process (PID=986) to work on /home/airflow/.local/lib/python3.7/site-packages/airflow/example_dags/example_sla_dag.py
[2023-02-28T17:57:51.341+0000] {processor.py:743} INFO - Processing file /home/airflow/.local/lib/python3.7/site-packages/airflow/example_dags/example_sla_dag.py for tasks to queue
[2023-02-28T17:57:51.341+0000] {logging_mixin.py:137} INFO - [2023-02-28T17:57:51.341+0000] {dagbag.py:538} INFO - Filling up the DagBag from /home/airflow/.local/lib/python3.7/site-packages/airflow/example_dags/example_sla_dag.py
[2023-02-28T17:57:51.355+0000] {processor.py:753} INFO - DAG(s) dict_keys(['example_sla_dag']) retrieved from /home/airflow/.local/lib/python3.7/site-packages/airflow/example_dags/example_sla_dag.py
[2023-02-28T17:57:51.373+0000] {logging_mixin.py:137} INFO - [2023-02-28T17:57:51.373+0000] {dag.py:2690} INFO - Sync 1 DAGs
[2023-02-28T17:57:51.387+0000] {logging_mixin.py:137} INFO - [2023-02-28T17:57:51.387+0000] {dag.py:3441} INFO - Setting next_dagrun for example_sla_dag to 2023-02-28T17:54:00+00:00, run_after=2023-02-28T17:56:00+00:00
[2023-02-28T17:57:51.397+0000] {processor.py:175} INFO - Processing /home/airflow/.local/lib/python3.7/site-packages/airflow/example_dags/example_sla_dag.py took 0.059 seconds
[2023-02-28T17:58:22.504+0000] {processor.py:153} INFO - Started process (PID=1062) to work on /home/airflow/.local/lib/python3.7/site-packages/airflow/example_dags/example_sla_dag.py
[2023-02-28T17:58:22.505+0000] {processor.py:743} INFO - Processing file /home/airflow/.local/lib/python3.7/site-packages/airflow/example_dags/example_sla_dag.py for tasks to queue
[2023-02-28T17:58:22.506+0000] {logging_mixin.py:137} INFO - [2023-02-28T17:58:22.506+0000] {dagbag.py:538} INFO - Filling up the DagBag from /home/airflow/.local/lib/python3.7/site-packages/airflow/example_dags/example_sla_dag.py
[2023-02-28T17:58:22.519+0000] {processor.py:753} INFO - DAG(s) dict_keys(['example_sla_dag']) retrieved from /home/airflow/.local/lib/python3.7/site-packages/airflow/example_dags/example_sla_dag.py
[2023-02-28T17:58:22.535+0000] {logging_mixin.py:137} INFO - [2023-02-28T17:58:22.535+0000] {dag.py:2690} INFO - Sync 1 DAGs
[2023-02-28T17:58:22.550+0000] {logging_mixin.py:137} INFO - [2023-02-28T17:58:22.550+0000] {dag.py:3441} INFO - Setting next_dagrun for example_sla_dag to 2023-02-28T17:56:00+00:00, run_after=2023-02-28T17:58:00+00:00
[2023-02-28T17:58:22.559+0000] {processor.py:175} INFO - Processing /home/airflow/.local/lib/python3.7/site-packages/airflow/example_dags/example_sla_dag.py took 0.058 seconds
[2023-02-28T17:58:52.749+0000] {processor.py:153} INFO - Started process (PID=1133) to work on /home/airflow/.local/lib/python3.7/site-packages/airflow/example_dags/example_sla_dag.py
[2023-02-28T17:58:52.750+0000] {processor.py:743} INFO - Processing file /home/airflow/.local/lib/python3.7/site-packages/airflow/example_dags/example_sla_dag.py for tasks to queue
[2023-02-28T17:58:52.750+0000] {logging_mixin.py:137} INFO - [2023-02-28T17:58:52.750+0000] {dagbag.py:538} INFO - Filling up the DagBag from /home/airflow/.local/lib/python3.7/site-packages/airflow/example_dags/example_sla_dag.py
[2023-02-28T17:58:52.764+0000] {processor.py:753} INFO - DAG(s) dict_keys(['example_sla_dag']) retrieved from /home/airflow/.local/lib/python3.7/site-packages/airflow/example_dags/example_sla_dag.py
[2023-02-28T17:58:52.780+0000] {logging_mixin.py:137} INFO - [2023-02-28T17:58:52.780+0000] {dag.py:2690} INFO - Sync 1 DAGs
[2023-02-28T17:58:52.795+0000] {logging_mixin.py:137} INFO - [2023-02-28T17:58:52.795+0000] {dag.py:3441} INFO - Setting next_dagrun for example_sla_dag to 2023-02-28T17:56:00+00:00, run_after=2023-02-28T17:58:00+00:00
[2023-02-28T17:58:52.804+0000] {processor.py:175} INFO - Processing /home/airflow/.local/lib/python3.7/site-packages/airflow/example_dags/example_sla_dag.py took 0.058 seconds
[2023-02-28T17:59:23.029+0000] {processor.py:153} INFO - Started process (PID=1213) to work on /home/airflow/.local/lib/python3.7/site-packages/airflow/example_dags/example_sla_dag.py
[2023-02-28T17:59:23.030+0000] {processor.py:743} INFO - Processing file /home/airflow/.local/lib/python3.7/site-packages/airflow/example_dags/example_sla_dag.py for tasks to queue
[2023-02-28T17:59:23.031+0000] {logging_mixin.py:137} INFO - [2023-02-28T17:59:23.031+0000] {dagbag.py:538} INFO - Filling up the DagBag from /home/airflow/.local/lib/python3.7/site-packages/airflow/example_dags/example_sla_dag.py
[2023-02-28T17:59:23.045+0000] {processor.py:753} INFO - DAG(s) dict_keys(['example_sla_dag']) retrieved from /home/airflow/.local/lib/python3.7/site-packages/airflow/example_dags/example_sla_dag.py
[2023-02-28T17:59:23.062+0000] {logging_mixin.py:137} INFO - [2023-02-28T17:59:23.062+0000] {dag.py:2690} INFO - Sync 1 DAGs
[2023-02-28T17:59:23.076+0000] {logging_mixin.py:137} INFO - [2023-02-28T17:59:23.076+0000] {dag.py:3441} INFO - Setting next_dagrun for example_sla_dag to 2023-02-28T17:56:00+00:00, run_after=2023-02-28T17:58:00+00:00
[2023-02-28T17:59:23.085+0000] {processor.py:175} INFO - Processing /home/airflow/.local/lib/python3.7/site-packages/airflow/example_dags/example_sla_dag.py took 0.059 seconds
[2023-02-28T17:59:53.169+0000] {processor.py:153} INFO - Started process (PID=1294) to work on /home/airflow/.local/lib/python3.7/site-packages/airflow/example_dags/example_sla_dag.py
[2023-02-28T17:59:53.170+0000] {processor.py:743} INFO - Processing file /home/airflow/.local/lib/python3.7/site-packages/airflow/example_dags/example_sla_dag.py for tasks to queue
[2023-02-28T17:59:53.171+0000] {logging_mixin.py:137} INFO - [2023-02-28T17:59:53.171+0000] {dagbag.py:538} INFO - Filling up the DagBag from /home/airflow/.local/lib/python3.7/site-packages/airflow/example_dags/example_sla_dag.py
[2023-02-28T17:59:53.184+0000] {processor.py:753} INFO - DAG(s) dict_keys(['example_sla_dag']) retrieved from /home/airflow/.local/lib/python3.7/site-packages/airflow/example_dags/example_sla_dag.py
[2023-02-28T17:59:53.201+0000] {logging_mixin.py:137} INFO - [2023-02-28T17:59:53.201+0000] {dag.py:2690} INFO - Sync 1 DAGs
[2023-02-28T17:59:53.215+0000] {logging_mixin.py:137} INFO - [2023-02-28T17:59:53.215+0000] {dag.py:3441} INFO - Setting next_dagrun for example_sla_dag to 2023-02-28T17:56:00+00:00, run_after=2023-02-28T17:58:00+00:00
[2023-02-28T17:59:53.224+0000] {processor.py:175} INFO - Processing /home/airflow/.local/lib/python3.7/site-packages/airflow/example_dags/example_sla_dag.py took 0.058 seconds
[2023-02-28T18:00:23.311+0000] {processor.py:153} INFO - Started process (PID=1359) to work on /home/airflow/.local/lib/python3.7/site-packages/airflow/example_dags/example_sla_dag.py
[2023-02-28T18:00:23.313+0000] {processor.py:743} INFO - Processing file /home/airflow/.local/lib/python3.7/site-packages/airflow/example_dags/example_sla_dag.py for tasks to queue
[2023-02-28T18:00:23.313+0000] {logging_mixin.py:137} INFO - [2023-02-28T18:00:23.313+0000] {dagbag.py:538} INFO - Filling up the DagBag from /home/airflow/.local/lib/python3.7/site-packages/airflow/example_dags/example_sla_dag.py
[2023-02-28T18:00:23.327+0000] {processor.py:753} INFO - DAG(s) dict_keys(['example_sla_dag']) retrieved from /home/airflow/.local/lib/python3.7/site-packages/airflow/example_dags/example_sla_dag.py
[2023-02-28T18:00:23.344+0000] {logging_mixin.py:137} INFO - [2023-02-28T18:00:23.344+0000] {dag.py:2690} INFO - Sync 1 DAGs
[2023-02-28T18:00:23.357+0000] {logging_mixin.py:137} INFO - [2023-02-28T18:00:23.357+0000] {dag.py:3441} INFO - Setting next_dagrun for example_sla_dag to 2023-02-28T17:58:00+00:00, run_after=2023-02-28T18:00:00+00:00
[2023-02-28T18:00:23.367+0000] {processor.py:175} INFO - Processing /home/airflow/.local/lib/python3.7/site-packages/airflow/example_dags/example_sla_dag.py took 0.058 seconds
[2023-02-28T18:00:53.496+0000] {processor.py:153} INFO - Started process (PID=1439) to work on /home/airflow/.local/lib/python3.7/site-packages/airflow/example_dags/example_sla_dag.py
[2023-02-28T18:00:53.497+0000] {processor.py:743} INFO - Processing file /home/airflow/.local/lib/python3.7/site-packages/airflow/example_dags/example_sla_dag.py for tasks to queue
[2023-02-28T18:00:53.498+0000] {logging_mixin.py:137} INFO - [2023-02-28T18:00:53.498+0000] {dagbag.py:538} INFO - Filling up the DagBag from /home/airflow/.local/lib/python3.7/site-packages/airflow/example_dags/example_sla_dag.py
[2023-02-28T18:00:53.510+0000] {processor.py:753} INFO - DAG(s) dict_keys(['example_sla_dag']) retrieved from /home/airflow/.local/lib/python3.7/site-packages/airflow/example_dags/example_sla_dag.py
[2023-02-28T18:00:53.527+0000] {logging_mixin.py:137} INFO - [2023-02-28T18:00:53.527+0000] {dag.py:2690} INFO - Sync 1 DAGs
[2023-02-28T18:00:53.543+0000] {logging_mixin.py:137} INFO - [2023-02-28T18:00:53.542+0000] {dag.py:3441} INFO - Setting next_dagrun for example_sla_dag to 2023-02-28T17:58:00+00:00, run_after=2023-02-28T18:00:00+00:00
[2023-02-28T18:00:53.552+0000] {processor.py:175} INFO - Processing /home/airflow/.local/lib/python3.7/site-packages/airflow/example_dags/example_sla_dag.py took 0.058 seconds
[2023-02-28T18:01:24.092+0000] {processor.py:153} INFO - Started process (PID=1519) to work on /home/airflow/.local/lib/python3.7/site-packages/airflow/example_dags/example_sla_dag.py
[2023-02-28T18:01:24.093+0000] {processor.py:743} INFO - Processing file /home/airflow/.local/lib/python3.7/site-packages/airflow/example_dags/example_sla_dag.py for tasks to queue
[2023-02-28T18:01:24.096+0000] {logging_mixin.py:137} INFO - [2023-02-28T18:01:24.096+0000] {dagbag.py:538} INFO - Filling up the DagBag from /home/airflow/.local/lib/python3.7/site-packages/airflow/example_dags/example_sla_dag.py
[2023-02-28T18:01:24.110+0000] {processor.py:753} INFO - DAG(s) dict_keys(['example_sla_dag']) retrieved from /home/airflow/.local/lib/python3.7/site-packages/airflow/example_dags/example_sla_dag.py
[2023-02-28T18:01:24.127+0000] {logging_mixin.py:137} INFO - [2023-02-28T18:01:24.127+0000] {dag.py:2690} INFO - Sync 1 DAGs
[2023-02-28T18:01:24.141+0000] {logging_mixin.py:137} INFO - [2023-02-28T18:01:24.141+0000] {dag.py:3441} INFO - Setting next_dagrun for example_sla_dag to 2023-02-28T17:58:00+00:00, run_after=2023-02-28T18:00:00+00:00
[2023-02-28T18:01:24.150+0000] {processor.py:175} INFO - Processing /home/airflow/.local/lib/python3.7/site-packages/airflow/example_dags/example_sla_dag.py took 0.060 seconds
