[2023-02-28T17:48:38.270+0000] {processor.py:153} INFO - Started process (PID=38) to work on /home/airflow/.local/lib/python3.7/site-packages/airflow/example_dags/example_latest_only_with_trigger.py
[2023-02-28T17:48:38.272+0000] {processor.py:743} INFO - Processing file /home/airflow/.local/lib/python3.7/site-packages/airflow/example_dags/example_latest_only_with_trigger.py for tasks to queue
[2023-02-28T17:48:38.273+0000] {logging_mixin.py:137} INFO - [2023-02-28T17:48:38.273+0000] {dagbag.py:538} INFO - Filling up the DagBag from /home/airflow/.local/lib/python3.7/site-packages/airflow/example_dags/example_latest_only_with_trigger.py
[2023-02-28T17:48:38.288+0000] {processor.py:753} INFO - DAG(s) dict_keys(['latest_only_with_trigger']) retrieved from /home/airflow/.local/lib/python3.7/site-packages/airflow/example_dags/example_latest_only_with_trigger.py
[2023-02-28T17:48:38.371+0000] {logging_mixin.py:137} INFO - [2023-02-28T17:48:38.371+0000] {manager.py:504} INFO - Created Permission View: can edit on DAG:latest_only_with_trigger
[2023-02-28T17:48:38.377+0000] {logging_mixin.py:137} INFO - [2023-02-28T17:48:38.377+0000] {manager.py:504} INFO - Created Permission View: can read on DAG:latest_only_with_trigger
[2023-02-28T17:48:38.380+0000] {logging_mixin.py:137} INFO - [2023-02-28T17:48:38.380+0000] {manager.py:504} INFO - Created Permission View: can delete on DAG:latest_only_with_trigger
[2023-02-28T17:48:38.381+0000] {logging_mixin.py:137} INFO - [2023-02-28T17:48:38.381+0000] {dag.py:2690} INFO - Sync 1 DAGs
[2023-02-28T17:48:38.396+0000] {logging_mixin.py:137} INFO - [2023-02-28T17:48:38.396+0000] {dag.py:2711} INFO - Creating ORM DAG for latest_only_with_trigger
[2023-02-28T17:48:38.410+0000] {logging_mixin.py:137} INFO - [2023-02-28T17:48:38.410+0000] {dag.py:3441} INFO - Setting next_dagrun for latest_only_with_trigger to 2023-02-28T13:48:38.410006+00:00, run_after=2023-02-28T17:48:38.410006+00:00
[2023-02-28T17:48:38.435+0000] {processor.py:175} INFO - Processing /home/airflow/.local/lib/python3.7/site-packages/airflow/example_dags/example_latest_only_with_trigger.py took 0.168 seconds
[2023-02-28T17:49:09.082+0000] {processor.py:153} INFO - Started process (PID=117) to work on /home/airflow/.local/lib/python3.7/site-packages/airflow/example_dags/example_latest_only_with_trigger.py
[2023-02-28T17:49:09.084+0000] {processor.py:743} INFO - Processing file /home/airflow/.local/lib/python3.7/site-packages/airflow/example_dags/example_latest_only_with_trigger.py for tasks to queue
[2023-02-28T17:49:09.084+0000] {logging_mixin.py:137} INFO - [2023-02-28T17:49:09.084+0000] {dagbag.py:538} INFO - Filling up the DagBag from /home/airflow/.local/lib/python3.7/site-packages/airflow/example_dags/example_latest_only_with_trigger.py
[2023-02-28T17:49:09.096+0000] {processor.py:753} INFO - DAG(s) dict_keys(['latest_only_with_trigger']) retrieved from /home/airflow/.local/lib/python3.7/site-packages/airflow/example_dags/example_latest_only_with_trigger.py
[2023-02-28T17:49:09.114+0000] {logging_mixin.py:137} INFO - [2023-02-28T17:49:09.114+0000] {dag.py:2690} INFO - Sync 1 DAGs
[2023-02-28T17:49:09.129+0000] {logging_mixin.py:137} INFO - [2023-02-28T17:49:09.129+0000] {dag.py:3441} INFO - Setting next_dagrun for latest_only_with_trigger to 2023-02-28T13:49:09.129311+00:00, run_after=2023-02-28T17:49:09.129311+00:00
[2023-02-28T17:49:09.140+0000] {processor.py:175} INFO - Processing /home/airflow/.local/lib/python3.7/site-packages/airflow/example_dags/example_latest_only_with_trigger.py took 0.061 seconds
[2023-02-28T17:49:39.536+0000] {processor.py:153} INFO - Started process (PID=197) to work on /home/airflow/.local/lib/python3.7/site-packages/airflow/example_dags/example_latest_only_with_trigger.py
[2023-02-28T17:49:39.537+0000] {processor.py:743} INFO - Processing file /home/airflow/.local/lib/python3.7/site-packages/airflow/example_dags/example_latest_only_with_trigger.py for tasks to queue
[2023-02-28T17:49:39.538+0000] {logging_mixin.py:137} INFO - [2023-02-28T17:49:39.538+0000] {dagbag.py:538} INFO - Filling up the DagBag from /home/airflow/.local/lib/python3.7/site-packages/airflow/example_dags/example_latest_only_with_trigger.py
[2023-02-28T17:49:39.548+0000] {processor.py:753} INFO - DAG(s) dict_keys(['latest_only_with_trigger']) retrieved from /home/airflow/.local/lib/python3.7/site-packages/airflow/example_dags/example_latest_only_with_trigger.py
[2023-02-28T17:49:39.570+0000] {logging_mixin.py:137} INFO - [2023-02-28T17:49:39.569+0000] {dag.py:2690} INFO - Sync 1 DAGs
[2023-02-28T17:49:39.595+0000] {logging_mixin.py:137} INFO - [2023-02-28T17:49:39.595+0000] {dag.py:3441} INFO - Setting next_dagrun for latest_only_with_trigger to 2023-02-28T13:49:39.595147+00:00, run_after=2023-02-28T17:49:39.595147+00:00
[2023-02-28T17:49:39.615+0000] {processor.py:175} INFO - Processing /home/airflow/.local/lib/python3.7/site-packages/airflow/example_dags/example_latest_only_with_trigger.py took 0.082 seconds
[2023-02-28T17:50:09.751+0000] {processor.py:153} INFO - Started process (PID=264) to work on /home/airflow/.local/lib/python3.7/site-packages/airflow/example_dags/example_latest_only_with_trigger.py
[2023-02-28T17:50:09.753+0000] {processor.py:743} INFO - Processing file /home/airflow/.local/lib/python3.7/site-packages/airflow/example_dags/example_latest_only_with_trigger.py for tasks to queue
[2023-02-28T17:50:09.754+0000] {logging_mixin.py:137} INFO - [2023-02-28T17:50:09.754+0000] {dagbag.py:538} INFO - Filling up the DagBag from /home/airflow/.local/lib/python3.7/site-packages/airflow/example_dags/example_latest_only_with_trigger.py
[2023-02-28T17:50:09.767+0000] {processor.py:753} INFO - DAG(s) dict_keys(['latest_only_with_trigger']) retrieved from /home/airflow/.local/lib/python3.7/site-packages/airflow/example_dags/example_latest_only_with_trigger.py
[2023-02-28T17:50:09.789+0000] {logging_mixin.py:137} INFO - [2023-02-28T17:50:09.789+0000] {dag.py:2690} INFO - Sync 1 DAGs
[2023-02-28T17:50:09.803+0000] {logging_mixin.py:137} INFO - [2023-02-28T17:50:09.803+0000] {dag.py:3441} INFO - Setting next_dagrun for latest_only_with_trigger to 2023-02-28T13:50:09.803659+00:00, run_after=2023-02-28T17:50:09.803659+00:00
[2023-02-28T17:50:09.814+0000] {processor.py:175} INFO - Processing /home/airflow/.local/lib/python3.7/site-packages/airflow/example_dags/example_latest_only_with_trigger.py took 0.068 seconds
[2023-02-28T17:50:40.183+0000] {processor.py:153} INFO - Started process (PID=345) to work on /home/airflow/.local/lib/python3.7/site-packages/airflow/example_dags/example_latest_only_with_trigger.py
[2023-02-28T17:50:40.184+0000] {processor.py:743} INFO - Processing file /home/airflow/.local/lib/python3.7/site-packages/airflow/example_dags/example_latest_only_with_trigger.py for tasks to queue
[2023-02-28T17:50:40.186+0000] {logging_mixin.py:137} INFO - [2023-02-28T17:50:40.186+0000] {dagbag.py:538} INFO - Filling up the DagBag from /home/airflow/.local/lib/python3.7/site-packages/airflow/example_dags/example_latest_only_with_trigger.py
[2023-02-28T17:50:40.201+0000] {processor.py:753} INFO - DAG(s) dict_keys(['latest_only_with_trigger']) retrieved from /home/airflow/.local/lib/python3.7/site-packages/airflow/example_dags/example_latest_only_with_trigger.py
[2023-02-28T17:50:40.223+0000] {logging_mixin.py:137} INFO - [2023-02-28T17:50:40.223+0000] {dag.py:2690} INFO - Sync 1 DAGs
[2023-02-28T17:50:40.238+0000] {logging_mixin.py:137} INFO - [2023-02-28T17:50:40.238+0000] {dag.py:3441} INFO - Setting next_dagrun for latest_only_with_trigger to 2023-02-28T13:50:40.238112+00:00, run_after=2023-02-28T17:50:40.238112+00:00
[2023-02-28T17:50:40.249+0000] {processor.py:175} INFO - Processing /home/airflow/.local/lib/python3.7/site-packages/airflow/example_dags/example_latest_only_with_trigger.py took 0.070 seconds
[2023-02-28T17:51:43.672+0000] {processor.py:153} INFO - Started process (PID=38) to work on /home/airflow/.local/lib/python3.7/site-packages/airflow/example_dags/example_latest_only_with_trigger.py
[2023-02-28T17:51:43.673+0000] {processor.py:743} INFO - Processing file /home/airflow/.local/lib/python3.7/site-packages/airflow/example_dags/example_latest_only_with_trigger.py for tasks to queue
[2023-02-28T17:51:43.675+0000] {logging_mixin.py:137} INFO - [2023-02-28T17:51:43.674+0000] {dagbag.py:538} INFO - Filling up the DagBag from /home/airflow/.local/lib/python3.7/site-packages/airflow/example_dags/example_latest_only_with_trigger.py
[2023-02-28T17:51:43.703+0000] {processor.py:753} INFO - DAG(s) dict_keys(['latest_only_with_trigger']) retrieved from /home/airflow/.local/lib/python3.7/site-packages/airflow/example_dags/example_latest_only_with_trigger.py
[2023-02-28T17:51:43.721+0000] {logging_mixin.py:137} INFO - [2023-02-28T17:51:43.720+0000] {dag.py:2690} INFO - Sync 1 DAGs
[2023-02-28T17:51:43.746+0000] {logging_mixin.py:137} INFO - [2023-02-28T17:51:43.746+0000] {dag.py:3441} INFO - Setting next_dagrun for latest_only_with_trigger to 2023-02-28T13:51:43.746338+00:00, run_after=2023-02-28T17:51:43.746338+00:00
[2023-02-28T17:51:43.760+0000] {processor.py:175} INFO - Processing /home/airflow/.local/lib/python3.7/site-packages/airflow/example_dags/example_latest_only_with_trigger.py took 0.091 seconds
[2023-02-28T17:52:14.107+0000] {processor.py:153} INFO - Started process (PID=116) to work on /home/airflow/.local/lib/python3.7/site-packages/airflow/example_dags/example_latest_only_with_trigger.py
[2023-02-28T17:52:14.109+0000] {processor.py:743} INFO - Processing file /home/airflow/.local/lib/python3.7/site-packages/airflow/example_dags/example_latest_only_with_trigger.py for tasks to queue
[2023-02-28T17:52:14.110+0000] {logging_mixin.py:137} INFO - [2023-02-28T17:52:14.110+0000] {dagbag.py:538} INFO - Filling up the DagBag from /home/airflow/.local/lib/python3.7/site-packages/airflow/example_dags/example_latest_only_with_trigger.py
[2023-02-28T17:52:14.123+0000] {processor.py:753} INFO - DAG(s) dict_keys(['latest_only_with_trigger']) retrieved from /home/airflow/.local/lib/python3.7/site-packages/airflow/example_dags/example_latest_only_with_trigger.py
[2023-02-28T17:52:14.145+0000] {logging_mixin.py:137} INFO - [2023-02-28T17:52:14.145+0000] {dag.py:2690} INFO - Sync 1 DAGs
[2023-02-28T17:52:14.161+0000] {logging_mixin.py:137} INFO - [2023-02-28T17:52:14.161+0000] {dag.py:3441} INFO - Setting next_dagrun for latest_only_with_trigger to 2023-02-28T13:52:14.161613+00:00, run_after=2023-02-28T17:52:14.161613+00:00
[2023-02-28T17:52:14.175+0000] {processor.py:175} INFO - Processing /home/airflow/.local/lib/python3.7/site-packages/airflow/example_dags/example_latest_only_with_trigger.py took 0.072 seconds
[2023-02-28T17:52:44.536+0000] {processor.py:153} INFO - Started process (PID=183) to work on /home/airflow/.local/lib/python3.7/site-packages/airflow/example_dags/example_latest_only_with_trigger.py
[2023-02-28T17:52:44.537+0000] {processor.py:743} INFO - Processing file /home/airflow/.local/lib/python3.7/site-packages/airflow/example_dags/example_latest_only_with_trigger.py for tasks to queue
[2023-02-28T17:52:44.538+0000] {logging_mixin.py:137} INFO - [2023-02-28T17:52:44.538+0000] {dagbag.py:538} INFO - Filling up the DagBag from /home/airflow/.local/lib/python3.7/site-packages/airflow/example_dags/example_latest_only_with_trigger.py
[2023-02-28T17:52:44.546+0000] {processor.py:753} INFO - DAG(s) dict_keys(['latest_only_with_trigger']) retrieved from /home/airflow/.local/lib/python3.7/site-packages/airflow/example_dags/example_latest_only_with_trigger.py
[2023-02-28T17:52:44.563+0000] {logging_mixin.py:137} INFO - [2023-02-28T17:52:44.563+0000] {dag.py:2690} INFO - Sync 1 DAGs
[2023-02-28T17:52:44.576+0000] {logging_mixin.py:137} INFO - [2023-02-28T17:52:44.576+0000] {dag.py:3441} INFO - Setting next_dagrun for latest_only_with_trigger to 2023-02-28T13:52:44.576178+00:00, run_after=2023-02-28T17:52:44.576178+00:00
[2023-02-28T17:52:44.585+0000] {processor.py:175} INFO - Processing /home/airflow/.local/lib/python3.7/site-packages/airflow/example_dags/example_latest_only_with_trigger.py took 0.052 seconds
[2023-02-28T17:53:14.758+0000] {processor.py:153} INFO - Started process (PID=263) to work on /home/airflow/.local/lib/python3.7/site-packages/airflow/example_dags/example_latest_only_with_trigger.py
[2023-02-28T17:53:14.759+0000] {processor.py:743} INFO - Processing file /home/airflow/.local/lib/python3.7/site-packages/airflow/example_dags/example_latest_only_with_trigger.py for tasks to queue
[2023-02-28T17:53:14.760+0000] {logging_mixin.py:137} INFO - [2023-02-28T17:53:14.760+0000] {dagbag.py:538} INFO - Filling up the DagBag from /home/airflow/.local/lib/python3.7/site-packages/airflow/example_dags/example_latest_only_with_trigger.py
[2023-02-28T17:53:14.769+0000] {processor.py:753} INFO - DAG(s) dict_keys(['latest_only_with_trigger']) retrieved from /home/airflow/.local/lib/python3.7/site-packages/airflow/example_dags/example_latest_only_with_trigger.py
[2023-02-28T17:53:14.784+0000] {logging_mixin.py:137} INFO - [2023-02-28T17:53:14.784+0000] {dag.py:2690} INFO - Sync 1 DAGs
[2023-02-28T17:53:14.798+0000] {logging_mixin.py:137} INFO - [2023-02-28T17:53:14.797+0000] {dag.py:3441} INFO - Setting next_dagrun for latest_only_with_trigger to 2023-02-28T13:53:14.797747+00:00, run_after=2023-02-28T17:53:14.797747+00:00
[2023-02-28T17:53:14.807+0000] {processor.py:175} INFO - Processing /home/airflow/.local/lib/python3.7/site-packages/airflow/example_dags/example_latest_only_with_trigger.py took 0.051 seconds
[2023-02-28T17:53:45.871+0000] {processor.py:153} INFO - Started process (PID=345) to work on /home/airflow/.local/lib/python3.7/site-packages/airflow/example_dags/example_latest_only_with_trigger.py
[2023-02-28T17:53:45.872+0000] {processor.py:743} INFO - Processing file /home/airflow/.local/lib/python3.7/site-packages/airflow/example_dags/example_latest_only_with_trigger.py for tasks to queue
[2023-02-28T17:53:45.873+0000] {logging_mixin.py:137} INFO - [2023-02-28T17:53:45.872+0000] {dagbag.py:538} INFO - Filling up the DagBag from /home/airflow/.local/lib/python3.7/site-packages/airflow/example_dags/example_latest_only_with_trigger.py
[2023-02-28T17:53:45.881+0000] {processor.py:753} INFO - DAG(s) dict_keys(['latest_only_with_trigger']) retrieved from /home/airflow/.local/lib/python3.7/site-packages/airflow/example_dags/example_latest_only_with_trigger.py
[2023-02-28T17:53:45.898+0000] {logging_mixin.py:137} INFO - [2023-02-28T17:53:45.898+0000] {dag.py:2690} INFO - Sync 1 DAGs
[2023-02-28T17:53:45.912+0000] {logging_mixin.py:137} INFO - [2023-02-28T17:53:45.912+0000] {dag.py:3441} INFO - Setting next_dagrun for latest_only_with_trigger to 2023-02-28T13:53:45.912234+00:00, run_after=2023-02-28T17:53:45.912234+00:00
[2023-02-28T17:53:45.922+0000] {processor.py:175} INFO - Processing /home/airflow/.local/lib/python3.7/site-packages/airflow/example_dags/example_latest_only_with_trigger.py took 0.053 seconds
[2023-02-28T17:54:16.849+0000] {processor.py:153} INFO - Started process (PID=425) to work on /home/airflow/.local/lib/python3.7/site-packages/airflow/example_dags/example_latest_only_with_trigger.py
[2023-02-28T17:54:16.850+0000] {processor.py:743} INFO - Processing file /home/airflow/.local/lib/python3.7/site-packages/airflow/example_dags/example_latest_only_with_trigger.py for tasks to queue
[2023-02-28T17:54:16.851+0000] {logging_mixin.py:137} INFO - [2023-02-28T17:54:16.851+0000] {dagbag.py:538} INFO - Filling up the DagBag from /home/airflow/.local/lib/python3.7/site-packages/airflow/example_dags/example_latest_only_with_trigger.py
[2023-02-28T17:54:16.860+0000] {processor.py:753} INFO - DAG(s) dict_keys(['latest_only_with_trigger']) retrieved from /home/airflow/.local/lib/python3.7/site-packages/airflow/example_dags/example_latest_only_with_trigger.py
[2023-02-28T17:54:16.877+0000] {logging_mixin.py:137} INFO - [2023-02-28T17:54:16.877+0000] {dag.py:2690} INFO - Sync 1 DAGs
[2023-02-28T17:54:16.891+0000] {logging_mixin.py:137} INFO - [2023-02-28T17:54:16.891+0000] {dag.py:3441} INFO - Setting next_dagrun for latest_only_with_trigger to 2023-02-28T13:54:16.891010+00:00, run_after=2023-02-28T17:54:16.891010+00:00
[2023-02-28T17:54:16.901+0000] {processor.py:175} INFO - Processing /home/airflow/.local/lib/python3.7/site-packages/airflow/example_dags/example_latest_only_with_trigger.py took 0.054 seconds
[2023-02-28T17:54:47.835+0000] {processor.py:153} INFO - Started process (PID=492) to work on /home/airflow/.local/lib/python3.7/site-packages/airflow/example_dags/example_latest_only_with_trigger.py
[2023-02-28T17:54:47.837+0000] {processor.py:743} INFO - Processing file /home/airflow/.local/lib/python3.7/site-packages/airflow/example_dags/example_latest_only_with_trigger.py for tasks to queue
[2023-02-28T17:54:47.837+0000] {logging_mixin.py:137} INFO - [2023-02-28T17:54:47.837+0000] {dagbag.py:538} INFO - Filling up the DagBag from /home/airflow/.local/lib/python3.7/site-packages/airflow/example_dags/example_latest_only_with_trigger.py
[2023-02-28T17:54:47.845+0000] {processor.py:753} INFO - DAG(s) dict_keys(['latest_only_with_trigger']) retrieved from /home/airflow/.local/lib/python3.7/site-packages/airflow/example_dags/example_latest_only_with_trigger.py
[2023-02-28T17:54:47.862+0000] {logging_mixin.py:137} INFO - [2023-02-28T17:54:47.862+0000] {dag.py:2690} INFO - Sync 1 DAGs
[2023-02-28T17:54:47.875+0000] {logging_mixin.py:137} INFO - [2023-02-28T17:54:47.875+0000] {dag.py:3441} INFO - Setting next_dagrun for latest_only_with_trigger to 2023-02-28T13:54:47.874870+00:00, run_after=2023-02-28T17:54:47.874870+00:00
[2023-02-28T17:54:47.884+0000] {processor.py:175} INFO - Processing /home/airflow/.local/lib/python3.7/site-packages/airflow/example_dags/example_latest_only_with_trigger.py took 0.051 seconds
[2023-02-28T17:55:18.045+0000] {processor.py:153} INFO - Started process (PID=569) to work on /home/airflow/.local/lib/python3.7/site-packages/airflow/example_dags/example_latest_only_with_trigger.py
[2023-02-28T17:55:18.047+0000] {processor.py:743} INFO - Processing file /home/airflow/.local/lib/python3.7/site-packages/airflow/example_dags/example_latest_only_with_trigger.py for tasks to queue
[2023-02-28T17:55:18.048+0000] {logging_mixin.py:137} INFO - [2023-02-28T17:55:18.048+0000] {dagbag.py:538} INFO - Filling up the DagBag from /home/airflow/.local/lib/python3.7/site-packages/airflow/example_dags/example_latest_only_with_trigger.py
[2023-02-28T17:55:18.060+0000] {processor.py:753} INFO - DAG(s) dict_keys(['latest_only_with_trigger']) retrieved from /home/airflow/.local/lib/python3.7/site-packages/airflow/example_dags/example_latest_only_with_trigger.py
[2023-02-28T17:55:18.080+0000] {logging_mixin.py:137} INFO - [2023-02-28T17:55:18.080+0000] {dag.py:2690} INFO - Sync 1 DAGs
[2023-02-28T17:55:18.094+0000] {logging_mixin.py:137} INFO - [2023-02-28T17:55:18.093+0000] {dag.py:3441} INFO - Setting next_dagrun for latest_only_with_trigger to 2023-02-28T13:55:18.093768+00:00, run_after=2023-02-28T17:55:18.093768+00:00
[2023-02-28T17:55:18.105+0000] {processor.py:175} INFO - Processing /home/airflow/.local/lib/python3.7/site-packages/airflow/example_dags/example_latest_only_with_trigger.py took 0.063 seconds
[2023-02-28T17:55:48.234+0000] {processor.py:153} INFO - Started process (PID=649) to work on /home/airflow/.local/lib/python3.7/site-packages/airflow/example_dags/example_latest_only_with_trigger.py
[2023-02-28T17:55:48.237+0000] {processor.py:743} INFO - Processing file /home/airflow/.local/lib/python3.7/site-packages/airflow/example_dags/example_latest_only_with_trigger.py for tasks to queue
[2023-02-28T17:55:48.238+0000] {logging_mixin.py:137} INFO - [2023-02-28T17:55:48.238+0000] {dagbag.py:538} INFO - Filling up the DagBag from /home/airflow/.local/lib/python3.7/site-packages/airflow/example_dags/example_latest_only_with_trigger.py
[2023-02-28T17:55:48.251+0000] {processor.py:753} INFO - DAG(s) dict_keys(['latest_only_with_trigger']) retrieved from /home/airflow/.local/lib/python3.7/site-packages/airflow/example_dags/example_latest_only_with_trigger.py
[2023-02-28T17:55:48.272+0000] {logging_mixin.py:137} INFO - [2023-02-28T17:55:48.272+0000] {dag.py:2690} INFO - Sync 1 DAGs
[2023-02-28T17:55:48.285+0000] {logging_mixin.py:137} INFO - [2023-02-28T17:55:48.285+0000] {dag.py:3441} INFO - Setting next_dagrun for latest_only_with_trigger to 2023-02-28T13:55:48.285678+00:00, run_after=2023-02-28T17:55:48.285678+00:00
[2023-02-28T17:55:48.296+0000] {processor.py:175} INFO - Processing /home/airflow/.local/lib/python3.7/site-packages/airflow/example_dags/example_latest_only_with_trigger.py took 0.066 seconds
[2023-02-28T17:56:19.304+0000] {processor.py:153} INFO - Started process (PID=725) to work on /home/airflow/.local/lib/python3.7/site-packages/airflow/example_dags/example_latest_only_with_trigger.py
[2023-02-28T17:56:19.305+0000] {processor.py:743} INFO - Processing file /home/airflow/.local/lib/python3.7/site-packages/airflow/example_dags/example_latest_only_with_trigger.py for tasks to queue
[2023-02-28T17:56:19.305+0000] {logging_mixin.py:137} INFO - [2023-02-28T17:56:19.305+0000] {dagbag.py:538} INFO - Filling up the DagBag from /home/airflow/.local/lib/python3.7/site-packages/airflow/example_dags/example_latest_only_with_trigger.py
[2023-02-28T17:56:19.314+0000] {processor.py:753} INFO - DAG(s) dict_keys(['latest_only_with_trigger']) retrieved from /home/airflow/.local/lib/python3.7/site-packages/airflow/example_dags/example_latest_only_with_trigger.py
[2023-02-28T17:56:19.330+0000] {logging_mixin.py:137} INFO - [2023-02-28T17:56:19.330+0000] {dag.py:2690} INFO - Sync 1 DAGs
[2023-02-28T17:56:19.343+0000] {logging_mixin.py:137} INFO - [2023-02-28T17:56:19.343+0000] {dag.py:3441} INFO - Setting next_dagrun for latest_only_with_trigger to 2023-02-28T13:56:19.343753+00:00, run_after=2023-02-28T17:56:19.343753+00:00
[2023-02-28T17:56:19.354+0000] {processor.py:175} INFO - Processing /home/airflow/.local/lib/python3.7/site-packages/airflow/example_dags/example_latest_only_with_trigger.py took 0.053 seconds
[2023-02-28T17:56:49.413+0000] {processor.py:153} INFO - Started process (PID=796) to work on /home/airflow/.local/lib/python3.7/site-packages/airflow/example_dags/example_latest_only_with_trigger.py
[2023-02-28T17:56:49.414+0000] {processor.py:743} INFO - Processing file /home/airflow/.local/lib/python3.7/site-packages/airflow/example_dags/example_latest_only_with_trigger.py for tasks to queue
[2023-02-28T17:56:49.415+0000] {logging_mixin.py:137} INFO - [2023-02-28T17:56:49.415+0000] {dagbag.py:538} INFO - Filling up the DagBag from /home/airflow/.local/lib/python3.7/site-packages/airflow/example_dags/example_latest_only_with_trigger.py
[2023-02-28T17:56:49.425+0000] {processor.py:753} INFO - DAG(s) dict_keys(['latest_only_with_trigger']) retrieved from /home/airflow/.local/lib/python3.7/site-packages/airflow/example_dags/example_latest_only_with_trigger.py
[2023-02-28T17:56:49.442+0000] {logging_mixin.py:137} INFO - [2023-02-28T17:56:49.442+0000] {dag.py:2690} INFO - Sync 1 DAGs
[2023-02-28T17:56:49.454+0000] {logging_mixin.py:137} INFO - [2023-02-28T17:56:49.454+0000] {dag.py:3441} INFO - Setting next_dagrun for latest_only_with_trigger to 2023-02-28T13:56:49.454715+00:00, run_after=2023-02-28T17:56:49.454715+00:00
[2023-02-28T17:56:49.464+0000] {processor.py:175} INFO - Processing /home/airflow/.local/lib/python3.7/site-packages/airflow/example_dags/example_latest_only_with_trigger.py took 0.054 seconds
[2023-02-28T17:57:19.525+0000] {processor.py:153} INFO - Started process (PID=876) to work on /home/airflow/.local/lib/python3.7/site-packages/airflow/example_dags/example_latest_only_with_trigger.py
[2023-02-28T17:57:19.527+0000] {processor.py:743} INFO - Processing file /home/airflow/.local/lib/python3.7/site-packages/airflow/example_dags/example_latest_only_with_trigger.py for tasks to queue
[2023-02-28T17:57:19.527+0000] {logging_mixin.py:137} INFO - [2023-02-28T17:57:19.527+0000] {dagbag.py:538} INFO - Filling up the DagBag from /home/airflow/.local/lib/python3.7/site-packages/airflow/example_dags/example_latest_only_with_trigger.py
[2023-02-28T17:57:19.535+0000] {processor.py:753} INFO - DAG(s) dict_keys(['latest_only_with_trigger']) retrieved from /home/airflow/.local/lib/python3.7/site-packages/airflow/example_dags/example_latest_only_with_trigger.py
[2023-02-28T17:57:19.553+0000] {logging_mixin.py:137} INFO - [2023-02-28T17:57:19.553+0000] {dag.py:2690} INFO - Sync 1 DAGs
[2023-02-28T17:57:19.566+0000] {logging_mixin.py:137} INFO - [2023-02-28T17:57:19.566+0000] {dag.py:3441} INFO - Setting next_dagrun for latest_only_with_trigger to 2023-02-28T13:57:19.566659+00:00, run_after=2023-02-28T17:57:19.566659+00:00
[2023-02-28T17:57:19.576+0000] {processor.py:175} INFO - Processing /home/airflow/.local/lib/python3.7/site-packages/airflow/example_dags/example_latest_only_with_trigger.py took 0.053 seconds
[2023-02-28T17:57:49.820+0000] {processor.py:153} INFO - Started process (PID=956) to work on /home/airflow/.local/lib/python3.7/site-packages/airflow/example_dags/example_latest_only_with_trigger.py
[2023-02-28T17:57:49.821+0000] {processor.py:743} INFO - Processing file /home/airflow/.local/lib/python3.7/site-packages/airflow/example_dags/example_latest_only_with_trigger.py for tasks to queue
[2023-02-28T17:57:49.822+0000] {logging_mixin.py:137} INFO - [2023-02-28T17:57:49.821+0000] {dagbag.py:538} INFO - Filling up the DagBag from /home/airflow/.local/lib/python3.7/site-packages/airflow/example_dags/example_latest_only_with_trigger.py
[2023-02-28T17:57:49.833+0000] {processor.py:753} INFO - DAG(s) dict_keys(['latest_only_with_trigger']) retrieved from /home/airflow/.local/lib/python3.7/site-packages/airflow/example_dags/example_latest_only_with_trigger.py
[2023-02-28T17:57:49.857+0000] {logging_mixin.py:137} INFO - [2023-02-28T17:57:49.857+0000] {dag.py:2690} INFO - Sync 1 DAGs
[2023-02-28T17:57:49.872+0000] {logging_mixin.py:137} INFO - [2023-02-28T17:57:49.872+0000] {dag.py:3441} INFO - Setting next_dagrun for latest_only_with_trigger to 2023-02-28T13:57:49.871871+00:00, run_after=2023-02-28T17:57:49.871871+00:00
[2023-02-28T17:57:49.882+0000] {processor.py:175} INFO - Processing /home/airflow/.local/lib/python3.7/site-packages/airflow/example_dags/example_latest_only_with_trigger.py took 0.066 seconds
[2023-02-28T17:58:20.098+0000] {processor.py:153} INFO - Started process (PID=1023) to work on /home/airflow/.local/lib/python3.7/site-packages/airflow/example_dags/example_latest_only_with_trigger.py
[2023-02-28T17:58:20.099+0000] {processor.py:743} INFO - Processing file /home/airflow/.local/lib/python3.7/site-packages/airflow/example_dags/example_latest_only_with_trigger.py for tasks to queue
[2023-02-28T17:58:20.100+0000] {logging_mixin.py:137} INFO - [2023-02-28T17:58:20.100+0000] {dagbag.py:538} INFO - Filling up the DagBag from /home/airflow/.local/lib/python3.7/site-packages/airflow/example_dags/example_latest_only_with_trigger.py
[2023-02-28T17:58:20.108+0000] {processor.py:753} INFO - DAG(s) dict_keys(['latest_only_with_trigger']) retrieved from /home/airflow/.local/lib/python3.7/site-packages/airflow/example_dags/example_latest_only_with_trigger.py
[2023-02-28T17:58:20.125+0000] {logging_mixin.py:137} INFO - [2023-02-28T17:58:20.125+0000] {dag.py:2690} INFO - Sync 1 DAGs
[2023-02-28T17:58:20.137+0000] {logging_mixin.py:137} INFO - [2023-02-28T17:58:20.137+0000] {dag.py:3441} INFO - Setting next_dagrun for latest_only_with_trigger to 2023-02-28T13:58:20.137471+00:00, run_after=2023-02-28T17:58:20.137471+00:00
[2023-02-28T17:58:20.146+0000] {processor.py:175} INFO - Processing /home/airflow/.local/lib/python3.7/site-packages/airflow/example_dags/example_latest_only_with_trigger.py took 0.050 seconds
[2023-02-28T17:58:50.253+0000] {processor.py:153} INFO - Started process (PID=1103) to work on /home/airflow/.local/lib/python3.7/site-packages/airflow/example_dags/example_latest_only_with_trigger.py
[2023-02-28T17:58:50.254+0000] {processor.py:743} INFO - Processing file /home/airflow/.local/lib/python3.7/site-packages/airflow/example_dags/example_latest_only_with_trigger.py for tasks to queue
[2023-02-28T17:58:50.255+0000] {logging_mixin.py:137} INFO - [2023-02-28T17:58:50.255+0000] {dagbag.py:538} INFO - Filling up the DagBag from /home/airflow/.local/lib/python3.7/site-packages/airflow/example_dags/example_latest_only_with_trigger.py
[2023-02-28T17:58:50.264+0000] {processor.py:753} INFO - DAG(s) dict_keys(['latest_only_with_trigger']) retrieved from /home/airflow/.local/lib/python3.7/site-packages/airflow/example_dags/example_latest_only_with_trigger.py
[2023-02-28T17:58:50.280+0000] {logging_mixin.py:137} INFO - [2023-02-28T17:58:50.280+0000] {dag.py:2690} INFO - Sync 1 DAGs
[2023-02-28T17:58:50.293+0000] {logging_mixin.py:137} INFO - [2023-02-28T17:58:50.293+0000] {dag.py:3441} INFO - Setting next_dagrun for latest_only_with_trigger to 2023-02-28T13:58:50.293469+00:00, run_after=2023-02-28T17:58:50.293469+00:00
[2023-02-28T17:58:50.303+0000] {processor.py:175} INFO - Processing /home/airflow/.local/lib/python3.7/site-packages/airflow/example_dags/example_latest_only_with_trigger.py took 0.052 seconds
[2023-02-28T17:59:20.494+0000] {processor.py:153} INFO - Started process (PID=1183) to work on /home/airflow/.local/lib/python3.7/site-packages/airflow/example_dags/example_latest_only_with_trigger.py
[2023-02-28T17:59:20.495+0000] {processor.py:743} INFO - Processing file /home/airflow/.local/lib/python3.7/site-packages/airflow/example_dags/example_latest_only_with_trigger.py for tasks to queue
[2023-02-28T17:59:20.496+0000] {logging_mixin.py:137} INFO - [2023-02-28T17:59:20.496+0000] {dagbag.py:538} INFO - Filling up the DagBag from /home/airflow/.local/lib/python3.7/site-packages/airflow/example_dags/example_latest_only_with_trigger.py
[2023-02-28T17:59:20.505+0000] {processor.py:753} INFO - DAG(s) dict_keys(['latest_only_with_trigger']) retrieved from /home/airflow/.local/lib/python3.7/site-packages/airflow/example_dags/example_latest_only_with_trigger.py
[2023-02-28T17:59:20.521+0000] {logging_mixin.py:137} INFO - [2023-02-28T17:59:20.521+0000] {dag.py:2690} INFO - Sync 1 DAGs
[2023-02-28T17:59:20.534+0000] {logging_mixin.py:137} INFO - [2023-02-28T17:59:20.534+0000] {dag.py:3441} INFO - Setting next_dagrun for latest_only_with_trigger to 2023-02-28T13:59:20.534180+00:00, run_after=2023-02-28T17:59:20.534180+00:00
[2023-02-28T17:59:20.543+0000] {processor.py:175} INFO - Processing /home/airflow/.local/lib/python3.7/site-packages/airflow/example_dags/example_latest_only_with_trigger.py took 0.051 seconds
[2023-02-28T17:59:50.735+0000] {processor.py:153} INFO - Started process (PID=1250) to work on /home/airflow/.local/lib/python3.7/site-packages/airflow/example_dags/example_latest_only_with_trigger.py
[2023-02-28T17:59:50.736+0000] {processor.py:743} INFO - Processing file /home/airflow/.local/lib/python3.7/site-packages/airflow/example_dags/example_latest_only_with_trigger.py for tasks to queue
[2023-02-28T17:59:50.736+0000] {logging_mixin.py:137} INFO - [2023-02-28T17:59:50.736+0000] {dagbag.py:538} INFO - Filling up the DagBag from /home/airflow/.local/lib/python3.7/site-packages/airflow/example_dags/example_latest_only_with_trigger.py
[2023-02-28T17:59:50.745+0000] {processor.py:753} INFO - DAG(s) dict_keys(['latest_only_with_trigger']) retrieved from /home/airflow/.local/lib/python3.7/site-packages/airflow/example_dags/example_latest_only_with_trigger.py
[2023-02-28T17:59:50.761+0000] {logging_mixin.py:137} INFO - [2023-02-28T17:59:50.761+0000] {dag.py:2690} INFO - Sync 1 DAGs
[2023-02-28T17:59:50.774+0000] {logging_mixin.py:137} INFO - [2023-02-28T17:59:50.774+0000] {dag.py:3441} INFO - Setting next_dagrun for latest_only_with_trigger to 2023-02-28T13:59:50.773945+00:00, run_after=2023-02-28T17:59:50.773945+00:00
[2023-02-28T17:59:50.783+0000] {processor.py:175} INFO - Processing /home/airflow/.local/lib/python3.7/site-packages/airflow/example_dags/example_latest_only_with_trigger.py took 0.051 seconds
[2023-02-28T18:00:21.074+0000] {processor.py:153} INFO - Started process (PID=1331) to work on /home/airflow/.local/lib/python3.7/site-packages/airflow/example_dags/example_latest_only_with_trigger.py
[2023-02-28T18:00:21.075+0000] {processor.py:743} INFO - Processing file /home/airflow/.local/lib/python3.7/site-packages/airflow/example_dags/example_latest_only_with_trigger.py for tasks to queue
[2023-02-28T18:00:21.075+0000] {logging_mixin.py:137} INFO - [2023-02-28T18:00:21.075+0000] {dagbag.py:538} INFO - Filling up the DagBag from /home/airflow/.local/lib/python3.7/site-packages/airflow/example_dags/example_latest_only_with_trigger.py
[2023-02-28T18:00:21.085+0000] {processor.py:753} INFO - DAG(s) dict_keys(['latest_only_with_trigger']) retrieved from /home/airflow/.local/lib/python3.7/site-packages/airflow/example_dags/example_latest_only_with_trigger.py
[2023-02-28T18:00:21.101+0000] {logging_mixin.py:137} INFO - [2023-02-28T18:00:21.100+0000] {dag.py:2690} INFO - Sync 1 DAGs
[2023-02-28T18:00:21.113+0000] {logging_mixin.py:137} INFO - [2023-02-28T18:00:21.113+0000] {dag.py:3441} INFO - Setting next_dagrun for latest_only_with_trigger to 2023-02-28T14:00:21.113063+00:00, run_after=2023-02-28T18:00:21.113063+00:00
[2023-02-28T18:00:21.122+0000] {processor.py:175} INFO - Processing /home/airflow/.local/lib/python3.7/site-packages/airflow/example_dags/example_latest_only_with_trigger.py took 0.051 seconds
[2023-02-28T18:00:51.268+0000] {processor.py:153} INFO - Started process (PID=1411) to work on /home/airflow/.local/lib/python3.7/site-packages/airflow/example_dags/example_latest_only_with_trigger.py
[2023-02-28T18:00:51.269+0000] {processor.py:743} INFO - Processing file /home/airflow/.local/lib/python3.7/site-packages/airflow/example_dags/example_latest_only_with_trigger.py for tasks to queue
[2023-02-28T18:00:51.270+0000] {logging_mixin.py:137} INFO - [2023-02-28T18:00:51.270+0000] {dagbag.py:538} INFO - Filling up the DagBag from /home/airflow/.local/lib/python3.7/site-packages/airflow/example_dags/example_latest_only_with_trigger.py
[2023-02-28T18:00:51.280+0000] {processor.py:753} INFO - DAG(s) dict_keys(['latest_only_with_trigger']) retrieved from /home/airflow/.local/lib/python3.7/site-packages/airflow/example_dags/example_latest_only_with_trigger.py
[2023-02-28T18:00:51.296+0000] {logging_mixin.py:137} INFO - [2023-02-28T18:00:51.296+0000] {dag.py:2690} INFO - Sync 1 DAGs
[2023-02-28T18:00:51.309+0000] {logging_mixin.py:137} INFO - [2023-02-28T18:00:51.309+0000] {dag.py:3441} INFO - Setting next_dagrun for latest_only_with_trigger to 2023-02-28T14:00:51.309344+00:00, run_after=2023-02-28T18:00:51.309344+00:00
[2023-02-28T18:00:51.319+0000] {processor.py:175} INFO - Processing /home/airflow/.local/lib/python3.7/site-packages/airflow/example_dags/example_latest_only_with_trigger.py took 0.053 seconds
[2023-02-28T18:01:21.840+0000] {processor.py:153} INFO - Started process (PID=1487) to work on /home/airflow/.local/lib/python3.7/site-packages/airflow/example_dags/example_latest_only_with_trigger.py
[2023-02-28T18:01:21.842+0000] {processor.py:743} INFO - Processing file /home/airflow/.local/lib/python3.7/site-packages/airflow/example_dags/example_latest_only_with_trigger.py for tasks to queue
[2023-02-28T18:01:21.842+0000] {logging_mixin.py:137} INFO - [2023-02-28T18:01:21.842+0000] {dagbag.py:538} INFO - Filling up the DagBag from /home/airflow/.local/lib/python3.7/site-packages/airflow/example_dags/example_latest_only_with_trigger.py
[2023-02-28T18:01:21.851+0000] {processor.py:753} INFO - DAG(s) dict_keys(['latest_only_with_trigger']) retrieved from /home/airflow/.local/lib/python3.7/site-packages/airflow/example_dags/example_latest_only_with_trigger.py
[2023-02-28T18:01:21.868+0000] {logging_mixin.py:137} INFO - [2023-02-28T18:01:21.868+0000] {dag.py:2690} INFO - Sync 1 DAGs
[2023-02-28T18:01:21.881+0000] {logging_mixin.py:137} INFO - [2023-02-28T18:01:21.881+0000] {dag.py:3441} INFO - Setting next_dagrun for latest_only_with_trigger to 2023-02-28T14:01:21.880981+00:00, run_after=2023-02-28T18:01:21.880981+00:00
[2023-02-28T18:01:21.890+0000] {processor.py:175} INFO - Processing /home/airflow/.local/lib/python3.7/site-packages/airflow/example_dags/example_latest_only_with_trigger.py took 0.052 seconds
