[2023-02-28T17:48:38.883+0000] {processor.py:153} INFO - Started process (PID=41) to work on /home/airflow/.local/lib/python3.7/site-packages/airflow/example_dags/example_short_circuit_decorator.py
[2023-02-28T17:48:38.885+0000] {processor.py:743} INFO - Processing file /home/airflow/.local/lib/python3.7/site-packages/airflow/example_dags/example_short_circuit_decorator.py for tasks to queue
[2023-02-28T17:48:38.886+0000] {logging_mixin.py:137} INFO - [2023-02-28T17:48:38.886+0000] {dagbag.py:538} INFO - Filling up the DagBag from /home/airflow/.local/lib/python3.7/site-packages/airflow/example_dags/example_short_circuit_decorator.py
[2023-02-28T17:48:38.911+0000] {processor.py:753} INFO - DAG(s) dict_keys(['example_short_circuit_decorator']) retrieved from /home/airflow/.local/lib/python3.7/site-packages/airflow/example_dags/example_short_circuit_decorator.py
[2023-02-28T17:48:39.019+0000] {logging_mixin.py:137} INFO - [2023-02-28T17:48:39.019+0000] {manager.py:504} INFO - Created Permission View: can edit on DAG:example_short_circuit_decorator
[2023-02-28T17:48:39.024+0000] {logging_mixin.py:137} INFO - [2023-02-28T17:48:39.024+0000] {manager.py:504} INFO - Created Permission View: can read on DAG:example_short_circuit_decorator
[2023-02-28T17:48:39.028+0000] {logging_mixin.py:137} INFO - [2023-02-28T17:48:39.028+0000] {manager.py:504} INFO - Created Permission View: can delete on DAG:example_short_circuit_decorator
[2023-02-28T17:48:39.029+0000] {logging_mixin.py:137} INFO - [2023-02-28T17:48:39.028+0000] {dag.py:2690} INFO - Sync 1 DAGs
[2023-02-28T17:48:39.037+0000] {logging_mixin.py:137} INFO - [2023-02-28T17:48:39.037+0000] {dag.py:2711} INFO - Creating ORM DAG for example_short_circuit_decorator
[2023-02-28T17:48:39.044+0000] {logging_mixin.py:137} INFO - [2023-02-28T17:48:39.044+0000] {dag.py:3441} INFO - Setting next_dagrun for example_short_circuit_decorator to 2023-02-27T17:48:39.044500+00:00, run_after=2023-02-28T17:48:39.044500+00:00
[2023-02-28T17:48:39.057+0000] {processor.py:175} INFO - Processing /home/airflow/.local/lib/python3.7/site-packages/airflow/example_dags/example_short_circuit_decorator.py took 0.177 seconds
[2023-02-28T17:49:09.763+0000] {processor.py:153} INFO - Started process (PID=122) to work on /home/airflow/.local/lib/python3.7/site-packages/airflow/example_dags/example_short_circuit_decorator.py
[2023-02-28T17:49:09.764+0000] {processor.py:743} INFO - Processing file /home/airflow/.local/lib/python3.7/site-packages/airflow/example_dags/example_short_circuit_decorator.py for tasks to queue
[2023-02-28T17:49:09.765+0000] {logging_mixin.py:137} INFO - [2023-02-28T17:49:09.765+0000] {dagbag.py:538} INFO - Filling up the DagBag from /home/airflow/.local/lib/python3.7/site-packages/airflow/example_dags/example_short_circuit_decorator.py
[2023-02-28T17:49:09.781+0000] {processor.py:753} INFO - DAG(s) dict_keys(['example_short_circuit_decorator']) retrieved from /home/airflow/.local/lib/python3.7/site-packages/airflow/example_dags/example_short_circuit_decorator.py
[2023-02-28T17:49:09.799+0000] {logging_mixin.py:137} INFO - [2023-02-28T17:49:09.799+0000] {dag.py:2690} INFO - Sync 1 DAGs
[2023-02-28T17:49:09.813+0000] {logging_mixin.py:137} INFO - [2023-02-28T17:49:09.813+0000] {dag.py:3441} INFO - Setting next_dagrun for example_short_circuit_decorator to 2023-02-27T17:49:09.813323+00:00, run_after=2023-02-28T17:49:09.813323+00:00
[2023-02-28T17:49:09.823+0000] {processor.py:175} INFO - Processing /home/airflow/.local/lib/python3.7/site-packages/airflow/example_dags/example_short_circuit_decorator.py took 0.062 seconds
[2023-02-28T17:49:40.754+0000] {processor.py:153} INFO - Started process (PID=201) to work on /home/airflow/.local/lib/python3.7/site-packages/airflow/example_dags/example_short_circuit_decorator.py
[2023-02-28T17:49:40.756+0000] {processor.py:743} INFO - Processing file /home/airflow/.local/lib/python3.7/site-packages/airflow/example_dags/example_short_circuit_decorator.py for tasks to queue
[2023-02-28T17:49:40.757+0000] {logging_mixin.py:137} INFO - [2023-02-28T17:49:40.757+0000] {dagbag.py:538} INFO - Filling up the DagBag from /home/airflow/.local/lib/python3.7/site-packages/airflow/example_dags/example_short_circuit_decorator.py
[2023-02-28T17:49:40.778+0000] {processor.py:753} INFO - DAG(s) dict_keys(['example_short_circuit_decorator']) retrieved from /home/airflow/.local/lib/python3.7/site-packages/airflow/example_dags/example_short_circuit_decorator.py
[2023-02-28T17:49:40.800+0000] {logging_mixin.py:137} INFO - [2023-02-28T17:49:40.800+0000] {dag.py:2690} INFO - Sync 1 DAGs
[2023-02-28T17:49:40.815+0000] {logging_mixin.py:137} INFO - [2023-02-28T17:49:40.815+0000] {dag.py:3441} INFO - Setting next_dagrun for example_short_circuit_decorator to 2023-02-27T17:49:40.814860+00:00, run_after=2023-02-28T17:49:40.814860+00:00
[2023-02-28T17:49:40.826+0000] {processor.py:175} INFO - Processing /home/airflow/.local/lib/python3.7/site-packages/airflow/example_dags/example_short_circuit_decorator.py took 0.074 seconds
[2023-02-28T17:50:10.956+0000] {processor.py:153} INFO - Started process (PID=267) to work on /home/airflow/.local/lib/python3.7/site-packages/airflow/example_dags/example_short_circuit_decorator.py
[2023-02-28T17:50:10.958+0000] {processor.py:743} INFO - Processing file /home/airflow/.local/lib/python3.7/site-packages/airflow/example_dags/example_short_circuit_decorator.py for tasks to queue
[2023-02-28T17:50:10.959+0000] {logging_mixin.py:137} INFO - [2023-02-28T17:50:10.959+0000] {dagbag.py:538} INFO - Filling up the DagBag from /home/airflow/.local/lib/python3.7/site-packages/airflow/example_dags/example_short_circuit_decorator.py
[2023-02-28T17:50:10.987+0000] {processor.py:753} INFO - DAG(s) dict_keys(['example_short_circuit_decorator']) retrieved from /home/airflow/.local/lib/python3.7/site-packages/airflow/example_dags/example_short_circuit_decorator.py
[2023-02-28T17:50:11.008+0000] {logging_mixin.py:137} INFO - [2023-02-28T17:50:11.008+0000] {dag.py:2690} INFO - Sync 1 DAGs
[2023-02-28T17:50:11.022+0000] {logging_mixin.py:137} INFO - [2023-02-28T17:50:11.022+0000] {dag.py:3441} INFO - Setting next_dagrun for example_short_circuit_decorator to 2023-02-27T17:50:11.022393+00:00, run_after=2023-02-28T17:50:11.022393+00:00
[2023-02-28T17:50:11.032+0000] {processor.py:175} INFO - Processing /home/airflow/.local/lib/python3.7/site-packages/airflow/example_dags/example_short_circuit_decorator.py took 0.083 seconds
[2023-02-28T17:50:41.393+0000] {processor.py:153} INFO - Started process (PID=348) to work on /home/airflow/.local/lib/python3.7/site-packages/airflow/example_dags/example_short_circuit_decorator.py
[2023-02-28T17:50:41.396+0000] {processor.py:743} INFO - Processing file /home/airflow/.local/lib/python3.7/site-packages/airflow/example_dags/example_short_circuit_decorator.py for tasks to queue
[2023-02-28T17:50:41.398+0000] {logging_mixin.py:137} INFO - [2023-02-28T17:50:41.398+0000] {dagbag.py:538} INFO - Filling up the DagBag from /home/airflow/.local/lib/python3.7/site-packages/airflow/example_dags/example_short_circuit_decorator.py
[2023-02-28T17:50:41.425+0000] {processor.py:753} INFO - DAG(s) dict_keys(['example_short_circuit_decorator']) retrieved from /home/airflow/.local/lib/python3.7/site-packages/airflow/example_dags/example_short_circuit_decorator.py
[2023-02-28T17:50:41.450+0000] {logging_mixin.py:137} INFO - [2023-02-28T17:50:41.450+0000] {dag.py:2690} INFO - Sync 1 DAGs
[2023-02-28T17:50:41.466+0000] {logging_mixin.py:137} INFO - [2023-02-28T17:50:41.466+0000] {dag.py:3441} INFO - Setting next_dagrun for example_short_circuit_decorator to 2023-02-27T17:50:41.466444+00:00, run_after=2023-02-28T17:50:41.466444+00:00
[2023-02-28T17:50:41.480+0000] {processor.py:175} INFO - Processing /home/airflow/.local/lib/python3.7/site-packages/airflow/example_dags/example_short_circuit_decorator.py took 0.094 seconds
[2023-02-28T17:51:44.041+0000] {processor.py:153} INFO - Started process (PID=41) to work on /home/airflow/.local/lib/python3.7/site-packages/airflow/example_dags/example_short_circuit_decorator.py
[2023-02-28T17:51:44.042+0000] {processor.py:743} INFO - Processing file /home/airflow/.local/lib/python3.7/site-packages/airflow/example_dags/example_short_circuit_decorator.py for tasks to queue
[2023-02-28T17:51:44.043+0000] {logging_mixin.py:137} INFO - [2023-02-28T17:51:44.043+0000] {dagbag.py:538} INFO - Filling up the DagBag from /home/airflow/.local/lib/python3.7/site-packages/airflow/example_dags/example_short_circuit_decorator.py
[2023-02-28T17:51:44.066+0000] {processor.py:753} INFO - DAG(s) dict_keys(['example_short_circuit_decorator']) retrieved from /home/airflow/.local/lib/python3.7/site-packages/airflow/example_dags/example_short_circuit_decorator.py
[2023-02-28T17:51:44.076+0000] {logging_mixin.py:137} INFO - [2023-02-28T17:51:44.076+0000] {dag.py:2690} INFO - Sync 1 DAGs
[2023-02-28T17:51:44.092+0000] {logging_mixin.py:137} INFO - [2023-02-28T17:51:44.092+0000] {dag.py:3441} INFO - Setting next_dagrun for example_short_circuit_decorator to 2023-02-27T17:51:44.092447+00:00, run_after=2023-02-28T17:51:44.092447+00:00
[2023-02-28T17:51:44.104+0000] {processor.py:175} INFO - Processing /home/airflow/.local/lib/python3.7/site-packages/airflow/example_dags/example_short_circuit_decorator.py took 0.068 seconds
[2023-02-28T17:52:14.321+0000] {processor.py:153} INFO - Started process (PID=121) to work on /home/airflow/.local/lib/python3.7/site-packages/airflow/example_dags/example_short_circuit_decorator.py
[2023-02-28T17:52:14.322+0000] {processor.py:743} INFO - Processing file /home/airflow/.local/lib/python3.7/site-packages/airflow/example_dags/example_short_circuit_decorator.py for tasks to queue
[2023-02-28T17:52:14.323+0000] {logging_mixin.py:137} INFO - [2023-02-28T17:52:14.323+0000] {dagbag.py:538} INFO - Filling up the DagBag from /home/airflow/.local/lib/python3.7/site-packages/airflow/example_dags/example_short_circuit_decorator.py
[2023-02-28T17:52:14.337+0000] {processor.py:753} INFO - DAG(s) dict_keys(['example_short_circuit_decorator']) retrieved from /home/airflow/.local/lib/python3.7/site-packages/airflow/example_dags/example_short_circuit_decorator.py
[2023-02-28T17:52:14.355+0000] {logging_mixin.py:137} INFO - [2023-02-28T17:52:14.355+0000] {dag.py:2690} INFO - Sync 1 DAGs
[2023-02-28T17:52:14.368+0000] {logging_mixin.py:137} INFO - [2023-02-28T17:52:14.368+0000] {dag.py:3441} INFO - Setting next_dagrun for example_short_circuit_decorator to 2023-02-27T17:52:14.368660+00:00, run_after=2023-02-28T17:52:14.368660+00:00
[2023-02-28T17:52:14.378+0000] {processor.py:175} INFO - Processing /home/airflow/.local/lib/python3.7/site-packages/airflow/example_dags/example_short_circuit_decorator.py took 0.060 seconds
[2023-02-28T17:52:44.636+0000] {processor.py:153} INFO - Started process (PID=186) to work on /home/airflow/.local/lib/python3.7/site-packages/airflow/example_dags/example_short_circuit_decorator.py
[2023-02-28T17:52:44.637+0000] {processor.py:743} INFO - Processing file /home/airflow/.local/lib/python3.7/site-packages/airflow/example_dags/example_short_circuit_decorator.py for tasks to queue
[2023-02-28T17:52:44.638+0000] {logging_mixin.py:137} INFO - [2023-02-28T17:52:44.638+0000] {dagbag.py:538} INFO - Filling up the DagBag from /home/airflow/.local/lib/python3.7/site-packages/airflow/example_dags/example_short_circuit_decorator.py
[2023-02-28T17:52:44.651+0000] {processor.py:753} INFO - DAG(s) dict_keys(['example_short_circuit_decorator']) retrieved from /home/airflow/.local/lib/python3.7/site-packages/airflow/example_dags/example_short_circuit_decorator.py
[2023-02-28T17:52:44.672+0000] {logging_mixin.py:137} INFO - [2023-02-28T17:52:44.672+0000] {dag.py:2690} INFO - Sync 1 DAGs
[2023-02-28T17:52:44.687+0000] {logging_mixin.py:137} INFO - [2023-02-28T17:52:44.687+0000] {dag.py:3441} INFO - Setting next_dagrun for example_short_circuit_decorator to 2023-02-27T17:52:44.687198+00:00, run_after=2023-02-28T17:52:44.687198+00:00
[2023-02-28T17:52:44.697+0000] {processor.py:175} INFO - Processing /home/airflow/.local/lib/python3.7/site-packages/airflow/example_dags/example_short_circuit_decorator.py took 0.063 seconds
[2023-02-28T17:53:14.856+0000] {processor.py:153} INFO - Started process (PID=266) to work on /home/airflow/.local/lib/python3.7/site-packages/airflow/example_dags/example_short_circuit_decorator.py
[2023-02-28T17:53:14.857+0000] {processor.py:743} INFO - Processing file /home/airflow/.local/lib/python3.7/site-packages/airflow/example_dags/example_short_circuit_decorator.py for tasks to queue
[2023-02-28T17:53:14.858+0000] {logging_mixin.py:137} INFO - [2023-02-28T17:53:14.858+0000] {dagbag.py:538} INFO - Filling up the DagBag from /home/airflow/.local/lib/python3.7/site-packages/airflow/example_dags/example_short_circuit_decorator.py
[2023-02-28T17:53:14.872+0000] {processor.py:753} INFO - DAG(s) dict_keys(['example_short_circuit_decorator']) retrieved from /home/airflow/.local/lib/python3.7/site-packages/airflow/example_dags/example_short_circuit_decorator.py
[2023-02-28T17:53:14.888+0000] {logging_mixin.py:137} INFO - [2023-02-28T17:53:14.888+0000] {dag.py:2690} INFO - Sync 1 DAGs
[2023-02-28T17:53:14.901+0000] {logging_mixin.py:137} INFO - [2023-02-28T17:53:14.901+0000] {dag.py:3441} INFO - Setting next_dagrun for example_short_circuit_decorator to 2023-02-27T17:53:14.901486+00:00, run_after=2023-02-28T17:53:14.901486+00:00
[2023-02-28T17:53:14.911+0000] {processor.py:175} INFO - Processing /home/airflow/.local/lib/python3.7/site-packages/airflow/example_dags/example_short_circuit_decorator.py took 0.057 seconds
[2023-02-28T17:53:46.096+0000] {processor.py:153} INFO - Started process (PID=348) to work on /home/airflow/.local/lib/python3.7/site-packages/airflow/example_dags/example_short_circuit_decorator.py
[2023-02-28T17:53:46.097+0000] {processor.py:743} INFO - Processing file /home/airflow/.local/lib/python3.7/site-packages/airflow/example_dags/example_short_circuit_decorator.py for tasks to queue
[2023-02-28T17:53:46.098+0000] {logging_mixin.py:137} INFO - [2023-02-28T17:53:46.098+0000] {dagbag.py:538} INFO - Filling up the DagBag from /home/airflow/.local/lib/python3.7/site-packages/airflow/example_dags/example_short_circuit_decorator.py
[2023-02-28T17:53:46.112+0000] {processor.py:753} INFO - DAG(s) dict_keys(['example_short_circuit_decorator']) retrieved from /home/airflow/.local/lib/python3.7/site-packages/airflow/example_dags/example_short_circuit_decorator.py
[2023-02-28T17:53:46.129+0000] {logging_mixin.py:137} INFO - [2023-02-28T17:53:46.129+0000] {dag.py:2690} INFO - Sync 1 DAGs
[2023-02-28T17:53:46.142+0000] {logging_mixin.py:137} INFO - [2023-02-28T17:53:46.142+0000] {dag.py:3441} INFO - Setting next_dagrun for example_short_circuit_decorator to 2023-02-27T17:53:46.142459+00:00, run_after=2023-02-28T17:53:46.142459+00:00
[2023-02-28T17:53:46.152+0000] {processor.py:175} INFO - Processing /home/airflow/.local/lib/python3.7/site-packages/airflow/example_dags/example_short_circuit_decorator.py took 0.057 seconds
[2023-02-28T17:54:17.069+0000] {processor.py:153} INFO - Started process (PID=428) to work on /home/airflow/.local/lib/python3.7/site-packages/airflow/example_dags/example_short_circuit_decorator.py
[2023-02-28T17:54:17.070+0000] {processor.py:743} INFO - Processing file /home/airflow/.local/lib/python3.7/site-packages/airflow/example_dags/example_short_circuit_decorator.py for tasks to queue
[2023-02-28T17:54:17.071+0000] {logging_mixin.py:137} INFO - [2023-02-28T17:54:17.071+0000] {dagbag.py:538} INFO - Filling up the DagBag from /home/airflow/.local/lib/python3.7/site-packages/airflow/example_dags/example_short_circuit_decorator.py
[2023-02-28T17:54:17.086+0000] {processor.py:753} INFO - DAG(s) dict_keys(['example_short_circuit_decorator']) retrieved from /home/airflow/.local/lib/python3.7/site-packages/airflow/example_dags/example_short_circuit_decorator.py
[2023-02-28T17:54:17.103+0000] {logging_mixin.py:137} INFO - [2023-02-28T17:54:17.102+0000] {dag.py:2690} INFO - Sync 1 DAGs
[2023-02-28T17:54:17.115+0000] {logging_mixin.py:137} INFO - [2023-02-28T17:54:17.115+0000] {dag.py:3441} INFO - Setting next_dagrun for example_short_circuit_decorator to 2023-02-27T17:54:17.115412+00:00, run_after=2023-02-28T17:54:17.115412+00:00
[2023-02-28T17:54:17.125+0000] {processor.py:175} INFO - Processing /home/airflow/.local/lib/python3.7/site-packages/airflow/example_dags/example_short_circuit_decorator.py took 0.058 seconds
[2023-02-28T17:54:48.071+0000] {processor.py:153} INFO - Started process (PID=495) to work on /home/airflow/.local/lib/python3.7/site-packages/airflow/example_dags/example_short_circuit_decorator.py
[2023-02-28T17:54:48.072+0000] {processor.py:743} INFO - Processing file /home/airflow/.local/lib/python3.7/site-packages/airflow/example_dags/example_short_circuit_decorator.py for tasks to queue
[2023-02-28T17:54:48.073+0000] {logging_mixin.py:137} INFO - [2023-02-28T17:54:48.073+0000] {dagbag.py:538} INFO - Filling up the DagBag from /home/airflow/.local/lib/python3.7/site-packages/airflow/example_dags/example_short_circuit_decorator.py
[2023-02-28T17:54:48.088+0000] {processor.py:753} INFO - DAG(s) dict_keys(['example_short_circuit_decorator']) retrieved from /home/airflow/.local/lib/python3.7/site-packages/airflow/example_dags/example_short_circuit_decorator.py
[2023-02-28T17:54:48.106+0000] {logging_mixin.py:137} INFO - [2023-02-28T17:54:48.106+0000] {dag.py:2690} INFO - Sync 1 DAGs
[2023-02-28T17:54:48.118+0000] {logging_mixin.py:137} INFO - [2023-02-28T17:54:48.118+0000] {dag.py:3441} INFO - Setting next_dagrun for example_short_circuit_decorator to 2023-02-27T17:54:48.118264+00:00, run_after=2023-02-28T17:54:48.118264+00:00
[2023-02-28T17:54:48.127+0000] {processor.py:175} INFO - Processing /home/airflow/.local/lib/python3.7/site-packages/airflow/example_dags/example_short_circuit_decorator.py took 0.058 seconds
[2023-02-28T17:55:18.209+0000] {processor.py:153} INFO - Started process (PID=572) to work on /home/airflow/.local/lib/python3.7/site-packages/airflow/example_dags/example_short_circuit_decorator.py
[2023-02-28T17:55:18.210+0000] {processor.py:743} INFO - Processing file /home/airflow/.local/lib/python3.7/site-packages/airflow/example_dags/example_short_circuit_decorator.py for tasks to queue
[2023-02-28T17:55:18.210+0000] {logging_mixin.py:137} INFO - [2023-02-28T17:55:18.210+0000] {dagbag.py:538} INFO - Filling up the DagBag from /home/airflow/.local/lib/python3.7/site-packages/airflow/example_dags/example_short_circuit_decorator.py
[2023-02-28T17:55:18.226+0000] {processor.py:753} INFO - DAG(s) dict_keys(['example_short_circuit_decorator']) retrieved from /home/airflow/.local/lib/python3.7/site-packages/airflow/example_dags/example_short_circuit_decorator.py
[2023-02-28T17:55:18.244+0000] {logging_mixin.py:137} INFO - [2023-02-28T17:55:18.244+0000] {dag.py:2690} INFO - Sync 1 DAGs
[2023-02-28T17:55:18.258+0000] {logging_mixin.py:137} INFO - [2023-02-28T17:55:18.258+0000] {dag.py:3441} INFO - Setting next_dagrun for example_short_circuit_decorator to 2023-02-27T17:55:18.258392+00:00, run_after=2023-02-28T17:55:18.258392+00:00
[2023-02-28T17:55:18.269+0000] {processor.py:175} INFO - Processing /home/airflow/.local/lib/python3.7/site-packages/airflow/example_dags/example_short_circuit_decorator.py took 0.063 seconds
[2023-02-28T17:55:48.396+0000] {processor.py:153} INFO - Started process (PID=652) to work on /home/airflow/.local/lib/python3.7/site-packages/airflow/example_dags/example_short_circuit_decorator.py
[2023-02-28T17:55:48.397+0000] {processor.py:743} INFO - Processing file /home/airflow/.local/lib/python3.7/site-packages/airflow/example_dags/example_short_circuit_decorator.py for tasks to queue
[2023-02-28T17:55:48.398+0000] {logging_mixin.py:137} INFO - [2023-02-28T17:55:48.398+0000] {dagbag.py:538} INFO - Filling up the DagBag from /home/airflow/.local/lib/python3.7/site-packages/airflow/example_dags/example_short_circuit_decorator.py
[2023-02-28T17:55:48.412+0000] {processor.py:753} INFO - DAG(s) dict_keys(['example_short_circuit_decorator']) retrieved from /home/airflow/.local/lib/python3.7/site-packages/airflow/example_dags/example_short_circuit_decorator.py
[2023-02-28T17:55:48.429+0000] {logging_mixin.py:137} INFO - [2023-02-28T17:55:48.429+0000] {dag.py:2690} INFO - Sync 1 DAGs
[2023-02-28T17:55:48.443+0000] {logging_mixin.py:137} INFO - [2023-02-28T17:55:48.443+0000] {dag.py:3441} INFO - Setting next_dagrun for example_short_circuit_decorator to 2023-02-27T17:55:48.443116+00:00, run_after=2023-02-28T17:55:48.443116+00:00
[2023-02-28T17:55:48.455+0000] {processor.py:175} INFO - Processing /home/airflow/.local/lib/python3.7/site-packages/airflow/example_dags/example_short_circuit_decorator.py took 0.061 seconds
[2023-02-28T17:56:19.530+0000] {processor.py:153} INFO - Started process (PID=730) to work on /home/airflow/.local/lib/python3.7/site-packages/airflow/example_dags/example_short_circuit_decorator.py
[2023-02-28T17:56:19.533+0000] {processor.py:743} INFO - Processing file /home/airflow/.local/lib/python3.7/site-packages/airflow/example_dags/example_short_circuit_decorator.py for tasks to queue
[2023-02-28T17:56:19.534+0000] {logging_mixin.py:137} INFO - [2023-02-28T17:56:19.534+0000] {dagbag.py:538} INFO - Filling up the DagBag from /home/airflow/.local/lib/python3.7/site-packages/airflow/example_dags/example_short_circuit_decorator.py
[2023-02-28T17:56:19.547+0000] {processor.py:753} INFO - DAG(s) dict_keys(['example_short_circuit_decorator']) retrieved from /home/airflow/.local/lib/python3.7/site-packages/airflow/example_dags/example_short_circuit_decorator.py
[2023-02-28T17:56:19.564+0000] {logging_mixin.py:137} INFO - [2023-02-28T17:56:19.564+0000] {dag.py:2690} INFO - Sync 1 DAGs
[2023-02-28T17:56:19.576+0000] {logging_mixin.py:137} INFO - [2023-02-28T17:56:19.576+0000] {dag.py:3441} INFO - Setting next_dagrun for example_short_circuit_decorator to 2023-02-27T17:56:19.576634+00:00, run_after=2023-02-28T17:56:19.576634+00:00
[2023-02-28T17:56:19.585+0000] {processor.py:175} INFO - Processing /home/airflow/.local/lib/python3.7/site-packages/airflow/example_dags/example_short_circuit_decorator.py took 0.057 seconds
[2023-02-28T17:56:49.642+0000] {processor.py:153} INFO - Started process (PID=800) to work on /home/airflow/.local/lib/python3.7/site-packages/airflow/example_dags/example_short_circuit_decorator.py
[2023-02-28T17:56:49.643+0000] {processor.py:743} INFO - Processing file /home/airflow/.local/lib/python3.7/site-packages/airflow/example_dags/example_short_circuit_decorator.py for tasks to queue
[2023-02-28T17:56:49.644+0000] {logging_mixin.py:137} INFO - [2023-02-28T17:56:49.644+0000] {dagbag.py:538} INFO - Filling up the DagBag from /home/airflow/.local/lib/python3.7/site-packages/airflow/example_dags/example_short_circuit_decorator.py
[2023-02-28T17:56:49.658+0000] {processor.py:753} INFO - DAG(s) dict_keys(['example_short_circuit_decorator']) retrieved from /home/airflow/.local/lib/python3.7/site-packages/airflow/example_dags/example_short_circuit_decorator.py
[2023-02-28T17:56:49.675+0000] {logging_mixin.py:137} INFO - [2023-02-28T17:56:49.675+0000] {dag.py:2690} INFO - Sync 1 DAGs
[2023-02-28T17:56:49.688+0000] {logging_mixin.py:137} INFO - [2023-02-28T17:56:49.687+0000] {dag.py:3441} INFO - Setting next_dagrun for example_short_circuit_decorator to 2023-02-27T17:56:49.687799+00:00, run_after=2023-02-28T17:56:49.687799+00:00
[2023-02-28T17:56:49.698+0000] {processor.py:175} INFO - Processing /home/airflow/.local/lib/python3.7/site-packages/airflow/example_dags/example_short_circuit_decorator.py took 0.058 seconds
[2023-02-28T17:57:19.747+0000] {processor.py:153} INFO - Started process (PID=879) to work on /home/airflow/.local/lib/python3.7/site-packages/airflow/example_dags/example_short_circuit_decorator.py
[2023-02-28T17:57:19.748+0000] {processor.py:743} INFO - Processing file /home/airflow/.local/lib/python3.7/site-packages/airflow/example_dags/example_short_circuit_decorator.py for tasks to queue
[2023-02-28T17:57:19.749+0000] {logging_mixin.py:137} INFO - [2023-02-28T17:57:19.749+0000] {dagbag.py:538} INFO - Filling up the DagBag from /home/airflow/.local/lib/python3.7/site-packages/airflow/example_dags/example_short_circuit_decorator.py
[2023-02-28T17:57:19.762+0000] {processor.py:753} INFO - DAG(s) dict_keys(['example_short_circuit_decorator']) retrieved from /home/airflow/.local/lib/python3.7/site-packages/airflow/example_dags/example_short_circuit_decorator.py
[2023-02-28T17:57:19.779+0000] {logging_mixin.py:137} INFO - [2023-02-28T17:57:19.779+0000] {dag.py:2690} INFO - Sync 1 DAGs
[2023-02-28T17:57:19.792+0000] {logging_mixin.py:137} INFO - [2023-02-28T17:57:19.792+0000] {dag.py:3441} INFO - Setting next_dagrun for example_short_circuit_decorator to 2023-02-27T17:57:19.792172+00:00, run_after=2023-02-28T17:57:19.792172+00:00
[2023-02-28T17:57:19.801+0000] {processor.py:175} INFO - Processing /home/airflow/.local/lib/python3.7/site-packages/airflow/example_dags/example_short_circuit_decorator.py took 0.056 seconds
[2023-02-28T17:57:49.945+0000] {processor.py:153} INFO - Started process (PID=959) to work on /home/airflow/.local/lib/python3.7/site-packages/airflow/example_dags/example_short_circuit_decorator.py
[2023-02-28T17:57:49.946+0000] {processor.py:743} INFO - Processing file /home/airflow/.local/lib/python3.7/site-packages/airflow/example_dags/example_short_circuit_decorator.py for tasks to queue
[2023-02-28T17:57:49.947+0000] {logging_mixin.py:137} INFO - [2023-02-28T17:57:49.947+0000] {dagbag.py:538} INFO - Filling up the DagBag from /home/airflow/.local/lib/python3.7/site-packages/airflow/example_dags/example_short_circuit_decorator.py
[2023-02-28T17:57:49.961+0000] {processor.py:753} INFO - DAG(s) dict_keys(['example_short_circuit_decorator']) retrieved from /home/airflow/.local/lib/python3.7/site-packages/airflow/example_dags/example_short_circuit_decorator.py
[2023-02-28T17:57:49.978+0000] {logging_mixin.py:137} INFO - [2023-02-28T17:57:49.978+0000] {dag.py:2690} INFO - Sync 1 DAGs
[2023-02-28T17:57:49.992+0000] {logging_mixin.py:137} INFO - [2023-02-28T17:57:49.992+0000] {dag.py:3441} INFO - Setting next_dagrun for example_short_circuit_decorator to 2023-02-27T17:57:49.991837+00:00, run_after=2023-02-28T17:57:49.991837+00:00
[2023-02-28T17:57:50.001+0000] {processor.py:175} INFO - Processing /home/airflow/.local/lib/python3.7/site-packages/airflow/example_dags/example_short_circuit_decorator.py took 0.058 seconds
[2023-02-28T17:58:20.196+0000] {processor.py:153} INFO - Started process (PID=1026) to work on /home/airflow/.local/lib/python3.7/site-packages/airflow/example_dags/example_short_circuit_decorator.py
[2023-02-28T17:58:20.198+0000] {processor.py:743} INFO - Processing file /home/airflow/.local/lib/python3.7/site-packages/airflow/example_dags/example_short_circuit_decorator.py for tasks to queue
[2023-02-28T17:58:20.198+0000] {logging_mixin.py:137} INFO - [2023-02-28T17:58:20.198+0000] {dagbag.py:538} INFO - Filling up the DagBag from /home/airflow/.local/lib/python3.7/site-packages/airflow/example_dags/example_short_circuit_decorator.py
[2023-02-28T17:58:20.213+0000] {processor.py:753} INFO - DAG(s) dict_keys(['example_short_circuit_decorator']) retrieved from /home/airflow/.local/lib/python3.7/site-packages/airflow/example_dags/example_short_circuit_decorator.py
[2023-02-28T17:58:20.230+0000] {logging_mixin.py:137} INFO - [2023-02-28T17:58:20.230+0000] {dag.py:2690} INFO - Sync 1 DAGs
[2023-02-28T17:58:20.243+0000] {logging_mixin.py:137} INFO - [2023-02-28T17:58:20.243+0000] {dag.py:3441} INFO - Setting next_dagrun for example_short_circuit_decorator to 2023-02-27T17:58:20.243160+00:00, run_after=2023-02-28T17:58:20.243160+00:00
[2023-02-28T17:58:20.252+0000] {processor.py:175} INFO - Processing /home/airflow/.local/lib/python3.7/site-packages/airflow/example_dags/example_short_circuit_decorator.py took 0.058 seconds
[2023-02-28T17:58:50.349+0000] {processor.py:153} INFO - Started process (PID=1106) to work on /home/airflow/.local/lib/python3.7/site-packages/airflow/example_dags/example_short_circuit_decorator.py
[2023-02-28T17:58:50.350+0000] {processor.py:743} INFO - Processing file /home/airflow/.local/lib/python3.7/site-packages/airflow/example_dags/example_short_circuit_decorator.py for tasks to queue
[2023-02-28T17:58:50.351+0000] {logging_mixin.py:137} INFO - [2023-02-28T17:58:50.351+0000] {dagbag.py:538} INFO - Filling up the DagBag from /home/airflow/.local/lib/python3.7/site-packages/airflow/example_dags/example_short_circuit_decorator.py
[2023-02-28T17:58:50.365+0000] {processor.py:753} INFO - DAG(s) dict_keys(['example_short_circuit_decorator']) retrieved from /home/airflow/.local/lib/python3.7/site-packages/airflow/example_dags/example_short_circuit_decorator.py
[2023-02-28T17:58:50.382+0000] {logging_mixin.py:137} INFO - [2023-02-28T17:58:50.382+0000] {dag.py:2690} INFO - Sync 1 DAGs
[2023-02-28T17:58:50.396+0000] {logging_mixin.py:137} INFO - [2023-02-28T17:58:50.396+0000] {dag.py:3441} INFO - Setting next_dagrun for example_short_circuit_decorator to 2023-02-27T17:58:50.396600+00:00, run_after=2023-02-28T17:58:50.396600+00:00
[2023-02-28T17:58:50.406+0000] {processor.py:175} INFO - Processing /home/airflow/.local/lib/python3.7/site-packages/airflow/example_dags/example_short_circuit_decorator.py took 0.059 seconds
[2023-02-28T17:59:20.591+0000] {processor.py:153} INFO - Started process (PID=1186) to work on /home/airflow/.local/lib/python3.7/site-packages/airflow/example_dags/example_short_circuit_decorator.py
[2023-02-28T17:59:20.592+0000] {processor.py:743} INFO - Processing file /home/airflow/.local/lib/python3.7/site-packages/airflow/example_dags/example_short_circuit_decorator.py for tasks to queue
[2023-02-28T17:59:20.593+0000] {logging_mixin.py:137} INFO - [2023-02-28T17:59:20.593+0000] {dagbag.py:538} INFO - Filling up the DagBag from /home/airflow/.local/lib/python3.7/site-packages/airflow/example_dags/example_short_circuit_decorator.py
[2023-02-28T17:59:20.607+0000] {processor.py:753} INFO - DAG(s) dict_keys(['example_short_circuit_decorator']) retrieved from /home/airflow/.local/lib/python3.7/site-packages/airflow/example_dags/example_short_circuit_decorator.py
[2023-02-28T17:59:20.624+0000] {logging_mixin.py:137} INFO - [2023-02-28T17:59:20.624+0000] {dag.py:2690} INFO - Sync 1 DAGs
[2023-02-28T17:59:20.638+0000] {logging_mixin.py:137} INFO - [2023-02-28T17:59:20.638+0000] {dag.py:3441} INFO - Setting next_dagrun for example_short_circuit_decorator to 2023-02-27T17:59:20.638488+00:00, run_after=2023-02-28T17:59:20.638488+00:00
[2023-02-28T17:59:20.648+0000] {processor.py:175} INFO - Processing /home/airflow/.local/lib/python3.7/site-packages/airflow/example_dags/example_short_circuit_decorator.py took 0.059 seconds
[2023-02-28T17:59:50.832+0000] {processor.py:153} INFO - Started process (PID=1253) to work on /home/airflow/.local/lib/python3.7/site-packages/airflow/example_dags/example_short_circuit_decorator.py
[2023-02-28T17:59:50.833+0000] {processor.py:743} INFO - Processing file /home/airflow/.local/lib/python3.7/site-packages/airflow/example_dags/example_short_circuit_decorator.py for tasks to queue
[2023-02-28T17:59:50.834+0000] {logging_mixin.py:137} INFO - [2023-02-28T17:59:50.834+0000] {dagbag.py:538} INFO - Filling up the DagBag from /home/airflow/.local/lib/python3.7/site-packages/airflow/example_dags/example_short_circuit_decorator.py
[2023-02-28T17:59:50.848+0000] {processor.py:753} INFO - DAG(s) dict_keys(['example_short_circuit_decorator']) retrieved from /home/airflow/.local/lib/python3.7/site-packages/airflow/example_dags/example_short_circuit_decorator.py
[2023-02-28T17:59:50.865+0000] {logging_mixin.py:137} INFO - [2023-02-28T17:59:50.865+0000] {dag.py:2690} INFO - Sync 1 DAGs
[2023-02-28T17:59:50.878+0000] {logging_mixin.py:137} INFO - [2023-02-28T17:59:50.878+0000] {dag.py:3441} INFO - Setting next_dagrun for example_short_circuit_decorator to 2023-02-27T17:59:50.878333+00:00, run_after=2023-02-28T17:59:50.878333+00:00
[2023-02-28T17:59:50.887+0000] {processor.py:175} INFO - Processing /home/airflow/.local/lib/python3.7/site-packages/airflow/example_dags/example_short_circuit_decorator.py took 0.057 seconds
[2023-02-28T18:00:21.173+0000] {processor.py:153} INFO - Started process (PID=1334) to work on /home/airflow/.local/lib/python3.7/site-packages/airflow/example_dags/example_short_circuit_decorator.py
[2023-02-28T18:00:21.174+0000] {processor.py:743} INFO - Processing file /home/airflow/.local/lib/python3.7/site-packages/airflow/example_dags/example_short_circuit_decorator.py for tasks to queue
[2023-02-28T18:00:21.175+0000] {logging_mixin.py:137} INFO - [2023-02-28T18:00:21.175+0000] {dagbag.py:538} INFO - Filling up the DagBag from /home/airflow/.local/lib/python3.7/site-packages/airflow/example_dags/example_short_circuit_decorator.py
[2023-02-28T18:00:21.189+0000] {processor.py:753} INFO - DAG(s) dict_keys(['example_short_circuit_decorator']) retrieved from /home/airflow/.local/lib/python3.7/site-packages/airflow/example_dags/example_short_circuit_decorator.py
[2023-02-28T18:00:21.206+0000] {logging_mixin.py:137} INFO - [2023-02-28T18:00:21.206+0000] {dag.py:2690} INFO - Sync 1 DAGs
[2023-02-28T18:00:21.219+0000] {logging_mixin.py:137} INFO - [2023-02-28T18:00:21.219+0000] {dag.py:3441} INFO - Setting next_dagrun for example_short_circuit_decorator to 2023-02-27T18:00:21.219153+00:00, run_after=2023-02-28T18:00:21.219153+00:00
[2023-02-28T18:00:21.228+0000] {processor.py:175} INFO - Processing /home/airflow/.local/lib/python3.7/site-packages/airflow/example_dags/example_short_circuit_decorator.py took 0.058 seconds
[2023-02-28T18:00:51.368+0000] {processor.py:153} INFO - Started process (PID=1414) to work on /home/airflow/.local/lib/python3.7/site-packages/airflow/example_dags/example_short_circuit_decorator.py
[2023-02-28T18:00:51.369+0000] {processor.py:743} INFO - Processing file /home/airflow/.local/lib/python3.7/site-packages/airflow/example_dags/example_short_circuit_decorator.py for tasks to queue
[2023-02-28T18:00:51.370+0000] {logging_mixin.py:137} INFO - [2023-02-28T18:00:51.370+0000] {dagbag.py:538} INFO - Filling up the DagBag from /home/airflow/.local/lib/python3.7/site-packages/airflow/example_dags/example_short_circuit_decorator.py
[2023-02-28T18:00:51.384+0000] {processor.py:753} INFO - DAG(s) dict_keys(['example_short_circuit_decorator']) retrieved from /home/airflow/.local/lib/python3.7/site-packages/airflow/example_dags/example_short_circuit_decorator.py
[2023-02-28T18:00:51.402+0000] {logging_mixin.py:137} INFO - [2023-02-28T18:00:51.401+0000] {dag.py:2690} INFO - Sync 1 DAGs
[2023-02-28T18:00:51.416+0000] {logging_mixin.py:137} INFO - [2023-02-28T18:00:51.416+0000] {dag.py:3441} INFO - Setting next_dagrun for example_short_circuit_decorator to 2023-02-27T18:00:51.416054+00:00, run_after=2023-02-28T18:00:51.416054+00:00
[2023-02-28T18:00:51.426+0000] {processor.py:175} INFO - Processing /home/airflow/.local/lib/python3.7/site-packages/airflow/example_dags/example_short_circuit_decorator.py took 0.060 seconds
[2023-02-28T18:01:21.943+0000] {processor.py:153} INFO - Started process (PID=1490) to work on /home/airflow/.local/lib/python3.7/site-packages/airflow/example_dags/example_short_circuit_decorator.py
[2023-02-28T18:01:21.944+0000] {processor.py:743} INFO - Processing file /home/airflow/.local/lib/python3.7/site-packages/airflow/example_dags/example_short_circuit_decorator.py for tasks to queue
[2023-02-28T18:01:21.945+0000] {logging_mixin.py:137} INFO - [2023-02-28T18:01:21.945+0000] {dagbag.py:538} INFO - Filling up the DagBag from /home/airflow/.local/lib/python3.7/site-packages/airflow/example_dags/example_short_circuit_decorator.py
[2023-02-28T18:01:21.958+0000] {processor.py:753} INFO - DAG(s) dict_keys(['example_short_circuit_decorator']) retrieved from /home/airflow/.local/lib/python3.7/site-packages/airflow/example_dags/example_short_circuit_decorator.py
[2023-02-28T18:01:21.986+0000] {logging_mixin.py:137} INFO - [2023-02-28T18:01:21.986+0000] {dag.py:2690} INFO - Sync 1 DAGs
[2023-02-28T18:01:22.010+0000] {logging_mixin.py:137} INFO - [2023-02-28T18:01:22.010+0000] {dag.py:3441} INFO - Setting next_dagrun for example_short_circuit_decorator to 2023-02-27T18:01:22.010598+00:00, run_after=2023-02-28T18:01:22.010598+00:00
[2023-02-28T18:01:22.029+0000] {processor.py:175} INFO - Processing /home/airflow/.local/lib/python3.7/site-packages/airflow/example_dags/example_short_circuit_decorator.py took 0.088 seconds
