[2023-02-28T17:48:39.322+0000] {processor.py:153} INFO - Started process (PID=45) to work on /home/airflow/.local/lib/python3.7/site-packages/airflow/example_dags/example_sensor_decorator.py
[2023-02-28T17:48:39.323+0000] {processor.py:743} INFO - Processing file /home/airflow/.local/lib/python3.7/site-packages/airflow/example_dags/example_sensor_decorator.py for tasks to queue
[2023-02-28T17:48:39.324+0000] {logging_mixin.py:137} INFO - [2023-02-28T17:48:39.324+0000] {dagbag.py:538} INFO - Filling up the DagBag from /home/airflow/.local/lib/python3.7/site-packages/airflow/example_dags/example_sensor_decorator.py
[2023-02-28T17:48:39.347+0000] {processor.py:753} INFO - DAG(s) dict_keys(['example_sensor_decorator']) retrieved from /home/airflow/.local/lib/python3.7/site-packages/airflow/example_dags/example_sensor_decorator.py
[2023-02-28T17:48:39.475+0000] {logging_mixin.py:137} INFO - [2023-02-28T17:48:39.475+0000] {manager.py:504} INFO - Created Permission View: can edit on DAG:example_sensor_decorator
[2023-02-28T17:48:39.482+0000] {logging_mixin.py:137} INFO - [2023-02-28T17:48:39.482+0000] {manager.py:504} INFO - Created Permission View: can read on DAG:example_sensor_decorator
[2023-02-28T17:48:39.486+0000] {logging_mixin.py:137} INFO - [2023-02-28T17:48:39.486+0000] {manager.py:504} INFO - Created Permission View: can delete on DAG:example_sensor_decorator
[2023-02-28T17:48:39.487+0000] {logging_mixin.py:137} INFO - [2023-02-28T17:48:39.487+0000] {dag.py:2690} INFO - Sync 1 DAGs
[2023-02-28T17:48:39.495+0000] {logging_mixin.py:137} INFO - [2023-02-28T17:48:39.495+0000] {dag.py:2711} INFO - Creating ORM DAG for example_sensor_decorator
[2023-02-28T17:48:39.502+0000] {logging_mixin.py:137} INFO - [2023-02-28T17:48:39.502+0000] {dag.py:3441} INFO - Setting next_dagrun for example_sensor_decorator to None, run_after=None
[2023-02-28T17:48:39.513+0000] {processor.py:175} INFO - Processing /home/airflow/.local/lib/python3.7/site-packages/airflow/example_dags/example_sensor_decorator.py took 0.195 seconds
[2023-02-28T17:49:09.994+0000] {processor.py:153} INFO - Started process (PID=126) to work on /home/airflow/.local/lib/python3.7/site-packages/airflow/example_dags/example_sensor_decorator.py
[2023-02-28T17:49:09.995+0000] {processor.py:743} INFO - Processing file /home/airflow/.local/lib/python3.7/site-packages/airflow/example_dags/example_sensor_decorator.py for tasks to queue
[2023-02-28T17:49:09.996+0000] {logging_mixin.py:137} INFO - [2023-02-28T17:49:09.996+0000] {dagbag.py:538} INFO - Filling up the DagBag from /home/airflow/.local/lib/python3.7/site-packages/airflow/example_dags/example_sensor_decorator.py
[2023-02-28T17:49:10.009+0000] {processor.py:753} INFO - DAG(s) dict_keys(['example_sensor_decorator']) retrieved from /home/airflow/.local/lib/python3.7/site-packages/airflow/example_dags/example_sensor_decorator.py
[2023-02-28T17:49:10.024+0000] {logging_mixin.py:137} INFO - [2023-02-28T17:49:10.024+0000] {dag.py:2690} INFO - Sync 1 DAGs
[2023-02-28T17:49:10.038+0000] {logging_mixin.py:137} INFO - [2023-02-28T17:49:10.037+0000] {dag.py:3441} INFO - Setting next_dagrun for example_sensor_decorator to None, run_after=None
[2023-02-28T17:49:10.047+0000] {processor.py:175} INFO - Processing /home/airflow/.local/lib/python3.7/site-packages/airflow/example_dags/example_sensor_decorator.py took 0.057 seconds
[2023-02-28T17:49:41.099+0000] {processor.py:153} INFO - Started process (PID=206) to work on /home/airflow/.local/lib/python3.7/site-packages/airflow/example_dags/example_sensor_decorator.py
[2023-02-28T17:49:41.100+0000] {processor.py:743} INFO - Processing file /home/airflow/.local/lib/python3.7/site-packages/airflow/example_dags/example_sensor_decorator.py for tasks to queue
[2023-02-28T17:49:41.101+0000] {logging_mixin.py:137} INFO - [2023-02-28T17:49:41.100+0000] {dagbag.py:538} INFO - Filling up the DagBag from /home/airflow/.local/lib/python3.7/site-packages/airflow/example_dags/example_sensor_decorator.py
[2023-02-28T17:49:41.115+0000] {processor.py:753} INFO - DAG(s) dict_keys(['example_sensor_decorator']) retrieved from /home/airflow/.local/lib/python3.7/site-packages/airflow/example_dags/example_sensor_decorator.py
[2023-02-28T17:49:41.133+0000] {logging_mixin.py:137} INFO - [2023-02-28T17:49:41.133+0000] {dag.py:2690} INFO - Sync 1 DAGs
[2023-02-28T17:49:41.148+0000] {logging_mixin.py:137} INFO - [2023-02-28T17:49:41.148+0000] {dag.py:3441} INFO - Setting next_dagrun for example_sensor_decorator to None, run_after=None
[2023-02-28T17:49:41.157+0000] {processor.py:175} INFO - Processing /home/airflow/.local/lib/python3.7/site-packages/airflow/example_dags/example_sensor_decorator.py took 0.061 seconds
[2023-02-28T17:50:11.220+0000] {processor.py:153} INFO - Started process (PID=272) to work on /home/airflow/.local/lib/python3.7/site-packages/airflow/example_dags/example_sensor_decorator.py
[2023-02-28T17:50:11.221+0000] {processor.py:743} INFO - Processing file /home/airflow/.local/lib/python3.7/site-packages/airflow/example_dags/example_sensor_decorator.py for tasks to queue
[2023-02-28T17:50:11.222+0000] {logging_mixin.py:137} INFO - [2023-02-28T17:50:11.222+0000] {dagbag.py:538} INFO - Filling up the DagBag from /home/airflow/.local/lib/python3.7/site-packages/airflow/example_dags/example_sensor_decorator.py
[2023-02-28T17:50:11.236+0000] {processor.py:753} INFO - DAG(s) dict_keys(['example_sensor_decorator']) retrieved from /home/airflow/.local/lib/python3.7/site-packages/airflow/example_dags/example_sensor_decorator.py
[2023-02-28T17:50:11.255+0000] {logging_mixin.py:137} INFO - [2023-02-28T17:50:11.255+0000] {dag.py:2690} INFO - Sync 1 DAGs
[2023-02-28T17:50:11.270+0000] {logging_mixin.py:137} INFO - [2023-02-28T17:50:11.270+0000] {dag.py:3441} INFO - Setting next_dagrun for example_sensor_decorator to None, run_after=None
[2023-02-28T17:50:11.281+0000] {processor.py:175} INFO - Processing /home/airflow/.local/lib/python3.7/site-packages/airflow/example_dags/example_sensor_decorator.py took 0.063 seconds
[2023-02-28T17:50:41.581+0000] {processor.py:153} INFO - Started process (PID=352) to work on /home/airflow/.local/lib/python3.7/site-packages/airflow/example_dags/example_sensor_decorator.py
[2023-02-28T17:50:41.582+0000] {processor.py:743} INFO - Processing file /home/airflow/.local/lib/python3.7/site-packages/airflow/example_dags/example_sensor_decorator.py for tasks to queue
[2023-02-28T17:50:41.583+0000] {logging_mixin.py:137} INFO - [2023-02-28T17:50:41.583+0000] {dagbag.py:538} INFO - Filling up the DagBag from /home/airflow/.local/lib/python3.7/site-packages/airflow/example_dags/example_sensor_decorator.py
[2023-02-28T17:50:41.596+0000] {processor.py:753} INFO - DAG(s) dict_keys(['example_sensor_decorator']) retrieved from /home/airflow/.local/lib/python3.7/site-packages/airflow/example_dags/example_sensor_decorator.py
[2023-02-28T17:50:41.614+0000] {logging_mixin.py:137} INFO - [2023-02-28T17:50:41.614+0000] {dag.py:2690} INFO - Sync 1 DAGs
[2023-02-28T17:50:41.628+0000] {logging_mixin.py:137} INFO - [2023-02-28T17:50:41.628+0000] {dag.py:3441} INFO - Setting next_dagrun for example_sensor_decorator to None, run_after=None
[2023-02-28T17:50:41.639+0000] {processor.py:175} INFO - Processing /home/airflow/.local/lib/python3.7/site-packages/airflow/example_dags/example_sensor_decorator.py took 0.060 seconds
[2023-02-28T17:51:44.207+0000] {processor.py:153} INFO - Started process (PID=45) to work on /home/airflow/.local/lib/python3.7/site-packages/airflow/example_dags/example_sensor_decorator.py
[2023-02-28T17:51:44.209+0000] {processor.py:743} INFO - Processing file /home/airflow/.local/lib/python3.7/site-packages/airflow/example_dags/example_sensor_decorator.py for tasks to queue
[2023-02-28T17:51:44.210+0000] {logging_mixin.py:137} INFO - [2023-02-28T17:51:44.210+0000] {dagbag.py:538} INFO - Filling up the DagBag from /home/airflow/.local/lib/python3.7/site-packages/airflow/example_dags/example_sensor_decorator.py
[2023-02-28T17:51:44.241+0000] {processor.py:753} INFO - DAG(s) dict_keys(['example_sensor_decorator']) retrieved from /home/airflow/.local/lib/python3.7/site-packages/airflow/example_dags/example_sensor_decorator.py
[2023-02-28T17:51:44.260+0000] {logging_mixin.py:137} INFO - [2023-02-28T17:51:44.260+0000] {dag.py:2690} INFO - Sync 1 DAGs
[2023-02-28T17:51:44.279+0000] {logging_mixin.py:137} INFO - [2023-02-28T17:51:44.278+0000] {dag.py:3441} INFO - Setting next_dagrun for example_sensor_decorator to None, run_after=None
[2023-02-28T17:51:44.290+0000] {processor.py:175} INFO - Processing /home/airflow/.local/lib/python3.7/site-packages/airflow/example_dags/example_sensor_decorator.py took 0.085 seconds
[2023-02-28T17:52:14.639+0000] {processor.py:153} INFO - Started process (PID=125) to work on /home/airflow/.local/lib/python3.7/site-packages/airflow/example_dags/example_sensor_decorator.py
[2023-02-28T17:52:14.640+0000] {processor.py:743} INFO - Processing file /home/airflow/.local/lib/python3.7/site-packages/airflow/example_dags/example_sensor_decorator.py for tasks to queue
[2023-02-28T17:52:14.641+0000] {logging_mixin.py:137} INFO - [2023-02-28T17:52:14.640+0000] {dagbag.py:538} INFO - Filling up the DagBag from /home/airflow/.local/lib/python3.7/site-packages/airflow/example_dags/example_sensor_decorator.py
[2023-02-28T17:52:14.654+0000] {processor.py:753} INFO - DAG(s) dict_keys(['example_sensor_decorator']) retrieved from /home/airflow/.local/lib/python3.7/site-packages/airflow/example_dags/example_sensor_decorator.py
[2023-02-28T17:52:14.670+0000] {logging_mixin.py:137} INFO - [2023-02-28T17:52:14.670+0000] {dag.py:2690} INFO - Sync 1 DAGs
[2023-02-28T17:52:14.683+0000] {logging_mixin.py:137} INFO - [2023-02-28T17:52:14.683+0000] {dag.py:3441} INFO - Setting next_dagrun for example_sensor_decorator to None, run_after=None
[2023-02-28T17:52:14.692+0000] {processor.py:175} INFO - Processing /home/airflow/.local/lib/python3.7/site-packages/airflow/example_dags/example_sensor_decorator.py took 0.055 seconds
[2023-02-28T17:52:44.954+0000] {processor.py:153} INFO - Started process (PID=192) to work on /home/airflow/.local/lib/python3.7/site-packages/airflow/example_dags/example_sensor_decorator.py
[2023-02-28T17:52:44.956+0000] {processor.py:743} INFO - Processing file /home/airflow/.local/lib/python3.7/site-packages/airflow/example_dags/example_sensor_decorator.py for tasks to queue
[2023-02-28T17:52:44.957+0000] {logging_mixin.py:137} INFO - [2023-02-28T17:52:44.957+0000] {dagbag.py:538} INFO - Filling up the DagBag from /home/airflow/.local/lib/python3.7/site-packages/airflow/example_dags/example_sensor_decorator.py
[2023-02-28T17:52:44.977+0000] {processor.py:753} INFO - DAG(s) dict_keys(['example_sensor_decorator']) retrieved from /home/airflow/.local/lib/python3.7/site-packages/airflow/example_dags/example_sensor_decorator.py
[2023-02-28T17:52:44.996+0000] {logging_mixin.py:137} INFO - [2023-02-28T17:52:44.996+0000] {dag.py:2690} INFO - Sync 1 DAGs
[2023-02-28T17:52:45.009+0000] {logging_mixin.py:137} INFO - [2023-02-28T17:52:45.009+0000] {dag.py:3441} INFO - Setting next_dagrun for example_sensor_decorator to None, run_after=None
[2023-02-28T17:52:45.020+0000] {processor.py:175} INFO - Processing /home/airflow/.local/lib/python3.7/site-packages/airflow/example_dags/example_sensor_decorator.py took 0.069 seconds
[2023-02-28T17:53:15.052+0000] {processor.py:153} INFO - Started process (PID=270) to work on /home/airflow/.local/lib/python3.7/site-packages/airflow/example_dags/example_sensor_decorator.py
[2023-02-28T17:53:15.053+0000] {processor.py:743} INFO - Processing file /home/airflow/.local/lib/python3.7/site-packages/airflow/example_dags/example_sensor_decorator.py for tasks to queue
[2023-02-28T17:53:15.054+0000] {logging_mixin.py:137} INFO - [2023-02-28T17:53:15.053+0000] {dagbag.py:538} INFO - Filling up the DagBag from /home/airflow/.local/lib/python3.7/site-packages/airflow/example_dags/example_sensor_decorator.py
[2023-02-28T17:53:15.067+0000] {processor.py:753} INFO - DAG(s) dict_keys(['example_sensor_decorator']) retrieved from /home/airflow/.local/lib/python3.7/site-packages/airflow/example_dags/example_sensor_decorator.py
[2023-02-28T17:53:15.083+0000] {logging_mixin.py:137} INFO - [2023-02-28T17:53:15.083+0000] {dag.py:2690} INFO - Sync 1 DAGs
[2023-02-28T17:53:15.096+0000] {logging_mixin.py:137} INFO - [2023-02-28T17:53:15.096+0000] {dag.py:3441} INFO - Setting next_dagrun for example_sensor_decorator to None, run_after=None
[2023-02-28T17:53:15.105+0000] {processor.py:175} INFO - Processing /home/airflow/.local/lib/python3.7/site-packages/airflow/example_dags/example_sensor_decorator.py took 0.056 seconds
[2023-02-28T17:53:46.242+0000] {processor.py:153} INFO - Started process (PID=352) to work on /home/airflow/.local/lib/python3.7/site-packages/airflow/example_dags/example_sensor_decorator.py
[2023-02-28T17:53:46.243+0000] {processor.py:743} INFO - Processing file /home/airflow/.local/lib/python3.7/site-packages/airflow/example_dags/example_sensor_decorator.py for tasks to queue
[2023-02-28T17:53:46.244+0000] {logging_mixin.py:137} INFO - [2023-02-28T17:53:46.244+0000] {dagbag.py:538} INFO - Filling up the DagBag from /home/airflow/.local/lib/python3.7/site-packages/airflow/example_dags/example_sensor_decorator.py
[2023-02-28T17:53:46.257+0000] {processor.py:753} INFO - DAG(s) dict_keys(['example_sensor_decorator']) retrieved from /home/airflow/.local/lib/python3.7/site-packages/airflow/example_dags/example_sensor_decorator.py
[2023-02-28T17:53:46.272+0000] {logging_mixin.py:137} INFO - [2023-02-28T17:53:46.272+0000] {dag.py:2690} INFO - Sync 1 DAGs
[2023-02-28T17:53:46.285+0000] {logging_mixin.py:137} INFO - [2023-02-28T17:53:46.285+0000] {dag.py:3441} INFO - Setting next_dagrun for example_sensor_decorator to None, run_after=None
[2023-02-28T17:53:46.295+0000] {processor.py:175} INFO - Processing /home/airflow/.local/lib/python3.7/site-packages/airflow/example_dags/example_sensor_decorator.py took 0.055 seconds
[2023-02-28T17:54:17.221+0000] {processor.py:153} INFO - Started process (PID=432) to work on /home/airflow/.local/lib/python3.7/site-packages/airflow/example_dags/example_sensor_decorator.py
[2023-02-28T17:54:17.223+0000] {processor.py:743} INFO - Processing file /home/airflow/.local/lib/python3.7/site-packages/airflow/example_dags/example_sensor_decorator.py for tasks to queue
[2023-02-28T17:54:17.223+0000] {logging_mixin.py:137} INFO - [2023-02-28T17:54:17.223+0000] {dagbag.py:538} INFO - Filling up the DagBag from /home/airflow/.local/lib/python3.7/site-packages/airflow/example_dags/example_sensor_decorator.py
[2023-02-28T17:54:17.238+0000] {processor.py:753} INFO - DAG(s) dict_keys(['example_sensor_decorator']) retrieved from /home/airflow/.local/lib/python3.7/site-packages/airflow/example_dags/example_sensor_decorator.py
[2023-02-28T17:54:17.254+0000] {logging_mixin.py:137} INFO - [2023-02-28T17:54:17.254+0000] {dag.py:2690} INFO - Sync 1 DAGs
[2023-02-28T17:54:17.268+0000] {logging_mixin.py:137} INFO - [2023-02-28T17:54:17.268+0000] {dag.py:3441} INFO - Setting next_dagrun for example_sensor_decorator to None, run_after=None
[2023-02-28T17:54:17.279+0000] {processor.py:175} INFO - Processing /home/airflow/.local/lib/python3.7/site-packages/airflow/example_dags/example_sensor_decorator.py took 0.060 seconds
[2023-02-28T17:54:48.295+0000] {processor.py:153} INFO - Started process (PID=499) to work on /home/airflow/.local/lib/python3.7/site-packages/airflow/example_dags/example_sensor_decorator.py
[2023-02-28T17:54:48.296+0000] {processor.py:743} INFO - Processing file /home/airflow/.local/lib/python3.7/site-packages/airflow/example_dags/example_sensor_decorator.py for tasks to queue
[2023-02-28T17:54:48.297+0000] {logging_mixin.py:137} INFO - [2023-02-28T17:54:48.297+0000] {dagbag.py:538} INFO - Filling up the DagBag from /home/airflow/.local/lib/python3.7/site-packages/airflow/example_dags/example_sensor_decorator.py
[2023-02-28T17:54:48.309+0000] {processor.py:753} INFO - DAG(s) dict_keys(['example_sensor_decorator']) retrieved from /home/airflow/.local/lib/python3.7/site-packages/airflow/example_dags/example_sensor_decorator.py
[2023-02-28T17:54:48.325+0000] {logging_mixin.py:137} INFO - [2023-02-28T17:54:48.325+0000] {dag.py:2690} INFO - Sync 1 DAGs
[2023-02-28T17:54:48.337+0000] {logging_mixin.py:137} INFO - [2023-02-28T17:54:48.337+0000] {dag.py:3441} INFO - Setting next_dagrun for example_sensor_decorator to None, run_after=None
[2023-02-28T17:54:48.347+0000] {processor.py:175} INFO - Processing /home/airflow/.local/lib/python3.7/site-packages/airflow/example_dags/example_sensor_decorator.py took 0.054 seconds
[2023-02-28T17:55:18.539+0000] {processor.py:153} INFO - Started process (PID=578) to work on /home/airflow/.local/lib/python3.7/site-packages/airflow/example_dags/example_sensor_decorator.py
[2023-02-28T17:55:18.540+0000] {processor.py:743} INFO - Processing file /home/airflow/.local/lib/python3.7/site-packages/airflow/example_dags/example_sensor_decorator.py for tasks to queue
[2023-02-28T17:55:18.541+0000] {logging_mixin.py:137} INFO - [2023-02-28T17:55:18.540+0000] {dagbag.py:538} INFO - Filling up the DagBag from /home/airflow/.local/lib/python3.7/site-packages/airflow/example_dags/example_sensor_decorator.py
[2023-02-28T17:55:18.555+0000] {processor.py:753} INFO - DAG(s) dict_keys(['example_sensor_decorator']) retrieved from /home/airflow/.local/lib/python3.7/site-packages/airflow/example_dags/example_sensor_decorator.py
[2023-02-28T17:55:18.571+0000] {logging_mixin.py:137} INFO - [2023-02-28T17:55:18.571+0000] {dag.py:2690} INFO - Sync 1 DAGs
[2023-02-28T17:55:18.585+0000] {logging_mixin.py:137} INFO - [2023-02-28T17:55:18.585+0000] {dag.py:3441} INFO - Setting next_dagrun for example_sensor_decorator to None, run_after=None
[2023-02-28T17:55:18.596+0000] {processor.py:175} INFO - Processing /home/airflow/.local/lib/python3.7/site-packages/airflow/example_dags/example_sensor_decorator.py took 0.059 seconds
[2023-02-28T17:55:48.617+0000] {processor.py:153} INFO - Started process (PID=656) to work on /home/airflow/.local/lib/python3.7/site-packages/airflow/example_dags/example_sensor_decorator.py
[2023-02-28T17:55:48.618+0000] {processor.py:743} INFO - Processing file /home/airflow/.local/lib/python3.7/site-packages/airflow/example_dags/example_sensor_decorator.py for tasks to queue
[2023-02-28T17:55:48.619+0000] {logging_mixin.py:137} INFO - [2023-02-28T17:55:48.619+0000] {dagbag.py:538} INFO - Filling up the DagBag from /home/airflow/.local/lib/python3.7/site-packages/airflow/example_dags/example_sensor_decorator.py
[2023-02-28T17:55:48.631+0000] {processor.py:753} INFO - DAG(s) dict_keys(['example_sensor_decorator']) retrieved from /home/airflow/.local/lib/python3.7/site-packages/airflow/example_dags/example_sensor_decorator.py
[2023-02-28T17:55:48.649+0000] {logging_mixin.py:137} INFO - [2023-02-28T17:55:48.649+0000] {dag.py:2690} INFO - Sync 1 DAGs
[2023-02-28T17:55:48.662+0000] {logging_mixin.py:137} INFO - [2023-02-28T17:55:48.662+0000] {dag.py:3441} INFO - Setting next_dagrun for example_sensor_decorator to None, run_after=None
[2023-02-28T17:55:48.671+0000] {processor.py:175} INFO - Processing /home/airflow/.local/lib/python3.7/site-packages/airflow/example_dags/example_sensor_decorator.py took 0.057 seconds
[2023-02-28T17:56:19.697+0000] {processor.py:153} INFO - Started process (PID=734) to work on /home/airflow/.local/lib/python3.7/site-packages/airflow/example_dags/example_sensor_decorator.py
[2023-02-28T17:56:19.698+0000] {processor.py:743} INFO - Processing file /home/airflow/.local/lib/python3.7/site-packages/airflow/example_dags/example_sensor_decorator.py for tasks to queue
[2023-02-28T17:56:19.699+0000] {logging_mixin.py:137} INFO - [2023-02-28T17:56:19.699+0000] {dagbag.py:538} INFO - Filling up the DagBag from /home/airflow/.local/lib/python3.7/site-packages/airflow/example_dags/example_sensor_decorator.py
[2023-02-28T17:56:19.712+0000] {processor.py:753} INFO - DAG(s) dict_keys(['example_sensor_decorator']) retrieved from /home/airflow/.local/lib/python3.7/site-packages/airflow/example_dags/example_sensor_decorator.py
[2023-02-28T17:56:19.737+0000] {logging_mixin.py:137} INFO - [2023-02-28T17:56:19.737+0000] {dag.py:2690} INFO - Sync 1 DAGs
[2023-02-28T17:56:19.765+0000] {logging_mixin.py:137} INFO - [2023-02-28T17:56:19.765+0000] {dag.py:3441} INFO - Setting next_dagrun for example_sensor_decorator to None, run_after=None
[2023-02-28T17:56:19.796+0000] {processor.py:175} INFO - Processing /home/airflow/.local/lib/python3.7/site-packages/airflow/example_dags/example_sensor_decorator.py took 0.101 seconds
[2023-02-28T17:56:49.948+0000] {processor.py:153} INFO - Started process (PID=805) to work on /home/airflow/.local/lib/python3.7/site-packages/airflow/example_dags/example_sensor_decorator.py
[2023-02-28T17:56:49.949+0000] {processor.py:743} INFO - Processing file /home/airflow/.local/lib/python3.7/site-packages/airflow/example_dags/example_sensor_decorator.py for tasks to queue
[2023-02-28T17:56:49.949+0000] {logging_mixin.py:137} INFO - [2023-02-28T17:56:49.949+0000] {dagbag.py:538} INFO - Filling up the DagBag from /home/airflow/.local/lib/python3.7/site-packages/airflow/example_dags/example_sensor_decorator.py
[2023-02-28T17:56:49.962+0000] {processor.py:753} INFO - DAG(s) dict_keys(['example_sensor_decorator']) retrieved from /home/airflow/.local/lib/python3.7/site-packages/airflow/example_dags/example_sensor_decorator.py
[2023-02-28T17:56:49.978+0000] {logging_mixin.py:137} INFO - [2023-02-28T17:56:49.978+0000] {dag.py:2690} INFO - Sync 1 DAGs
[2023-02-28T17:56:49.991+0000] {logging_mixin.py:137} INFO - [2023-02-28T17:56:49.991+0000] {dag.py:3441} INFO - Setting next_dagrun for example_sensor_decorator to None, run_after=None
[2023-02-28T17:56:50.001+0000] {processor.py:175} INFO - Processing /home/airflow/.local/lib/python3.7/site-packages/airflow/example_dags/example_sensor_decorator.py took 0.055 seconds
[2023-02-28T17:57:20.038+0000] {processor.py:153} INFO - Started process (PID=883) to work on /home/airflow/.local/lib/python3.7/site-packages/airflow/example_dags/example_sensor_decorator.py
[2023-02-28T17:57:20.039+0000] {processor.py:743} INFO - Processing file /home/airflow/.local/lib/python3.7/site-packages/airflow/example_dags/example_sensor_decorator.py for tasks to queue
[2023-02-28T17:57:20.039+0000] {logging_mixin.py:137} INFO - [2023-02-28T17:57:20.039+0000] {dagbag.py:538} INFO - Filling up the DagBag from /home/airflow/.local/lib/python3.7/site-packages/airflow/example_dags/example_sensor_decorator.py
[2023-02-28T17:57:20.052+0000] {processor.py:753} INFO - DAG(s) dict_keys(['example_sensor_decorator']) retrieved from /home/airflow/.local/lib/python3.7/site-packages/airflow/example_dags/example_sensor_decorator.py
[2023-02-28T17:57:20.067+0000] {logging_mixin.py:137} INFO - [2023-02-28T17:57:20.067+0000] {dag.py:2690} INFO - Sync 1 DAGs
[2023-02-28T17:57:20.080+0000] {logging_mixin.py:137} INFO - [2023-02-28T17:57:20.080+0000] {dag.py:3441} INFO - Setting next_dagrun for example_sensor_decorator to None, run_after=None
[2023-02-28T17:57:20.089+0000] {processor.py:175} INFO - Processing /home/airflow/.local/lib/python3.7/site-packages/airflow/example_dags/example_sensor_decorator.py took 0.053 seconds
[2023-02-28T17:57:50.137+0000] {processor.py:153} INFO - Started process (PID=963) to work on /home/airflow/.local/lib/python3.7/site-packages/airflow/example_dags/example_sensor_decorator.py
[2023-02-28T17:57:50.138+0000] {processor.py:743} INFO - Processing file /home/airflow/.local/lib/python3.7/site-packages/airflow/example_dags/example_sensor_decorator.py for tasks to queue
[2023-02-28T17:57:50.138+0000] {logging_mixin.py:137} INFO - [2023-02-28T17:57:50.138+0000] {dagbag.py:538} INFO - Filling up the DagBag from /home/airflow/.local/lib/python3.7/site-packages/airflow/example_dags/example_sensor_decorator.py
[2023-02-28T17:57:50.151+0000] {processor.py:753} INFO - DAG(s) dict_keys(['example_sensor_decorator']) retrieved from /home/airflow/.local/lib/python3.7/site-packages/airflow/example_dags/example_sensor_decorator.py
[2023-02-28T17:57:50.168+0000] {logging_mixin.py:137} INFO - [2023-02-28T17:57:50.168+0000] {dag.py:2690} INFO - Sync 1 DAGs
[2023-02-28T17:57:50.180+0000] {logging_mixin.py:137} INFO - [2023-02-28T17:57:50.180+0000] {dag.py:3441} INFO - Setting next_dagrun for example_sensor_decorator to None, run_after=None
[2023-02-28T17:57:50.190+0000] {processor.py:175} INFO - Processing /home/airflow/.local/lib/python3.7/site-packages/airflow/example_dags/example_sensor_decorator.py took 0.055 seconds
[2023-02-28T17:58:20.345+0000] {processor.py:153} INFO - Started process (PID=1030) to work on /home/airflow/.local/lib/python3.7/site-packages/airflow/example_dags/example_sensor_decorator.py
[2023-02-28T17:58:20.346+0000] {processor.py:743} INFO - Processing file /home/airflow/.local/lib/python3.7/site-packages/airflow/example_dags/example_sensor_decorator.py for tasks to queue
[2023-02-28T17:58:20.348+0000] {logging_mixin.py:137} INFO - [2023-02-28T17:58:20.348+0000] {dagbag.py:538} INFO - Filling up the DagBag from /home/airflow/.local/lib/python3.7/site-packages/airflow/example_dags/example_sensor_decorator.py
[2023-02-28T17:58:20.360+0000] {processor.py:753} INFO - DAG(s) dict_keys(['example_sensor_decorator']) retrieved from /home/airflow/.local/lib/python3.7/site-packages/airflow/example_dags/example_sensor_decorator.py
[2023-02-28T17:58:20.377+0000] {logging_mixin.py:137} INFO - [2023-02-28T17:58:20.376+0000] {dag.py:2690} INFO - Sync 1 DAGs
[2023-02-28T17:58:20.390+0000] {logging_mixin.py:137} INFO - [2023-02-28T17:58:20.390+0000] {dag.py:3441} INFO - Setting next_dagrun for example_sensor_decorator to None, run_after=None
[2023-02-28T17:58:20.401+0000] {processor.py:175} INFO - Processing /home/airflow/.local/lib/python3.7/site-packages/airflow/example_dags/example_sensor_decorator.py took 0.058 seconds
[2023-02-28T17:58:50.497+0000] {processor.py:153} INFO - Started process (PID=1110) to work on /home/airflow/.local/lib/python3.7/site-packages/airflow/example_dags/example_sensor_decorator.py
[2023-02-28T17:58:50.499+0000] {processor.py:743} INFO - Processing file /home/airflow/.local/lib/python3.7/site-packages/airflow/example_dags/example_sensor_decorator.py for tasks to queue
[2023-02-28T17:58:50.500+0000] {logging_mixin.py:137} INFO - [2023-02-28T17:58:50.500+0000] {dagbag.py:538} INFO - Filling up the DagBag from /home/airflow/.local/lib/python3.7/site-packages/airflow/example_dags/example_sensor_decorator.py
[2023-02-28T17:58:50.512+0000] {processor.py:753} INFO - DAG(s) dict_keys(['example_sensor_decorator']) retrieved from /home/airflow/.local/lib/python3.7/site-packages/airflow/example_dags/example_sensor_decorator.py
[2023-02-28T17:58:50.527+0000] {logging_mixin.py:137} INFO - [2023-02-28T17:58:50.527+0000] {dag.py:2690} INFO - Sync 1 DAGs
[2023-02-28T17:58:50.539+0000] {logging_mixin.py:137} INFO - [2023-02-28T17:58:50.539+0000] {dag.py:3441} INFO - Setting next_dagrun for example_sensor_decorator to None, run_after=None
[2023-02-28T17:58:50.549+0000] {processor.py:175} INFO - Processing /home/airflow/.local/lib/python3.7/site-packages/airflow/example_dags/example_sensor_decorator.py took 0.054 seconds
[2023-02-28T17:59:20.741+0000] {processor.py:153} INFO - Started process (PID=1190) to work on /home/airflow/.local/lib/python3.7/site-packages/airflow/example_dags/example_sensor_decorator.py
[2023-02-28T17:59:20.742+0000] {processor.py:743} INFO - Processing file /home/airflow/.local/lib/python3.7/site-packages/airflow/example_dags/example_sensor_decorator.py for tasks to queue
[2023-02-28T17:59:20.743+0000] {logging_mixin.py:137} INFO - [2023-02-28T17:59:20.743+0000] {dagbag.py:538} INFO - Filling up the DagBag from /home/airflow/.local/lib/python3.7/site-packages/airflow/example_dags/example_sensor_decorator.py
[2023-02-28T17:59:20.756+0000] {processor.py:753} INFO - DAG(s) dict_keys(['example_sensor_decorator']) retrieved from /home/airflow/.local/lib/python3.7/site-packages/airflow/example_dags/example_sensor_decorator.py
[2023-02-28T17:59:20.772+0000] {logging_mixin.py:137} INFO - [2023-02-28T17:59:20.772+0000] {dag.py:2690} INFO - Sync 1 DAGs
[2023-02-28T17:59:20.785+0000] {logging_mixin.py:137} INFO - [2023-02-28T17:59:20.785+0000] {dag.py:3441} INFO - Setting next_dagrun for example_sensor_decorator to None, run_after=None
[2023-02-28T17:59:20.795+0000] {processor.py:175} INFO - Processing /home/airflow/.local/lib/python3.7/site-packages/airflow/example_dags/example_sensor_decorator.py took 0.057 seconds
[2023-02-28T17:59:50.978+0000] {processor.py:153} INFO - Started process (PID=1257) to work on /home/airflow/.local/lib/python3.7/site-packages/airflow/example_dags/example_sensor_decorator.py
[2023-02-28T17:59:50.980+0000] {processor.py:743} INFO - Processing file /home/airflow/.local/lib/python3.7/site-packages/airflow/example_dags/example_sensor_decorator.py for tasks to queue
[2023-02-28T17:59:50.980+0000] {logging_mixin.py:137} INFO - [2023-02-28T17:59:50.980+0000] {dagbag.py:538} INFO - Filling up the DagBag from /home/airflow/.local/lib/python3.7/site-packages/airflow/example_dags/example_sensor_decorator.py
[2023-02-28T17:59:50.993+0000] {processor.py:753} INFO - DAG(s) dict_keys(['example_sensor_decorator']) retrieved from /home/airflow/.local/lib/python3.7/site-packages/airflow/example_dags/example_sensor_decorator.py
[2023-02-28T17:59:51.010+0000] {logging_mixin.py:137} INFO - [2023-02-28T17:59:51.010+0000] {dag.py:2690} INFO - Sync 1 DAGs
[2023-02-28T17:59:51.022+0000] {logging_mixin.py:137} INFO - [2023-02-28T17:59:51.022+0000] {dag.py:3441} INFO - Setting next_dagrun for example_sensor_decorator to None, run_after=None
[2023-02-28T17:59:51.032+0000] {processor.py:175} INFO - Processing /home/airflow/.local/lib/python3.7/site-packages/airflow/example_dags/example_sensor_decorator.py took 0.055 seconds
[2023-02-28T18:00:21.321+0000] {processor.py:153} INFO - Started process (PID=1338) to work on /home/airflow/.local/lib/python3.7/site-packages/airflow/example_dags/example_sensor_decorator.py
[2023-02-28T18:00:21.322+0000] {processor.py:743} INFO - Processing file /home/airflow/.local/lib/python3.7/site-packages/airflow/example_dags/example_sensor_decorator.py for tasks to queue
[2023-02-28T18:00:21.323+0000] {logging_mixin.py:137} INFO - [2023-02-28T18:00:21.323+0000] {dagbag.py:538} INFO - Filling up the DagBag from /home/airflow/.local/lib/python3.7/site-packages/airflow/example_dags/example_sensor_decorator.py
[2023-02-28T18:00:21.336+0000] {processor.py:753} INFO - DAG(s) dict_keys(['example_sensor_decorator']) retrieved from /home/airflow/.local/lib/python3.7/site-packages/airflow/example_dags/example_sensor_decorator.py
[2023-02-28T18:00:21.351+0000] {logging_mixin.py:137} INFO - [2023-02-28T18:00:21.351+0000] {dag.py:2690} INFO - Sync 1 DAGs
[2023-02-28T18:00:21.364+0000] {logging_mixin.py:137} INFO - [2023-02-28T18:00:21.364+0000] {dag.py:3441} INFO - Setting next_dagrun for example_sensor_decorator to None, run_after=None
[2023-02-28T18:00:21.374+0000] {processor.py:175} INFO - Processing /home/airflow/.local/lib/python3.7/site-packages/airflow/example_dags/example_sensor_decorator.py took 0.055 seconds
[2023-02-28T18:00:51.524+0000] {processor.py:153} INFO - Started process (PID=1418) to work on /home/airflow/.local/lib/python3.7/site-packages/airflow/example_dags/example_sensor_decorator.py
[2023-02-28T18:00:51.525+0000] {processor.py:743} INFO - Processing file /home/airflow/.local/lib/python3.7/site-packages/airflow/example_dags/example_sensor_decorator.py for tasks to queue
[2023-02-28T18:00:51.526+0000] {logging_mixin.py:137} INFO - [2023-02-28T18:00:51.526+0000] {dagbag.py:538} INFO - Filling up the DagBag from /home/airflow/.local/lib/python3.7/site-packages/airflow/example_dags/example_sensor_decorator.py
[2023-02-28T18:00:51.538+0000] {processor.py:753} INFO - DAG(s) dict_keys(['example_sensor_decorator']) retrieved from /home/airflow/.local/lib/python3.7/site-packages/airflow/example_dags/example_sensor_decorator.py
[2023-02-28T18:00:51.555+0000] {logging_mixin.py:137} INFO - [2023-02-28T18:00:51.555+0000] {dag.py:2690} INFO - Sync 1 DAGs
[2023-02-28T18:00:51.568+0000] {logging_mixin.py:137} INFO - [2023-02-28T18:00:51.568+0000] {dag.py:3441} INFO - Setting next_dagrun for example_sensor_decorator to None, run_after=None
[2023-02-28T18:00:51.577+0000] {processor.py:175} INFO - Processing /home/airflow/.local/lib/python3.7/site-packages/airflow/example_dags/example_sensor_decorator.py took 0.056 seconds
[2023-02-28T18:01:22.131+0000] {processor.py:153} INFO - Started process (PID=1498) to work on /home/airflow/.local/lib/python3.7/site-packages/airflow/example_dags/example_sensor_decorator.py
[2023-02-28T18:01:22.132+0000] {processor.py:743} INFO - Processing file /home/airflow/.local/lib/python3.7/site-packages/airflow/example_dags/example_sensor_decorator.py for tasks to queue
[2023-02-28T18:01:22.133+0000] {logging_mixin.py:137} INFO - [2023-02-28T18:01:22.133+0000] {dagbag.py:538} INFO - Filling up the DagBag from /home/airflow/.local/lib/python3.7/site-packages/airflow/example_dags/example_sensor_decorator.py
[2023-02-28T18:01:22.148+0000] {processor.py:753} INFO - DAG(s) dict_keys(['example_sensor_decorator']) retrieved from /home/airflow/.local/lib/python3.7/site-packages/airflow/example_dags/example_sensor_decorator.py
[2023-02-28T18:01:22.169+0000] {logging_mixin.py:137} INFO - [2023-02-28T18:01:22.168+0000] {dag.py:2690} INFO - Sync 1 DAGs
[2023-02-28T18:01:22.184+0000] {logging_mixin.py:137} INFO - [2023-02-28T18:01:22.184+0000] {dag.py:3441} INFO - Setting next_dagrun for example_sensor_decorator to None, run_after=None
[2023-02-28T18:01:22.195+0000] {processor.py:175} INFO - Processing /home/airflow/.local/lib/python3.7/site-packages/airflow/example_dags/example_sensor_decorator.py took 0.066 seconds
