[2023-02-28T17:48:38.039+0000] {processor.py:153} INFO - Started process (PID=37) to work on /home/airflow/.local/lib/python3.7/site-packages/airflow/example_dags/example_dag_decorator.py
[2023-02-28T17:48:38.041+0000] {processor.py:743} INFO - Processing file /home/airflow/.local/lib/python3.7/site-packages/airflow/example_dags/example_dag_decorator.py for tasks to queue
[2023-02-28T17:48:38.042+0000] {logging_mixin.py:137} INFO - [2023-02-28T17:48:38.042+0000] {dagbag.py:538} INFO - Filling up the DagBag from /home/airflow/.local/lib/python3.7/site-packages/airflow/example_dags/example_dag_decorator.py
[2023-02-28T17:48:38.065+0000] {logging_mixin.py:137} INFO - [2023-02-28T17:48:38.065+0000] {taskmixin.py:205} WARNING - Dependency <Task(_PythonDecoratedOperator): prepare_email>, send_email already registered for DAG: example_dag_decorator
[2023-02-28T17:48:38.066+0000] {logging_mixin.py:137} INFO - [2023-02-28T17:48:38.066+0000] {taskmixin.py:205} WARNING - Dependency <Task(EmailOperator): send_email>, prepare_email already registered for DAG: example_dag_decorator
[2023-02-28T17:48:38.081+0000] {processor.py:753} INFO - DAG(s) dict_keys(['example_dag_decorator']) retrieved from /home/airflow/.local/lib/python3.7/site-packages/airflow/example_dags/example_dag_decorator.py
[2023-02-28T17:48:38.187+0000] {logging_mixin.py:137} INFO - [2023-02-28T17:48:38.187+0000] {manager.py:504} INFO - Created Permission View: can edit on DAG:example_dag_decorator
[2023-02-28T17:48:38.194+0000] {logging_mixin.py:137} INFO - [2023-02-28T17:48:38.194+0000] {manager.py:504} INFO - Created Permission View: can read on DAG:example_dag_decorator
[2023-02-28T17:48:38.198+0000] {logging_mixin.py:137} INFO - [2023-02-28T17:48:38.198+0000] {manager.py:504} INFO - Created Permission View: can delete on DAG:example_dag_decorator
[2023-02-28T17:48:38.198+0000] {logging_mixin.py:137} INFO - [2023-02-28T17:48:38.198+0000] {dag.py:2690} INFO - Sync 1 DAGs
[2023-02-28T17:48:38.217+0000] {logging_mixin.py:137} INFO - [2023-02-28T17:48:38.216+0000] {dag.py:2711} INFO - Creating ORM DAG for example_dag_decorator
[2023-02-28T17:48:38.227+0000] {logging_mixin.py:137} INFO - [2023-02-28T17:48:38.227+0000] {dag.py:3441} INFO - Setting next_dagrun for example_dag_decorator to None, run_after=None
[2023-02-28T17:48:38.239+0000] {processor.py:175} INFO - Processing /home/airflow/.local/lib/python3.7/site-packages/airflow/example_dags/example_dag_decorator.py took 0.202 seconds
[2023-02-28T17:49:09.079+0000] {processor.py:153} INFO - Started process (PID=116) to work on /home/airflow/.local/lib/python3.7/site-packages/airflow/example_dags/example_dag_decorator.py
[2023-02-28T17:49:09.081+0000] {processor.py:743} INFO - Processing file /home/airflow/.local/lib/python3.7/site-packages/airflow/example_dags/example_dag_decorator.py for tasks to queue
[2023-02-28T17:49:09.082+0000] {logging_mixin.py:137} INFO - [2023-02-28T17:49:09.081+0000] {dagbag.py:538} INFO - Filling up the DagBag from /home/airflow/.local/lib/python3.7/site-packages/airflow/example_dags/example_dag_decorator.py
[2023-02-28T17:49:09.097+0000] {logging_mixin.py:137} INFO - [2023-02-28T17:49:09.097+0000] {taskmixin.py:205} WARNING - Dependency <Task(_PythonDecoratedOperator): prepare_email>, send_email already registered for DAG: example_dag_decorator
[2023-02-28T17:49:09.098+0000] {logging_mixin.py:137} INFO - [2023-02-28T17:49:09.097+0000] {taskmixin.py:205} WARNING - Dependency <Task(EmailOperator): send_email>, prepare_email already registered for DAG: example_dag_decorator
[2023-02-28T17:49:09.106+0000] {processor.py:753} INFO - DAG(s) dict_keys(['example_dag_decorator']) retrieved from /home/airflow/.local/lib/python3.7/site-packages/airflow/example_dags/example_dag_decorator.py
[2023-02-28T17:49:09.148+0000] {logging_mixin.py:137} INFO - [2023-02-28T17:49:09.147+0000] {dag.py:2690} INFO - Sync 1 DAGs
[2023-02-28T17:49:09.160+0000] {logging_mixin.py:137} INFO - [2023-02-28T17:49:09.160+0000] {dag.py:3441} INFO - Setting next_dagrun for example_dag_decorator to None, run_after=None
[2023-02-28T17:49:09.170+0000] {processor.py:175} INFO - Processing /home/airflow/.local/lib/python3.7/site-packages/airflow/example_dags/example_dag_decorator.py took 0.095 seconds
[2023-02-28T17:49:39.535+0000] {processor.py:153} INFO - Started process (PID=196) to work on /home/airflow/.local/lib/python3.7/site-packages/airflow/example_dags/example_dag_decorator.py
[2023-02-28T17:49:39.537+0000] {processor.py:743} INFO - Processing file /home/airflow/.local/lib/python3.7/site-packages/airflow/example_dags/example_dag_decorator.py for tasks to queue
[2023-02-28T17:49:39.538+0000] {logging_mixin.py:137} INFO - [2023-02-28T17:49:39.538+0000] {dagbag.py:538} INFO - Filling up the DagBag from /home/airflow/.local/lib/python3.7/site-packages/airflow/example_dags/example_dag_decorator.py
[2023-02-28T17:49:39.549+0000] {logging_mixin.py:137} INFO - [2023-02-28T17:49:39.549+0000] {taskmixin.py:205} WARNING - Dependency <Task(_PythonDecoratedOperator): prepare_email>, send_email already registered for DAG: example_dag_decorator
[2023-02-28T17:49:39.549+0000] {logging_mixin.py:137} INFO - [2023-02-28T17:49:39.549+0000] {taskmixin.py:205} WARNING - Dependency <Task(EmailOperator): send_email>, prepare_email already registered for DAG: example_dag_decorator
[2023-02-28T17:49:39.558+0000] {processor.py:753} INFO - DAG(s) dict_keys(['example_dag_decorator']) retrieved from /home/airflow/.local/lib/python3.7/site-packages/airflow/example_dags/example_dag_decorator.py
[2023-02-28T17:49:39.607+0000] {logging_mixin.py:137} INFO - [2023-02-28T17:49:39.607+0000] {dag.py:2690} INFO - Sync 1 DAGs
[2023-02-28T17:49:39.622+0000] {logging_mixin.py:137} INFO - [2023-02-28T17:49:39.622+0000] {dag.py:3441} INFO - Setting next_dagrun for example_dag_decorator to None, run_after=None
[2023-02-28T17:49:39.637+0000] {processor.py:175} INFO - Processing /home/airflow/.local/lib/python3.7/site-packages/airflow/example_dags/example_dag_decorator.py took 0.106 seconds
[2023-02-28T17:50:09.746+0000] {processor.py:153} INFO - Started process (PID=263) to work on /home/airflow/.local/lib/python3.7/site-packages/airflow/example_dags/example_dag_decorator.py
[2023-02-28T17:50:09.749+0000] {processor.py:743} INFO - Processing file /home/airflow/.local/lib/python3.7/site-packages/airflow/example_dags/example_dag_decorator.py for tasks to queue
[2023-02-28T17:50:09.750+0000] {logging_mixin.py:137} INFO - [2023-02-28T17:50:09.750+0000] {dagbag.py:538} INFO - Filling up the DagBag from /home/airflow/.local/lib/python3.7/site-packages/airflow/example_dags/example_dag_decorator.py
[2023-02-28T17:50:09.767+0000] {logging_mixin.py:137} INFO - [2023-02-28T17:50:09.767+0000] {taskmixin.py:205} WARNING - Dependency <Task(_PythonDecoratedOperator): prepare_email>, send_email already registered for DAG: example_dag_decorator
[2023-02-28T17:50:09.767+0000] {logging_mixin.py:137} INFO - [2023-02-28T17:50:09.767+0000] {taskmixin.py:205} WARNING - Dependency <Task(EmailOperator): send_email>, prepare_email already registered for DAG: example_dag_decorator
[2023-02-28T17:50:09.777+0000] {processor.py:753} INFO - DAG(s) dict_keys(['example_dag_decorator']) retrieved from /home/airflow/.local/lib/python3.7/site-packages/airflow/example_dags/example_dag_decorator.py
[2023-02-28T17:50:09.817+0000] {logging_mixin.py:137} INFO - [2023-02-28T17:50:09.817+0000] {dag.py:2690} INFO - Sync 1 DAGs
[2023-02-28T17:50:09.831+0000] {logging_mixin.py:137} INFO - [2023-02-28T17:50:09.830+0000] {dag.py:3441} INFO - Setting next_dagrun for example_dag_decorator to None, run_after=None
[2023-02-28T17:50:09.842+0000] {processor.py:175} INFO - Processing /home/airflow/.local/lib/python3.7/site-packages/airflow/example_dags/example_dag_decorator.py took 0.101 seconds
[2023-02-28T17:50:40.177+0000] {processor.py:153} INFO - Started process (PID=344) to work on /home/airflow/.local/lib/python3.7/site-packages/airflow/example_dags/example_dag_decorator.py
[2023-02-28T17:50:40.180+0000] {processor.py:743} INFO - Processing file /home/airflow/.local/lib/python3.7/site-packages/airflow/example_dags/example_dag_decorator.py for tasks to queue
[2023-02-28T17:50:40.181+0000] {logging_mixin.py:137} INFO - [2023-02-28T17:50:40.181+0000] {dagbag.py:538} INFO - Filling up the DagBag from /home/airflow/.local/lib/python3.7/site-packages/airflow/example_dags/example_dag_decorator.py
[2023-02-28T17:50:40.199+0000] {logging_mixin.py:137} INFO - [2023-02-28T17:50:40.199+0000] {taskmixin.py:205} WARNING - Dependency <Task(_PythonDecoratedOperator): prepare_email>, send_email already registered for DAG: example_dag_decorator
[2023-02-28T17:50:40.200+0000] {logging_mixin.py:137} INFO - [2023-02-28T17:50:40.200+0000] {taskmixin.py:205} WARNING - Dependency <Task(EmailOperator): send_email>, prepare_email already registered for DAG: example_dag_decorator
[2023-02-28T17:50:40.211+0000] {processor.py:753} INFO - DAG(s) dict_keys(['example_dag_decorator']) retrieved from /home/airflow/.local/lib/python3.7/site-packages/airflow/example_dags/example_dag_decorator.py
[2023-02-28T17:50:40.253+0000] {logging_mixin.py:137} INFO - [2023-02-28T17:50:40.253+0000] {dag.py:2690} INFO - Sync 1 DAGs
[2023-02-28T17:50:40.267+0000] {logging_mixin.py:137} INFO - [2023-02-28T17:50:40.267+0000] {dag.py:3441} INFO - Setting next_dagrun for example_dag_decorator to None, run_after=None
[2023-02-28T17:50:40.279+0000] {processor.py:175} INFO - Processing /home/airflow/.local/lib/python3.7/site-packages/airflow/example_dags/example_dag_decorator.py took 0.107 seconds
[2023-02-28T17:51:43.557+0000] {processor.py:153} INFO - Started process (PID=37) to work on /home/airflow/.local/lib/python3.7/site-packages/airflow/example_dags/example_dag_decorator.py
[2023-02-28T17:51:43.558+0000] {processor.py:743} INFO - Processing file /home/airflow/.local/lib/python3.7/site-packages/airflow/example_dags/example_dag_decorator.py for tasks to queue
[2023-02-28T17:51:43.559+0000] {logging_mixin.py:137} INFO - [2023-02-28T17:51:43.559+0000] {dagbag.py:538} INFO - Filling up the DagBag from /home/airflow/.local/lib/python3.7/site-packages/airflow/example_dags/example_dag_decorator.py
[2023-02-28T17:51:43.577+0000] {logging_mixin.py:137} INFO - [2023-02-28T17:51:43.576+0000] {taskmixin.py:205} WARNING - Dependency <Task(_PythonDecoratedOperator): prepare_email>, send_email already registered for DAG: example_dag_decorator
[2023-02-28T17:51:43.577+0000] {logging_mixin.py:137} INFO - [2023-02-28T17:51:43.577+0000] {taskmixin.py:205} WARNING - Dependency <Task(EmailOperator): send_email>, prepare_email already registered for DAG: example_dag_decorator
[2023-02-28T17:51:43.594+0000] {processor.py:753} INFO - DAG(s) dict_keys(['example_dag_decorator']) retrieved from /home/airflow/.local/lib/python3.7/site-packages/airflow/example_dags/example_dag_decorator.py
[2023-02-28T17:51:43.614+0000] {logging_mixin.py:137} INFO - [2023-02-28T17:51:43.614+0000] {dag.py:2690} INFO - Sync 1 DAGs
[2023-02-28T17:51:43.635+0000] {logging_mixin.py:137} INFO - [2023-02-28T17:51:43.635+0000] {dag.py:3441} INFO - Setting next_dagrun for example_dag_decorator to None, run_after=None
[2023-02-28T17:51:43.647+0000] {processor.py:175} INFO - Processing /home/airflow/.local/lib/python3.7/site-packages/airflow/example_dags/example_dag_decorator.py took 0.094 seconds
[2023-02-28T17:52:14.022+0000] {processor.py:153} INFO - Started process (PID=115) to work on /home/airflow/.local/lib/python3.7/site-packages/airflow/example_dags/example_dag_decorator.py
[2023-02-28T17:52:14.023+0000] {processor.py:743} INFO - Processing file /home/airflow/.local/lib/python3.7/site-packages/airflow/example_dags/example_dag_decorator.py for tasks to queue
[2023-02-28T17:52:14.024+0000] {logging_mixin.py:137} INFO - [2023-02-28T17:52:14.024+0000] {dagbag.py:538} INFO - Filling up the DagBag from /home/airflow/.local/lib/python3.7/site-packages/airflow/example_dags/example_dag_decorator.py
[2023-02-28T17:52:14.035+0000] {logging_mixin.py:137} INFO - [2023-02-28T17:52:14.035+0000] {taskmixin.py:205} WARNING - Dependency <Task(_PythonDecoratedOperator): prepare_email>, send_email already registered for DAG: example_dag_decorator
[2023-02-28T17:52:14.035+0000] {logging_mixin.py:137} INFO - [2023-02-28T17:52:14.035+0000] {taskmixin.py:205} WARNING - Dependency <Task(EmailOperator): send_email>, prepare_email already registered for DAG: example_dag_decorator
[2023-02-28T17:52:14.044+0000] {processor.py:753} INFO - DAG(s) dict_keys(['example_dag_decorator']) retrieved from /home/airflow/.local/lib/python3.7/site-packages/airflow/example_dags/example_dag_decorator.py
[2023-02-28T17:52:14.087+0000] {logging_mixin.py:137} INFO - [2023-02-28T17:52:14.087+0000] {dag.py:2690} INFO - Sync 1 DAGs
[2023-02-28T17:52:14.101+0000] {logging_mixin.py:137} INFO - [2023-02-28T17:52:14.101+0000] {dag.py:3441} INFO - Setting next_dagrun for example_dag_decorator to None, run_after=None
[2023-02-28T17:52:14.115+0000] {processor.py:175} INFO - Processing /home/airflow/.local/lib/python3.7/site-packages/airflow/example_dags/example_dag_decorator.py took 0.095 seconds
[2023-02-28T17:52:44.443+0000] {processor.py:153} INFO - Started process (PID=182) to work on /home/airflow/.local/lib/python3.7/site-packages/airflow/example_dags/example_dag_decorator.py
[2023-02-28T17:52:44.445+0000] {processor.py:743} INFO - Processing file /home/airflow/.local/lib/python3.7/site-packages/airflow/example_dags/example_dag_decorator.py for tasks to queue
[2023-02-28T17:52:44.446+0000] {logging_mixin.py:137} INFO - [2023-02-28T17:52:44.446+0000] {dagbag.py:538} INFO - Filling up the DagBag from /home/airflow/.local/lib/python3.7/site-packages/airflow/example_dags/example_dag_decorator.py
[2023-02-28T17:52:44.463+0000] {logging_mixin.py:137} INFO - [2023-02-28T17:52:44.463+0000] {taskmixin.py:205} WARNING - Dependency <Task(_PythonDecoratedOperator): prepare_email>, send_email already registered for DAG: example_dag_decorator
[2023-02-28T17:52:44.464+0000] {logging_mixin.py:137} INFO - [2023-02-28T17:52:44.463+0000] {taskmixin.py:205} WARNING - Dependency <Task(EmailOperator): send_email>, prepare_email already registered for DAG: example_dag_decorator
[2023-02-28T17:52:44.474+0000] {processor.py:753} INFO - DAG(s) dict_keys(['example_dag_decorator']) retrieved from /home/airflow/.local/lib/python3.7/site-packages/airflow/example_dags/example_dag_decorator.py
[2023-02-28T17:52:44.510+0000] {logging_mixin.py:137} INFO - [2023-02-28T17:52:44.510+0000] {dag.py:2690} INFO - Sync 1 DAGs
[2023-02-28T17:52:44.523+0000] {logging_mixin.py:137} INFO - [2023-02-28T17:52:44.523+0000] {dag.py:3441} INFO - Setting next_dagrun for example_dag_decorator to None, run_after=None
[2023-02-28T17:52:44.533+0000] {processor.py:175} INFO - Processing /home/airflow/.local/lib/python3.7/site-packages/airflow/example_dags/example_dag_decorator.py took 0.095 seconds
[2023-02-28T17:53:14.669+0000] {processor.py:153} INFO - Started process (PID=262) to work on /home/airflow/.local/lib/python3.7/site-packages/airflow/example_dags/example_dag_decorator.py
[2023-02-28T17:53:14.671+0000] {processor.py:743} INFO - Processing file /home/airflow/.local/lib/python3.7/site-packages/airflow/example_dags/example_dag_decorator.py for tasks to queue
[2023-02-28T17:53:14.672+0000] {logging_mixin.py:137} INFO - [2023-02-28T17:53:14.672+0000] {dagbag.py:538} INFO - Filling up the DagBag from /home/airflow/.local/lib/python3.7/site-packages/airflow/example_dags/example_dag_decorator.py
[2023-02-28T17:53:14.688+0000] {logging_mixin.py:137} INFO - [2023-02-28T17:53:14.688+0000] {taskmixin.py:205} WARNING - Dependency <Task(_PythonDecoratedOperator): prepare_email>, send_email already registered for DAG: example_dag_decorator
[2023-02-28T17:53:14.688+0000] {logging_mixin.py:137} INFO - [2023-02-28T17:53:14.688+0000] {taskmixin.py:205} WARNING - Dependency <Task(EmailOperator): send_email>, prepare_email already registered for DAG: example_dag_decorator
[2023-02-28T17:53:14.697+0000] {processor.py:753} INFO - DAG(s) dict_keys(['example_dag_decorator']) retrieved from /home/airflow/.local/lib/python3.7/site-packages/airflow/example_dags/example_dag_decorator.py
[2023-02-28T17:53:14.735+0000] {logging_mixin.py:137} INFO - [2023-02-28T17:53:14.735+0000] {dag.py:2690} INFO - Sync 1 DAGs
[2023-02-28T17:53:14.746+0000] {logging_mixin.py:137} INFO - [2023-02-28T17:53:14.746+0000] {dag.py:3441} INFO - Setting next_dagrun for example_dag_decorator to None, run_after=None
[2023-02-28T17:53:14.756+0000] {processor.py:175} INFO - Processing /home/airflow/.local/lib/python3.7/site-packages/airflow/example_dags/example_dag_decorator.py took 0.091 seconds
[2023-02-28T17:53:45.776+0000] {processor.py:153} INFO - Started process (PID=344) to work on /home/airflow/.local/lib/python3.7/site-packages/airflow/example_dags/example_dag_decorator.py
[2023-02-28T17:53:45.777+0000] {processor.py:743} INFO - Processing file /home/airflow/.local/lib/python3.7/site-packages/airflow/example_dags/example_dag_decorator.py for tasks to queue
[2023-02-28T17:53:45.778+0000] {logging_mixin.py:137} INFO - [2023-02-28T17:53:45.778+0000] {dagbag.py:538} INFO - Filling up the DagBag from /home/airflow/.local/lib/python3.7/site-packages/airflow/example_dags/example_dag_decorator.py
[2023-02-28T17:53:45.787+0000] {logging_mixin.py:137} INFO - [2023-02-28T17:53:45.787+0000] {taskmixin.py:205} WARNING - Dependency <Task(_PythonDecoratedOperator): prepare_email>, send_email already registered for DAG: example_dag_decorator
[2023-02-28T17:53:45.788+0000] {logging_mixin.py:137} INFO - [2023-02-28T17:53:45.788+0000] {taskmixin.py:205} WARNING - Dependency <Task(EmailOperator): send_email>, prepare_email already registered for DAG: example_dag_decorator
[2023-02-28T17:53:45.795+0000] {processor.py:753} INFO - DAG(s) dict_keys(['example_dag_decorator']) retrieved from /home/airflow/.local/lib/python3.7/site-packages/airflow/example_dags/example_dag_decorator.py
[2023-02-28T17:53:45.830+0000] {logging_mixin.py:137} INFO - [2023-02-28T17:53:45.830+0000] {dag.py:2690} INFO - Sync 1 DAGs
[2023-02-28T17:53:45.841+0000] {logging_mixin.py:137} INFO - [2023-02-28T17:53:45.841+0000] {dag.py:3441} INFO - Setting next_dagrun for example_dag_decorator to None, run_after=None
[2023-02-28T17:53:45.850+0000] {processor.py:175} INFO - Processing /home/airflow/.local/lib/python3.7/site-packages/airflow/example_dags/example_dag_decorator.py took 0.077 seconds
[2023-02-28T17:54:16.681+0000] {processor.py:153} INFO - Started process (PID=420) to work on /home/airflow/.local/lib/python3.7/site-packages/airflow/example_dags/example_dag_decorator.py
[2023-02-28T17:54:16.682+0000] {processor.py:743} INFO - Processing file /home/airflow/.local/lib/python3.7/site-packages/airflow/example_dags/example_dag_decorator.py for tasks to queue
[2023-02-28T17:54:16.683+0000] {logging_mixin.py:137} INFO - [2023-02-28T17:54:16.682+0000] {dagbag.py:538} INFO - Filling up the DagBag from /home/airflow/.local/lib/python3.7/site-packages/airflow/example_dags/example_dag_decorator.py
[2023-02-28T17:54:16.692+0000] {logging_mixin.py:137} INFO - [2023-02-28T17:54:16.692+0000] {taskmixin.py:205} WARNING - Dependency <Task(_PythonDecoratedOperator): prepare_email>, send_email already registered for DAG: example_dag_decorator
[2023-02-28T17:54:16.693+0000] {logging_mixin.py:137} INFO - [2023-02-28T17:54:16.693+0000] {taskmixin.py:205} WARNING - Dependency <Task(EmailOperator): send_email>, prepare_email already registered for DAG: example_dag_decorator
[2023-02-28T17:54:16.700+0000] {processor.py:753} INFO - DAG(s) dict_keys(['example_dag_decorator']) retrieved from /home/airflow/.local/lib/python3.7/site-packages/airflow/example_dags/example_dag_decorator.py
[2023-02-28T17:54:16.761+0000] {logging_mixin.py:137} INFO - [2023-02-28T17:54:16.761+0000] {dag.py:2690} INFO - Sync 1 DAGs
[2023-02-28T17:54:16.802+0000] {logging_mixin.py:137} INFO - [2023-02-28T17:54:16.801+0000] {dag.py:3441} INFO - Setting next_dagrun for example_dag_decorator to None, run_after=None
[2023-02-28T17:54:16.827+0000] {processor.py:175} INFO - Processing /home/airflow/.local/lib/python3.7/site-packages/airflow/example_dags/example_dag_decorator.py took 0.150 seconds
[2023-02-28T17:54:47.727+0000] {processor.py:153} INFO - Started process (PID=490) to work on /home/airflow/.local/lib/python3.7/site-packages/airflow/example_dags/example_dag_decorator.py
[2023-02-28T17:54:47.729+0000] {processor.py:743} INFO - Processing file /home/airflow/.local/lib/python3.7/site-packages/airflow/example_dags/example_dag_decorator.py for tasks to queue
[2023-02-28T17:54:47.730+0000] {logging_mixin.py:137} INFO - [2023-02-28T17:54:47.730+0000] {dagbag.py:538} INFO - Filling up the DagBag from /home/airflow/.local/lib/python3.7/site-packages/airflow/example_dags/example_dag_decorator.py
[2023-02-28T17:54:47.743+0000] {logging_mixin.py:137} INFO - [2023-02-28T17:54:47.743+0000] {taskmixin.py:205} WARNING - Dependency <Task(_PythonDecoratedOperator): prepare_email>, send_email already registered for DAG: example_dag_decorator
[2023-02-28T17:54:47.744+0000] {logging_mixin.py:137} INFO - [2023-02-28T17:54:47.744+0000] {taskmixin.py:205} WARNING - Dependency <Task(EmailOperator): send_email>, prepare_email already registered for DAG: example_dag_decorator
[2023-02-28T17:54:47.750+0000] {processor.py:753} INFO - DAG(s) dict_keys(['example_dag_decorator']) retrieved from /home/airflow/.local/lib/python3.7/site-packages/airflow/example_dags/example_dag_decorator.py
[2023-02-28T17:54:47.794+0000] {logging_mixin.py:137} INFO - [2023-02-28T17:54:47.794+0000] {dag.py:2690} INFO - Sync 1 DAGs
[2023-02-28T17:54:47.806+0000] {logging_mixin.py:137} INFO - [2023-02-28T17:54:47.806+0000] {dag.py:3441} INFO - Setting next_dagrun for example_dag_decorator to None, run_after=None
[2023-02-28T17:54:47.817+0000] {processor.py:175} INFO - Processing /home/airflow/.local/lib/python3.7/site-packages/airflow/example_dags/example_dag_decorator.py took 0.092 seconds
[2023-02-28T17:55:18.040+0000] {processor.py:153} INFO - Started process (PID=568) to work on /home/airflow/.local/lib/python3.7/site-packages/airflow/example_dags/example_dag_decorator.py
[2023-02-28T17:55:18.042+0000] {processor.py:743} INFO - Processing file /home/airflow/.local/lib/python3.7/site-packages/airflow/example_dags/example_dag_decorator.py for tasks to queue
[2023-02-28T17:55:18.044+0000] {logging_mixin.py:137} INFO - [2023-02-28T17:55:18.044+0000] {dagbag.py:538} INFO - Filling up the DagBag from /home/airflow/.local/lib/python3.7/site-packages/airflow/example_dags/example_dag_decorator.py
[2023-02-28T17:55:18.059+0000] {logging_mixin.py:137} INFO - [2023-02-28T17:55:18.059+0000] {taskmixin.py:205} WARNING - Dependency <Task(_PythonDecoratedOperator): prepare_email>, send_email already registered for DAG: example_dag_decorator
[2023-02-28T17:55:18.060+0000] {logging_mixin.py:137} INFO - [2023-02-28T17:55:18.060+0000] {taskmixin.py:205} WARNING - Dependency <Task(EmailOperator): send_email>, prepare_email already registered for DAG: example_dag_decorator
[2023-02-28T17:55:18.069+0000] {processor.py:753} INFO - DAG(s) dict_keys(['example_dag_decorator']) retrieved from /home/airflow/.local/lib/python3.7/site-packages/airflow/example_dags/example_dag_decorator.py
[2023-02-28T17:55:18.105+0000] {logging_mixin.py:137} INFO - [2023-02-28T17:55:18.104+0000] {dag.py:2690} INFO - Sync 1 DAGs
[2023-02-28T17:55:18.116+0000] {logging_mixin.py:137} INFO - [2023-02-28T17:55:18.116+0000] {dag.py:3441} INFO - Setting next_dagrun for example_dag_decorator to None, run_after=None
[2023-02-28T17:55:18.128+0000] {processor.py:175} INFO - Processing /home/airflow/.local/lib/python3.7/site-packages/airflow/example_dags/example_dag_decorator.py took 0.093 seconds
[2023-02-28T17:55:48.230+0000] {processor.py:153} INFO - Started process (PID=648) to work on /home/airflow/.local/lib/python3.7/site-packages/airflow/example_dags/example_dag_decorator.py
[2023-02-28T17:55:48.232+0000] {processor.py:743} INFO - Processing file /home/airflow/.local/lib/python3.7/site-packages/airflow/example_dags/example_dag_decorator.py for tasks to queue
[2023-02-28T17:55:48.234+0000] {logging_mixin.py:137} INFO - [2023-02-28T17:55:48.234+0000] {dagbag.py:538} INFO - Filling up the DagBag from /home/airflow/.local/lib/python3.7/site-packages/airflow/example_dags/example_dag_decorator.py
[2023-02-28T17:55:48.250+0000] {logging_mixin.py:137} INFO - [2023-02-28T17:55:48.250+0000] {taskmixin.py:205} WARNING - Dependency <Task(_PythonDecoratedOperator): prepare_email>, send_email already registered for DAG: example_dag_decorator
[2023-02-28T17:55:48.251+0000] {logging_mixin.py:137} INFO - [2023-02-28T17:55:48.251+0000] {taskmixin.py:205} WARNING - Dependency <Task(EmailOperator): send_email>, prepare_email already registered for DAG: example_dag_decorator
[2023-02-28T17:55:48.261+0000] {processor.py:753} INFO - DAG(s) dict_keys(['example_dag_decorator']) retrieved from /home/airflow/.local/lib/python3.7/site-packages/airflow/example_dags/example_dag_decorator.py
[2023-02-28T17:55:48.297+0000] {logging_mixin.py:137} INFO - [2023-02-28T17:55:48.297+0000] {dag.py:2690} INFO - Sync 1 DAGs
[2023-02-28T17:55:48.309+0000] {logging_mixin.py:137} INFO - [2023-02-28T17:55:48.309+0000] {dag.py:3441} INFO - Setting next_dagrun for example_dag_decorator to None, run_after=None
[2023-02-28T17:55:48.319+0000] {processor.py:175} INFO - Processing /home/airflow/.local/lib/python3.7/site-packages/airflow/example_dags/example_dag_decorator.py took 0.095 seconds
[2023-02-28T17:56:19.199+0000] {processor.py:153} INFO - Started process (PID=716) to work on /home/airflow/.local/lib/python3.7/site-packages/airflow/example_dags/example_dag_decorator.py
[2023-02-28T17:56:19.201+0000] {processor.py:743} INFO - Processing file /home/airflow/.local/lib/python3.7/site-packages/airflow/example_dags/example_dag_decorator.py for tasks to queue
[2023-02-28T17:56:19.202+0000] {logging_mixin.py:137} INFO - [2023-02-28T17:56:19.202+0000] {dagbag.py:538} INFO - Filling up the DagBag from /home/airflow/.local/lib/python3.7/site-packages/airflow/example_dags/example_dag_decorator.py
[2023-02-28T17:56:19.216+0000] {logging_mixin.py:137} INFO - [2023-02-28T17:56:19.215+0000] {taskmixin.py:205} WARNING - Dependency <Task(_PythonDecoratedOperator): prepare_email>, send_email already registered for DAG: example_dag_decorator
[2023-02-28T17:56:19.216+0000] {logging_mixin.py:137} INFO - [2023-02-28T17:56:19.216+0000] {taskmixin.py:205} WARNING - Dependency <Task(EmailOperator): send_email>, prepare_email already registered for DAG: example_dag_decorator
[2023-02-28T17:56:19.229+0000] {processor.py:753} INFO - DAG(s) dict_keys(['example_dag_decorator']) retrieved from /home/airflow/.local/lib/python3.7/site-packages/airflow/example_dags/example_dag_decorator.py
[2023-02-28T17:56:19.262+0000] {logging_mixin.py:137} INFO - [2023-02-28T17:56:19.262+0000] {dag.py:2690} INFO - Sync 1 DAGs
[2023-02-28T17:56:19.274+0000] {logging_mixin.py:137} INFO - [2023-02-28T17:56:19.274+0000] {dag.py:3441} INFO - Setting next_dagrun for example_dag_decorator to None, run_after=None
[2023-02-28T17:56:19.283+0000] {processor.py:175} INFO - Processing /home/airflow/.local/lib/python3.7/site-packages/airflow/example_dags/example_dag_decorator.py took 0.089 seconds
[2023-02-28T17:56:49.376+0000] {processor.py:153} INFO - Started process (PID=795) to work on /home/airflow/.local/lib/python3.7/site-packages/airflow/example_dags/example_dag_decorator.py
[2023-02-28T17:56:49.378+0000] {processor.py:743} INFO - Processing file /home/airflow/.local/lib/python3.7/site-packages/airflow/example_dags/example_dag_decorator.py for tasks to queue
[2023-02-28T17:56:49.379+0000] {logging_mixin.py:137} INFO - [2023-02-28T17:56:49.379+0000] {dagbag.py:538} INFO - Filling up the DagBag from /home/airflow/.local/lib/python3.7/site-packages/airflow/example_dags/example_dag_decorator.py
[2023-02-28T17:56:49.395+0000] {logging_mixin.py:137} INFO - [2023-02-28T17:56:49.395+0000] {taskmixin.py:205} WARNING - Dependency <Task(_PythonDecoratedOperator): prepare_email>, send_email already registered for DAG: example_dag_decorator
[2023-02-28T17:56:49.396+0000] {logging_mixin.py:137} INFO - [2023-02-28T17:56:49.396+0000] {taskmixin.py:205} WARNING - Dependency <Task(EmailOperator): send_email>, prepare_email already registered for DAG: example_dag_decorator
[2023-02-28T17:56:49.405+0000] {processor.py:753} INFO - DAG(s) dict_keys(['example_dag_decorator']) retrieved from /home/airflow/.local/lib/python3.7/site-packages/airflow/example_dags/example_dag_decorator.py
[2023-02-28T17:56:49.444+0000] {logging_mixin.py:137} INFO - [2023-02-28T17:56:49.444+0000] {dag.py:2690} INFO - Sync 1 DAGs
[2023-02-28T17:56:49.455+0000] {logging_mixin.py:137} INFO - [2023-02-28T17:56:49.455+0000] {dag.py:3441} INFO - Setting next_dagrun for example_dag_decorator to None, run_after=None
[2023-02-28T17:56:49.464+0000] {processor.py:175} INFO - Processing /home/airflow/.local/lib/python3.7/site-packages/airflow/example_dags/example_dag_decorator.py took 0.094 seconds
[2023-02-28T17:57:19.524+0000] {processor.py:153} INFO - Started process (PID=875) to work on /home/airflow/.local/lib/python3.7/site-packages/airflow/example_dags/example_dag_decorator.py
[2023-02-28T17:57:19.525+0000] {processor.py:743} INFO - Processing file /home/airflow/.local/lib/python3.7/site-packages/airflow/example_dags/example_dag_decorator.py for tasks to queue
[2023-02-28T17:57:19.525+0000] {logging_mixin.py:137} INFO - [2023-02-28T17:57:19.525+0000] {dagbag.py:538} INFO - Filling up the DagBag from /home/airflow/.local/lib/python3.7/site-packages/airflow/example_dags/example_dag_decorator.py
[2023-02-28T17:57:19.536+0000] {logging_mixin.py:137} INFO - [2023-02-28T17:57:19.535+0000] {taskmixin.py:205} WARNING - Dependency <Task(_PythonDecoratedOperator): prepare_email>, send_email already registered for DAG: example_dag_decorator
[2023-02-28T17:57:19.536+0000] {logging_mixin.py:137} INFO - [2023-02-28T17:57:19.536+0000] {taskmixin.py:205} WARNING - Dependency <Task(EmailOperator): send_email>, prepare_email already registered for DAG: example_dag_decorator
[2023-02-28T17:57:19.544+0000] {processor.py:753} INFO - DAG(s) dict_keys(['example_dag_decorator']) retrieved from /home/airflow/.local/lib/python3.7/site-packages/airflow/example_dags/example_dag_decorator.py
[2023-02-28T17:57:19.581+0000] {logging_mixin.py:137} INFO - [2023-02-28T17:57:19.581+0000] {dag.py:2690} INFO - Sync 1 DAGs
[2023-02-28T17:57:19.592+0000] {logging_mixin.py:137} INFO - [2023-02-28T17:57:19.592+0000] {dag.py:3441} INFO - Setting next_dagrun for example_dag_decorator to None, run_after=None
[2023-02-28T17:57:19.602+0000] {processor.py:175} INFO - Processing /home/airflow/.local/lib/python3.7/site-packages/airflow/example_dags/example_dag_decorator.py took 0.082 seconds
[2023-02-28T17:57:49.730+0000] {processor.py:153} INFO - Started process (PID=955) to work on /home/airflow/.local/lib/python3.7/site-packages/airflow/example_dags/example_dag_decorator.py
[2023-02-28T17:57:49.730+0000] {processor.py:743} INFO - Processing file /home/airflow/.local/lib/python3.7/site-packages/airflow/example_dags/example_dag_decorator.py for tasks to queue
[2023-02-28T17:57:49.731+0000] {logging_mixin.py:137} INFO - [2023-02-28T17:57:49.731+0000] {dagbag.py:538} INFO - Filling up the DagBag from /home/airflow/.local/lib/python3.7/site-packages/airflow/example_dags/example_dag_decorator.py
[2023-02-28T17:57:49.742+0000] {logging_mixin.py:137} INFO - [2023-02-28T17:57:49.742+0000] {taskmixin.py:205} WARNING - Dependency <Task(_PythonDecoratedOperator): prepare_email>, send_email already registered for DAG: example_dag_decorator
[2023-02-28T17:57:49.743+0000] {logging_mixin.py:137} INFO - [2023-02-28T17:57:49.743+0000] {taskmixin.py:205} WARNING - Dependency <Task(EmailOperator): send_email>, prepare_email already registered for DAG: example_dag_decorator
[2023-02-28T17:57:49.754+0000] {processor.py:753} INFO - DAG(s) dict_keys(['example_dag_decorator']) retrieved from /home/airflow/.local/lib/python3.7/site-packages/airflow/example_dags/example_dag_decorator.py
[2023-02-28T17:57:49.801+0000] {logging_mixin.py:137} INFO - [2023-02-28T17:57:49.801+0000] {dag.py:2690} INFO - Sync 1 DAGs
[2023-02-28T17:57:49.814+0000] {logging_mixin.py:137} INFO - [2023-02-28T17:57:49.814+0000] {dag.py:3441} INFO - Setting next_dagrun for example_dag_decorator to None, run_after=None
[2023-02-28T17:57:49.826+0000] {processor.py:175} INFO - Processing /home/airflow/.local/lib/python3.7/site-packages/airflow/example_dags/example_dag_decorator.py took 0.098 seconds
[2023-02-28T17:58:20.012+0000] {processor.py:153} INFO - Started process (PID=1022) to work on /home/airflow/.local/lib/python3.7/site-packages/airflow/example_dags/example_dag_decorator.py
[2023-02-28T17:58:20.014+0000] {processor.py:743} INFO - Processing file /home/airflow/.local/lib/python3.7/site-packages/airflow/example_dags/example_dag_decorator.py for tasks to queue
[2023-02-28T17:58:20.014+0000] {logging_mixin.py:137} INFO - [2023-02-28T17:58:20.014+0000] {dagbag.py:538} INFO - Filling up the DagBag from /home/airflow/.local/lib/python3.7/site-packages/airflow/example_dags/example_dag_decorator.py
[2023-02-28T17:58:20.029+0000] {logging_mixin.py:137} INFO - [2023-02-28T17:58:20.028+0000] {taskmixin.py:205} WARNING - Dependency <Task(_PythonDecoratedOperator): prepare_email>, send_email already registered for DAG: example_dag_decorator
[2023-02-28T17:58:20.029+0000] {logging_mixin.py:137} INFO - [2023-02-28T17:58:20.029+0000] {taskmixin.py:205} WARNING - Dependency <Task(EmailOperator): send_email>, prepare_email already registered for DAG: example_dag_decorator
[2023-02-28T17:58:20.038+0000] {processor.py:753} INFO - DAG(s) dict_keys(['example_dag_decorator']) retrieved from /home/airflow/.local/lib/python3.7/site-packages/airflow/example_dags/example_dag_decorator.py
[2023-02-28T17:58:20.074+0000] {logging_mixin.py:137} INFO - [2023-02-28T17:58:20.074+0000] {dag.py:2690} INFO - Sync 1 DAGs
[2023-02-28T17:58:20.086+0000] {logging_mixin.py:137} INFO - [2023-02-28T17:58:20.086+0000] {dag.py:3441} INFO - Setting next_dagrun for example_dag_decorator to None, run_after=None
[2023-02-28T17:58:20.096+0000] {processor.py:175} INFO - Processing /home/airflow/.local/lib/python3.7/site-packages/airflow/example_dags/example_dag_decorator.py took 0.088 seconds
[2023-02-28T17:58:50.165+0000] {processor.py:153} INFO - Started process (PID=1102) to work on /home/airflow/.local/lib/python3.7/site-packages/airflow/example_dags/example_dag_decorator.py
[2023-02-28T17:58:50.167+0000] {processor.py:743} INFO - Processing file /home/airflow/.local/lib/python3.7/site-packages/airflow/example_dags/example_dag_decorator.py for tasks to queue
[2023-02-28T17:58:50.168+0000] {logging_mixin.py:137} INFO - [2023-02-28T17:58:50.168+0000] {dagbag.py:538} INFO - Filling up the DagBag from /home/airflow/.local/lib/python3.7/site-packages/airflow/example_dags/example_dag_decorator.py
[2023-02-28T17:58:50.182+0000] {logging_mixin.py:137} INFO - [2023-02-28T17:58:50.182+0000] {taskmixin.py:205} WARNING - Dependency <Task(_PythonDecoratedOperator): prepare_email>, send_email already registered for DAG: example_dag_decorator
[2023-02-28T17:58:50.183+0000] {logging_mixin.py:137} INFO - [2023-02-28T17:58:50.183+0000] {taskmixin.py:205} WARNING - Dependency <Task(EmailOperator): send_email>, prepare_email already registered for DAG: example_dag_decorator
[2023-02-28T17:58:50.192+0000] {processor.py:753} INFO - DAG(s) dict_keys(['example_dag_decorator']) retrieved from /home/airflow/.local/lib/python3.7/site-packages/airflow/example_dags/example_dag_decorator.py
[2023-02-28T17:58:50.228+0000] {logging_mixin.py:137} INFO - [2023-02-28T17:58:50.228+0000] {dag.py:2690} INFO - Sync 1 DAGs
[2023-02-28T17:58:50.239+0000] {logging_mixin.py:137} INFO - [2023-02-28T17:58:50.239+0000] {dag.py:3441} INFO - Setting next_dagrun for example_dag_decorator to None, run_after=None
[2023-02-28T17:58:50.249+0000] {processor.py:175} INFO - Processing /home/airflow/.local/lib/python3.7/site-packages/airflow/example_dags/example_dag_decorator.py took 0.088 seconds
[2023-02-28T17:59:20.407+0000] {processor.py:153} INFO - Started process (PID=1182) to work on /home/airflow/.local/lib/python3.7/site-packages/airflow/example_dags/example_dag_decorator.py
[2023-02-28T17:59:20.408+0000] {processor.py:743} INFO - Processing file /home/airflow/.local/lib/python3.7/site-packages/airflow/example_dags/example_dag_decorator.py for tasks to queue
[2023-02-28T17:59:20.409+0000] {logging_mixin.py:137} INFO - [2023-02-28T17:59:20.409+0000] {dagbag.py:538} INFO - Filling up the DagBag from /home/airflow/.local/lib/python3.7/site-packages/airflow/example_dags/example_dag_decorator.py
[2023-02-28T17:59:20.424+0000] {logging_mixin.py:137} INFO - [2023-02-28T17:59:20.424+0000] {taskmixin.py:205} WARNING - Dependency <Task(_PythonDecoratedOperator): prepare_email>, send_email already registered for DAG: example_dag_decorator
[2023-02-28T17:59:20.425+0000] {logging_mixin.py:137} INFO - [2023-02-28T17:59:20.425+0000] {taskmixin.py:205} WARNING - Dependency <Task(EmailOperator): send_email>, prepare_email already registered for DAG: example_dag_decorator
[2023-02-28T17:59:20.434+0000] {processor.py:753} INFO - DAG(s) dict_keys(['example_dag_decorator']) retrieved from /home/airflow/.local/lib/python3.7/site-packages/airflow/example_dags/example_dag_decorator.py
[2023-02-28T17:59:20.470+0000] {logging_mixin.py:137} INFO - [2023-02-28T17:59:20.470+0000] {dag.py:2690} INFO - Sync 1 DAGs
[2023-02-28T17:59:20.481+0000] {logging_mixin.py:137} INFO - [2023-02-28T17:59:20.481+0000] {dag.py:3441} INFO - Setting next_dagrun for example_dag_decorator to None, run_after=None
[2023-02-28T17:59:20.491+0000] {processor.py:175} INFO - Processing /home/airflow/.local/lib/python3.7/site-packages/airflow/example_dags/example_dag_decorator.py took 0.088 seconds
[2023-02-28T17:59:50.649+0000] {processor.py:153} INFO - Started process (PID=1249) to work on /home/airflow/.local/lib/python3.7/site-packages/airflow/example_dags/example_dag_decorator.py
[2023-02-28T17:59:50.651+0000] {processor.py:743} INFO - Processing file /home/airflow/.local/lib/python3.7/site-packages/airflow/example_dags/example_dag_decorator.py for tasks to queue
[2023-02-28T17:59:50.652+0000] {logging_mixin.py:137} INFO - [2023-02-28T17:59:50.652+0000] {dagbag.py:538} INFO - Filling up the DagBag from /home/airflow/.local/lib/python3.7/site-packages/airflow/example_dags/example_dag_decorator.py
[2023-02-28T17:59:50.666+0000] {logging_mixin.py:137} INFO - [2023-02-28T17:59:50.666+0000] {taskmixin.py:205} WARNING - Dependency <Task(_PythonDecoratedOperator): prepare_email>, send_email already registered for DAG: example_dag_decorator
[2023-02-28T17:59:50.667+0000] {logging_mixin.py:137} INFO - [2023-02-28T17:59:50.666+0000] {taskmixin.py:205} WARNING - Dependency <Task(EmailOperator): send_email>, prepare_email already registered for DAG: example_dag_decorator
[2023-02-28T17:59:50.676+0000] {processor.py:753} INFO - DAG(s) dict_keys(['example_dag_decorator']) retrieved from /home/airflow/.local/lib/python3.7/site-packages/airflow/example_dags/example_dag_decorator.py
[2023-02-28T17:59:50.711+0000] {logging_mixin.py:137} INFO - [2023-02-28T17:59:50.710+0000] {dag.py:2690} INFO - Sync 1 DAGs
[2023-02-28T17:59:50.723+0000] {logging_mixin.py:137} INFO - [2023-02-28T17:59:50.723+0000] {dag.py:3441} INFO - Setting next_dagrun for example_dag_decorator to None, run_after=None
[2023-02-28T17:59:50.733+0000] {processor.py:175} INFO - Processing /home/airflow/.local/lib/python3.7/site-packages/airflow/example_dags/example_dag_decorator.py took 0.087 seconds
[2023-02-28T18:00:20.984+0000] {processor.py:153} INFO - Started process (PID=1330) to work on /home/airflow/.local/lib/python3.7/site-packages/airflow/example_dags/example_dag_decorator.py
[2023-02-28T18:00:20.986+0000] {processor.py:743} INFO - Processing file /home/airflow/.local/lib/python3.7/site-packages/airflow/example_dags/example_dag_decorator.py for tasks to queue
[2023-02-28T18:00:20.987+0000] {logging_mixin.py:137} INFO - [2023-02-28T18:00:20.987+0000] {dagbag.py:538} INFO - Filling up the DagBag from /home/airflow/.local/lib/python3.7/site-packages/airflow/example_dags/example_dag_decorator.py
[2023-02-28T18:00:21.003+0000] {logging_mixin.py:137} INFO - [2023-02-28T18:00:21.003+0000] {taskmixin.py:205} WARNING - Dependency <Task(_PythonDecoratedOperator): prepare_email>, send_email already registered for DAG: example_dag_decorator
[2023-02-28T18:00:21.004+0000] {logging_mixin.py:137} INFO - [2023-02-28T18:00:21.004+0000] {taskmixin.py:205} WARNING - Dependency <Task(EmailOperator): send_email>, prepare_email already registered for DAG: example_dag_decorator
[2023-02-28T18:00:21.014+0000] {processor.py:753} INFO - DAG(s) dict_keys(['example_dag_decorator']) retrieved from /home/airflow/.local/lib/python3.7/site-packages/airflow/example_dags/example_dag_decorator.py
[2023-02-28T18:00:21.050+0000] {logging_mixin.py:137} INFO - [2023-02-28T18:00:21.050+0000] {dag.py:2690} INFO - Sync 1 DAGs
[2023-02-28T18:00:21.061+0000] {logging_mixin.py:137} INFO - [2023-02-28T18:00:21.061+0000] {dag.py:3441} INFO - Setting next_dagrun for example_dag_decorator to None, run_after=None
[2023-02-28T18:00:21.072+0000] {processor.py:175} INFO - Processing /home/airflow/.local/lib/python3.7/site-packages/airflow/example_dags/example_dag_decorator.py took 0.091 seconds
[2023-02-28T18:00:51.180+0000] {processor.py:153} INFO - Started process (PID=1410) to work on /home/airflow/.local/lib/python3.7/site-packages/airflow/example_dags/example_dag_decorator.py
[2023-02-28T18:00:51.181+0000] {processor.py:743} INFO - Processing file /home/airflow/.local/lib/python3.7/site-packages/airflow/example_dags/example_dag_decorator.py for tasks to queue
[2023-02-28T18:00:51.182+0000] {logging_mixin.py:137} INFO - [2023-02-28T18:00:51.182+0000] {dagbag.py:538} INFO - Filling up the DagBag from /home/airflow/.local/lib/python3.7/site-packages/airflow/example_dags/example_dag_decorator.py
[2023-02-28T18:00:51.198+0000] {logging_mixin.py:137} INFO - [2023-02-28T18:00:51.198+0000] {taskmixin.py:205} WARNING - Dependency <Task(_PythonDecoratedOperator): prepare_email>, send_email already registered for DAG: example_dag_decorator
[2023-02-28T18:00:51.198+0000] {logging_mixin.py:137} INFO - [2023-02-28T18:00:51.198+0000] {taskmixin.py:205} WARNING - Dependency <Task(EmailOperator): send_email>, prepare_email already registered for DAG: example_dag_decorator
[2023-02-28T18:00:51.207+0000] {processor.py:753} INFO - DAG(s) dict_keys(['example_dag_decorator']) retrieved from /home/airflow/.local/lib/python3.7/site-packages/airflow/example_dags/example_dag_decorator.py
[2023-02-28T18:00:51.243+0000] {logging_mixin.py:137} INFO - [2023-02-28T18:00:51.243+0000] {dag.py:2690} INFO - Sync 1 DAGs
[2023-02-28T18:00:51.255+0000] {logging_mixin.py:137} INFO - [2023-02-28T18:00:51.255+0000] {dag.py:3441} INFO - Setting next_dagrun for example_dag_decorator to None, run_after=None
[2023-02-28T18:00:51.265+0000] {processor.py:175} INFO - Processing /home/airflow/.local/lib/python3.7/site-packages/airflow/example_dags/example_dag_decorator.py took 0.088 seconds
[2023-02-28T18:01:21.736+0000] {processor.py:153} INFO - Started process (PID=1486) to work on /home/airflow/.local/lib/python3.7/site-packages/airflow/example_dags/example_dag_decorator.py
[2023-02-28T18:01:21.738+0000] {processor.py:743} INFO - Processing file /home/airflow/.local/lib/python3.7/site-packages/airflow/example_dags/example_dag_decorator.py for tasks to queue
[2023-02-28T18:01:21.739+0000] {logging_mixin.py:137} INFO - [2023-02-28T18:01:21.739+0000] {dagbag.py:538} INFO - Filling up the DagBag from /home/airflow/.local/lib/python3.7/site-packages/airflow/example_dags/example_dag_decorator.py
[2023-02-28T18:01:21.749+0000] {logging_mixin.py:137} INFO - [2023-02-28T18:01:21.749+0000] {taskmixin.py:205} WARNING - Dependency <Task(_PythonDecoratedOperator): prepare_email>, send_email already registered for DAG: example_dag_decorator
[2023-02-28T18:01:21.749+0000] {logging_mixin.py:137} INFO - [2023-02-28T18:01:21.749+0000] {taskmixin.py:205} WARNING - Dependency <Task(EmailOperator): send_email>, prepare_email already registered for DAG: example_dag_decorator
[2023-02-28T18:01:21.756+0000] {processor.py:753} INFO - DAG(s) dict_keys(['example_dag_decorator']) retrieved from /home/airflow/.local/lib/python3.7/site-packages/airflow/example_dags/example_dag_decorator.py
[2023-02-28T18:01:21.791+0000] {logging_mixin.py:137} INFO - [2023-02-28T18:01:21.791+0000] {dag.py:2690} INFO - Sync 1 DAGs
[2023-02-28T18:01:21.803+0000] {logging_mixin.py:137} INFO - [2023-02-28T18:01:21.803+0000] {dag.py:3441} INFO - Setting next_dagrun for example_dag_decorator to None, run_after=None
[2023-02-28T18:01:21.813+0000] {processor.py:175} INFO - Processing /home/airflow/.local/lib/python3.7/site-packages/airflow/example_dags/example_dag_decorator.py took 0.080 seconds
