[2023-02-28T17:48:40.874+0000] {processor.py:153} INFO - Started process (PID=61) to work on /home/airflow/.local/lib/python3.7/site-packages/airflow/example_dags/example_trigger_target_dag.py
[2023-02-28T17:48:40.875+0000] {processor.py:743} INFO - Processing file /home/airflow/.local/lib/python3.7/site-packages/airflow/example_dags/example_trigger_target_dag.py for tasks to queue
[2023-02-28T17:48:40.876+0000] {logging_mixin.py:137} INFO - [2023-02-28T17:48:40.876+0000] {dagbag.py:538} INFO - Filling up the DagBag from /home/airflow/.local/lib/python3.7/site-packages/airflow/example_dags/example_trigger_target_dag.py
[2023-02-28T17:48:40.893+0000] {processor.py:753} INFO - DAG(s) dict_keys(['example_trigger_target_dag']) retrieved from /home/airflow/.local/lib/python3.7/site-packages/airflow/example_dags/example_trigger_target_dag.py
[2023-02-28T17:48:40.959+0000] {logging_mixin.py:137} INFO - [2023-02-28T17:48:40.959+0000] {manager.py:504} INFO - Created Permission View: can edit on DAG:example_trigger_target_dag
[2023-02-28T17:48:40.963+0000] {logging_mixin.py:137} INFO - [2023-02-28T17:48:40.963+0000] {manager.py:504} INFO - Created Permission View: can read on DAG:example_trigger_target_dag
[2023-02-28T17:48:40.966+0000] {logging_mixin.py:137} INFO - [2023-02-28T17:48:40.966+0000] {manager.py:504} INFO - Created Permission View: can delete on DAG:example_trigger_target_dag
[2023-02-28T17:48:40.966+0000] {logging_mixin.py:137} INFO - [2023-02-28T17:48:40.966+0000] {dag.py:2690} INFO - Sync 1 DAGs
[2023-02-28T17:48:40.973+0000] {logging_mixin.py:137} INFO - [2023-02-28T17:48:40.973+0000] {dag.py:2711} INFO - Creating ORM DAG for example_trigger_target_dag
[2023-02-28T17:48:40.978+0000] {logging_mixin.py:137} INFO - [2023-02-28T17:48:40.978+0000] {dag.py:3441} INFO - Setting next_dagrun for example_trigger_target_dag to None, run_after=None
[2023-02-28T17:48:40.987+0000] {processor.py:175} INFO - Processing /home/airflow/.local/lib/python3.7/site-packages/airflow/example_dags/example_trigger_target_dag.py took 0.116 seconds
[2023-02-28T17:49:11.763+0000] {processor.py:153} INFO - Started process (PID=142) to work on /home/airflow/.local/lib/python3.7/site-packages/airflow/example_dags/example_trigger_target_dag.py
[2023-02-28T17:49:11.764+0000] {processor.py:743} INFO - Processing file /home/airflow/.local/lib/python3.7/site-packages/airflow/example_dags/example_trigger_target_dag.py for tasks to queue
[2023-02-28T17:49:11.764+0000] {logging_mixin.py:137} INFO - [2023-02-28T17:49:11.764+0000] {dagbag.py:538} INFO - Filling up the DagBag from /home/airflow/.local/lib/python3.7/site-packages/airflow/example_dags/example_trigger_target_dag.py
[2023-02-28T17:49:11.778+0000] {processor.py:753} INFO - DAG(s) dict_keys(['example_trigger_target_dag']) retrieved from /home/airflow/.local/lib/python3.7/site-packages/airflow/example_dags/example_trigger_target_dag.py
[2023-02-28T17:49:11.796+0000] {logging_mixin.py:137} INFO - [2023-02-28T17:49:11.796+0000] {dag.py:2690} INFO - Sync 1 DAGs
[2023-02-28T17:49:11.810+0000] {logging_mixin.py:137} INFO - [2023-02-28T17:49:11.810+0000] {dag.py:3441} INFO - Setting next_dagrun for example_trigger_target_dag to None, run_after=None
[2023-02-28T17:49:11.820+0000] {processor.py:175} INFO - Processing /home/airflow/.local/lib/python3.7/site-packages/airflow/example_dags/example_trigger_target_dag.py took 0.060 seconds
[2023-02-28T17:49:41.858+0000] {processor.py:153} INFO - Started process (PID=222) to work on /home/airflow/.local/lib/python3.7/site-packages/airflow/example_dags/example_trigger_target_dag.py
[2023-02-28T17:49:41.859+0000] {processor.py:743} INFO - Processing file /home/airflow/.local/lib/python3.7/site-packages/airflow/example_dags/example_trigger_target_dag.py for tasks to queue
[2023-02-28T17:49:41.859+0000] {logging_mixin.py:137} INFO - [2023-02-28T17:49:41.859+0000] {dagbag.py:538} INFO - Filling up the DagBag from /home/airflow/.local/lib/python3.7/site-packages/airflow/example_dags/example_trigger_target_dag.py
[2023-02-28T17:49:41.872+0000] {processor.py:753} INFO - DAG(s) dict_keys(['example_trigger_target_dag']) retrieved from /home/airflow/.local/lib/python3.7/site-packages/airflow/example_dags/example_trigger_target_dag.py
[2023-02-28T17:49:41.892+0000] {logging_mixin.py:137} INFO - [2023-02-28T17:49:41.892+0000] {dag.py:2690} INFO - Sync 1 DAGs
[2023-02-28T17:49:41.905+0000] {logging_mixin.py:137} INFO - [2023-02-28T17:49:41.905+0000] {dag.py:3441} INFO - Setting next_dagrun for example_trigger_target_dag to None, run_after=None
[2023-02-28T17:49:41.914+0000] {processor.py:175} INFO - Processing /home/airflow/.local/lib/python3.7/site-packages/airflow/example_dags/example_trigger_target_dag.py took 0.059 seconds
[2023-02-28T17:50:12.122+0000] {processor.py:153} INFO - Started process (PID=289) to work on /home/airflow/.local/lib/python3.7/site-packages/airflow/example_dags/example_trigger_target_dag.py
[2023-02-28T17:50:12.124+0000] {processor.py:743} INFO - Processing file /home/airflow/.local/lib/python3.7/site-packages/airflow/example_dags/example_trigger_target_dag.py for tasks to queue
[2023-02-28T17:50:12.125+0000] {logging_mixin.py:137} INFO - [2023-02-28T17:50:12.125+0000] {dagbag.py:538} INFO - Filling up the DagBag from /home/airflow/.local/lib/python3.7/site-packages/airflow/example_dags/example_trigger_target_dag.py
[2023-02-28T17:50:12.143+0000] {processor.py:753} INFO - DAG(s) dict_keys(['example_trigger_target_dag']) retrieved from /home/airflow/.local/lib/python3.7/site-packages/airflow/example_dags/example_trigger_target_dag.py
[2023-02-28T17:50:12.179+0000] {logging_mixin.py:137} INFO - [2023-02-28T17:50:12.179+0000] {dag.py:2690} INFO - Sync 1 DAGs
[2023-02-28T17:50:12.198+0000] {logging_mixin.py:137} INFO - [2023-02-28T17:50:12.197+0000] {dag.py:3441} INFO - Setting next_dagrun for example_trigger_target_dag to None, run_after=None
[2023-02-28T17:50:12.212+0000] {processor.py:175} INFO - Processing /home/airflow/.local/lib/python3.7/site-packages/airflow/example_dags/example_trigger_target_dag.py took 0.093 seconds
[2023-02-28T17:50:42.556+0000] {processor.py:153} INFO - Started process (PID=370) to work on /home/airflow/.local/lib/python3.7/site-packages/airflow/example_dags/example_trigger_target_dag.py
[2023-02-28T17:50:42.557+0000] {processor.py:743} INFO - Processing file /home/airflow/.local/lib/python3.7/site-packages/airflow/example_dags/example_trigger_target_dag.py for tasks to queue
[2023-02-28T17:50:42.558+0000] {logging_mixin.py:137} INFO - [2023-02-28T17:50:42.558+0000] {dagbag.py:538} INFO - Filling up the DagBag from /home/airflow/.local/lib/python3.7/site-packages/airflow/example_dags/example_trigger_target_dag.py
[2023-02-28T17:50:42.574+0000] {processor.py:753} INFO - DAG(s) dict_keys(['example_trigger_target_dag']) retrieved from /home/airflow/.local/lib/python3.7/site-packages/airflow/example_dags/example_trigger_target_dag.py
[2023-02-28T17:50:42.596+0000] {logging_mixin.py:137} INFO - [2023-02-28T17:50:42.596+0000] {dag.py:2690} INFO - Sync 1 DAGs
[2023-02-28T17:50:42.613+0000] {logging_mixin.py:137} INFO - [2023-02-28T17:50:42.613+0000] {dag.py:3441} INFO - Setting next_dagrun for example_trigger_target_dag to None, run_after=None
[2023-02-28T17:50:42.623+0000] {processor.py:175} INFO - Processing /home/airflow/.local/lib/python3.7/site-packages/airflow/example_dags/example_trigger_target_dag.py took 0.069 seconds
[2023-02-28T17:51:45.065+0000] {processor.py:153} INFO - Started process (PID=61) to work on /home/airflow/.local/lib/python3.7/site-packages/airflow/example_dags/example_trigger_target_dag.py
[2023-02-28T17:51:45.066+0000] {processor.py:743} INFO - Processing file /home/airflow/.local/lib/python3.7/site-packages/airflow/example_dags/example_trigger_target_dag.py for tasks to queue
[2023-02-28T17:51:45.067+0000] {logging_mixin.py:137} INFO - [2023-02-28T17:51:45.067+0000] {dagbag.py:538} INFO - Filling up the DagBag from /home/airflow/.local/lib/python3.7/site-packages/airflow/example_dags/example_trigger_target_dag.py
[2023-02-28T17:51:45.084+0000] {processor.py:753} INFO - DAG(s) dict_keys(['example_trigger_target_dag']) retrieved from /home/airflow/.local/lib/python3.7/site-packages/airflow/example_dags/example_trigger_target_dag.py
[2023-02-28T17:51:45.097+0000] {logging_mixin.py:137} INFO - [2023-02-28T17:51:45.097+0000] {dag.py:2690} INFO - Sync 1 DAGs
[2023-02-28T17:51:45.115+0000] {logging_mixin.py:137} INFO - [2023-02-28T17:51:45.114+0000] {dag.py:3441} INFO - Setting next_dagrun for example_trigger_target_dag to None, run_after=None
[2023-02-28T17:51:45.125+0000] {processor.py:175} INFO - Processing /home/airflow/.local/lib/python3.7/site-packages/airflow/example_dags/example_trigger_target_dag.py took 0.064 seconds
[2023-02-28T17:52:15.457+0000] {processor.py:153} INFO - Started process (PID=141) to work on /home/airflow/.local/lib/python3.7/site-packages/airflow/example_dags/example_trigger_target_dag.py
[2023-02-28T17:52:15.458+0000] {processor.py:743} INFO - Processing file /home/airflow/.local/lib/python3.7/site-packages/airflow/example_dags/example_trigger_target_dag.py for tasks to queue
[2023-02-28T17:52:15.459+0000] {logging_mixin.py:137} INFO - [2023-02-28T17:52:15.459+0000] {dagbag.py:538} INFO - Filling up the DagBag from /home/airflow/.local/lib/python3.7/site-packages/airflow/example_dags/example_trigger_target_dag.py
[2023-02-28T17:52:15.471+0000] {processor.py:753} INFO - DAG(s) dict_keys(['example_trigger_target_dag']) retrieved from /home/airflow/.local/lib/python3.7/site-packages/airflow/example_dags/example_trigger_target_dag.py
[2023-02-28T17:52:15.490+0000] {logging_mixin.py:137} INFO - [2023-02-28T17:52:15.490+0000] {dag.py:2690} INFO - Sync 1 DAGs
[2023-02-28T17:52:15.503+0000] {logging_mixin.py:137} INFO - [2023-02-28T17:52:15.503+0000] {dag.py:3441} INFO - Setting next_dagrun for example_trigger_target_dag to None, run_after=None
[2023-02-28T17:52:15.513+0000] {processor.py:175} INFO - Processing /home/airflow/.local/lib/python3.7/site-packages/airflow/example_dags/example_trigger_target_dag.py took 0.059 seconds
[2023-02-28T17:52:45.637+0000] {processor.py:153} INFO - Started process (PID=208) to work on /home/airflow/.local/lib/python3.7/site-packages/airflow/example_dags/example_trigger_target_dag.py
[2023-02-28T17:52:45.638+0000] {processor.py:743} INFO - Processing file /home/airflow/.local/lib/python3.7/site-packages/airflow/example_dags/example_trigger_target_dag.py for tasks to queue
[2023-02-28T17:52:45.639+0000] {logging_mixin.py:137} INFO - [2023-02-28T17:52:45.639+0000] {dagbag.py:538} INFO - Filling up the DagBag from /home/airflow/.local/lib/python3.7/site-packages/airflow/example_dags/example_trigger_target_dag.py
[2023-02-28T17:52:45.651+0000] {processor.py:753} INFO - DAG(s) dict_keys(['example_trigger_target_dag']) retrieved from /home/airflow/.local/lib/python3.7/site-packages/airflow/example_dags/example_trigger_target_dag.py
[2023-02-28T17:52:45.668+0000] {logging_mixin.py:137} INFO - [2023-02-28T17:52:45.668+0000] {dag.py:2690} INFO - Sync 1 DAGs
[2023-02-28T17:52:45.680+0000] {logging_mixin.py:137} INFO - [2023-02-28T17:52:45.680+0000] {dag.py:3441} INFO - Setting next_dagrun for example_trigger_target_dag to None, run_after=None
[2023-02-28T17:52:45.689+0000] {processor.py:175} INFO - Processing /home/airflow/.local/lib/python3.7/site-packages/airflow/example_dags/example_trigger_target_dag.py took 0.054 seconds
[2023-02-28T17:53:15.923+0000] {processor.py:153} INFO - Started process (PID=288) to work on /home/airflow/.local/lib/python3.7/site-packages/airflow/example_dags/example_trigger_target_dag.py
[2023-02-28T17:53:15.924+0000] {processor.py:743} INFO - Processing file /home/airflow/.local/lib/python3.7/site-packages/airflow/example_dags/example_trigger_target_dag.py for tasks to queue
[2023-02-28T17:53:15.925+0000] {logging_mixin.py:137} INFO - [2023-02-28T17:53:15.925+0000] {dagbag.py:538} INFO - Filling up the DagBag from /home/airflow/.local/lib/python3.7/site-packages/airflow/example_dags/example_trigger_target_dag.py
[2023-02-28T17:53:15.938+0000] {processor.py:753} INFO - DAG(s) dict_keys(['example_trigger_target_dag']) retrieved from /home/airflow/.local/lib/python3.7/site-packages/airflow/example_dags/example_trigger_target_dag.py
[2023-02-28T17:53:15.955+0000] {logging_mixin.py:137} INFO - [2023-02-28T17:53:15.955+0000] {dag.py:2690} INFO - Sync 1 DAGs
[2023-02-28T17:53:15.968+0000] {logging_mixin.py:137} INFO - [2023-02-28T17:53:15.968+0000] {dag.py:3441} INFO - Setting next_dagrun for example_trigger_target_dag to None, run_after=None
[2023-02-28T17:53:15.978+0000] {processor.py:175} INFO - Processing /home/airflow/.local/lib/python3.7/site-packages/airflow/example_dags/example_trigger_target_dag.py took 0.057 seconds
[2023-02-28T17:53:46.828+0000] {processor.py:153} INFO - Started process (PID=368) to work on /home/airflow/.local/lib/python3.7/site-packages/airflow/example_dags/example_trigger_target_dag.py
[2023-02-28T17:53:46.829+0000] {processor.py:743} INFO - Processing file /home/airflow/.local/lib/python3.7/site-packages/airflow/example_dags/example_trigger_target_dag.py for tasks to queue
[2023-02-28T17:53:46.829+0000] {logging_mixin.py:137} INFO - [2023-02-28T17:53:46.829+0000] {dagbag.py:538} INFO - Filling up the DagBag from /home/airflow/.local/lib/python3.7/site-packages/airflow/example_dags/example_trigger_target_dag.py
[2023-02-28T17:53:46.842+0000] {processor.py:753} INFO - DAG(s) dict_keys(['example_trigger_target_dag']) retrieved from /home/airflow/.local/lib/python3.7/site-packages/airflow/example_dags/example_trigger_target_dag.py
[2023-02-28T17:53:46.859+0000] {logging_mixin.py:137} INFO - [2023-02-28T17:53:46.859+0000] {dag.py:2690} INFO - Sync 1 DAGs
[2023-02-28T17:53:46.871+0000] {logging_mixin.py:137} INFO - [2023-02-28T17:53:46.871+0000] {dag.py:3441} INFO - Setting next_dagrun for example_trigger_target_dag to None, run_after=None
[2023-02-28T17:53:46.880+0000] {processor.py:175} INFO - Processing /home/airflow/.local/lib/python3.7/site-packages/airflow/example_dags/example_trigger_target_dag.py took 0.054 seconds
[2023-02-28T17:54:17.874+0000] {processor.py:153} INFO - Started process (PID=448) to work on /home/airflow/.local/lib/python3.7/site-packages/airflow/example_dags/example_trigger_target_dag.py
[2023-02-28T17:54:17.875+0000] {processor.py:743} INFO - Processing file /home/airflow/.local/lib/python3.7/site-packages/airflow/example_dags/example_trigger_target_dag.py for tasks to queue
[2023-02-28T17:54:17.876+0000] {logging_mixin.py:137} INFO - [2023-02-28T17:54:17.876+0000] {dagbag.py:538} INFO - Filling up the DagBag from /home/airflow/.local/lib/python3.7/site-packages/airflow/example_dags/example_trigger_target_dag.py
[2023-02-28T17:54:17.888+0000] {processor.py:753} INFO - DAG(s) dict_keys(['example_trigger_target_dag']) retrieved from /home/airflow/.local/lib/python3.7/site-packages/airflow/example_dags/example_trigger_target_dag.py
[2023-02-28T17:54:17.905+0000] {logging_mixin.py:137} INFO - [2023-02-28T17:54:17.905+0000] {dag.py:2690} INFO - Sync 1 DAGs
[2023-02-28T17:54:17.918+0000] {logging_mixin.py:137} INFO - [2023-02-28T17:54:17.918+0000] {dag.py:3441} INFO - Setting next_dagrun for example_trigger_target_dag to None, run_after=None
[2023-02-28T17:54:17.928+0000] {processor.py:175} INFO - Processing /home/airflow/.local/lib/python3.7/site-packages/airflow/example_dags/example_trigger_target_dag.py took 0.057 seconds
[2023-02-28T17:54:49.043+0000] {processor.py:153} INFO - Started process (PID=515) to work on /home/airflow/.local/lib/python3.7/site-packages/airflow/example_dags/example_trigger_target_dag.py
[2023-02-28T17:54:49.044+0000] {processor.py:743} INFO - Processing file /home/airflow/.local/lib/python3.7/site-packages/airflow/example_dags/example_trigger_target_dag.py for tasks to queue
[2023-02-28T17:54:49.044+0000] {logging_mixin.py:137} INFO - [2023-02-28T17:54:49.044+0000] {dagbag.py:538} INFO - Filling up the DagBag from /home/airflow/.local/lib/python3.7/site-packages/airflow/example_dags/example_trigger_target_dag.py
[2023-02-28T17:54:49.057+0000] {processor.py:753} INFO - DAG(s) dict_keys(['example_trigger_target_dag']) retrieved from /home/airflow/.local/lib/python3.7/site-packages/airflow/example_dags/example_trigger_target_dag.py
[2023-02-28T17:54:49.074+0000] {logging_mixin.py:137} INFO - [2023-02-28T17:54:49.074+0000] {dag.py:2690} INFO - Sync 1 DAGs
[2023-02-28T17:54:49.087+0000] {logging_mixin.py:137} INFO - [2023-02-28T17:54:49.087+0000] {dag.py:3441} INFO - Setting next_dagrun for example_trigger_target_dag to None, run_after=None
[2023-02-28T17:54:49.096+0000] {processor.py:175} INFO - Processing /home/airflow/.local/lib/python3.7/site-packages/airflow/example_dags/example_trigger_target_dag.py took 0.056 seconds
[2023-02-28T17:55:19.198+0000] {processor.py:153} INFO - Started process (PID=594) to work on /home/airflow/.local/lib/python3.7/site-packages/airflow/example_dags/example_trigger_target_dag.py
[2023-02-28T17:55:19.199+0000] {processor.py:743} INFO - Processing file /home/airflow/.local/lib/python3.7/site-packages/airflow/example_dags/example_trigger_target_dag.py for tasks to queue
[2023-02-28T17:55:19.199+0000] {logging_mixin.py:137} INFO - [2023-02-28T17:55:19.199+0000] {dagbag.py:538} INFO - Filling up the DagBag from /home/airflow/.local/lib/python3.7/site-packages/airflow/example_dags/example_trigger_target_dag.py
[2023-02-28T17:55:19.211+0000] {processor.py:753} INFO - DAG(s) dict_keys(['example_trigger_target_dag']) retrieved from /home/airflow/.local/lib/python3.7/site-packages/airflow/example_dags/example_trigger_target_dag.py
[2023-02-28T17:55:19.228+0000] {logging_mixin.py:137} INFO - [2023-02-28T17:55:19.228+0000] {dag.py:2690} INFO - Sync 1 DAGs
[2023-02-28T17:55:19.242+0000] {logging_mixin.py:137} INFO - [2023-02-28T17:55:19.242+0000] {dag.py:3441} INFO - Setting next_dagrun for example_trigger_target_dag to None, run_after=None
[2023-02-28T17:55:19.251+0000] {processor.py:175} INFO - Processing /home/airflow/.local/lib/python3.7/site-packages/airflow/example_dags/example_trigger_target_dag.py took 0.056 seconds
[2023-02-28T17:55:49.429+0000] {processor.py:153} INFO - Started process (PID=674) to work on /home/airflow/.local/lib/python3.7/site-packages/airflow/example_dags/example_trigger_target_dag.py
[2023-02-28T17:55:49.430+0000] {processor.py:743} INFO - Processing file /home/airflow/.local/lib/python3.7/site-packages/airflow/example_dags/example_trigger_target_dag.py for tasks to queue
[2023-02-28T17:55:49.431+0000] {logging_mixin.py:137} INFO - [2023-02-28T17:55:49.431+0000] {dagbag.py:538} INFO - Filling up the DagBag from /home/airflow/.local/lib/python3.7/site-packages/airflow/example_dags/example_trigger_target_dag.py
[2023-02-28T17:55:49.443+0000] {processor.py:753} INFO - DAG(s) dict_keys(['example_trigger_target_dag']) retrieved from /home/airflow/.local/lib/python3.7/site-packages/airflow/example_dags/example_trigger_target_dag.py
[2023-02-28T17:55:49.459+0000] {logging_mixin.py:137} INFO - [2023-02-28T17:55:49.459+0000] {dag.py:2690} INFO - Sync 1 DAGs
[2023-02-28T17:55:49.472+0000] {logging_mixin.py:137} INFO - [2023-02-28T17:55:49.472+0000] {dag.py:3441} INFO - Setting next_dagrun for example_trigger_target_dag to None, run_after=None
[2023-02-28T17:55:49.481+0000] {processor.py:175} INFO - Processing /home/airflow/.local/lib/python3.7/site-packages/airflow/example_dags/example_trigger_target_dag.py took 0.054 seconds
[2023-02-28T17:56:20.468+0000] {processor.py:153} INFO - Started process (PID=754) to work on /home/airflow/.local/lib/python3.7/site-packages/airflow/example_dags/example_trigger_target_dag.py
[2023-02-28T17:56:20.469+0000] {processor.py:743} INFO - Processing file /home/airflow/.local/lib/python3.7/site-packages/airflow/example_dags/example_trigger_target_dag.py for tasks to queue
[2023-02-28T17:56:20.470+0000] {logging_mixin.py:137} INFO - [2023-02-28T17:56:20.470+0000] {dagbag.py:538} INFO - Filling up the DagBag from /home/airflow/.local/lib/python3.7/site-packages/airflow/example_dags/example_trigger_target_dag.py
[2023-02-28T17:56:20.483+0000] {processor.py:753} INFO - DAG(s) dict_keys(['example_trigger_target_dag']) retrieved from /home/airflow/.local/lib/python3.7/site-packages/airflow/example_dags/example_trigger_target_dag.py
[2023-02-28T17:56:20.500+0000] {logging_mixin.py:137} INFO - [2023-02-28T17:56:20.500+0000] {dag.py:2690} INFO - Sync 1 DAGs
[2023-02-28T17:56:20.513+0000] {logging_mixin.py:137} INFO - [2023-02-28T17:56:20.513+0000] {dag.py:3441} INFO - Setting next_dagrun for example_trigger_target_dag to None, run_after=None
[2023-02-28T17:56:20.523+0000] {processor.py:175} INFO - Processing /home/airflow/.local/lib/python3.7/site-packages/airflow/example_dags/example_trigger_target_dag.py took 0.057 seconds
[2023-02-28T17:56:50.585+0000] {processor.py:153} INFO - Started process (PID=821) to work on /home/airflow/.local/lib/python3.7/site-packages/airflow/example_dags/example_trigger_target_dag.py
[2023-02-28T17:56:50.586+0000] {processor.py:743} INFO - Processing file /home/airflow/.local/lib/python3.7/site-packages/airflow/example_dags/example_trigger_target_dag.py for tasks to queue
[2023-02-28T17:56:50.587+0000] {logging_mixin.py:137} INFO - [2023-02-28T17:56:50.587+0000] {dagbag.py:538} INFO - Filling up the DagBag from /home/airflow/.local/lib/python3.7/site-packages/airflow/example_dags/example_trigger_target_dag.py
[2023-02-28T17:56:50.600+0000] {processor.py:753} INFO - DAG(s) dict_keys(['example_trigger_target_dag']) retrieved from /home/airflow/.local/lib/python3.7/site-packages/airflow/example_dags/example_trigger_target_dag.py
[2023-02-28T17:56:50.616+0000] {logging_mixin.py:137} INFO - [2023-02-28T17:56:50.616+0000] {dag.py:2690} INFO - Sync 1 DAGs
[2023-02-28T17:56:50.629+0000] {logging_mixin.py:137} INFO - [2023-02-28T17:56:50.629+0000] {dag.py:3441} INFO - Setting next_dagrun for example_trigger_target_dag to None, run_after=None
[2023-02-28T17:56:50.638+0000] {processor.py:175} INFO - Processing /home/airflow/.local/lib/python3.7/site-packages/airflow/example_dags/example_trigger_target_dag.py took 0.055 seconds
[2023-02-28T17:57:20.861+0000] {processor.py:153} INFO - Started process (PID=901) to work on /home/airflow/.local/lib/python3.7/site-packages/airflow/example_dags/example_trigger_target_dag.py
[2023-02-28T17:57:20.862+0000] {processor.py:743} INFO - Processing file /home/airflow/.local/lib/python3.7/site-packages/airflow/example_dags/example_trigger_target_dag.py for tasks to queue
[2023-02-28T17:57:20.863+0000] {logging_mixin.py:137} INFO - [2023-02-28T17:57:20.863+0000] {dagbag.py:538} INFO - Filling up the DagBag from /home/airflow/.local/lib/python3.7/site-packages/airflow/example_dags/example_trigger_target_dag.py
[2023-02-28T17:57:20.875+0000] {processor.py:753} INFO - DAG(s) dict_keys(['example_trigger_target_dag']) retrieved from /home/airflow/.local/lib/python3.7/site-packages/airflow/example_dags/example_trigger_target_dag.py
[2023-02-28T17:57:20.892+0000] {logging_mixin.py:137} INFO - [2023-02-28T17:57:20.892+0000] {dag.py:2690} INFO - Sync 1 DAGs
[2023-02-28T17:57:20.904+0000] {logging_mixin.py:137} INFO - [2023-02-28T17:57:20.904+0000] {dag.py:3441} INFO - Setting next_dagrun for example_trigger_target_dag to None, run_after=None
[2023-02-28T17:57:20.913+0000] {processor.py:175} INFO - Processing /home/airflow/.local/lib/python3.7/site-packages/airflow/example_dags/example_trigger_target_dag.py took 0.054 seconds
[2023-02-28T17:57:51.125+0000] {processor.py:153} INFO - Started process (PID=981) to work on /home/airflow/.local/lib/python3.7/site-packages/airflow/example_dags/example_trigger_target_dag.py
[2023-02-28T17:57:51.125+0000] {processor.py:743} INFO - Processing file /home/airflow/.local/lib/python3.7/site-packages/airflow/example_dags/example_trigger_target_dag.py for tasks to queue
[2023-02-28T17:57:51.126+0000] {logging_mixin.py:137} INFO - [2023-02-28T17:57:51.126+0000] {dagbag.py:538} INFO - Filling up the DagBag from /home/airflow/.local/lib/python3.7/site-packages/airflow/example_dags/example_trigger_target_dag.py
[2023-02-28T17:57:51.138+0000] {processor.py:753} INFO - DAG(s) dict_keys(['example_trigger_target_dag']) retrieved from /home/airflow/.local/lib/python3.7/site-packages/airflow/example_dags/example_trigger_target_dag.py
[2023-02-28T17:57:51.155+0000] {logging_mixin.py:137} INFO - [2023-02-28T17:57:51.155+0000] {dag.py:2690} INFO - Sync 1 DAGs
[2023-02-28T17:57:51.168+0000] {logging_mixin.py:137} INFO - [2023-02-28T17:57:51.168+0000] {dag.py:3441} INFO - Setting next_dagrun for example_trigger_target_dag to None, run_after=None
[2023-02-28T17:57:51.179+0000] {processor.py:175} INFO - Processing /home/airflow/.local/lib/python3.7/site-packages/airflow/example_dags/example_trigger_target_dag.py took 0.057 seconds
[2023-02-28T17:58:22.271+0000] {processor.py:153} INFO - Started process (PID=1048) to work on /home/airflow/.local/lib/python3.7/site-packages/airflow/example_dags/example_trigger_target_dag.py
[2023-02-28T17:58:22.272+0000] {processor.py:743} INFO - Processing file /home/airflow/.local/lib/python3.7/site-packages/airflow/example_dags/example_trigger_target_dag.py for tasks to queue
[2023-02-28T17:58:22.273+0000] {logging_mixin.py:137} INFO - [2023-02-28T17:58:22.273+0000] {dagbag.py:538} INFO - Filling up the DagBag from /home/airflow/.local/lib/python3.7/site-packages/airflow/example_dags/example_trigger_target_dag.py
[2023-02-28T17:58:22.285+0000] {processor.py:753} INFO - DAG(s) dict_keys(['example_trigger_target_dag']) retrieved from /home/airflow/.local/lib/python3.7/site-packages/airflow/example_dags/example_trigger_target_dag.py
[2023-02-28T17:58:22.304+0000] {logging_mixin.py:137} INFO - [2023-02-28T17:58:22.303+0000] {dag.py:2690} INFO - Sync 1 DAGs
[2023-02-28T17:58:22.317+0000] {logging_mixin.py:137} INFO - [2023-02-28T17:58:22.317+0000] {dag.py:3441} INFO - Setting next_dagrun for example_trigger_target_dag to None, run_after=None
[2023-02-28T17:58:22.326+0000] {processor.py:175} INFO - Processing /home/airflow/.local/lib/python3.7/site-packages/airflow/example_dags/example_trigger_target_dag.py took 0.057 seconds
[2023-02-28T17:58:52.516+0000] {processor.py:153} INFO - Started process (PID=1128) to work on /home/airflow/.local/lib/python3.7/site-packages/airflow/example_dags/example_trigger_target_dag.py
[2023-02-28T17:58:52.517+0000] {processor.py:743} INFO - Processing file /home/airflow/.local/lib/python3.7/site-packages/airflow/example_dags/example_trigger_target_dag.py for tasks to queue
[2023-02-28T17:58:52.518+0000] {logging_mixin.py:137} INFO - [2023-02-28T17:58:52.518+0000] {dagbag.py:538} INFO - Filling up the DagBag from /home/airflow/.local/lib/python3.7/site-packages/airflow/example_dags/example_trigger_target_dag.py
[2023-02-28T17:58:52.529+0000] {processor.py:753} INFO - DAG(s) dict_keys(['example_trigger_target_dag']) retrieved from /home/airflow/.local/lib/python3.7/site-packages/airflow/example_dags/example_trigger_target_dag.py
[2023-02-28T17:58:52.547+0000] {logging_mixin.py:137} INFO - [2023-02-28T17:58:52.547+0000] {dag.py:2690} INFO - Sync 1 DAGs
[2023-02-28T17:58:52.561+0000] {logging_mixin.py:137} INFO - [2023-02-28T17:58:52.561+0000] {dag.py:3441} INFO - Setting next_dagrun for example_trigger_target_dag to None, run_after=None
[2023-02-28T17:58:52.570+0000] {processor.py:175} INFO - Processing /home/airflow/.local/lib/python3.7/site-packages/airflow/example_dags/example_trigger_target_dag.py took 0.057 seconds
[2023-02-28T17:59:22.629+0000] {processor.py:153} INFO - Started process (PID=1207) to work on /home/airflow/.local/lib/python3.7/site-packages/airflow/example_dags/example_trigger_target_dag.py
[2023-02-28T17:59:22.631+0000] {processor.py:743} INFO - Processing file /home/airflow/.local/lib/python3.7/site-packages/airflow/example_dags/example_trigger_target_dag.py for tasks to queue
[2023-02-28T17:59:22.632+0000] {logging_mixin.py:137} INFO - [2023-02-28T17:59:22.632+0000] {dagbag.py:538} INFO - Filling up the DagBag from /home/airflow/.local/lib/python3.7/site-packages/airflow/example_dags/example_trigger_target_dag.py
[2023-02-28T17:59:22.654+0000] {processor.py:753} INFO - DAG(s) dict_keys(['example_trigger_target_dag']) retrieved from /home/airflow/.local/lib/python3.7/site-packages/airflow/example_dags/example_trigger_target_dag.py
[2023-02-28T17:59:22.673+0000] {logging_mixin.py:137} INFO - [2023-02-28T17:59:22.672+0000] {dag.py:2690} INFO - Sync 1 DAGs
[2023-02-28T17:59:22.685+0000] {logging_mixin.py:137} INFO - [2023-02-28T17:59:22.685+0000] {dag.py:3441} INFO - Setting next_dagrun for example_trigger_target_dag to None, run_after=None
[2023-02-28T17:59:22.696+0000] {processor.py:175} INFO - Processing /home/airflow/.local/lib/python3.7/site-packages/airflow/example_dags/example_trigger_target_dag.py took 0.070 seconds
[2023-02-28T17:59:52.756+0000] {processor.py:153} INFO - Started process (PID=1287) to work on /home/airflow/.local/lib/python3.7/site-packages/airflow/example_dags/example_trigger_target_dag.py
[2023-02-28T17:59:52.757+0000] {processor.py:743} INFO - Processing file /home/airflow/.local/lib/python3.7/site-packages/airflow/example_dags/example_trigger_target_dag.py for tasks to queue
[2023-02-28T17:59:52.758+0000] {logging_mixin.py:137} INFO - [2023-02-28T17:59:52.758+0000] {dagbag.py:538} INFO - Filling up the DagBag from /home/airflow/.local/lib/python3.7/site-packages/airflow/example_dags/example_trigger_target_dag.py
[2023-02-28T17:59:52.774+0000] {processor.py:753} INFO - DAG(s) dict_keys(['example_trigger_target_dag']) retrieved from /home/airflow/.local/lib/python3.7/site-packages/airflow/example_dags/example_trigger_target_dag.py
[2023-02-28T17:59:52.798+0000] {logging_mixin.py:137} INFO - [2023-02-28T17:59:52.798+0000] {dag.py:2690} INFO - Sync 1 DAGs
[2023-02-28T17:59:52.813+0000] {logging_mixin.py:137} INFO - [2023-02-28T17:59:52.813+0000] {dag.py:3441} INFO - Setting next_dagrun for example_trigger_target_dag to None, run_after=None
[2023-02-28T17:59:52.824+0000] {processor.py:175} INFO - Processing /home/airflow/.local/lib/python3.7/site-packages/airflow/example_dags/example_trigger_target_dag.py took 0.072 seconds
[2023-02-28T18:00:23.020+0000] {processor.py:153} INFO - Started process (PID=1354) to work on /home/airflow/.local/lib/python3.7/site-packages/airflow/example_dags/example_trigger_target_dag.py
[2023-02-28T18:00:23.021+0000] {processor.py:743} INFO - Processing file /home/airflow/.local/lib/python3.7/site-packages/airflow/example_dags/example_trigger_target_dag.py for tasks to queue
[2023-02-28T18:00:23.022+0000] {logging_mixin.py:137} INFO - [2023-02-28T18:00:23.022+0000] {dagbag.py:538} INFO - Filling up the DagBag from /home/airflow/.local/lib/python3.7/site-packages/airflow/example_dags/example_trigger_target_dag.py
[2023-02-28T18:00:23.034+0000] {processor.py:753} INFO - DAG(s) dict_keys(['example_trigger_target_dag']) retrieved from /home/airflow/.local/lib/python3.7/site-packages/airflow/example_dags/example_trigger_target_dag.py
[2023-02-28T18:00:23.052+0000] {logging_mixin.py:137} INFO - [2023-02-28T18:00:23.052+0000] {dag.py:2690} INFO - Sync 1 DAGs
[2023-02-28T18:00:23.064+0000] {logging_mixin.py:137} INFO - [2023-02-28T18:00:23.064+0000] {dag.py:3441} INFO - Setting next_dagrun for example_trigger_target_dag to None, run_after=None
[2023-02-28T18:00:23.074+0000] {processor.py:175} INFO - Processing /home/airflow/.local/lib/python3.7/site-packages/airflow/example_dags/example_trigger_target_dag.py took 0.056 seconds
[2023-02-28T18:00:53.254+0000] {processor.py:153} INFO - Started process (PID=1434) to work on /home/airflow/.local/lib/python3.7/site-packages/airflow/example_dags/example_trigger_target_dag.py
[2023-02-28T18:00:53.254+0000] {processor.py:743} INFO - Processing file /home/airflow/.local/lib/python3.7/site-packages/airflow/example_dags/example_trigger_target_dag.py for tasks to queue
[2023-02-28T18:00:53.255+0000] {logging_mixin.py:137} INFO - [2023-02-28T18:00:53.255+0000] {dagbag.py:538} INFO - Filling up the DagBag from /home/airflow/.local/lib/python3.7/site-packages/airflow/example_dags/example_trigger_target_dag.py
[2023-02-28T18:00:53.267+0000] {processor.py:753} INFO - DAG(s) dict_keys(['example_trigger_target_dag']) retrieved from /home/airflow/.local/lib/python3.7/site-packages/airflow/example_dags/example_trigger_target_dag.py
[2023-02-28T18:00:53.284+0000] {logging_mixin.py:137} INFO - [2023-02-28T18:00:53.284+0000] {dag.py:2690} INFO - Sync 1 DAGs
[2023-02-28T18:00:53.297+0000] {logging_mixin.py:137} INFO - [2023-02-28T18:00:53.297+0000] {dag.py:3441} INFO - Setting next_dagrun for example_trigger_target_dag to None, run_after=None
[2023-02-28T18:00:53.308+0000] {processor.py:175} INFO - Processing /home/airflow/.local/lib/python3.7/site-packages/airflow/example_dags/example_trigger_target_dag.py took 0.057 seconds
[2023-02-28T18:01:23.859+0000] {processor.py:153} INFO - Started process (PID=1514) to work on /home/airflow/.local/lib/python3.7/site-packages/airflow/example_dags/example_trigger_target_dag.py
[2023-02-28T18:01:23.861+0000] {processor.py:743} INFO - Processing file /home/airflow/.local/lib/python3.7/site-packages/airflow/example_dags/example_trigger_target_dag.py for tasks to queue
[2023-02-28T18:01:23.862+0000] {logging_mixin.py:137} INFO - [2023-02-28T18:01:23.862+0000] {dagbag.py:538} INFO - Filling up the DagBag from /home/airflow/.local/lib/python3.7/site-packages/airflow/example_dags/example_trigger_target_dag.py
[2023-02-28T18:01:23.875+0000] {processor.py:753} INFO - DAG(s) dict_keys(['example_trigger_target_dag']) retrieved from /home/airflow/.local/lib/python3.7/site-packages/airflow/example_dags/example_trigger_target_dag.py
[2023-02-28T18:01:23.893+0000] {logging_mixin.py:137} INFO - [2023-02-28T18:01:23.893+0000] {dag.py:2690} INFO - Sync 1 DAGs
[2023-02-28T18:01:23.906+0000] {logging_mixin.py:137} INFO - [2023-02-28T18:01:23.906+0000] {dag.py:3441} INFO - Setting next_dagrun for example_trigger_target_dag to None, run_after=None
[2023-02-28T18:01:23.917+0000] {processor.py:175} INFO - Processing /home/airflow/.local/lib/python3.7/site-packages/airflow/example_dags/example_trigger_target_dag.py took 0.060 seconds
