[2023-02-28T17:48:40.169+0000] {processor.py:153} INFO - Started process (PID=53) to work on /home/airflow/.local/lib/python3.7/site-packages/airflow/example_dags/example_datasets.py
[2023-02-28T17:48:40.170+0000] {processor.py:743} INFO - Processing file /home/airflow/.local/lib/python3.7/site-packages/airflow/example_dags/example_datasets.py for tasks to queue
[2023-02-28T17:48:40.171+0000] {logging_mixin.py:137} INFO - [2023-02-28T17:48:40.171+0000] {dagbag.py:538} INFO - Filling up the DagBag from /home/airflow/.local/lib/python3.7/site-packages/airflow/example_dags/example_datasets.py
[2023-02-28T17:48:40.195+0000] {processor.py:753} INFO - DAG(s) dict_keys(['dataset_consumes_1', 'dataset_consumes_unknown_never_scheduled', 'dataset_produces_1', 'dataset_consumes_1_never_scheduled', 'dataset_consumes_1_and_2', 'dataset_produces_2']) retrieved from /home/airflow/.local/lib/python3.7/site-packages/airflow/example_dags/example_datasets.py
[2023-02-28T17:48:40.288+0000] {logging_mixin.py:137} INFO - [2023-02-28T17:48:40.287+0000] {manager.py:504} INFO - Created Permission View: can edit on DAG:dataset_consumes_1
[2023-02-28T17:48:40.298+0000] {logging_mixin.py:137} INFO - [2023-02-28T17:48:40.298+0000] {manager.py:504} INFO - Created Permission View: can read on DAG:dataset_consumes_1
[2023-02-28T17:48:40.303+0000] {logging_mixin.py:137} INFO - [2023-02-28T17:48:40.303+0000] {manager.py:504} INFO - Created Permission View: can delete on DAG:dataset_consumes_1
[2023-02-28T17:48:40.314+0000] {logging_mixin.py:137} INFO - [2023-02-28T17:48:40.314+0000] {manager.py:504} INFO - Created Permission View: can edit on DAG:dataset_consumes_unknown_never_scheduled
[2023-02-28T17:48:40.318+0000] {logging_mixin.py:137} INFO - [2023-02-28T17:48:40.318+0000] {manager.py:504} INFO - Created Permission View: can read on DAG:dataset_consumes_unknown_never_scheduled
[2023-02-28T17:48:40.322+0000] {logging_mixin.py:137} INFO - [2023-02-28T17:48:40.322+0000] {manager.py:504} INFO - Created Permission View: can delete on DAG:dataset_consumes_unknown_never_scheduled
[2023-02-28T17:48:40.331+0000] {logging_mixin.py:137} INFO - [2023-02-28T17:48:40.330+0000] {manager.py:504} INFO - Created Permission View: can edit on DAG:dataset_produces_1
[2023-02-28T17:48:40.335+0000] {logging_mixin.py:137} INFO - [2023-02-28T17:48:40.335+0000] {manager.py:504} INFO - Created Permission View: can read on DAG:dataset_produces_1
[2023-02-28T17:48:40.339+0000] {logging_mixin.py:137} INFO - [2023-02-28T17:48:40.339+0000] {manager.py:504} INFO - Created Permission View: can delete on DAG:dataset_produces_1
[2023-02-28T17:48:40.347+0000] {logging_mixin.py:137} INFO - [2023-02-28T17:48:40.347+0000] {manager.py:504} INFO - Created Permission View: can edit on DAG:dataset_consumes_1_never_scheduled
[2023-02-28T17:48:40.352+0000] {logging_mixin.py:137} INFO - [2023-02-28T17:48:40.352+0000] {manager.py:504} INFO - Created Permission View: can read on DAG:dataset_consumes_1_never_scheduled
[2023-02-28T17:48:40.356+0000] {logging_mixin.py:137} INFO - [2023-02-28T17:48:40.356+0000] {manager.py:504} INFO - Created Permission View: can delete on DAG:dataset_consumes_1_never_scheduled
[2023-02-28T17:48:40.364+0000] {logging_mixin.py:137} INFO - [2023-02-28T17:48:40.364+0000] {manager.py:504} INFO - Created Permission View: can edit on DAG:dataset_consumes_1_and_2
[2023-02-28T17:48:40.368+0000] {logging_mixin.py:137} INFO - [2023-02-28T17:48:40.368+0000] {manager.py:504} INFO - Created Permission View: can read on DAG:dataset_consumes_1_and_2
[2023-02-28T17:48:40.373+0000] {logging_mixin.py:137} INFO - [2023-02-28T17:48:40.373+0000] {manager.py:504} INFO - Created Permission View: can delete on DAG:dataset_consumes_1_and_2
[2023-02-28T17:48:40.380+0000] {logging_mixin.py:137} INFO - [2023-02-28T17:48:40.380+0000] {manager.py:504} INFO - Created Permission View: can edit on DAG:dataset_produces_2
[2023-02-28T17:48:40.384+0000] {logging_mixin.py:137} INFO - [2023-02-28T17:48:40.383+0000] {manager.py:504} INFO - Created Permission View: can read on DAG:dataset_produces_2
[2023-02-28T17:48:40.388+0000] {logging_mixin.py:137} INFO - [2023-02-28T17:48:40.388+0000] {manager.py:504} INFO - Created Permission View: can delete on DAG:dataset_produces_2
[2023-02-28T17:48:40.389+0000] {logging_mixin.py:137} INFO - [2023-02-28T17:48:40.389+0000] {dag.py:2690} INFO - Sync 6 DAGs
[2023-02-28T17:48:40.400+0000] {logging_mixin.py:137} INFO - [2023-02-28T17:48:40.400+0000] {dag.py:2711} INFO - Creating ORM DAG for dataset_consumes_1_never_scheduled
[2023-02-28T17:48:40.401+0000] {logging_mixin.py:137} INFO - [2023-02-28T17:48:40.401+0000] {dag.py:2711} INFO - Creating ORM DAG for dataset_produces_1
[2023-02-28T17:48:40.402+0000] {logging_mixin.py:137} INFO - [2023-02-28T17:48:40.402+0000] {dag.py:2711} INFO - Creating ORM DAG for dataset_consumes_1_and_2
[2023-02-28T17:48:40.403+0000] {logging_mixin.py:137} INFO - [2023-02-28T17:48:40.403+0000] {dag.py:2711} INFO - Creating ORM DAG for dataset_consumes_unknown_never_scheduled
[2023-02-28T17:48:40.403+0000] {logging_mixin.py:137} INFO - [2023-02-28T17:48:40.403+0000] {dag.py:2711} INFO - Creating ORM DAG for dataset_produces_2
[2023-02-28T17:48:40.404+0000] {logging_mixin.py:137} INFO - [2023-02-28T17:48:40.404+0000] {dag.py:2711} INFO - Creating ORM DAG for dataset_consumes_1
[2023-02-28T17:48:40.411+0000] {logging_mixin.py:137} INFO - [2023-02-28T17:48:40.411+0000] {dag.py:3441} INFO - Setting next_dagrun for dataset_consumes_1 to None, run_after=None
[2023-02-28T17:48:40.412+0000] {logging_mixin.py:137} INFO - [2023-02-28T17:48:40.412+0000] {dag.py:3441} INFO - Setting next_dagrun for dataset_consumes_1_and_2 to None, run_after=None
[2023-02-28T17:48:40.413+0000] {logging_mixin.py:137} INFO - [2023-02-28T17:48:40.412+0000] {dag.py:3441} INFO - Setting next_dagrun for dataset_consumes_1_never_scheduled to None, run_after=None
[2023-02-28T17:48:40.413+0000] {logging_mixin.py:137} INFO - [2023-02-28T17:48:40.413+0000] {dag.py:3441} INFO - Setting next_dagrun for dataset_consumes_unknown_never_scheduled to None, run_after=None
[2023-02-28T17:48:40.415+0000] {logging_mixin.py:137} INFO - [2023-02-28T17:48:40.415+0000] {dag.py:3441} INFO - Setting next_dagrun for dataset_produces_1 to 2023-02-27T00:00:00+00:00, run_after=2023-02-28T00:00:00+00:00
[2023-02-28T17:48:40.416+0000] {logging_mixin.py:137} INFO - [2023-02-28T17:48:40.415+0000] {dag.py:3441} INFO - Setting next_dagrun for dataset_produces_2 to None, run_after=None
[2023-02-28T17:48:40.437+0000] {processor.py:175} INFO - Processing /home/airflow/.local/lib/python3.7/site-packages/airflow/example_dags/example_datasets.py took 0.271 seconds
[2023-02-28T17:49:11.321+0000] {processor.py:153} INFO - Started process (PID=134) to work on /home/airflow/.local/lib/python3.7/site-packages/airflow/example_dags/example_datasets.py
[2023-02-28T17:49:11.322+0000] {processor.py:743} INFO - Processing file /home/airflow/.local/lib/python3.7/site-packages/airflow/example_dags/example_datasets.py for tasks to queue
[2023-02-28T17:49:11.323+0000] {logging_mixin.py:137} INFO - [2023-02-28T17:49:11.323+0000] {dagbag.py:538} INFO - Filling up the DagBag from /home/airflow/.local/lib/python3.7/site-packages/airflow/example_dags/example_datasets.py
[2023-02-28T17:49:11.335+0000] {processor.py:753} INFO - DAG(s) dict_keys(['dataset_consumes_1', 'dataset_produces_2', 'dataset_consumes_1_never_scheduled', 'dataset_produces_1', 'dataset_consumes_1_and_2', 'dataset_consumes_unknown_never_scheduled']) retrieved from /home/airflow/.local/lib/python3.7/site-packages/airflow/example_dags/example_datasets.py
[2023-02-28T17:49:11.369+0000] {logging_mixin.py:137} INFO - [2023-02-28T17:49:11.369+0000] {dag.py:2690} INFO - Sync 6 DAGs
[2023-02-28T17:49:11.384+0000] {logging_mixin.py:137} INFO - [2023-02-28T17:49:11.384+0000] {dag.py:3441} INFO - Setting next_dagrun for dataset_consumes_1 to None, run_after=None
[2023-02-28T17:49:11.387+0000] {logging_mixin.py:137} INFO - [2023-02-28T17:49:11.387+0000] {dag.py:3441} INFO - Setting next_dagrun for dataset_consumes_1_and_2 to None, run_after=None
[2023-02-28T17:49:11.388+0000] {logging_mixin.py:137} INFO - [2023-02-28T17:49:11.388+0000] {dag.py:3441} INFO - Setting next_dagrun for dataset_consumes_1_never_scheduled to None, run_after=None
[2023-02-28T17:49:11.390+0000] {logging_mixin.py:137} INFO - [2023-02-28T17:49:11.390+0000] {dag.py:3441} INFO - Setting next_dagrun for dataset_consumes_unknown_never_scheduled to None, run_after=None
[2023-02-28T17:49:11.392+0000] {logging_mixin.py:137} INFO - [2023-02-28T17:49:11.392+0000] {dag.py:3441} INFO - Setting next_dagrun for dataset_produces_1 to 2023-02-27T00:00:00+00:00, run_after=2023-02-28T00:00:00+00:00
[2023-02-28T17:49:11.393+0000] {logging_mixin.py:137} INFO - [2023-02-28T17:49:11.393+0000] {dag.py:3441} INFO - Setting next_dagrun for dataset_produces_2 to None, run_after=None
[2023-02-28T17:49:11.414+0000] {processor.py:175} INFO - Processing /home/airflow/.local/lib/python3.7/site-packages/airflow/example_dags/example_datasets.py took 0.095 seconds
[2023-02-28T17:49:41.437+0000] {processor.py:153} INFO - Started process (PID=214) to work on /home/airflow/.local/lib/python3.7/site-packages/airflow/example_dags/example_datasets.py
[2023-02-28T17:49:41.438+0000] {processor.py:743} INFO - Processing file /home/airflow/.local/lib/python3.7/site-packages/airflow/example_dags/example_datasets.py for tasks to queue
[2023-02-28T17:49:41.438+0000] {logging_mixin.py:137} INFO - [2023-02-28T17:49:41.438+0000] {dagbag.py:538} INFO - Filling up the DagBag from /home/airflow/.local/lib/python3.7/site-packages/airflow/example_dags/example_datasets.py
[2023-02-28T17:49:41.448+0000] {processor.py:753} INFO - DAG(s) dict_keys(['dataset_consumes_1', 'dataset_consumes_1_and_2', 'dataset_produces_2', 'dataset_consumes_unknown_never_scheduled', 'dataset_consumes_1_never_scheduled', 'dataset_produces_1']) retrieved from /home/airflow/.local/lib/python3.7/site-packages/airflow/example_dags/example_datasets.py
[2023-02-28T17:49:41.476+0000] {logging_mixin.py:137} INFO - [2023-02-28T17:49:41.476+0000] {dag.py:2690} INFO - Sync 6 DAGs
[2023-02-28T17:49:41.491+0000] {logging_mixin.py:137} INFO - [2023-02-28T17:49:41.491+0000] {dag.py:3441} INFO - Setting next_dagrun for dataset_consumes_1 to None, run_after=None
[2023-02-28T17:49:41.494+0000] {logging_mixin.py:137} INFO - [2023-02-28T17:49:41.493+0000] {dag.py:3441} INFO - Setting next_dagrun for dataset_consumes_1_and_2 to None, run_after=None
[2023-02-28T17:49:41.495+0000] {logging_mixin.py:137} INFO - [2023-02-28T17:49:41.495+0000] {dag.py:3441} INFO - Setting next_dagrun for dataset_consumes_1_never_scheduled to None, run_after=None
[2023-02-28T17:49:41.496+0000] {logging_mixin.py:137} INFO - [2023-02-28T17:49:41.495+0000] {dag.py:3441} INFO - Setting next_dagrun for dataset_consumes_unknown_never_scheduled to None, run_after=None
[2023-02-28T17:49:41.498+0000] {logging_mixin.py:137} INFO - [2023-02-28T17:49:41.498+0000] {dag.py:3441} INFO - Setting next_dagrun for dataset_produces_1 to 2023-02-27T00:00:00+00:00, run_after=2023-02-28T00:00:00+00:00
[2023-02-28T17:49:41.499+0000] {logging_mixin.py:137} INFO - [2023-02-28T17:49:41.499+0000] {dag.py:3441} INFO - Setting next_dagrun for dataset_produces_2 to None, run_after=None
[2023-02-28T17:49:41.518+0000] {processor.py:175} INFO - Processing /home/airflow/.local/lib/python3.7/site-packages/airflow/example_dags/example_datasets.py took 0.083 seconds
[2023-02-28T17:50:11.791+0000] {processor.py:153} INFO - Started process (PID=281) to work on /home/airflow/.local/lib/python3.7/site-packages/airflow/example_dags/example_datasets.py
[2023-02-28T17:50:11.792+0000] {processor.py:743} INFO - Processing file /home/airflow/.local/lib/python3.7/site-packages/airflow/example_dags/example_datasets.py for tasks to queue
[2023-02-28T17:50:11.792+0000] {logging_mixin.py:137} INFO - [2023-02-28T17:50:11.792+0000] {dagbag.py:538} INFO - Filling up the DagBag from /home/airflow/.local/lib/python3.7/site-packages/airflow/example_dags/example_datasets.py
[2023-02-28T17:50:11.803+0000] {processor.py:753} INFO - DAG(s) dict_keys(['dataset_produces_2', 'dataset_consumes_1_and_2', 'dataset_consumes_1', 'dataset_produces_1', 'dataset_consumes_1_never_scheduled', 'dataset_consumes_unknown_never_scheduled']) retrieved from /home/airflow/.local/lib/python3.7/site-packages/airflow/example_dags/example_datasets.py
[2023-02-28T17:50:11.830+0000] {logging_mixin.py:137} INFO - [2023-02-28T17:50:11.830+0000] {dag.py:2690} INFO - Sync 6 DAGs
[2023-02-28T17:50:11.845+0000] {logging_mixin.py:137} INFO - [2023-02-28T17:50:11.845+0000] {dag.py:3441} INFO - Setting next_dagrun for dataset_consumes_1 to None, run_after=None
[2023-02-28T17:50:11.847+0000] {logging_mixin.py:137} INFO - [2023-02-28T17:50:11.847+0000] {dag.py:3441} INFO - Setting next_dagrun for dataset_consumes_1_and_2 to None, run_after=None
[2023-02-28T17:50:11.849+0000] {logging_mixin.py:137} INFO - [2023-02-28T17:50:11.849+0000] {dag.py:3441} INFO - Setting next_dagrun for dataset_consumes_1_never_scheduled to None, run_after=None
[2023-02-28T17:50:11.850+0000] {logging_mixin.py:137} INFO - [2023-02-28T17:50:11.850+0000] {dag.py:3441} INFO - Setting next_dagrun for dataset_consumes_unknown_never_scheduled to None, run_after=None
[2023-02-28T17:50:11.852+0000] {logging_mixin.py:137} INFO - [2023-02-28T17:50:11.852+0000] {dag.py:3441} INFO - Setting next_dagrun for dataset_produces_1 to 2023-02-27T00:00:00+00:00, run_after=2023-02-28T00:00:00+00:00
[2023-02-28T17:50:11.853+0000] {logging_mixin.py:137} INFO - [2023-02-28T17:50:11.853+0000] {dag.py:3441} INFO - Setting next_dagrun for dataset_produces_2 to None, run_after=None
[2023-02-28T17:50:11.870+0000] {processor.py:175} INFO - Processing /home/airflow/.local/lib/python3.7/site-packages/airflow/example_dags/example_datasets.py took 0.082 seconds
[2023-02-28T17:50:42.219+0000] {processor.py:153} INFO - Started process (PID=362) to work on /home/airflow/.local/lib/python3.7/site-packages/airflow/example_dags/example_datasets.py
[2023-02-28T17:50:42.221+0000] {processor.py:743} INFO - Processing file /home/airflow/.local/lib/python3.7/site-packages/airflow/example_dags/example_datasets.py for tasks to queue
[2023-02-28T17:50:42.221+0000] {logging_mixin.py:137} INFO - [2023-02-28T17:50:42.221+0000] {dagbag.py:538} INFO - Filling up the DagBag from /home/airflow/.local/lib/python3.7/site-packages/airflow/example_dags/example_datasets.py
[2023-02-28T17:50:42.231+0000] {processor.py:753} INFO - DAG(s) dict_keys(['dataset_produces_1', 'dataset_consumes_1_and_2', 'dataset_consumes_unknown_never_scheduled', 'dataset_produces_2', 'dataset_consumes_1', 'dataset_consumes_1_never_scheduled']) retrieved from /home/airflow/.local/lib/python3.7/site-packages/airflow/example_dags/example_datasets.py
[2023-02-28T17:50:42.257+0000] {logging_mixin.py:137} INFO - [2023-02-28T17:50:42.257+0000] {dag.py:2690} INFO - Sync 6 DAGs
[2023-02-28T17:50:42.272+0000] {logging_mixin.py:137} INFO - [2023-02-28T17:50:42.272+0000] {dag.py:3441} INFO - Setting next_dagrun for dataset_consumes_1 to None, run_after=None
[2023-02-28T17:50:42.274+0000] {logging_mixin.py:137} INFO - [2023-02-28T17:50:42.274+0000] {dag.py:3441} INFO - Setting next_dagrun for dataset_consumes_1_and_2 to None, run_after=None
[2023-02-28T17:50:42.275+0000] {logging_mixin.py:137} INFO - [2023-02-28T17:50:42.275+0000] {dag.py:3441} INFO - Setting next_dagrun for dataset_consumes_1_never_scheduled to None, run_after=None
[2023-02-28T17:50:42.277+0000] {logging_mixin.py:137} INFO - [2023-02-28T17:50:42.277+0000] {dag.py:3441} INFO - Setting next_dagrun for dataset_consumes_unknown_never_scheduled to None, run_after=None
[2023-02-28T17:50:42.278+0000] {logging_mixin.py:137} INFO - [2023-02-28T17:50:42.278+0000] {dag.py:3441} INFO - Setting next_dagrun for dataset_produces_1 to 2023-02-27T00:00:00+00:00, run_after=2023-02-28T00:00:00+00:00
[2023-02-28T17:50:42.279+0000] {logging_mixin.py:137} INFO - [2023-02-28T17:50:42.279+0000] {dag.py:3441} INFO - Setting next_dagrun for dataset_produces_2 to None, run_after=None
[2023-02-28T17:50:42.297+0000] {processor.py:175} INFO - Processing /home/airflow/.local/lib/python3.7/site-packages/airflow/example_dags/example_datasets.py took 0.080 seconds
[2023-02-28T17:51:44.631+0000] {processor.py:153} INFO - Started process (PID=53) to work on /home/airflow/.local/lib/python3.7/site-packages/airflow/example_dags/example_datasets.py
[2023-02-28T17:51:44.633+0000] {processor.py:743} INFO - Processing file /home/airflow/.local/lib/python3.7/site-packages/airflow/example_dags/example_datasets.py for tasks to queue
[2023-02-28T17:51:44.634+0000] {logging_mixin.py:137} INFO - [2023-02-28T17:51:44.634+0000] {dagbag.py:538} INFO - Filling up the DagBag from /home/airflow/.local/lib/python3.7/site-packages/airflow/example_dags/example_datasets.py
[2023-02-28T17:51:44.655+0000] {processor.py:753} INFO - DAG(s) dict_keys(['dataset_produces_2', 'dataset_consumes_1_and_2', 'dataset_produces_1', 'dataset_consumes_1', 'dataset_consumes_1_never_scheduled', 'dataset_consumes_unknown_never_scheduled']) retrieved from /home/airflow/.local/lib/python3.7/site-packages/airflow/example_dags/example_datasets.py
[2023-02-28T17:51:44.680+0000] {logging_mixin.py:137} INFO - [2023-02-28T17:51:44.680+0000] {dag.py:2690} INFO - Sync 6 DAGs
[2023-02-28T17:51:44.701+0000] {logging_mixin.py:137} INFO - [2023-02-28T17:51:44.701+0000] {dag.py:3441} INFO - Setting next_dagrun for dataset_consumes_1 to None, run_after=None
[2023-02-28T17:51:44.705+0000] {logging_mixin.py:137} INFO - [2023-02-28T17:51:44.705+0000] {dag.py:3441} INFO - Setting next_dagrun for dataset_consumes_1_and_2 to None, run_after=None
[2023-02-28T17:51:44.706+0000] {logging_mixin.py:137} INFO - [2023-02-28T17:51:44.706+0000] {dag.py:3441} INFO - Setting next_dagrun for dataset_consumes_1_never_scheduled to None, run_after=None
[2023-02-28T17:51:44.708+0000] {logging_mixin.py:137} INFO - [2023-02-28T17:51:44.708+0000] {dag.py:3441} INFO - Setting next_dagrun for dataset_consumes_unknown_never_scheduled to None, run_after=None
[2023-02-28T17:51:44.709+0000] {logging_mixin.py:137} INFO - [2023-02-28T17:51:44.709+0000] {dag.py:3441} INFO - Setting next_dagrun for dataset_produces_1 to 2023-02-27T00:00:00+00:00, run_after=2023-02-28T00:00:00+00:00
[2023-02-28T17:51:44.710+0000] {logging_mixin.py:137} INFO - [2023-02-28T17:51:44.710+0000] {dag.py:3441} INFO - Setting next_dagrun for dataset_produces_2 to None, run_after=None
[2023-02-28T17:51:44.729+0000] {processor.py:175} INFO - Processing /home/airflow/.local/lib/python3.7/site-packages/airflow/example_dags/example_datasets.py took 0.101 seconds
[2023-02-28T17:52:15.067+0000] {processor.py:153} INFO - Started process (PID=133) to work on /home/airflow/.local/lib/python3.7/site-packages/airflow/example_dags/example_datasets.py
[2023-02-28T17:52:15.068+0000] {processor.py:743} INFO - Processing file /home/airflow/.local/lib/python3.7/site-packages/airflow/example_dags/example_datasets.py for tasks to queue
[2023-02-28T17:52:15.069+0000] {logging_mixin.py:137} INFO - [2023-02-28T17:52:15.069+0000] {dagbag.py:538} INFO - Filling up the DagBag from /home/airflow/.local/lib/python3.7/site-packages/airflow/example_dags/example_datasets.py
[2023-02-28T17:52:15.078+0000] {processor.py:753} INFO - DAG(s) dict_keys(['dataset_produces_2', 'dataset_produces_1', 'dataset_consumes_1', 'dataset_consumes_1_never_scheduled', 'dataset_consumes_1_and_2', 'dataset_consumes_unknown_never_scheduled']) retrieved from /home/airflow/.local/lib/python3.7/site-packages/airflow/example_dags/example_datasets.py
[2023-02-28T17:52:15.127+0000] {logging_mixin.py:137} INFO - [2023-02-28T17:52:15.127+0000] {dag.py:2690} INFO - Sync 6 DAGs
[2023-02-28T17:52:15.139+0000] {logging_mixin.py:137} INFO - [2023-02-28T17:52:15.139+0000] {dag.py:3441} INFO - Setting next_dagrun for dataset_consumes_1 to None, run_after=None
[2023-02-28T17:52:15.141+0000] {logging_mixin.py:137} INFO - [2023-02-28T17:52:15.141+0000] {dag.py:3441} INFO - Setting next_dagrun for dataset_consumes_1_and_2 to None, run_after=None
[2023-02-28T17:52:15.142+0000] {logging_mixin.py:137} INFO - [2023-02-28T17:52:15.142+0000] {dag.py:3441} INFO - Setting next_dagrun for dataset_consumes_1_never_scheduled to None, run_after=None
[2023-02-28T17:52:15.143+0000] {logging_mixin.py:137} INFO - [2023-02-28T17:52:15.143+0000] {dag.py:3441} INFO - Setting next_dagrun for dataset_consumes_unknown_never_scheduled to None, run_after=None
[2023-02-28T17:52:15.145+0000] {logging_mixin.py:137} INFO - [2023-02-28T17:52:15.145+0000] {dag.py:3441} INFO - Setting next_dagrun for dataset_produces_1 to 2023-02-27T00:00:00+00:00, run_after=2023-02-28T00:00:00+00:00
[2023-02-28T17:52:15.145+0000] {logging_mixin.py:137} INFO - [2023-02-28T17:52:15.145+0000] {dag.py:3441} INFO - Setting next_dagrun for dataset_produces_2 to None, run_after=None
[2023-02-28T17:52:15.163+0000] {processor.py:175} INFO - Processing /home/airflow/.local/lib/python3.7/site-packages/airflow/example_dags/example_datasets.py took 0.098 seconds
[2023-02-28T17:52:45.328+0000] {processor.py:153} INFO - Started process (PID=200) to work on /home/airflow/.local/lib/python3.7/site-packages/airflow/example_dags/example_datasets.py
[2023-02-28T17:52:45.329+0000] {processor.py:743} INFO - Processing file /home/airflow/.local/lib/python3.7/site-packages/airflow/example_dags/example_datasets.py for tasks to queue
[2023-02-28T17:52:45.329+0000] {logging_mixin.py:137} INFO - [2023-02-28T17:52:45.329+0000] {dagbag.py:538} INFO - Filling up the DagBag from /home/airflow/.local/lib/python3.7/site-packages/airflow/example_dags/example_datasets.py
[2023-02-28T17:52:45.339+0000] {processor.py:753} INFO - DAG(s) dict_keys(['dataset_consumes_1', 'dataset_consumes_1_and_2', 'dataset_consumes_1_never_scheduled', 'dataset_consumes_unknown_never_scheduled', 'dataset_produces_1', 'dataset_produces_2']) retrieved from /home/airflow/.local/lib/python3.7/site-packages/airflow/example_dags/example_datasets.py
[2023-02-28T17:52:45.362+0000] {logging_mixin.py:137} INFO - [2023-02-28T17:52:45.362+0000] {dag.py:2690} INFO - Sync 6 DAGs
[2023-02-28T17:52:45.376+0000] {logging_mixin.py:137} INFO - [2023-02-28T17:52:45.376+0000] {dag.py:3441} INFO - Setting next_dagrun for dataset_consumes_1 to None, run_after=None
[2023-02-28T17:52:45.378+0000] {logging_mixin.py:137} INFO - [2023-02-28T17:52:45.378+0000] {dag.py:3441} INFO - Setting next_dagrun for dataset_consumes_1_and_2 to None, run_after=None
[2023-02-28T17:52:45.379+0000] {logging_mixin.py:137} INFO - [2023-02-28T17:52:45.379+0000] {dag.py:3441} INFO - Setting next_dagrun for dataset_consumes_1_never_scheduled to None, run_after=None
[2023-02-28T17:52:45.380+0000] {logging_mixin.py:137} INFO - [2023-02-28T17:52:45.380+0000] {dag.py:3441} INFO - Setting next_dagrun for dataset_consumes_unknown_never_scheduled to None, run_after=None
[2023-02-28T17:52:45.381+0000] {logging_mixin.py:137} INFO - [2023-02-28T17:52:45.381+0000] {dag.py:3441} INFO - Setting next_dagrun for dataset_produces_1 to 2023-02-27T00:00:00+00:00, run_after=2023-02-28T00:00:00+00:00
[2023-02-28T17:52:45.382+0000] {logging_mixin.py:137} INFO - [2023-02-28T17:52:45.382+0000] {dag.py:3441} INFO - Setting next_dagrun for dataset_produces_2 to None, run_after=None
[2023-02-28T17:52:45.397+0000] {processor.py:175} INFO - Processing /home/airflow/.local/lib/python3.7/site-packages/airflow/example_dags/example_datasets.py took 0.071 seconds
[2023-02-28T17:53:15.619+0000] {processor.py:153} INFO - Started process (PID=280) to work on /home/airflow/.local/lib/python3.7/site-packages/airflow/example_dags/example_datasets.py
[2023-02-28T17:53:15.620+0000] {processor.py:743} INFO - Processing file /home/airflow/.local/lib/python3.7/site-packages/airflow/example_dags/example_datasets.py for tasks to queue
[2023-02-28T17:53:15.620+0000] {logging_mixin.py:137} INFO - [2023-02-28T17:53:15.620+0000] {dagbag.py:538} INFO - Filling up the DagBag from /home/airflow/.local/lib/python3.7/site-packages/airflow/example_dags/example_datasets.py
[2023-02-28T17:53:15.630+0000] {processor.py:753} INFO - DAG(s) dict_keys(['dataset_consumes_1', 'dataset_produces_1', 'dataset_consumes_1_never_scheduled', 'dataset_consumes_1_and_2', 'dataset_consumes_unknown_never_scheduled', 'dataset_produces_2']) retrieved from /home/airflow/.local/lib/python3.7/site-packages/airflow/example_dags/example_datasets.py
[2023-02-28T17:53:15.653+0000] {logging_mixin.py:137} INFO - [2023-02-28T17:53:15.653+0000] {dag.py:2690} INFO - Sync 6 DAGs
[2023-02-28T17:53:15.666+0000] {logging_mixin.py:137} INFO - [2023-02-28T17:53:15.666+0000] {dag.py:3441} INFO - Setting next_dagrun for dataset_consumes_1 to None, run_after=None
[2023-02-28T17:53:15.668+0000] {logging_mixin.py:137} INFO - [2023-02-28T17:53:15.668+0000] {dag.py:3441} INFO - Setting next_dagrun for dataset_consumes_1_and_2 to None, run_after=None
[2023-02-28T17:53:15.669+0000] {logging_mixin.py:137} INFO - [2023-02-28T17:53:15.669+0000] {dag.py:3441} INFO - Setting next_dagrun for dataset_consumes_1_never_scheduled to None, run_after=None
[2023-02-28T17:53:15.670+0000] {logging_mixin.py:137} INFO - [2023-02-28T17:53:15.670+0000] {dag.py:3441} INFO - Setting next_dagrun for dataset_consumes_unknown_never_scheduled to None, run_after=None
[2023-02-28T17:53:15.671+0000] {logging_mixin.py:137} INFO - [2023-02-28T17:53:15.671+0000] {dag.py:3441} INFO - Setting next_dagrun for dataset_produces_1 to 2023-02-27T00:00:00+00:00, run_after=2023-02-28T00:00:00+00:00
[2023-02-28T17:53:15.672+0000] {logging_mixin.py:137} INFO - [2023-02-28T17:53:15.672+0000] {dag.py:3441} INFO - Setting next_dagrun for dataset_produces_2 to None, run_after=None
[2023-02-28T17:53:15.688+0000] {processor.py:175} INFO - Processing /home/airflow/.local/lib/python3.7/site-packages/airflow/example_dags/example_datasets.py took 0.072 seconds
[2023-02-28T17:53:46.524+0000] {processor.py:153} INFO - Started process (PID=360) to work on /home/airflow/.local/lib/python3.7/site-packages/airflow/example_dags/example_datasets.py
[2023-02-28T17:53:46.525+0000] {processor.py:743} INFO - Processing file /home/airflow/.local/lib/python3.7/site-packages/airflow/example_dags/example_datasets.py for tasks to queue
[2023-02-28T17:53:46.526+0000] {logging_mixin.py:137} INFO - [2023-02-28T17:53:46.526+0000] {dagbag.py:538} INFO - Filling up the DagBag from /home/airflow/.local/lib/python3.7/site-packages/airflow/example_dags/example_datasets.py
[2023-02-28T17:53:46.536+0000] {processor.py:753} INFO - DAG(s) dict_keys(['dataset_consumes_1', 'dataset_consumes_1_never_scheduled', 'dataset_produces_1', 'dataset_produces_2', 'dataset_consumes_unknown_never_scheduled', 'dataset_consumes_1_and_2']) retrieved from /home/airflow/.local/lib/python3.7/site-packages/airflow/example_dags/example_datasets.py
[2023-02-28T17:53:46.558+0000] {logging_mixin.py:137} INFO - [2023-02-28T17:53:46.558+0000] {dag.py:2690} INFO - Sync 6 DAGs
[2023-02-28T17:53:46.572+0000] {logging_mixin.py:137} INFO - [2023-02-28T17:53:46.572+0000] {dag.py:3441} INFO - Setting next_dagrun for dataset_consumes_1 to None, run_after=None
[2023-02-28T17:53:46.574+0000] {logging_mixin.py:137} INFO - [2023-02-28T17:53:46.574+0000] {dag.py:3441} INFO - Setting next_dagrun for dataset_consumes_1_and_2 to None, run_after=None
[2023-02-28T17:53:46.575+0000] {logging_mixin.py:137} INFO - [2023-02-28T17:53:46.575+0000] {dag.py:3441} INFO - Setting next_dagrun for dataset_consumes_1_never_scheduled to None, run_after=None
[2023-02-28T17:53:46.576+0000] {logging_mixin.py:137} INFO - [2023-02-28T17:53:46.576+0000] {dag.py:3441} INFO - Setting next_dagrun for dataset_consumes_unknown_never_scheduled to None, run_after=None
[2023-02-28T17:53:46.577+0000] {logging_mixin.py:137} INFO - [2023-02-28T17:53:46.577+0000] {dag.py:3441} INFO - Setting next_dagrun for dataset_produces_1 to 2023-02-27T00:00:00+00:00, run_after=2023-02-28T00:00:00+00:00
[2023-02-28T17:53:46.578+0000] {logging_mixin.py:137} INFO - [2023-02-28T17:53:46.578+0000] {dag.py:3441} INFO - Setting next_dagrun for dataset_produces_2 to None, run_after=None
[2023-02-28T17:53:46.593+0000] {processor.py:175} INFO - Processing /home/airflow/.local/lib/python3.7/site-packages/airflow/example_dags/example_datasets.py took 0.072 seconds
[2023-02-28T17:54:17.567+0000] {processor.py:153} INFO - Started process (PID=440) to work on /home/airflow/.local/lib/python3.7/site-packages/airflow/example_dags/example_datasets.py
[2023-02-28T17:54:17.569+0000] {processor.py:743} INFO - Processing file /home/airflow/.local/lib/python3.7/site-packages/airflow/example_dags/example_datasets.py for tasks to queue
[2023-02-28T17:54:17.569+0000] {logging_mixin.py:137} INFO - [2023-02-28T17:54:17.569+0000] {dagbag.py:538} INFO - Filling up the DagBag from /home/airflow/.local/lib/python3.7/site-packages/airflow/example_dags/example_datasets.py
[2023-02-28T17:54:17.579+0000] {processor.py:753} INFO - DAG(s) dict_keys(['dataset_consumes_1', 'dataset_consumes_1_and_2', 'dataset_consumes_1_never_scheduled', 'dataset_consumes_unknown_never_scheduled', 'dataset_produces_1', 'dataset_produces_2']) retrieved from /home/airflow/.local/lib/python3.7/site-packages/airflow/example_dags/example_datasets.py
[2023-02-28T17:54:17.603+0000] {logging_mixin.py:137} INFO - [2023-02-28T17:54:17.603+0000] {dag.py:2690} INFO - Sync 6 DAGs
[2023-02-28T17:54:17.617+0000] {logging_mixin.py:137} INFO - [2023-02-28T17:54:17.617+0000] {dag.py:3441} INFO - Setting next_dagrun for dataset_consumes_1 to None, run_after=None
[2023-02-28T17:54:17.619+0000] {logging_mixin.py:137} INFO - [2023-02-28T17:54:17.619+0000] {dag.py:3441} INFO - Setting next_dagrun for dataset_consumes_1_and_2 to None, run_after=None
[2023-02-28T17:54:17.620+0000] {logging_mixin.py:137} INFO - [2023-02-28T17:54:17.620+0000] {dag.py:3441} INFO - Setting next_dagrun for dataset_consumes_1_never_scheduled to None, run_after=None
[2023-02-28T17:54:17.621+0000] {logging_mixin.py:137} INFO - [2023-02-28T17:54:17.621+0000] {dag.py:3441} INFO - Setting next_dagrun for dataset_consumes_unknown_never_scheduled to None, run_after=None
[2023-02-28T17:54:17.622+0000] {logging_mixin.py:137} INFO - [2023-02-28T17:54:17.622+0000] {dag.py:3441} INFO - Setting next_dagrun for dataset_produces_1 to 2023-02-27T00:00:00+00:00, run_after=2023-02-28T00:00:00+00:00
[2023-02-28T17:54:17.623+0000] {logging_mixin.py:137} INFO - [2023-02-28T17:54:17.623+0000] {dag.py:3441} INFO - Setting next_dagrun for dataset_produces_2 to None, run_after=None
[2023-02-28T17:54:17.638+0000] {processor.py:175} INFO - Processing /home/airflow/.local/lib/python3.7/site-packages/airflow/example_dags/example_datasets.py took 0.074 seconds
[2023-02-28T17:54:48.660+0000] {processor.py:153} INFO - Started process (PID=507) to work on /home/airflow/.local/lib/python3.7/site-packages/airflow/example_dags/example_datasets.py
[2023-02-28T17:54:48.661+0000] {processor.py:743} INFO - Processing file /home/airflow/.local/lib/python3.7/site-packages/airflow/example_dags/example_datasets.py for tasks to queue
[2023-02-28T17:54:48.661+0000] {logging_mixin.py:137} INFO - [2023-02-28T17:54:48.661+0000] {dagbag.py:538} INFO - Filling up the DagBag from /home/airflow/.local/lib/python3.7/site-packages/airflow/example_dags/example_datasets.py
[2023-02-28T17:54:48.671+0000] {processor.py:753} INFO - DAG(s) dict_keys(['dataset_consumes_unknown_never_scheduled', 'dataset_consumes_1_never_scheduled', 'dataset_produces_2', 'dataset_consumes_1_and_2', 'dataset_consumes_1', 'dataset_produces_1']) retrieved from /home/airflow/.local/lib/python3.7/site-packages/airflow/example_dags/example_datasets.py
[2023-02-28T17:54:48.694+0000] {logging_mixin.py:137} INFO - [2023-02-28T17:54:48.694+0000] {dag.py:2690} INFO - Sync 6 DAGs
[2023-02-28T17:54:48.708+0000] {logging_mixin.py:137} INFO - [2023-02-28T17:54:48.707+0000] {dag.py:3441} INFO - Setting next_dagrun for dataset_consumes_1 to None, run_after=None
[2023-02-28T17:54:48.709+0000] {logging_mixin.py:137} INFO - [2023-02-28T17:54:48.709+0000] {dag.py:3441} INFO - Setting next_dagrun for dataset_consumes_1_and_2 to None, run_after=None
[2023-02-28T17:54:48.710+0000] {logging_mixin.py:137} INFO - [2023-02-28T17:54:48.710+0000] {dag.py:3441} INFO - Setting next_dagrun for dataset_consumes_1_never_scheduled to None, run_after=None
[2023-02-28T17:54:48.711+0000] {logging_mixin.py:137} INFO - [2023-02-28T17:54:48.711+0000] {dag.py:3441} INFO - Setting next_dagrun for dataset_consumes_unknown_never_scheduled to None, run_after=None
[2023-02-28T17:54:48.713+0000] {logging_mixin.py:137} INFO - [2023-02-28T17:54:48.713+0000] {dag.py:3441} INFO - Setting next_dagrun for dataset_produces_1 to 2023-02-27T00:00:00+00:00, run_after=2023-02-28T00:00:00+00:00
[2023-02-28T17:54:48.714+0000] {logging_mixin.py:137} INFO - [2023-02-28T17:54:48.714+0000] {dag.py:3441} INFO - Setting next_dagrun for dataset_produces_2 to None, run_after=None
[2023-02-28T17:54:48.730+0000] {processor.py:175} INFO - Processing /home/airflow/.local/lib/python3.7/site-packages/airflow/example_dags/example_datasets.py took 0.072 seconds
[2023-02-28T17:55:18.890+0000] {processor.py:153} INFO - Started process (PID=586) to work on /home/airflow/.local/lib/python3.7/site-packages/airflow/example_dags/example_datasets.py
[2023-02-28T17:55:18.891+0000] {processor.py:743} INFO - Processing file /home/airflow/.local/lib/python3.7/site-packages/airflow/example_dags/example_datasets.py for tasks to queue
[2023-02-28T17:55:18.891+0000] {logging_mixin.py:137} INFO - [2023-02-28T17:55:18.891+0000] {dagbag.py:538} INFO - Filling up the DagBag from /home/airflow/.local/lib/python3.7/site-packages/airflow/example_dags/example_datasets.py
[2023-02-28T17:55:18.900+0000] {processor.py:753} INFO - DAG(s) dict_keys(['dataset_consumes_1', 'dataset_consumes_1_and_2', 'dataset_consumes_1_never_scheduled', 'dataset_consumes_unknown_never_scheduled', 'dataset_produces_2', 'dataset_produces_1']) retrieved from /home/airflow/.local/lib/python3.7/site-packages/airflow/example_dags/example_datasets.py
[2023-02-28T17:55:18.924+0000] {logging_mixin.py:137} INFO - [2023-02-28T17:55:18.924+0000] {dag.py:2690} INFO - Sync 6 DAGs
[2023-02-28T17:55:18.938+0000] {logging_mixin.py:137} INFO - [2023-02-28T17:55:18.938+0000] {dag.py:3441} INFO - Setting next_dagrun for dataset_consumes_1 to None, run_after=None
[2023-02-28T17:55:18.940+0000] {logging_mixin.py:137} INFO - [2023-02-28T17:55:18.940+0000] {dag.py:3441} INFO - Setting next_dagrun for dataset_consumes_1_and_2 to None, run_after=None
[2023-02-28T17:55:18.941+0000] {logging_mixin.py:137} INFO - [2023-02-28T17:55:18.941+0000] {dag.py:3441} INFO - Setting next_dagrun for dataset_consumes_1_never_scheduled to None, run_after=None
[2023-02-28T17:55:18.942+0000] {logging_mixin.py:137} INFO - [2023-02-28T17:55:18.942+0000] {dag.py:3441} INFO - Setting next_dagrun for dataset_consumes_unknown_never_scheduled to None, run_after=None
[2023-02-28T17:55:18.943+0000] {logging_mixin.py:137} INFO - [2023-02-28T17:55:18.943+0000] {dag.py:3441} INFO - Setting next_dagrun for dataset_produces_1 to 2023-02-27T00:00:00+00:00, run_after=2023-02-28T00:00:00+00:00
[2023-02-28T17:55:18.944+0000] {logging_mixin.py:137} INFO - [2023-02-28T17:55:18.944+0000] {dag.py:3441} INFO - Setting next_dagrun for dataset_produces_2 to None, run_after=None
[2023-02-28T17:55:18.960+0000] {processor.py:175} INFO - Processing /home/airflow/.local/lib/python3.7/site-packages/airflow/example_dags/example_datasets.py took 0.072 seconds
[2023-02-28T17:55:49.127+0000] {processor.py:153} INFO - Started process (PID=666) to work on /home/airflow/.local/lib/python3.7/site-packages/airflow/example_dags/example_datasets.py
[2023-02-28T17:55:49.128+0000] {processor.py:743} INFO - Processing file /home/airflow/.local/lib/python3.7/site-packages/airflow/example_dags/example_datasets.py for tasks to queue
[2023-02-28T17:55:49.129+0000] {logging_mixin.py:137} INFO - [2023-02-28T17:55:49.129+0000] {dagbag.py:538} INFO - Filling up the DagBag from /home/airflow/.local/lib/python3.7/site-packages/airflow/example_dags/example_datasets.py
[2023-02-28T17:55:49.138+0000] {processor.py:753} INFO - DAG(s) dict_keys(['dataset_consumes_unknown_never_scheduled', 'dataset_consumes_1', 'dataset_consumes_1_and_2', 'dataset_produces_2', 'dataset_produces_1', 'dataset_consumes_1_never_scheduled']) retrieved from /home/airflow/.local/lib/python3.7/site-packages/airflow/example_dags/example_datasets.py
[2023-02-28T17:55:49.161+0000] {logging_mixin.py:137} INFO - [2023-02-28T17:55:49.161+0000] {dag.py:2690} INFO - Sync 6 DAGs
[2023-02-28T17:55:49.175+0000] {logging_mixin.py:137} INFO - [2023-02-28T17:55:49.175+0000] {dag.py:3441} INFO - Setting next_dagrun for dataset_consumes_1 to None, run_after=None
[2023-02-28T17:55:49.177+0000] {logging_mixin.py:137} INFO - [2023-02-28T17:55:49.177+0000] {dag.py:3441} INFO - Setting next_dagrun for dataset_consumes_1_and_2 to None, run_after=None
[2023-02-28T17:55:49.179+0000] {logging_mixin.py:137} INFO - [2023-02-28T17:55:49.179+0000] {dag.py:3441} INFO - Setting next_dagrun for dataset_consumes_1_never_scheduled to None, run_after=None
[2023-02-28T17:55:49.180+0000] {logging_mixin.py:137} INFO - [2023-02-28T17:55:49.180+0000] {dag.py:3441} INFO - Setting next_dagrun for dataset_consumes_unknown_never_scheduled to None, run_after=None
[2023-02-28T17:55:49.181+0000] {logging_mixin.py:137} INFO - [2023-02-28T17:55:49.181+0000] {dag.py:3441} INFO - Setting next_dagrun for dataset_produces_1 to 2023-02-27T00:00:00+00:00, run_after=2023-02-28T00:00:00+00:00
[2023-02-28T17:55:49.182+0000] {logging_mixin.py:137} INFO - [2023-02-28T17:55:49.182+0000] {dag.py:3441} INFO - Setting next_dagrun for dataset_produces_2 to None, run_after=None
[2023-02-28T17:55:49.195+0000] {processor.py:175} INFO - Processing /home/airflow/.local/lib/python3.7/site-packages/airflow/example_dags/example_datasets.py took 0.070 seconds
[2023-02-28T17:56:20.122+0000] {processor.py:153} INFO - Started process (PID=746) to work on /home/airflow/.local/lib/python3.7/site-packages/airflow/example_dags/example_datasets.py
[2023-02-28T17:56:20.123+0000] {processor.py:743} INFO - Processing file /home/airflow/.local/lib/python3.7/site-packages/airflow/example_dags/example_datasets.py for tasks to queue
[2023-02-28T17:56:20.123+0000] {logging_mixin.py:137} INFO - [2023-02-28T17:56:20.123+0000] {dagbag.py:538} INFO - Filling up the DagBag from /home/airflow/.local/lib/python3.7/site-packages/airflow/example_dags/example_datasets.py
[2023-02-28T17:56:20.133+0000] {processor.py:753} INFO - DAG(s) dict_keys(['dataset_consumes_1_never_scheduled', 'dataset_produces_1', 'dataset_consumes_1', 'dataset_produces_2', 'dataset_consumes_unknown_never_scheduled', 'dataset_consumes_1_and_2']) retrieved from /home/airflow/.local/lib/python3.7/site-packages/airflow/example_dags/example_datasets.py
[2023-02-28T17:56:20.156+0000] {logging_mixin.py:137} INFO - [2023-02-28T17:56:20.156+0000] {dag.py:2690} INFO - Sync 6 DAGs
[2023-02-28T17:56:20.170+0000] {logging_mixin.py:137} INFO - [2023-02-28T17:56:20.170+0000] {dag.py:3441} INFO - Setting next_dagrun for dataset_consumes_1 to None, run_after=None
[2023-02-28T17:56:20.173+0000] {logging_mixin.py:137} INFO - [2023-02-28T17:56:20.173+0000] {dag.py:3441} INFO - Setting next_dagrun for dataset_consumes_1_and_2 to None, run_after=None
[2023-02-28T17:56:20.174+0000] {logging_mixin.py:137} INFO - [2023-02-28T17:56:20.174+0000] {dag.py:3441} INFO - Setting next_dagrun for dataset_consumes_1_never_scheduled to None, run_after=None
[2023-02-28T17:56:20.174+0000] {logging_mixin.py:137} INFO - [2023-02-28T17:56:20.174+0000] {dag.py:3441} INFO - Setting next_dagrun for dataset_consumes_unknown_never_scheduled to None, run_after=None
[2023-02-28T17:56:20.176+0000] {logging_mixin.py:137} INFO - [2023-02-28T17:56:20.176+0000] {dag.py:3441} INFO - Setting next_dagrun for dataset_produces_1 to 2023-02-27T00:00:00+00:00, run_after=2023-02-28T00:00:00+00:00
[2023-02-28T17:56:20.177+0000] {logging_mixin.py:137} INFO - [2023-02-28T17:56:20.177+0000] {dag.py:3441} INFO - Setting next_dagrun for dataset_produces_2 to None, run_after=None
[2023-02-28T17:56:20.195+0000] {processor.py:175} INFO - Processing /home/airflow/.local/lib/python3.7/site-packages/airflow/example_dags/example_datasets.py took 0.076 seconds
[2023-02-28T17:56:50.277+0000] {processor.py:153} INFO - Started process (PID=813) to work on /home/airflow/.local/lib/python3.7/site-packages/airflow/example_dags/example_datasets.py
[2023-02-28T17:56:50.278+0000] {processor.py:743} INFO - Processing file /home/airflow/.local/lib/python3.7/site-packages/airflow/example_dags/example_datasets.py for tasks to queue
[2023-02-28T17:56:50.280+0000] {logging_mixin.py:137} INFO - [2023-02-28T17:56:50.279+0000] {dagbag.py:538} INFO - Filling up the DagBag from /home/airflow/.local/lib/python3.7/site-packages/airflow/example_dags/example_datasets.py
[2023-02-28T17:56:50.290+0000] {processor.py:753} INFO - DAG(s) dict_keys(['dataset_consumes_1_and_2', 'dataset_consumes_1_never_scheduled', 'dataset_consumes_1', 'dataset_produces_2', 'dataset_produces_1', 'dataset_consumes_unknown_never_scheduled']) retrieved from /home/airflow/.local/lib/python3.7/site-packages/airflow/example_dags/example_datasets.py
[2023-02-28T17:56:50.313+0000] {logging_mixin.py:137} INFO - [2023-02-28T17:56:50.313+0000] {dag.py:2690} INFO - Sync 6 DAGs
[2023-02-28T17:56:50.326+0000] {logging_mixin.py:137} INFO - [2023-02-28T17:56:50.326+0000] {dag.py:3441} INFO - Setting next_dagrun for dataset_consumes_1 to None, run_after=None
[2023-02-28T17:56:50.328+0000] {logging_mixin.py:137} INFO - [2023-02-28T17:56:50.328+0000] {dag.py:3441} INFO - Setting next_dagrun for dataset_consumes_1_and_2 to None, run_after=None
[2023-02-28T17:56:50.329+0000] {logging_mixin.py:137} INFO - [2023-02-28T17:56:50.329+0000] {dag.py:3441} INFO - Setting next_dagrun for dataset_consumes_1_never_scheduled to None, run_after=None
[2023-02-28T17:56:50.330+0000] {logging_mixin.py:137} INFO - [2023-02-28T17:56:50.330+0000] {dag.py:3441} INFO - Setting next_dagrun for dataset_consumes_unknown_never_scheduled to None, run_after=None
[2023-02-28T17:56:50.331+0000] {logging_mixin.py:137} INFO - [2023-02-28T17:56:50.331+0000] {dag.py:3441} INFO - Setting next_dagrun for dataset_produces_1 to 2023-02-27T00:00:00+00:00, run_after=2023-02-28T00:00:00+00:00
[2023-02-28T17:56:50.332+0000] {logging_mixin.py:137} INFO - [2023-02-28T17:56:50.332+0000] {dag.py:3441} INFO - Setting next_dagrun for dataset_produces_2 to None, run_after=None
[2023-02-28T17:56:50.348+0000] {processor.py:175} INFO - Processing /home/airflow/.local/lib/python3.7/site-packages/airflow/example_dags/example_datasets.py took 0.073 seconds
[2023-02-28T17:57:20.551+0000] {processor.py:153} INFO - Started process (PID=893) to work on /home/airflow/.local/lib/python3.7/site-packages/airflow/example_dags/example_datasets.py
[2023-02-28T17:57:20.552+0000] {processor.py:743} INFO - Processing file /home/airflow/.local/lib/python3.7/site-packages/airflow/example_dags/example_datasets.py for tasks to queue
[2023-02-28T17:57:20.553+0000] {logging_mixin.py:137} INFO - [2023-02-28T17:57:20.552+0000] {dagbag.py:538} INFO - Filling up the DagBag from /home/airflow/.local/lib/python3.7/site-packages/airflow/example_dags/example_datasets.py
[2023-02-28T17:57:20.562+0000] {processor.py:753} INFO - DAG(s) dict_keys(['dataset_consumes_1', 'dataset_produces_1', 'dataset_consumes_unknown_never_scheduled', 'dataset_consumes_1_and_2', 'dataset_produces_2', 'dataset_consumes_1_never_scheduled']) retrieved from /home/airflow/.local/lib/python3.7/site-packages/airflow/example_dags/example_datasets.py
[2023-02-28T17:57:20.586+0000] {logging_mixin.py:137} INFO - [2023-02-28T17:57:20.585+0000] {dag.py:2690} INFO - Sync 6 DAGs
[2023-02-28T17:57:20.600+0000] {logging_mixin.py:137} INFO - [2023-02-28T17:57:20.600+0000] {dag.py:3441} INFO - Setting next_dagrun for dataset_consumes_1 to None, run_after=None
[2023-02-28T17:57:20.602+0000] {logging_mixin.py:137} INFO - [2023-02-28T17:57:20.602+0000] {dag.py:3441} INFO - Setting next_dagrun for dataset_consumes_1_and_2 to None, run_after=None
[2023-02-28T17:57:20.603+0000] {logging_mixin.py:137} INFO - [2023-02-28T17:57:20.603+0000] {dag.py:3441} INFO - Setting next_dagrun for dataset_consumes_1_never_scheduled to None, run_after=None
[2023-02-28T17:57:20.604+0000] {logging_mixin.py:137} INFO - [2023-02-28T17:57:20.604+0000] {dag.py:3441} INFO - Setting next_dagrun for dataset_consumes_unknown_never_scheduled to None, run_after=None
[2023-02-28T17:57:20.605+0000] {logging_mixin.py:137} INFO - [2023-02-28T17:57:20.605+0000] {dag.py:3441} INFO - Setting next_dagrun for dataset_produces_1 to 2023-02-27T00:00:00+00:00, run_after=2023-02-28T00:00:00+00:00
[2023-02-28T17:57:20.607+0000] {logging_mixin.py:137} INFO - [2023-02-28T17:57:20.607+0000] {dag.py:3441} INFO - Setting next_dagrun for dataset_produces_2 to None, run_after=None
[2023-02-28T17:57:20.622+0000] {processor.py:175} INFO - Processing /home/airflow/.local/lib/python3.7/site-packages/airflow/example_dags/example_datasets.py took 0.073 seconds
[2023-02-28T17:57:50.717+0000] {processor.py:153} INFO - Started process (PID=973) to work on /home/airflow/.local/lib/python3.7/site-packages/airflow/example_dags/example_datasets.py
[2023-02-28T17:57:50.718+0000] {processor.py:743} INFO - Processing file /home/airflow/.local/lib/python3.7/site-packages/airflow/example_dags/example_datasets.py for tasks to queue
[2023-02-28T17:57:50.719+0000] {logging_mixin.py:137} INFO - [2023-02-28T17:57:50.719+0000] {dagbag.py:538} INFO - Filling up the DagBag from /home/airflow/.local/lib/python3.7/site-packages/airflow/example_dags/example_datasets.py
[2023-02-28T17:57:50.728+0000] {processor.py:753} INFO - DAG(s) dict_keys(['dataset_consumes_1_never_scheduled', 'dataset_consumes_1', 'dataset_produces_2', 'dataset_produces_1', 'dataset_consumes_1_and_2', 'dataset_consumes_unknown_never_scheduled']) retrieved from /home/airflow/.local/lib/python3.7/site-packages/airflow/example_dags/example_datasets.py
[2023-02-28T17:57:50.751+0000] {logging_mixin.py:137} INFO - [2023-02-28T17:57:50.751+0000] {dag.py:2690} INFO - Sync 6 DAGs
[2023-02-28T17:57:50.764+0000] {logging_mixin.py:137} INFO - [2023-02-28T17:57:50.764+0000] {dag.py:3441} INFO - Setting next_dagrun for dataset_consumes_1 to None, run_after=None
[2023-02-28T17:57:50.767+0000] {logging_mixin.py:137} INFO - [2023-02-28T17:57:50.766+0000] {dag.py:3441} INFO - Setting next_dagrun for dataset_consumes_1_and_2 to None, run_after=None
[2023-02-28T17:57:50.767+0000] {logging_mixin.py:137} INFO - [2023-02-28T17:57:50.767+0000] {dag.py:3441} INFO - Setting next_dagrun for dataset_consumes_1_never_scheduled to None, run_after=None
[2023-02-28T17:57:50.768+0000] {logging_mixin.py:137} INFO - [2023-02-28T17:57:50.768+0000] {dag.py:3441} INFO - Setting next_dagrun for dataset_consumes_unknown_never_scheduled to None, run_after=None
[2023-02-28T17:57:50.770+0000] {logging_mixin.py:137} INFO - [2023-02-28T17:57:50.770+0000] {dag.py:3441} INFO - Setting next_dagrun for dataset_produces_1 to 2023-02-27T00:00:00+00:00, run_after=2023-02-28T00:00:00+00:00
[2023-02-28T17:57:50.771+0000] {logging_mixin.py:137} INFO - [2023-02-28T17:57:50.771+0000] {dag.py:3441} INFO - Setting next_dagrun for dataset_produces_2 to None, run_after=None
[2023-02-28T17:57:50.787+0000] {processor.py:175} INFO - Processing /home/airflow/.local/lib/python3.7/site-packages/airflow/example_dags/example_datasets.py took 0.072 seconds
[2023-02-28T17:58:21.773+0000] {processor.py:153} INFO - Started process (PID=1039) to work on /home/airflow/.local/lib/python3.7/site-packages/airflow/example_dags/example_datasets.py
[2023-02-28T17:58:21.775+0000] {processor.py:743} INFO - Processing file /home/airflow/.local/lib/python3.7/site-packages/airflow/example_dags/example_datasets.py for tasks to queue
[2023-02-28T17:58:21.777+0000] {logging_mixin.py:137} INFO - [2023-02-28T17:58:21.776+0000] {dagbag.py:538} INFO - Filling up the DagBag from /home/airflow/.local/lib/python3.7/site-packages/airflow/example_dags/example_datasets.py
[2023-02-28T17:58:21.791+0000] {processor.py:753} INFO - DAG(s) dict_keys(['dataset_consumes_1_never_scheduled', 'dataset_consumes_1_and_2', 'dataset_consumes_1', 'dataset_produces_2', 'dataset_consumes_unknown_never_scheduled', 'dataset_produces_1']) retrieved from /home/airflow/.local/lib/python3.7/site-packages/airflow/example_dags/example_datasets.py
[2023-02-28T17:58:21.817+0000] {logging_mixin.py:137} INFO - [2023-02-28T17:58:21.817+0000] {dag.py:2690} INFO - Sync 6 DAGs
[2023-02-28T17:58:21.830+0000] {logging_mixin.py:137} INFO - [2023-02-28T17:58:21.830+0000] {dag.py:3441} INFO - Setting next_dagrun for dataset_consumes_1 to None, run_after=None
[2023-02-28T17:58:21.832+0000] {logging_mixin.py:137} INFO - [2023-02-28T17:58:21.832+0000] {dag.py:3441} INFO - Setting next_dagrun for dataset_consumes_1_and_2 to None, run_after=None
[2023-02-28T17:58:21.834+0000] {logging_mixin.py:137} INFO - [2023-02-28T17:58:21.834+0000] {dag.py:3441} INFO - Setting next_dagrun for dataset_consumes_1_never_scheduled to None, run_after=None
[2023-02-28T17:58:21.835+0000] {logging_mixin.py:137} INFO - [2023-02-28T17:58:21.835+0000] {dag.py:3441} INFO - Setting next_dagrun for dataset_consumes_unknown_never_scheduled to None, run_after=None
[2023-02-28T17:58:21.837+0000] {logging_mixin.py:137} INFO - [2023-02-28T17:58:21.837+0000] {dag.py:3441} INFO - Setting next_dagrun for dataset_produces_1 to 2023-02-27T00:00:00+00:00, run_after=2023-02-28T00:00:00+00:00
[2023-02-28T17:58:21.837+0000] {logging_mixin.py:137} INFO - [2023-02-28T17:58:21.837+0000] {dag.py:3441} INFO - Setting next_dagrun for dataset_produces_2 to None, run_after=None
[2023-02-28T17:58:21.854+0000] {processor.py:175} INFO - Processing /home/airflow/.local/lib/python3.7/site-packages/airflow/example_dags/example_datasets.py took 0.085 seconds
[2023-02-28T17:58:51.883+0000] {processor.py:153} INFO - Started process (PID=1118) to work on /home/airflow/.local/lib/python3.7/site-packages/airflow/example_dags/example_datasets.py
[2023-02-28T17:58:51.885+0000] {processor.py:743} INFO - Processing file /home/airflow/.local/lib/python3.7/site-packages/airflow/example_dags/example_datasets.py for tasks to queue
[2023-02-28T17:58:51.885+0000] {logging_mixin.py:137} INFO - [2023-02-28T17:58:51.885+0000] {dagbag.py:538} INFO - Filling up the DagBag from /home/airflow/.local/lib/python3.7/site-packages/airflow/example_dags/example_datasets.py
[2023-02-28T17:58:51.895+0000] {processor.py:753} INFO - DAG(s) dict_keys(['dataset_consumes_1_and_2', 'dataset_consumes_1', 'dataset_produces_2', 'dataset_produces_1', 'dataset_consumes_1_never_scheduled', 'dataset_consumes_unknown_never_scheduled']) retrieved from /home/airflow/.local/lib/python3.7/site-packages/airflow/example_dags/example_datasets.py
[2023-02-28T17:58:51.917+0000] {logging_mixin.py:137} INFO - [2023-02-28T17:58:51.917+0000] {dag.py:2690} INFO - Sync 6 DAGs
[2023-02-28T17:58:51.930+0000] {logging_mixin.py:137} INFO - [2023-02-28T17:58:51.930+0000] {dag.py:3441} INFO - Setting next_dagrun for dataset_consumes_1 to None, run_after=None
[2023-02-28T17:58:51.933+0000] {logging_mixin.py:137} INFO - [2023-02-28T17:58:51.933+0000] {dag.py:3441} INFO - Setting next_dagrun for dataset_consumes_1_and_2 to None, run_after=None
[2023-02-28T17:58:51.934+0000] {logging_mixin.py:137} INFO - [2023-02-28T17:58:51.934+0000] {dag.py:3441} INFO - Setting next_dagrun for dataset_consumes_1_never_scheduled to None, run_after=None
[2023-02-28T17:58:51.935+0000] {logging_mixin.py:137} INFO - [2023-02-28T17:58:51.935+0000] {dag.py:3441} INFO - Setting next_dagrun for dataset_consumes_unknown_never_scheduled to None, run_after=None
[2023-02-28T17:58:51.936+0000] {logging_mixin.py:137} INFO - [2023-02-28T17:58:51.936+0000] {dag.py:3441} INFO - Setting next_dagrun for dataset_produces_1 to 2023-02-27T00:00:00+00:00, run_after=2023-02-28T00:00:00+00:00
[2023-02-28T17:58:51.937+0000] {logging_mixin.py:137} INFO - [2023-02-28T17:58:51.937+0000] {dag.py:3441} INFO - Setting next_dagrun for dataset_produces_2 to None, run_after=None
[2023-02-28T17:58:51.951+0000] {processor.py:175} INFO - Processing /home/airflow/.local/lib/python3.7/site-packages/airflow/example_dags/example_datasets.py took 0.070 seconds
[2023-02-28T17:59:22.020+0000] {processor.py:153} INFO - Started process (PID=1198) to work on /home/airflow/.local/lib/python3.7/site-packages/airflow/example_dags/example_datasets.py
[2023-02-28T17:59:22.021+0000] {processor.py:743} INFO - Processing file /home/airflow/.local/lib/python3.7/site-packages/airflow/example_dags/example_datasets.py for tasks to queue
[2023-02-28T17:59:22.022+0000] {logging_mixin.py:137} INFO - [2023-02-28T17:59:22.022+0000] {dagbag.py:538} INFO - Filling up the DagBag from /home/airflow/.local/lib/python3.7/site-packages/airflow/example_dags/example_datasets.py
[2023-02-28T17:59:22.031+0000] {processor.py:753} INFO - DAG(s) dict_keys(['dataset_consumes_1_and_2', 'dataset_consumes_1', 'dataset_consumes_unknown_never_scheduled', 'dataset_produces_1', 'dataset_produces_2', 'dataset_consumes_1_never_scheduled']) retrieved from /home/airflow/.local/lib/python3.7/site-packages/airflow/example_dags/example_datasets.py
[2023-02-28T17:59:22.055+0000] {logging_mixin.py:137} INFO - [2023-02-28T17:59:22.055+0000] {dag.py:2690} INFO - Sync 6 DAGs
[2023-02-28T17:59:22.068+0000] {logging_mixin.py:137} INFO - [2023-02-28T17:59:22.068+0000] {dag.py:3441} INFO - Setting next_dagrun for dataset_consumes_1 to None, run_after=None
[2023-02-28T17:59:22.070+0000] {logging_mixin.py:137} INFO - [2023-02-28T17:59:22.070+0000] {dag.py:3441} INFO - Setting next_dagrun for dataset_consumes_1_and_2 to None, run_after=None
[2023-02-28T17:59:22.071+0000] {logging_mixin.py:137} INFO - [2023-02-28T17:59:22.071+0000] {dag.py:3441} INFO - Setting next_dagrun for dataset_consumes_1_never_scheduled to None, run_after=None
[2023-02-28T17:59:22.072+0000] {logging_mixin.py:137} INFO - [2023-02-28T17:59:22.072+0000] {dag.py:3441} INFO - Setting next_dagrun for dataset_consumes_unknown_never_scheduled to None, run_after=None
[2023-02-28T17:59:22.073+0000] {logging_mixin.py:137} INFO - [2023-02-28T17:59:22.073+0000] {dag.py:3441} INFO - Setting next_dagrun for dataset_produces_1 to 2023-02-27T00:00:00+00:00, run_after=2023-02-28T00:00:00+00:00
[2023-02-28T17:59:22.074+0000] {logging_mixin.py:137} INFO - [2023-02-28T17:59:22.074+0000] {dag.py:3441} INFO - Setting next_dagrun for dataset_produces_2 to None, run_after=None
[2023-02-28T17:59:22.089+0000] {processor.py:175} INFO - Processing /home/airflow/.local/lib/python3.7/site-packages/airflow/example_dags/example_datasets.py took 0.072 seconds
[2023-02-28T17:59:52.269+0000] {processor.py:153} INFO - Started process (PID=1279) to work on /home/airflow/.local/lib/python3.7/site-packages/airflow/example_dags/example_datasets.py
[2023-02-28T17:59:52.273+0000] {processor.py:743} INFO - Processing file /home/airflow/.local/lib/python3.7/site-packages/airflow/example_dags/example_datasets.py for tasks to queue
[2023-02-28T17:59:52.274+0000] {logging_mixin.py:137} INFO - [2023-02-28T17:59:52.274+0000] {dagbag.py:538} INFO - Filling up the DagBag from /home/airflow/.local/lib/python3.7/site-packages/airflow/example_dags/example_datasets.py
[2023-02-28T17:59:52.288+0000] {processor.py:753} INFO - DAG(s) dict_keys(['dataset_produces_1', 'dataset_consumes_1_never_scheduled', 'dataset_consumes_1_and_2', 'dataset_consumes_unknown_never_scheduled', 'dataset_produces_2', 'dataset_consumes_1']) retrieved from /home/airflow/.local/lib/python3.7/site-packages/airflow/example_dags/example_datasets.py
[2023-02-28T17:59:52.314+0000] {logging_mixin.py:137} INFO - [2023-02-28T17:59:52.314+0000] {dag.py:2690} INFO - Sync 6 DAGs
[2023-02-28T17:59:52.326+0000] {logging_mixin.py:137} INFO - [2023-02-28T17:59:52.326+0000] {dag.py:3441} INFO - Setting next_dagrun for dataset_consumes_1 to None, run_after=None
[2023-02-28T17:59:52.328+0000] {logging_mixin.py:137} INFO - [2023-02-28T17:59:52.328+0000] {dag.py:3441} INFO - Setting next_dagrun for dataset_consumes_1_and_2 to None, run_after=None
[2023-02-28T17:59:52.329+0000] {logging_mixin.py:137} INFO - [2023-02-28T17:59:52.329+0000] {dag.py:3441} INFO - Setting next_dagrun for dataset_consumes_1_never_scheduled to None, run_after=None
[2023-02-28T17:59:52.330+0000] {logging_mixin.py:137} INFO - [2023-02-28T17:59:52.330+0000] {dag.py:3441} INFO - Setting next_dagrun for dataset_consumes_unknown_never_scheduled to None, run_after=None
[2023-02-28T17:59:52.332+0000] {logging_mixin.py:137} INFO - [2023-02-28T17:59:52.332+0000] {dag.py:3441} INFO - Setting next_dagrun for dataset_produces_1 to 2023-02-27T00:00:00+00:00, run_after=2023-02-28T00:00:00+00:00
[2023-02-28T17:59:52.333+0000] {logging_mixin.py:137} INFO - [2023-02-28T17:59:52.333+0000] {dag.py:3441} INFO - Setting next_dagrun for dataset_produces_2 to None, run_after=None
[2023-02-28T17:59:52.349+0000] {processor.py:175} INFO - Processing /home/airflow/.local/lib/python3.7/site-packages/airflow/example_dags/example_datasets.py took 0.082 seconds
[2023-02-28T18:00:22.626+0000] {processor.py:153} INFO - Started process (PID=1346) to work on /home/airflow/.local/lib/python3.7/site-packages/airflow/example_dags/example_datasets.py
[2023-02-28T18:00:22.628+0000] {processor.py:743} INFO - Processing file /home/airflow/.local/lib/python3.7/site-packages/airflow/example_dags/example_datasets.py for tasks to queue
[2023-02-28T18:00:22.629+0000] {logging_mixin.py:137} INFO - [2023-02-28T18:00:22.629+0000] {dagbag.py:538} INFO - Filling up the DagBag from /home/airflow/.local/lib/python3.7/site-packages/airflow/example_dags/example_datasets.py
[2023-02-28T18:00:22.643+0000] {processor.py:753} INFO - DAG(s) dict_keys(['dataset_consumes_1_never_scheduled', 'dataset_consumes_1', 'dataset_produces_2', 'dataset_consumes_unknown_never_scheduled', 'dataset_produces_1', 'dataset_consumes_1_and_2']) retrieved from /home/airflow/.local/lib/python3.7/site-packages/airflow/example_dags/example_datasets.py
[2023-02-28T18:00:22.670+0000] {logging_mixin.py:137} INFO - [2023-02-28T18:00:22.670+0000] {dag.py:2690} INFO - Sync 6 DAGs
[2023-02-28T18:00:22.683+0000] {logging_mixin.py:137} INFO - [2023-02-28T18:00:22.683+0000] {dag.py:3441} INFO - Setting next_dagrun for dataset_consumes_1 to None, run_after=None
[2023-02-28T18:00:22.685+0000] {logging_mixin.py:137} INFO - [2023-02-28T18:00:22.685+0000] {dag.py:3441} INFO - Setting next_dagrun for dataset_consumes_1_and_2 to None, run_after=None
[2023-02-28T18:00:22.686+0000] {logging_mixin.py:137} INFO - [2023-02-28T18:00:22.686+0000] {dag.py:3441} INFO - Setting next_dagrun for dataset_consumes_1_never_scheduled to None, run_after=None
[2023-02-28T18:00:22.687+0000] {logging_mixin.py:137} INFO - [2023-02-28T18:00:22.687+0000] {dag.py:3441} INFO - Setting next_dagrun for dataset_consumes_unknown_never_scheduled to None, run_after=None
[2023-02-28T18:00:22.689+0000] {logging_mixin.py:137} INFO - [2023-02-28T18:00:22.689+0000] {dag.py:3441} INFO - Setting next_dagrun for dataset_produces_1 to 2023-02-27T00:00:00+00:00, run_after=2023-02-28T00:00:00+00:00
[2023-02-28T18:00:22.690+0000] {logging_mixin.py:137} INFO - [2023-02-28T18:00:22.690+0000] {dag.py:3441} INFO - Setting next_dagrun for dataset_produces_2 to None, run_after=None
[2023-02-28T18:00:22.707+0000] {processor.py:175} INFO - Processing /home/airflow/.local/lib/python3.7/site-packages/airflow/example_dags/example_datasets.py took 0.084 seconds
[2023-02-28T18:00:52.848+0000] {processor.py:153} INFO - Started process (PID=1426) to work on /home/airflow/.local/lib/python3.7/site-packages/airflow/example_dags/example_datasets.py
[2023-02-28T18:00:52.849+0000] {processor.py:743} INFO - Processing file /home/airflow/.local/lib/python3.7/site-packages/airflow/example_dags/example_datasets.py for tasks to queue
[2023-02-28T18:00:52.850+0000] {logging_mixin.py:137} INFO - [2023-02-28T18:00:52.850+0000] {dagbag.py:538} INFO - Filling up the DagBag from /home/airflow/.local/lib/python3.7/site-packages/airflow/example_dags/example_datasets.py
[2023-02-28T18:00:52.864+0000] {processor.py:753} INFO - DAG(s) dict_keys(['dataset_consumes_1_and_2', 'dataset_consumes_unknown_never_scheduled', 'dataset_consumes_1_never_scheduled', 'dataset_produces_2', 'dataset_produces_1', 'dataset_consumes_1']) retrieved from /home/airflow/.local/lib/python3.7/site-packages/airflow/example_dags/example_datasets.py
[2023-02-28T18:00:52.892+0000] {logging_mixin.py:137} INFO - [2023-02-28T18:00:52.892+0000] {dag.py:2690} INFO - Sync 6 DAGs
[2023-02-28T18:00:52.907+0000] {logging_mixin.py:137} INFO - [2023-02-28T18:00:52.907+0000] {dag.py:3441} INFO - Setting next_dagrun for dataset_consumes_1 to None, run_after=None
[2023-02-28T18:00:52.909+0000] {logging_mixin.py:137} INFO - [2023-02-28T18:00:52.909+0000] {dag.py:3441} INFO - Setting next_dagrun for dataset_consumes_1_and_2 to None, run_after=None
[2023-02-28T18:00:52.910+0000] {logging_mixin.py:137} INFO - [2023-02-28T18:00:52.910+0000] {dag.py:3441} INFO - Setting next_dagrun for dataset_consumes_1_never_scheduled to None, run_after=None
[2023-02-28T18:00:52.911+0000] {logging_mixin.py:137} INFO - [2023-02-28T18:00:52.911+0000] {dag.py:3441} INFO - Setting next_dagrun for dataset_consumes_unknown_never_scheduled to None, run_after=None
[2023-02-28T18:00:52.912+0000] {logging_mixin.py:137} INFO - [2023-02-28T18:00:52.912+0000] {dag.py:3441} INFO - Setting next_dagrun for dataset_produces_1 to 2023-02-27T00:00:00+00:00, run_after=2023-02-28T00:00:00+00:00
[2023-02-28T18:00:52.913+0000] {logging_mixin.py:137} INFO - [2023-02-28T18:00:52.913+0000] {dag.py:3441} INFO - Setting next_dagrun for dataset_produces_2 to None, run_after=None
[2023-02-28T18:00:52.929+0000] {processor.py:175} INFO - Processing /home/airflow/.local/lib/python3.7/site-packages/airflow/example_dags/example_datasets.py took 0.086 seconds
[2023-02-28T18:01:23.440+0000] {processor.py:153} INFO - Started process (PID=1506) to work on /home/airflow/.local/lib/python3.7/site-packages/airflow/example_dags/example_datasets.py
[2023-02-28T18:01:23.442+0000] {processor.py:743} INFO - Processing file /home/airflow/.local/lib/python3.7/site-packages/airflow/example_dags/example_datasets.py for tasks to queue
[2023-02-28T18:01:23.443+0000] {logging_mixin.py:137} INFO - [2023-02-28T18:01:23.443+0000] {dagbag.py:538} INFO - Filling up the DagBag from /home/airflow/.local/lib/python3.7/site-packages/airflow/example_dags/example_datasets.py
[2023-02-28T18:01:23.453+0000] {processor.py:753} INFO - DAG(s) dict_keys(['dataset_consumes_1_and_2', 'dataset_consumes_1', 'dataset_produces_1', 'dataset_consumes_unknown_never_scheduled', 'dataset_produces_2', 'dataset_consumes_1_never_scheduled']) retrieved from /home/airflow/.local/lib/python3.7/site-packages/airflow/example_dags/example_datasets.py
[2023-02-28T18:01:23.477+0000] {logging_mixin.py:137} INFO - [2023-02-28T18:01:23.477+0000] {dag.py:2690} INFO - Sync 6 DAGs
[2023-02-28T18:01:23.490+0000] {logging_mixin.py:137} INFO - [2023-02-28T18:01:23.490+0000] {dag.py:3441} INFO - Setting next_dagrun for dataset_consumes_1 to None, run_after=None
[2023-02-28T18:01:23.493+0000] {logging_mixin.py:137} INFO - [2023-02-28T18:01:23.492+0000] {dag.py:3441} INFO - Setting next_dagrun for dataset_consumes_1_and_2 to None, run_after=None
[2023-02-28T18:01:23.493+0000] {logging_mixin.py:137} INFO - [2023-02-28T18:01:23.493+0000] {dag.py:3441} INFO - Setting next_dagrun for dataset_consumes_1_never_scheduled to None, run_after=None
[2023-02-28T18:01:23.494+0000] {logging_mixin.py:137} INFO - [2023-02-28T18:01:23.494+0000] {dag.py:3441} INFO - Setting next_dagrun for dataset_consumes_unknown_never_scheduled to None, run_after=None
[2023-02-28T18:01:23.496+0000] {logging_mixin.py:137} INFO - [2023-02-28T18:01:23.496+0000] {dag.py:3441} INFO - Setting next_dagrun for dataset_produces_1 to 2023-02-27T00:00:00+00:00, run_after=2023-02-28T00:00:00+00:00
[2023-02-28T18:01:23.499+0000] {logging_mixin.py:137} INFO - [2023-02-28T18:01:23.499+0000] {dag.py:3441} INFO - Setting next_dagrun for dataset_produces_2 to None, run_after=None
[2023-02-28T18:01:23.514+0000] {processor.py:175} INFO - Processing /home/airflow/.local/lib/python3.7/site-packages/airflow/example_dags/example_datasets.py took 0.077 seconds
