[2023-02-28T17:48:40.120+0000] {processor.py:153} INFO - Started process (PID=52) to work on /home/airflow/.local/lib/python3.7/site-packages/airflow/example_dags/example_complex.py
[2023-02-28T17:48:40.121+0000] {processor.py:743} INFO - Processing file /home/airflow/.local/lib/python3.7/site-packages/airflow/example_dags/example_complex.py for tasks to queue
[2023-02-28T17:48:40.122+0000] {logging_mixin.py:137} INFO - [2023-02-28T17:48:40.122+0000] {dagbag.py:538} INFO - Filling up the DagBag from /home/airflow/.local/lib/python3.7/site-packages/airflow/example_dags/example_complex.py
[2023-02-28T17:48:40.130+0000] {logging_mixin.py:137} INFO - [2023-02-28T17:48:40.130+0000] {taskmixin.py:205} WARNING - Dependency <Task(BashOperator): create_entry_group>, delete_entry_group already registered for DAG: example_complex
[2023-02-28T17:48:40.131+0000] {logging_mixin.py:137} INFO - [2023-02-28T17:48:40.131+0000] {taskmixin.py:205} WARNING - Dependency <Task(BashOperator): delete_entry_group>, create_entry_group already registered for DAG: example_complex
[2023-02-28T17:48:40.131+0000] {logging_mixin.py:137} INFO - [2023-02-28T17:48:40.131+0000] {taskmixin.py:205} WARNING - Dependency <Task(BashOperator): create_entry_gcs>, delete_entry already registered for DAG: example_complex
[2023-02-28T17:48:40.132+0000] {logging_mixin.py:137} INFO - [2023-02-28T17:48:40.132+0000] {taskmixin.py:205} WARNING - Dependency <Task(BashOperator): delete_entry>, create_entry_gcs already registered for DAG: example_complex
[2023-02-28T17:48:40.132+0000] {logging_mixin.py:137} INFO - [2023-02-28T17:48:40.132+0000] {taskmixin.py:205} WARNING - Dependency <Task(BashOperator): create_tag>, delete_tag already registered for DAG: example_complex
[2023-02-28T17:48:40.133+0000] {logging_mixin.py:137} INFO - [2023-02-28T17:48:40.133+0000] {taskmixin.py:205} WARNING - Dependency <Task(BashOperator): delete_tag>, create_tag already registered for DAG: example_complex
[2023-02-28T17:48:40.139+0000] {processor.py:753} INFO - DAG(s) dict_keys(['example_complex']) retrieved from /home/airflow/.local/lib/python3.7/site-packages/airflow/example_dags/example_complex.py
[2023-02-28T17:48:40.241+0000] {logging_mixin.py:137} INFO - [2023-02-28T17:48:40.241+0000] {manager.py:504} INFO - Created Permission View: can edit on DAG:example_complex
[2023-02-28T17:48:40.246+0000] {logging_mixin.py:137} INFO - [2023-02-28T17:48:40.246+0000] {manager.py:504} INFO - Created Permission View: can read on DAG:example_complex
[2023-02-28T17:48:40.250+0000] {logging_mixin.py:137} INFO - [2023-02-28T17:48:40.250+0000] {manager.py:504} INFO - Created Permission View: can delete on DAG:example_complex
[2023-02-28T17:48:40.251+0000] {logging_mixin.py:137} INFO - [2023-02-28T17:48:40.251+0000] {dag.py:2690} INFO - Sync 1 DAGs
[2023-02-28T17:48:40.260+0000] {logging_mixin.py:137} INFO - [2023-02-28T17:48:40.260+0000] {dag.py:2711} INFO - Creating ORM DAG for example_complex
[2023-02-28T17:48:40.267+0000] {logging_mixin.py:137} INFO - [2023-02-28T17:48:40.267+0000] {dag.py:3441} INFO - Setting next_dagrun for example_complex to None, run_after=None
[2023-02-28T17:48:40.279+0000] {processor.py:175} INFO - Processing /home/airflow/.local/lib/python3.7/site-packages/airflow/example_dags/example_complex.py took 0.161 seconds
[2023-02-28T17:49:11.319+0000] {processor.py:153} INFO - Started process (PID=133) to work on /home/airflow/.local/lib/python3.7/site-packages/airflow/example_dags/example_complex.py
[2023-02-28T17:49:11.320+0000] {processor.py:743} INFO - Processing file /home/airflow/.local/lib/python3.7/site-packages/airflow/example_dags/example_complex.py for tasks to queue
[2023-02-28T17:49:11.321+0000] {logging_mixin.py:137} INFO - [2023-02-28T17:49:11.321+0000] {dagbag.py:538} INFO - Filling up the DagBag from /home/airflow/.local/lib/python3.7/site-packages/airflow/example_dags/example_complex.py
[2023-02-28T17:49:11.329+0000] {logging_mixin.py:137} INFO - [2023-02-28T17:49:11.329+0000] {taskmixin.py:205} WARNING - Dependency <Task(BashOperator): create_entry_group>, delete_entry_group already registered for DAG: example_complex
[2023-02-28T17:49:11.330+0000] {logging_mixin.py:137} INFO - [2023-02-28T17:49:11.330+0000] {taskmixin.py:205} WARNING - Dependency <Task(BashOperator): delete_entry_group>, create_entry_group already registered for DAG: example_complex
[2023-02-28T17:49:11.331+0000] {logging_mixin.py:137} INFO - [2023-02-28T17:49:11.331+0000] {taskmixin.py:205} WARNING - Dependency <Task(BashOperator): create_entry_gcs>, delete_entry already registered for DAG: example_complex
[2023-02-28T17:49:11.331+0000] {logging_mixin.py:137} INFO - [2023-02-28T17:49:11.331+0000] {taskmixin.py:205} WARNING - Dependency <Task(BashOperator): delete_entry>, create_entry_gcs already registered for DAG: example_complex
[2023-02-28T17:49:11.332+0000] {logging_mixin.py:137} INFO - [2023-02-28T17:49:11.332+0000] {taskmixin.py:205} WARNING - Dependency <Task(BashOperator): create_tag>, delete_tag already registered for DAG: example_complex
[2023-02-28T17:49:11.333+0000] {logging_mixin.py:137} INFO - [2023-02-28T17:49:11.333+0000] {taskmixin.py:205} WARNING - Dependency <Task(BashOperator): delete_tag>, create_tag already registered for DAG: example_complex
[2023-02-28T17:49:11.337+0000] {processor.py:753} INFO - DAG(s) dict_keys(['example_complex']) retrieved from /home/airflow/.local/lib/python3.7/site-packages/airflow/example_dags/example_complex.py
[2023-02-28T17:49:11.363+0000] {logging_mixin.py:137} INFO - [2023-02-28T17:49:11.363+0000] {dag.py:2690} INFO - Sync 1 DAGs
[2023-02-28T17:49:11.379+0000] {logging_mixin.py:137} INFO - [2023-02-28T17:49:11.379+0000] {dag.py:3441} INFO - Setting next_dagrun for example_complex to None, run_after=None
[2023-02-28T17:49:11.393+0000] {processor.py:175} INFO - Processing /home/airflow/.local/lib/python3.7/site-packages/airflow/example_dags/example_complex.py took 0.080 seconds
[2023-02-28T17:49:41.422+0000] {processor.py:153} INFO - Started process (PID=213) to work on /home/airflow/.local/lib/python3.7/site-packages/airflow/example_dags/example_complex.py
[2023-02-28T17:49:41.423+0000] {processor.py:743} INFO - Processing file /home/airflow/.local/lib/python3.7/site-packages/airflow/example_dags/example_complex.py for tasks to queue
[2023-02-28T17:49:41.424+0000] {logging_mixin.py:137} INFO - [2023-02-28T17:49:41.424+0000] {dagbag.py:538} INFO - Filling up the DagBag from /home/airflow/.local/lib/python3.7/site-packages/airflow/example_dags/example_complex.py
[2023-02-28T17:49:41.431+0000] {logging_mixin.py:137} INFO - [2023-02-28T17:49:41.431+0000] {taskmixin.py:205} WARNING - Dependency <Task(BashOperator): create_entry_group>, delete_entry_group already registered for DAG: example_complex
[2023-02-28T17:49:41.431+0000] {logging_mixin.py:137} INFO - [2023-02-28T17:49:41.431+0000] {taskmixin.py:205} WARNING - Dependency <Task(BashOperator): delete_entry_group>, create_entry_group already registered for DAG: example_complex
[2023-02-28T17:49:41.432+0000] {logging_mixin.py:137} INFO - [2023-02-28T17:49:41.432+0000] {taskmixin.py:205} WARNING - Dependency <Task(BashOperator): create_entry_gcs>, delete_entry already registered for DAG: example_complex
[2023-02-28T17:49:41.433+0000] {logging_mixin.py:137} INFO - [2023-02-28T17:49:41.432+0000] {taskmixin.py:205} WARNING - Dependency <Task(BashOperator): delete_entry>, create_entry_gcs already registered for DAG: example_complex
[2023-02-28T17:49:41.433+0000] {logging_mixin.py:137} INFO - [2023-02-28T17:49:41.433+0000] {taskmixin.py:205} WARNING - Dependency <Task(BashOperator): create_tag>, delete_tag already registered for DAG: example_complex
[2023-02-28T17:49:41.433+0000] {logging_mixin.py:137} INFO - [2023-02-28T17:49:41.433+0000] {taskmixin.py:205} WARNING - Dependency <Task(BashOperator): delete_tag>, create_tag already registered for DAG: example_complex
[2023-02-28T17:49:41.438+0000] {processor.py:753} INFO - DAG(s) dict_keys(['example_complex']) retrieved from /home/airflow/.local/lib/python3.7/site-packages/airflow/example_dags/example_complex.py
[2023-02-28T17:49:41.459+0000] {logging_mixin.py:137} INFO - [2023-02-28T17:49:41.459+0000] {dag.py:2690} INFO - Sync 1 DAGs
[2023-02-28T17:49:41.475+0000] {logging_mixin.py:137} INFO - [2023-02-28T17:49:41.475+0000] {dag.py:3441} INFO - Setting next_dagrun for example_complex to None, run_after=None
[2023-02-28T17:49:41.487+0000] {processor.py:175} INFO - Processing /home/airflow/.local/lib/python3.7/site-packages/airflow/example_dags/example_complex.py took 0.068 seconds
[2023-02-28T17:50:11.711+0000] {processor.py:153} INFO - Started process (PID=280) to work on /home/airflow/.local/lib/python3.7/site-packages/airflow/example_dags/example_complex.py
[2023-02-28T17:50:11.712+0000] {processor.py:743} INFO - Processing file /home/airflow/.local/lib/python3.7/site-packages/airflow/example_dags/example_complex.py for tasks to queue
[2023-02-28T17:50:11.713+0000] {logging_mixin.py:137} INFO - [2023-02-28T17:50:11.712+0000] {dagbag.py:538} INFO - Filling up the DagBag from /home/airflow/.local/lib/python3.7/site-packages/airflow/example_dags/example_complex.py
[2023-02-28T17:50:11.719+0000] {logging_mixin.py:137} INFO - [2023-02-28T17:50:11.719+0000] {taskmixin.py:205} WARNING - Dependency <Task(BashOperator): create_entry_group>, delete_entry_group already registered for DAG: example_complex
[2023-02-28T17:50:11.720+0000] {logging_mixin.py:137} INFO - [2023-02-28T17:50:11.720+0000] {taskmixin.py:205} WARNING - Dependency <Task(BashOperator): delete_entry_group>, create_entry_group already registered for DAG: example_complex
[2023-02-28T17:50:11.720+0000] {logging_mixin.py:137} INFO - [2023-02-28T17:50:11.720+0000] {taskmixin.py:205} WARNING - Dependency <Task(BashOperator): create_entry_gcs>, delete_entry already registered for DAG: example_complex
[2023-02-28T17:50:11.721+0000] {logging_mixin.py:137} INFO - [2023-02-28T17:50:11.720+0000] {taskmixin.py:205} WARNING - Dependency <Task(BashOperator): delete_entry>, create_entry_gcs already registered for DAG: example_complex
[2023-02-28T17:50:11.721+0000] {logging_mixin.py:137} INFO - [2023-02-28T17:50:11.721+0000] {taskmixin.py:205} WARNING - Dependency <Task(BashOperator): create_tag>, delete_tag already registered for DAG: example_complex
[2023-02-28T17:50:11.721+0000] {logging_mixin.py:137} INFO - [2023-02-28T17:50:11.721+0000] {taskmixin.py:205} WARNING - Dependency <Task(BashOperator): delete_tag>, create_tag already registered for DAG: example_complex
[2023-02-28T17:50:11.726+0000] {processor.py:753} INFO - DAG(s) dict_keys(['example_complex']) retrieved from /home/airflow/.local/lib/python3.7/site-packages/airflow/example_dags/example_complex.py
[2023-02-28T17:50:11.747+0000] {logging_mixin.py:137} INFO - [2023-02-28T17:50:11.747+0000] {dag.py:2690} INFO - Sync 1 DAGs
[2023-02-28T17:50:11.760+0000] {logging_mixin.py:137} INFO - [2023-02-28T17:50:11.760+0000] {dag.py:3441} INFO - Setting next_dagrun for example_complex to None, run_after=None
[2023-02-28T17:50:11.771+0000] {processor.py:175} INFO - Processing /home/airflow/.local/lib/python3.7/site-packages/airflow/example_dags/example_complex.py took 0.062 seconds
[2023-02-28T17:50:42.185+0000] {processor.py:153} INFO - Started process (PID=361) to work on /home/airflow/.local/lib/python3.7/site-packages/airflow/example_dags/example_complex.py
[2023-02-28T17:50:42.186+0000] {processor.py:743} INFO - Processing file /home/airflow/.local/lib/python3.7/site-packages/airflow/example_dags/example_complex.py for tasks to queue
[2023-02-28T17:50:42.187+0000] {logging_mixin.py:137} INFO - [2023-02-28T17:50:42.187+0000] {dagbag.py:538} INFO - Filling up the DagBag from /home/airflow/.local/lib/python3.7/site-packages/airflow/example_dags/example_complex.py
[2023-02-28T17:50:42.194+0000] {logging_mixin.py:137} INFO - [2023-02-28T17:50:42.194+0000] {taskmixin.py:205} WARNING - Dependency <Task(BashOperator): create_entry_group>, delete_entry_group already registered for DAG: example_complex
[2023-02-28T17:50:42.195+0000] {logging_mixin.py:137} INFO - [2023-02-28T17:50:42.195+0000] {taskmixin.py:205} WARNING - Dependency <Task(BashOperator): delete_entry_group>, create_entry_group already registered for DAG: example_complex
[2023-02-28T17:50:42.196+0000] {logging_mixin.py:137} INFO - [2023-02-28T17:50:42.196+0000] {taskmixin.py:205} WARNING - Dependency <Task(BashOperator): create_entry_gcs>, delete_entry already registered for DAG: example_complex
[2023-02-28T17:50:42.196+0000] {logging_mixin.py:137} INFO - [2023-02-28T17:50:42.196+0000] {taskmixin.py:205} WARNING - Dependency <Task(BashOperator): delete_entry>, create_entry_gcs already registered for DAG: example_complex
[2023-02-28T17:50:42.197+0000] {logging_mixin.py:137} INFO - [2023-02-28T17:50:42.197+0000] {taskmixin.py:205} WARNING - Dependency <Task(BashOperator): create_tag>, delete_tag already registered for DAG: example_complex
[2023-02-28T17:50:42.197+0000] {logging_mixin.py:137} INFO - [2023-02-28T17:50:42.197+0000] {taskmixin.py:205} WARNING - Dependency <Task(BashOperator): delete_tag>, create_tag already registered for DAG: example_complex
[2023-02-28T17:50:42.202+0000] {processor.py:753} INFO - DAG(s) dict_keys(['example_complex']) retrieved from /home/airflow/.local/lib/python3.7/site-packages/airflow/example_dags/example_complex.py
[2023-02-28T17:50:42.224+0000] {logging_mixin.py:137} INFO - [2023-02-28T17:50:42.224+0000] {dag.py:2690} INFO - Sync 1 DAGs
[2023-02-28T17:50:42.239+0000] {logging_mixin.py:137} INFO - [2023-02-28T17:50:42.239+0000] {dag.py:3441} INFO - Setting next_dagrun for example_complex to None, run_after=None
[2023-02-28T17:50:42.249+0000] {processor.py:175} INFO - Processing /home/airflow/.local/lib/python3.7/site-packages/airflow/example_dags/example_complex.py took 0.066 seconds
[2023-02-28T17:51:44.612+0000] {processor.py:153} INFO - Started process (PID=52) to work on /home/airflow/.local/lib/python3.7/site-packages/airflow/example_dags/example_complex.py
[2023-02-28T17:51:44.613+0000] {processor.py:743} INFO - Processing file /home/airflow/.local/lib/python3.7/site-packages/airflow/example_dags/example_complex.py for tasks to queue
[2023-02-28T17:51:44.617+0000] {logging_mixin.py:137} INFO - [2023-02-28T17:51:44.617+0000] {dagbag.py:538} INFO - Filling up the DagBag from /home/airflow/.local/lib/python3.7/site-packages/airflow/example_dags/example_complex.py
[2023-02-28T17:51:44.630+0000] {logging_mixin.py:137} INFO - [2023-02-28T17:51:44.630+0000] {taskmixin.py:205} WARNING - Dependency <Task(BashOperator): create_entry_group>, delete_entry_group already registered for DAG: example_complex
[2023-02-28T17:51:44.630+0000] {logging_mixin.py:137} INFO - [2023-02-28T17:51:44.630+0000] {taskmixin.py:205} WARNING - Dependency <Task(BashOperator): delete_entry_group>, create_entry_group already registered for DAG: example_complex
[2023-02-28T17:51:44.631+0000] {logging_mixin.py:137} INFO - [2023-02-28T17:51:44.631+0000] {taskmixin.py:205} WARNING - Dependency <Task(BashOperator): create_entry_gcs>, delete_entry already registered for DAG: example_complex
[2023-02-28T17:51:44.631+0000] {logging_mixin.py:137} INFO - [2023-02-28T17:51:44.631+0000] {taskmixin.py:205} WARNING - Dependency <Task(BashOperator): delete_entry>, create_entry_gcs already registered for DAG: example_complex
[2023-02-28T17:51:44.632+0000] {logging_mixin.py:137} INFO - [2023-02-28T17:51:44.632+0000] {taskmixin.py:205} WARNING - Dependency <Task(BashOperator): create_tag>, delete_tag already registered for DAG: example_complex
[2023-02-28T17:51:44.633+0000] {logging_mixin.py:137} INFO - [2023-02-28T17:51:44.632+0000] {taskmixin.py:205} WARNING - Dependency <Task(BashOperator): delete_tag>, create_tag already registered for DAG: example_complex
[2023-02-28T17:51:44.640+0000] {processor.py:753} INFO - DAG(s) dict_keys(['example_complex']) retrieved from /home/airflow/.local/lib/python3.7/site-packages/airflow/example_dags/example_complex.py
[2023-02-28T17:51:44.660+0000] {logging_mixin.py:137} INFO - [2023-02-28T17:51:44.660+0000] {dag.py:2690} INFO - Sync 1 DAGs
[2023-02-28T17:51:44.690+0000] {logging_mixin.py:137} INFO - [2023-02-28T17:51:44.690+0000] {dag.py:3441} INFO - Setting next_dagrun for example_complex to None, run_after=None
[2023-02-28T17:51:44.701+0000] {processor.py:175} INFO - Processing /home/airflow/.local/lib/python3.7/site-packages/airflow/example_dags/example_complex.py took 0.099 seconds
[2023-02-28T17:52:14.992+0000] {processor.py:153} INFO - Started process (PID=132) to work on /home/airflow/.local/lib/python3.7/site-packages/airflow/example_dags/example_complex.py
[2023-02-28T17:52:14.993+0000] {processor.py:743} INFO - Processing file /home/airflow/.local/lib/python3.7/site-packages/airflow/example_dags/example_complex.py for tasks to queue
[2023-02-28T17:52:14.994+0000] {logging_mixin.py:137} INFO - [2023-02-28T17:52:14.994+0000] {dagbag.py:538} INFO - Filling up the DagBag from /home/airflow/.local/lib/python3.7/site-packages/airflow/example_dags/example_complex.py
[2023-02-28T17:52:15.000+0000] {logging_mixin.py:137} INFO - [2023-02-28T17:52:15.000+0000] {taskmixin.py:205} WARNING - Dependency <Task(BashOperator): create_entry_group>, delete_entry_group already registered for DAG: example_complex
[2023-02-28T17:52:15.001+0000] {logging_mixin.py:137} INFO - [2023-02-28T17:52:15.000+0000] {taskmixin.py:205} WARNING - Dependency <Task(BashOperator): delete_entry_group>, create_entry_group already registered for DAG: example_complex
[2023-02-28T17:52:15.001+0000] {logging_mixin.py:137} INFO - [2023-02-28T17:52:15.001+0000] {taskmixin.py:205} WARNING - Dependency <Task(BashOperator): create_entry_gcs>, delete_entry already registered for DAG: example_complex
[2023-02-28T17:52:15.001+0000] {logging_mixin.py:137} INFO - [2023-02-28T17:52:15.001+0000] {taskmixin.py:205} WARNING - Dependency <Task(BashOperator): delete_entry>, create_entry_gcs already registered for DAG: example_complex
[2023-02-28T17:52:15.002+0000] {logging_mixin.py:137} INFO - [2023-02-28T17:52:15.002+0000] {taskmixin.py:205} WARNING - Dependency <Task(BashOperator): create_tag>, delete_tag already registered for DAG: example_complex
[2023-02-28T17:52:15.002+0000] {logging_mixin.py:137} INFO - [2023-02-28T17:52:15.002+0000] {taskmixin.py:205} WARNING - Dependency <Task(BashOperator): delete_tag>, create_tag already registered for DAG: example_complex
[2023-02-28T17:52:15.006+0000] {processor.py:753} INFO - DAG(s) dict_keys(['example_complex']) retrieved from /home/airflow/.local/lib/python3.7/site-packages/airflow/example_dags/example_complex.py
[2023-02-28T17:52:15.026+0000] {logging_mixin.py:137} INFO - [2023-02-28T17:52:15.026+0000] {dag.py:2690} INFO - Sync 1 DAGs
[2023-02-28T17:52:15.039+0000] {logging_mixin.py:137} INFO - [2023-02-28T17:52:15.039+0000] {dag.py:3441} INFO - Setting next_dagrun for example_complex to None, run_after=None
[2023-02-28T17:52:15.048+0000] {processor.py:175} INFO - Processing /home/airflow/.local/lib/python3.7/site-packages/airflow/example_dags/example_complex.py took 0.058 seconds
[2023-02-28T17:52:45.309+0000] {processor.py:153} INFO - Started process (PID=199) to work on /home/airflow/.local/lib/python3.7/site-packages/airflow/example_dags/example_complex.py
[2023-02-28T17:52:45.310+0000] {processor.py:743} INFO - Processing file /home/airflow/.local/lib/python3.7/site-packages/airflow/example_dags/example_complex.py for tasks to queue
[2023-02-28T17:52:45.310+0000] {logging_mixin.py:137} INFO - [2023-02-28T17:52:45.310+0000] {dagbag.py:538} INFO - Filling up the DagBag from /home/airflow/.local/lib/python3.7/site-packages/airflow/example_dags/example_complex.py
[2023-02-28T17:52:45.318+0000] {logging_mixin.py:137} INFO - [2023-02-28T17:52:45.317+0000] {taskmixin.py:205} WARNING - Dependency <Task(BashOperator): create_entry_group>, delete_entry_group already registered for DAG: example_complex
[2023-02-28T17:52:45.318+0000] {logging_mixin.py:137} INFO - [2023-02-28T17:52:45.318+0000] {taskmixin.py:205} WARNING - Dependency <Task(BashOperator): delete_entry_group>, create_entry_group already registered for DAG: example_complex
[2023-02-28T17:52:45.318+0000] {logging_mixin.py:137} INFO - [2023-02-28T17:52:45.318+0000] {taskmixin.py:205} WARNING - Dependency <Task(BashOperator): create_entry_gcs>, delete_entry already registered for DAG: example_complex
[2023-02-28T17:52:45.319+0000] {logging_mixin.py:137} INFO - [2023-02-28T17:52:45.319+0000] {taskmixin.py:205} WARNING - Dependency <Task(BashOperator): delete_entry>, create_entry_gcs already registered for DAG: example_complex
[2023-02-28T17:52:45.319+0000] {logging_mixin.py:137} INFO - [2023-02-28T17:52:45.319+0000] {taskmixin.py:205} WARNING - Dependency <Task(BashOperator): create_tag>, delete_tag already registered for DAG: example_complex
[2023-02-28T17:52:45.320+0000] {logging_mixin.py:137} INFO - [2023-02-28T17:52:45.320+0000] {taskmixin.py:205} WARNING - Dependency <Task(BashOperator): delete_tag>, create_tag already registered for DAG: example_complex
[2023-02-28T17:52:45.324+0000] {processor.py:753} INFO - DAG(s) dict_keys(['example_complex']) retrieved from /home/airflow/.local/lib/python3.7/site-packages/airflow/example_dags/example_complex.py
[2023-02-28T17:52:45.344+0000] {logging_mixin.py:137} INFO - [2023-02-28T17:52:45.344+0000] {dag.py:2690} INFO - Sync 1 DAGs
[2023-02-28T17:52:45.357+0000] {logging_mixin.py:137} INFO - [2023-02-28T17:52:45.357+0000] {dag.py:3441} INFO - Setting next_dagrun for example_complex to None, run_after=None
[2023-02-28T17:52:45.366+0000] {processor.py:175} INFO - Processing /home/airflow/.local/lib/python3.7/site-packages/airflow/example_dags/example_complex.py took 0.060 seconds
[2023-02-28T17:53:15.569+0000] {processor.py:153} INFO - Started process (PID=279) to work on /home/airflow/.local/lib/python3.7/site-packages/airflow/example_dags/example_complex.py
[2023-02-28T17:53:15.570+0000] {processor.py:743} INFO - Processing file /home/airflow/.local/lib/python3.7/site-packages/airflow/example_dags/example_complex.py for tasks to queue
[2023-02-28T17:53:15.570+0000] {logging_mixin.py:137} INFO - [2023-02-28T17:53:15.570+0000] {dagbag.py:538} INFO - Filling up the DagBag from /home/airflow/.local/lib/python3.7/site-packages/airflow/example_dags/example_complex.py
[2023-02-28T17:53:15.577+0000] {logging_mixin.py:137} INFO - [2023-02-28T17:53:15.577+0000] {taskmixin.py:205} WARNING - Dependency <Task(BashOperator): create_entry_group>, delete_entry_group already registered for DAG: example_complex
[2023-02-28T17:53:15.578+0000] {logging_mixin.py:137} INFO - [2023-02-28T17:53:15.578+0000] {taskmixin.py:205} WARNING - Dependency <Task(BashOperator): delete_entry_group>, create_entry_group already registered for DAG: example_complex
[2023-02-28T17:53:15.578+0000] {logging_mixin.py:137} INFO - [2023-02-28T17:53:15.578+0000] {taskmixin.py:205} WARNING - Dependency <Task(BashOperator): create_entry_gcs>, delete_entry already registered for DAG: example_complex
[2023-02-28T17:53:15.579+0000] {logging_mixin.py:137} INFO - [2023-02-28T17:53:15.579+0000] {taskmixin.py:205} WARNING - Dependency <Task(BashOperator): delete_entry>, create_entry_gcs already registered for DAG: example_complex
[2023-02-28T17:53:15.579+0000] {logging_mixin.py:137} INFO - [2023-02-28T17:53:15.579+0000] {taskmixin.py:205} WARNING - Dependency <Task(BashOperator): create_tag>, delete_tag already registered for DAG: example_complex
[2023-02-28T17:53:15.580+0000] {logging_mixin.py:137} INFO - [2023-02-28T17:53:15.579+0000] {taskmixin.py:205} WARNING - Dependency <Task(BashOperator): delete_tag>, create_tag already registered for DAG: example_complex
[2023-02-28T17:53:15.583+0000] {processor.py:753} INFO - DAG(s) dict_keys(['example_complex']) retrieved from /home/airflow/.local/lib/python3.7/site-packages/airflow/example_dags/example_complex.py
[2023-02-28T17:53:15.603+0000] {logging_mixin.py:137} INFO - [2023-02-28T17:53:15.603+0000] {dag.py:2690} INFO - Sync 1 DAGs
[2023-02-28T17:53:15.617+0000] {logging_mixin.py:137} INFO - [2023-02-28T17:53:15.617+0000] {dag.py:3441} INFO - Setting next_dagrun for example_complex to None, run_after=None
[2023-02-28T17:53:15.626+0000] {processor.py:175} INFO - Processing /home/airflow/.local/lib/python3.7/site-packages/airflow/example_dags/example_complex.py took 0.060 seconds
[2023-02-28T17:53:46.467+0000] {processor.py:153} INFO - Started process (PID=359) to work on /home/airflow/.local/lib/python3.7/site-packages/airflow/example_dags/example_complex.py
[2023-02-28T17:53:46.469+0000] {processor.py:743} INFO - Processing file /home/airflow/.local/lib/python3.7/site-packages/airflow/example_dags/example_complex.py for tasks to queue
[2023-02-28T17:53:46.470+0000] {logging_mixin.py:137} INFO - [2023-02-28T17:53:46.469+0000] {dagbag.py:538} INFO - Filling up the DagBag from /home/airflow/.local/lib/python3.7/site-packages/airflow/example_dags/example_complex.py
[2023-02-28T17:53:46.476+0000] {logging_mixin.py:137} INFO - [2023-02-28T17:53:46.476+0000] {taskmixin.py:205} WARNING - Dependency <Task(BashOperator): create_entry_group>, delete_entry_group already registered for DAG: example_complex
[2023-02-28T17:53:46.477+0000] {logging_mixin.py:137} INFO - [2023-02-28T17:53:46.477+0000] {taskmixin.py:205} WARNING - Dependency <Task(BashOperator): delete_entry_group>, create_entry_group already registered for DAG: example_complex
[2023-02-28T17:53:46.477+0000] {logging_mixin.py:137} INFO - [2023-02-28T17:53:46.477+0000] {taskmixin.py:205} WARNING - Dependency <Task(BashOperator): create_entry_gcs>, delete_entry already registered for DAG: example_complex
[2023-02-28T17:53:46.477+0000] {logging_mixin.py:137} INFO - [2023-02-28T17:53:46.477+0000] {taskmixin.py:205} WARNING - Dependency <Task(BashOperator): delete_entry>, create_entry_gcs already registered for DAG: example_complex
[2023-02-28T17:53:46.478+0000] {logging_mixin.py:137} INFO - [2023-02-28T17:53:46.478+0000] {taskmixin.py:205} WARNING - Dependency <Task(BashOperator): create_tag>, delete_tag already registered for DAG: example_complex
[2023-02-28T17:53:46.478+0000] {logging_mixin.py:137} INFO - [2023-02-28T17:53:46.478+0000] {taskmixin.py:205} WARNING - Dependency <Task(BashOperator): delete_tag>, create_tag already registered for DAG: example_complex
[2023-02-28T17:53:46.483+0000] {processor.py:753} INFO - DAG(s) dict_keys(['example_complex']) retrieved from /home/airflow/.local/lib/python3.7/site-packages/airflow/example_dags/example_complex.py
[2023-02-28T17:53:46.502+0000] {logging_mixin.py:137} INFO - [2023-02-28T17:53:46.502+0000] {dag.py:2690} INFO - Sync 1 DAGs
[2023-02-28T17:53:46.515+0000] {logging_mixin.py:137} INFO - [2023-02-28T17:53:46.515+0000] {dag.py:3441} INFO - Setting next_dagrun for example_complex to None, run_after=None
[2023-02-28T17:53:46.524+0000] {processor.py:175} INFO - Processing /home/airflow/.local/lib/python3.7/site-packages/airflow/example_dags/example_complex.py took 0.059 seconds
[2023-02-28T17:54:17.530+0000] {processor.py:153} INFO - Started process (PID=439) to work on /home/airflow/.local/lib/python3.7/site-packages/airflow/example_dags/example_complex.py
[2023-02-28T17:54:17.531+0000] {processor.py:743} INFO - Processing file /home/airflow/.local/lib/python3.7/site-packages/airflow/example_dags/example_complex.py for tasks to queue
[2023-02-28T17:54:17.531+0000] {logging_mixin.py:137} INFO - [2023-02-28T17:54:17.531+0000] {dagbag.py:538} INFO - Filling up the DagBag from /home/airflow/.local/lib/python3.7/site-packages/airflow/example_dags/example_complex.py
[2023-02-28T17:54:17.538+0000] {logging_mixin.py:137} INFO - [2023-02-28T17:54:17.538+0000] {taskmixin.py:205} WARNING - Dependency <Task(BashOperator): create_entry_group>, delete_entry_group already registered for DAG: example_complex
[2023-02-28T17:54:17.539+0000] {logging_mixin.py:137} INFO - [2023-02-28T17:54:17.539+0000] {taskmixin.py:205} WARNING - Dependency <Task(BashOperator): delete_entry_group>, create_entry_group already registered for DAG: example_complex
[2023-02-28T17:54:17.539+0000] {logging_mixin.py:137} INFO - [2023-02-28T17:54:17.539+0000] {taskmixin.py:205} WARNING - Dependency <Task(BashOperator): create_entry_gcs>, delete_entry already registered for DAG: example_complex
[2023-02-28T17:54:17.540+0000] {logging_mixin.py:137} INFO - [2023-02-28T17:54:17.540+0000] {taskmixin.py:205} WARNING - Dependency <Task(BashOperator): delete_entry>, create_entry_gcs already registered for DAG: example_complex
[2023-02-28T17:54:17.540+0000] {logging_mixin.py:137} INFO - [2023-02-28T17:54:17.540+0000] {taskmixin.py:205} WARNING - Dependency <Task(BashOperator): create_tag>, delete_tag already registered for DAG: example_complex
[2023-02-28T17:54:17.541+0000] {logging_mixin.py:137} INFO - [2023-02-28T17:54:17.541+0000] {taskmixin.py:205} WARNING - Dependency <Task(BashOperator): delete_tag>, create_tag already registered for DAG: example_complex
[2023-02-28T17:54:17.545+0000] {processor.py:753} INFO - DAG(s) dict_keys(['example_complex']) retrieved from /home/airflow/.local/lib/python3.7/site-packages/airflow/example_dags/example_complex.py
[2023-02-28T17:54:17.566+0000] {logging_mixin.py:137} INFO - [2023-02-28T17:54:17.566+0000] {dag.py:2690} INFO - Sync 1 DAGs
[2023-02-28T17:54:17.579+0000] {logging_mixin.py:137} INFO - [2023-02-28T17:54:17.579+0000] {dag.py:3441} INFO - Setting next_dagrun for example_complex to None, run_after=None
[2023-02-28T17:54:17.589+0000] {processor.py:175} INFO - Processing /home/airflow/.local/lib/python3.7/site-packages/airflow/example_dags/example_complex.py took 0.062 seconds
[2023-02-28T17:54:48.592+0000] {processor.py:153} INFO - Started process (PID=506) to work on /home/airflow/.local/lib/python3.7/site-packages/airflow/example_dags/example_complex.py
[2023-02-28T17:54:48.593+0000] {processor.py:743} INFO - Processing file /home/airflow/.local/lib/python3.7/site-packages/airflow/example_dags/example_complex.py for tasks to queue
[2023-02-28T17:54:48.594+0000] {logging_mixin.py:137} INFO - [2023-02-28T17:54:48.593+0000] {dagbag.py:538} INFO - Filling up the DagBag from /home/airflow/.local/lib/python3.7/site-packages/airflow/example_dags/example_complex.py
[2023-02-28T17:54:48.600+0000] {logging_mixin.py:137} INFO - [2023-02-28T17:54:48.599+0000] {taskmixin.py:205} WARNING - Dependency <Task(BashOperator): create_entry_group>, delete_entry_group already registered for DAG: example_complex
[2023-02-28T17:54:48.600+0000] {logging_mixin.py:137} INFO - [2023-02-28T17:54:48.600+0000] {taskmixin.py:205} WARNING - Dependency <Task(BashOperator): delete_entry_group>, create_entry_group already registered for DAG: example_complex
[2023-02-28T17:54:48.600+0000] {logging_mixin.py:137} INFO - [2023-02-28T17:54:48.600+0000] {taskmixin.py:205} WARNING - Dependency <Task(BashOperator): create_entry_gcs>, delete_entry already registered for DAG: example_complex
[2023-02-28T17:54:48.601+0000] {logging_mixin.py:137} INFO - [2023-02-28T17:54:48.601+0000] {taskmixin.py:205} WARNING - Dependency <Task(BashOperator): delete_entry>, create_entry_gcs already registered for DAG: example_complex
[2023-02-28T17:54:48.601+0000] {logging_mixin.py:137} INFO - [2023-02-28T17:54:48.601+0000] {taskmixin.py:205} WARNING - Dependency <Task(BashOperator): create_tag>, delete_tag already registered for DAG: example_complex
[2023-02-28T17:54:48.602+0000] {logging_mixin.py:137} INFO - [2023-02-28T17:54:48.602+0000] {taskmixin.py:205} WARNING - Dependency <Task(BashOperator): delete_tag>, create_tag already registered for DAG: example_complex
[2023-02-28T17:54:48.606+0000] {processor.py:753} INFO - DAG(s) dict_keys(['example_complex']) retrieved from /home/airflow/.local/lib/python3.7/site-packages/airflow/example_dags/example_complex.py
[2023-02-28T17:54:48.625+0000] {logging_mixin.py:137} INFO - [2023-02-28T17:54:48.625+0000] {dag.py:2690} INFO - Sync 1 DAGs
[2023-02-28T17:54:48.637+0000] {logging_mixin.py:137} INFO - [2023-02-28T17:54:48.637+0000] {dag.py:3441} INFO - Setting next_dagrun for example_complex to None, run_after=None
[2023-02-28T17:54:48.646+0000] {processor.py:175} INFO - Processing /home/airflow/.local/lib/python3.7/site-packages/airflow/example_dags/example_complex.py took 0.057 seconds
[2023-02-28T17:55:18.843+0000] {processor.py:153} INFO - Started process (PID=585) to work on /home/airflow/.local/lib/python3.7/site-packages/airflow/example_dags/example_complex.py
[2023-02-28T17:55:18.844+0000] {processor.py:743} INFO - Processing file /home/airflow/.local/lib/python3.7/site-packages/airflow/example_dags/example_complex.py for tasks to queue
[2023-02-28T17:55:18.845+0000] {logging_mixin.py:137} INFO - [2023-02-28T17:55:18.845+0000] {dagbag.py:538} INFO - Filling up the DagBag from /home/airflow/.local/lib/python3.7/site-packages/airflow/example_dags/example_complex.py
[2023-02-28T17:55:18.852+0000] {logging_mixin.py:137} INFO - [2023-02-28T17:55:18.852+0000] {taskmixin.py:205} WARNING - Dependency <Task(BashOperator): create_entry_group>, delete_entry_group already registered for DAG: example_complex
[2023-02-28T17:55:18.853+0000] {logging_mixin.py:137} INFO - [2023-02-28T17:55:18.853+0000] {taskmixin.py:205} WARNING - Dependency <Task(BashOperator): delete_entry_group>, create_entry_group already registered for DAG: example_complex
[2023-02-28T17:55:18.853+0000] {logging_mixin.py:137} INFO - [2023-02-28T17:55:18.853+0000] {taskmixin.py:205} WARNING - Dependency <Task(BashOperator): create_entry_gcs>, delete_entry already registered for DAG: example_complex
[2023-02-28T17:55:18.854+0000] {logging_mixin.py:137} INFO - [2023-02-28T17:55:18.854+0000] {taskmixin.py:205} WARNING - Dependency <Task(BashOperator): delete_entry>, create_entry_gcs already registered for DAG: example_complex
[2023-02-28T17:55:18.854+0000] {logging_mixin.py:137} INFO - [2023-02-28T17:55:18.854+0000] {taskmixin.py:205} WARNING - Dependency <Task(BashOperator): create_tag>, delete_tag already registered for DAG: example_complex
[2023-02-28T17:55:18.854+0000] {logging_mixin.py:137} INFO - [2023-02-28T17:55:18.854+0000] {taskmixin.py:205} WARNING - Dependency <Task(BashOperator): delete_tag>, create_tag already registered for DAG: example_complex
[2023-02-28T17:55:18.859+0000] {processor.py:753} INFO - DAG(s) dict_keys(['example_complex']) retrieved from /home/airflow/.local/lib/python3.7/site-packages/airflow/example_dags/example_complex.py
[2023-02-28T17:55:18.879+0000] {logging_mixin.py:137} INFO - [2023-02-28T17:55:18.879+0000] {dag.py:2690} INFO - Sync 1 DAGs
[2023-02-28T17:55:18.892+0000] {logging_mixin.py:137} INFO - [2023-02-28T17:55:18.892+0000] {dag.py:3441} INFO - Setting next_dagrun for example_complex to None, run_after=None
[2023-02-28T17:55:18.901+0000] {processor.py:175} INFO - Processing /home/airflow/.local/lib/python3.7/site-packages/airflow/example_dags/example_complex.py took 0.060 seconds
[2023-02-28T17:55:49.100+0000] {processor.py:153} INFO - Started process (PID=665) to work on /home/airflow/.local/lib/python3.7/site-packages/airflow/example_dags/example_complex.py
[2023-02-28T17:55:49.101+0000] {processor.py:743} INFO - Processing file /home/airflow/.local/lib/python3.7/site-packages/airflow/example_dags/example_complex.py for tasks to queue
[2023-02-28T17:55:49.102+0000] {logging_mixin.py:137} INFO - [2023-02-28T17:55:49.102+0000] {dagbag.py:538} INFO - Filling up the DagBag from /home/airflow/.local/lib/python3.7/site-packages/airflow/example_dags/example_complex.py
[2023-02-28T17:55:49.109+0000] {logging_mixin.py:137} INFO - [2023-02-28T17:55:49.109+0000] {taskmixin.py:205} WARNING - Dependency <Task(BashOperator): create_entry_group>, delete_entry_group already registered for DAG: example_complex
[2023-02-28T17:55:49.110+0000] {logging_mixin.py:137} INFO - [2023-02-28T17:55:49.110+0000] {taskmixin.py:205} WARNING - Dependency <Task(BashOperator): delete_entry_group>, create_entry_group already registered for DAG: example_complex
[2023-02-28T17:55:49.110+0000] {logging_mixin.py:137} INFO - [2023-02-28T17:55:49.110+0000] {taskmixin.py:205} WARNING - Dependency <Task(BashOperator): create_entry_gcs>, delete_entry already registered for DAG: example_complex
[2023-02-28T17:55:49.111+0000] {logging_mixin.py:137} INFO - [2023-02-28T17:55:49.111+0000] {taskmixin.py:205} WARNING - Dependency <Task(BashOperator): delete_entry>, create_entry_gcs already registered for DAG: example_complex
[2023-02-28T17:55:49.111+0000] {logging_mixin.py:137} INFO - [2023-02-28T17:55:49.111+0000] {taskmixin.py:205} WARNING - Dependency <Task(BashOperator): create_tag>, delete_tag already registered for DAG: example_complex
[2023-02-28T17:55:49.111+0000] {logging_mixin.py:137} INFO - [2023-02-28T17:55:49.111+0000] {taskmixin.py:205} WARNING - Dependency <Task(BashOperator): delete_tag>, create_tag already registered for DAG: example_complex
[2023-02-28T17:55:49.116+0000] {processor.py:753} INFO - DAG(s) dict_keys(['example_complex']) retrieved from /home/airflow/.local/lib/python3.7/site-packages/airflow/example_dags/example_complex.py
[2023-02-28T17:55:49.136+0000] {logging_mixin.py:137} INFO - [2023-02-28T17:55:49.135+0000] {dag.py:2690} INFO - Sync 1 DAGs
[2023-02-28T17:55:49.149+0000] {logging_mixin.py:137} INFO - [2023-02-28T17:55:49.149+0000] {dag.py:3441} INFO - Setting next_dagrun for example_complex to None, run_after=None
[2023-02-28T17:55:49.158+0000] {processor.py:175} INFO - Processing /home/airflow/.local/lib/python3.7/site-packages/airflow/example_dags/example_complex.py took 0.060 seconds
[2023-02-28T17:56:20.046+0000] {processor.py:153} INFO - Started process (PID=745) to work on /home/airflow/.local/lib/python3.7/site-packages/airflow/example_dags/example_complex.py
[2023-02-28T17:56:20.047+0000] {processor.py:743} INFO - Processing file /home/airflow/.local/lib/python3.7/site-packages/airflow/example_dags/example_complex.py for tasks to queue
[2023-02-28T17:56:20.048+0000] {logging_mixin.py:137} INFO - [2023-02-28T17:56:20.048+0000] {dagbag.py:538} INFO - Filling up the DagBag from /home/airflow/.local/lib/python3.7/site-packages/airflow/example_dags/example_complex.py
[2023-02-28T17:56:20.054+0000] {logging_mixin.py:137} INFO - [2023-02-28T17:56:20.054+0000] {taskmixin.py:205} WARNING - Dependency <Task(BashOperator): create_entry_group>, delete_entry_group already registered for DAG: example_complex
[2023-02-28T17:56:20.055+0000] {logging_mixin.py:137} INFO - [2023-02-28T17:56:20.055+0000] {taskmixin.py:205} WARNING - Dependency <Task(BashOperator): delete_entry_group>, create_entry_group already registered for DAG: example_complex
[2023-02-28T17:56:20.055+0000] {logging_mixin.py:137} INFO - [2023-02-28T17:56:20.055+0000] {taskmixin.py:205} WARNING - Dependency <Task(BashOperator): create_entry_gcs>, delete_entry already registered for DAG: example_complex
[2023-02-28T17:56:20.056+0000] {logging_mixin.py:137} INFO - [2023-02-28T17:56:20.056+0000] {taskmixin.py:205} WARNING - Dependency <Task(BashOperator): delete_entry>, create_entry_gcs already registered for DAG: example_complex
[2023-02-28T17:56:20.056+0000] {logging_mixin.py:137} INFO - [2023-02-28T17:56:20.056+0000] {taskmixin.py:205} WARNING - Dependency <Task(BashOperator): create_tag>, delete_tag already registered for DAG: example_complex
[2023-02-28T17:56:20.057+0000] {logging_mixin.py:137} INFO - [2023-02-28T17:56:20.057+0000] {taskmixin.py:205} WARNING - Dependency <Task(BashOperator): delete_tag>, create_tag already registered for DAG: example_complex
[2023-02-28T17:56:20.061+0000] {processor.py:753} INFO - DAG(s) dict_keys(['example_complex']) retrieved from /home/airflow/.local/lib/python3.7/site-packages/airflow/example_dags/example_complex.py
[2023-02-28T17:56:20.080+0000] {logging_mixin.py:137} INFO - [2023-02-28T17:56:20.080+0000] {dag.py:2690} INFO - Sync 1 DAGs
[2023-02-28T17:56:20.093+0000] {logging_mixin.py:137} INFO - [2023-02-28T17:56:20.093+0000] {dag.py:3441} INFO - Setting next_dagrun for example_complex to None, run_after=None
[2023-02-28T17:56:20.103+0000] {processor.py:175} INFO - Processing /home/airflow/.local/lib/python3.7/site-packages/airflow/example_dags/example_complex.py took 0.059 seconds
[2023-02-28T17:56:50.240+0000] {processor.py:153} INFO - Started process (PID=812) to work on /home/airflow/.local/lib/python3.7/site-packages/airflow/example_dags/example_complex.py
[2023-02-28T17:56:50.241+0000] {processor.py:743} INFO - Processing file /home/airflow/.local/lib/python3.7/site-packages/airflow/example_dags/example_complex.py for tasks to queue
[2023-02-28T17:56:50.242+0000] {logging_mixin.py:137} INFO - [2023-02-28T17:56:50.242+0000] {dagbag.py:538} INFO - Filling up the DagBag from /home/airflow/.local/lib/python3.7/site-packages/airflow/example_dags/example_complex.py
[2023-02-28T17:56:50.249+0000] {logging_mixin.py:137} INFO - [2023-02-28T17:56:50.249+0000] {taskmixin.py:205} WARNING - Dependency <Task(BashOperator): create_entry_group>, delete_entry_group already registered for DAG: example_complex
[2023-02-28T17:56:50.249+0000] {logging_mixin.py:137} INFO - [2023-02-28T17:56:50.249+0000] {taskmixin.py:205} WARNING - Dependency <Task(BashOperator): delete_entry_group>, create_entry_group already registered for DAG: example_complex
[2023-02-28T17:56:50.250+0000] {logging_mixin.py:137} INFO - [2023-02-28T17:56:50.250+0000] {taskmixin.py:205} WARNING - Dependency <Task(BashOperator): create_entry_gcs>, delete_entry already registered for DAG: example_complex
[2023-02-28T17:56:50.250+0000] {logging_mixin.py:137} INFO - [2023-02-28T17:56:50.250+0000] {taskmixin.py:205} WARNING - Dependency <Task(BashOperator): delete_entry>, create_entry_gcs already registered for DAG: example_complex
[2023-02-28T17:56:50.251+0000] {logging_mixin.py:137} INFO - [2023-02-28T17:56:50.251+0000] {taskmixin.py:205} WARNING - Dependency <Task(BashOperator): create_tag>, delete_tag already registered for DAG: example_complex
[2023-02-28T17:56:50.251+0000] {logging_mixin.py:137} INFO - [2023-02-28T17:56:50.251+0000] {taskmixin.py:205} WARNING - Dependency <Task(BashOperator): delete_tag>, create_tag already registered for DAG: example_complex
[2023-02-28T17:56:50.256+0000] {processor.py:753} INFO - DAG(s) dict_keys(['example_complex']) retrieved from /home/airflow/.local/lib/python3.7/site-packages/airflow/example_dags/example_complex.py
[2023-02-28T17:56:50.275+0000] {logging_mixin.py:137} INFO - [2023-02-28T17:56:50.275+0000] {dag.py:2690} INFO - Sync 1 DAGs
[2023-02-28T17:56:50.288+0000] {logging_mixin.py:137} INFO - [2023-02-28T17:56:50.288+0000] {dag.py:3441} INFO - Setting next_dagrun for example_complex to None, run_after=None
[2023-02-28T17:56:50.297+0000] {processor.py:175} INFO - Processing /home/airflow/.local/lib/python3.7/site-packages/airflow/example_dags/example_complex.py took 0.059 seconds
[2023-02-28T17:57:20.524+0000] {processor.py:153} INFO - Started process (PID=892) to work on /home/airflow/.local/lib/python3.7/site-packages/airflow/example_dags/example_complex.py
[2023-02-28T17:57:20.525+0000] {processor.py:743} INFO - Processing file /home/airflow/.local/lib/python3.7/site-packages/airflow/example_dags/example_complex.py for tasks to queue
[2023-02-28T17:57:20.526+0000] {logging_mixin.py:137} INFO - [2023-02-28T17:57:20.525+0000] {dagbag.py:538} INFO - Filling up the DagBag from /home/airflow/.local/lib/python3.7/site-packages/airflow/example_dags/example_complex.py
[2023-02-28T17:57:20.532+0000] {logging_mixin.py:137} INFO - [2023-02-28T17:57:20.532+0000] {taskmixin.py:205} WARNING - Dependency <Task(BashOperator): create_entry_group>, delete_entry_group already registered for DAG: example_complex
[2023-02-28T17:57:20.533+0000] {logging_mixin.py:137} INFO - [2023-02-28T17:57:20.533+0000] {taskmixin.py:205} WARNING - Dependency <Task(BashOperator): delete_entry_group>, create_entry_group already registered for DAG: example_complex
[2023-02-28T17:57:20.533+0000] {logging_mixin.py:137} INFO - [2023-02-28T17:57:20.533+0000] {taskmixin.py:205} WARNING - Dependency <Task(BashOperator): create_entry_gcs>, delete_entry already registered for DAG: example_complex
[2023-02-28T17:57:20.534+0000] {logging_mixin.py:137} INFO - [2023-02-28T17:57:20.534+0000] {taskmixin.py:205} WARNING - Dependency <Task(BashOperator): delete_entry>, create_entry_gcs already registered for DAG: example_complex
[2023-02-28T17:57:20.534+0000] {logging_mixin.py:137} INFO - [2023-02-28T17:57:20.534+0000] {taskmixin.py:205} WARNING - Dependency <Task(BashOperator): create_tag>, delete_tag already registered for DAG: example_complex
[2023-02-28T17:57:20.535+0000] {logging_mixin.py:137} INFO - [2023-02-28T17:57:20.535+0000] {taskmixin.py:205} WARNING - Dependency <Task(BashOperator): delete_tag>, create_tag already registered for DAG: example_complex
[2023-02-28T17:57:20.539+0000] {processor.py:753} INFO - DAG(s) dict_keys(['example_complex']) retrieved from /home/airflow/.local/lib/python3.7/site-packages/airflow/example_dags/example_complex.py
[2023-02-28T17:57:20.560+0000] {logging_mixin.py:137} INFO - [2023-02-28T17:57:20.560+0000] {dag.py:2690} INFO - Sync 1 DAGs
[2023-02-28T17:57:20.573+0000] {logging_mixin.py:137} INFO - [2023-02-28T17:57:20.573+0000] {dag.py:3441} INFO - Setting next_dagrun for example_complex to None, run_after=None
[2023-02-28T17:57:20.582+0000] {processor.py:175} INFO - Processing /home/airflow/.local/lib/python3.7/site-packages/airflow/example_dags/example_complex.py took 0.061 seconds
[2023-02-28T17:57:50.642+0000] {processor.py:153} INFO - Started process (PID=972) to work on /home/airflow/.local/lib/python3.7/site-packages/airflow/example_dags/example_complex.py
[2023-02-28T17:57:50.643+0000] {processor.py:743} INFO - Processing file /home/airflow/.local/lib/python3.7/site-packages/airflow/example_dags/example_complex.py for tasks to queue
[2023-02-28T17:57:50.644+0000] {logging_mixin.py:137} INFO - [2023-02-28T17:57:50.643+0000] {dagbag.py:538} INFO - Filling up the DagBag from /home/airflow/.local/lib/python3.7/site-packages/airflow/example_dags/example_complex.py
[2023-02-28T17:57:50.650+0000] {logging_mixin.py:137} INFO - [2023-02-28T17:57:50.650+0000] {taskmixin.py:205} WARNING - Dependency <Task(BashOperator): create_entry_group>, delete_entry_group already registered for DAG: example_complex
[2023-02-28T17:57:50.650+0000] {logging_mixin.py:137} INFO - [2023-02-28T17:57:50.650+0000] {taskmixin.py:205} WARNING - Dependency <Task(BashOperator): delete_entry_group>, create_entry_group already registered for DAG: example_complex
[2023-02-28T17:57:50.651+0000] {logging_mixin.py:137} INFO - [2023-02-28T17:57:50.651+0000] {taskmixin.py:205} WARNING - Dependency <Task(BashOperator): create_entry_gcs>, delete_entry already registered for DAG: example_complex
[2023-02-28T17:57:50.651+0000] {logging_mixin.py:137} INFO - [2023-02-28T17:57:50.651+0000] {taskmixin.py:205} WARNING - Dependency <Task(BashOperator): delete_entry>, create_entry_gcs already registered for DAG: example_complex
[2023-02-28T17:57:50.652+0000] {logging_mixin.py:137} INFO - [2023-02-28T17:57:50.651+0000] {taskmixin.py:205} WARNING - Dependency <Task(BashOperator): create_tag>, delete_tag already registered for DAG: example_complex
[2023-02-28T17:57:50.652+0000] {logging_mixin.py:137} INFO - [2023-02-28T17:57:50.652+0000] {taskmixin.py:205} WARNING - Dependency <Task(BashOperator): delete_tag>, create_tag already registered for DAG: example_complex
[2023-02-28T17:57:50.656+0000] {processor.py:753} INFO - DAG(s) dict_keys(['example_complex']) retrieved from /home/airflow/.local/lib/python3.7/site-packages/airflow/example_dags/example_complex.py
[2023-02-28T17:57:50.676+0000] {logging_mixin.py:137} INFO - [2023-02-28T17:57:50.676+0000] {dag.py:2690} INFO - Sync 1 DAGs
[2023-02-28T17:57:50.689+0000] {logging_mixin.py:137} INFO - [2023-02-28T17:57:50.689+0000] {dag.py:3441} INFO - Setting next_dagrun for example_complex to None, run_after=None
[2023-02-28T17:57:50.698+0000] {processor.py:175} INFO - Processing /home/airflow/.local/lib/python3.7/site-packages/airflow/example_dags/example_complex.py took 0.059 seconds
[2023-02-28T17:58:20.717+0000] {processor.py:153} INFO - Started process (PID=1037) to work on /home/airflow/.local/lib/python3.7/site-packages/airflow/example_dags/example_complex.py
[2023-02-28T17:58:20.718+0000] {processor.py:743} INFO - Processing file /home/airflow/.local/lib/python3.7/site-packages/airflow/example_dags/example_complex.py for tasks to queue
[2023-02-28T17:58:20.718+0000] {logging_mixin.py:137} INFO - [2023-02-28T17:58:20.718+0000] {dagbag.py:538} INFO - Filling up the DagBag from /home/airflow/.local/lib/python3.7/site-packages/airflow/example_dags/example_complex.py
[2023-02-28T17:58:20.725+0000] {logging_mixin.py:137} INFO - [2023-02-28T17:58:20.725+0000] {taskmixin.py:205} WARNING - Dependency <Task(BashOperator): create_entry_group>, delete_entry_group already registered for DAG: example_complex
[2023-02-28T17:58:20.725+0000] {logging_mixin.py:137} INFO - [2023-02-28T17:58:20.725+0000] {taskmixin.py:205} WARNING - Dependency <Task(BashOperator): delete_entry_group>, create_entry_group already registered for DAG: example_complex
[2023-02-28T17:58:20.726+0000] {logging_mixin.py:137} INFO - [2023-02-28T17:58:20.726+0000] {taskmixin.py:205} WARNING - Dependency <Task(BashOperator): create_entry_gcs>, delete_entry already registered for DAG: example_complex
[2023-02-28T17:58:20.726+0000] {logging_mixin.py:137} INFO - [2023-02-28T17:58:20.726+0000] {taskmixin.py:205} WARNING - Dependency <Task(BashOperator): delete_entry>, create_entry_gcs already registered for DAG: example_complex
[2023-02-28T17:58:20.727+0000] {logging_mixin.py:137} INFO - [2023-02-28T17:58:20.727+0000] {taskmixin.py:205} WARNING - Dependency <Task(BashOperator): create_tag>, delete_tag already registered for DAG: example_complex
[2023-02-28T17:58:20.727+0000] {logging_mixin.py:137} INFO - [2023-02-28T17:58:20.727+0000] {taskmixin.py:205} WARNING - Dependency <Task(BashOperator): delete_tag>, create_tag already registered for DAG: example_complex
[2023-02-28T17:58:20.732+0000] {processor.py:753} INFO - DAG(s) dict_keys(['example_complex']) retrieved from /home/airflow/.local/lib/python3.7/site-packages/airflow/example_dags/example_complex.py
[2023-02-28T17:58:20.751+0000] {logging_mixin.py:137} INFO - [2023-02-28T17:58:20.751+0000] {dag.py:2690} INFO - Sync 1 DAGs
[2023-02-28T17:58:20.764+0000] {logging_mixin.py:137} INFO - [2023-02-28T17:58:20.763+0000] {dag.py:3441} INFO - Setting next_dagrun for example_complex to None, run_after=None
[2023-02-28T17:58:20.773+0000] {processor.py:175} INFO - Processing /home/airflow/.local/lib/python3.7/site-packages/airflow/example_dags/example_complex.py took 0.059 seconds
[2023-02-28T17:58:51.796+0000] {processor.py:153} INFO - Started process (PID=1117) to work on /home/airflow/.local/lib/python3.7/site-packages/airflow/example_dags/example_complex.py
[2023-02-28T17:58:51.799+0000] {processor.py:743} INFO - Processing file /home/airflow/.local/lib/python3.7/site-packages/airflow/example_dags/example_complex.py for tasks to queue
[2023-02-28T17:58:51.800+0000] {logging_mixin.py:137} INFO - [2023-02-28T17:58:51.800+0000] {dagbag.py:538} INFO - Filling up the DagBag from /home/airflow/.local/lib/python3.7/site-packages/airflow/example_dags/example_complex.py
[2023-02-28T17:58:51.813+0000] {logging_mixin.py:137} INFO - [2023-02-28T17:58:51.813+0000] {taskmixin.py:205} WARNING - Dependency <Task(BashOperator): create_entry_group>, delete_entry_group already registered for DAG: example_complex
[2023-02-28T17:58:51.813+0000] {logging_mixin.py:137} INFO - [2023-02-28T17:58:51.813+0000] {taskmixin.py:205} WARNING - Dependency <Task(BashOperator): delete_entry_group>, create_entry_group already registered for DAG: example_complex
[2023-02-28T17:58:51.814+0000] {logging_mixin.py:137} INFO - [2023-02-28T17:58:51.814+0000] {taskmixin.py:205} WARNING - Dependency <Task(BashOperator): create_entry_gcs>, delete_entry already registered for DAG: example_complex
[2023-02-28T17:58:51.815+0000] {logging_mixin.py:137} INFO - [2023-02-28T17:58:51.815+0000] {taskmixin.py:205} WARNING - Dependency <Task(BashOperator): delete_entry>, create_entry_gcs already registered for DAG: example_complex
[2023-02-28T17:58:51.815+0000] {logging_mixin.py:137} INFO - [2023-02-28T17:58:51.815+0000] {taskmixin.py:205} WARNING - Dependency <Task(BashOperator): create_tag>, delete_tag already registered for DAG: example_complex
[2023-02-28T17:58:51.816+0000] {logging_mixin.py:137} INFO - [2023-02-28T17:58:51.816+0000] {taskmixin.py:205} WARNING - Dependency <Task(BashOperator): delete_tag>, create_tag already registered for DAG: example_complex
[2023-02-28T17:58:51.822+0000] {processor.py:753} INFO - DAG(s) dict_keys(['example_complex']) retrieved from /home/airflow/.local/lib/python3.7/site-packages/airflow/example_dags/example_complex.py
[2023-02-28T17:58:51.843+0000] {logging_mixin.py:137} INFO - [2023-02-28T17:58:51.843+0000] {dag.py:2690} INFO - Sync 1 DAGs
[2023-02-28T17:58:51.855+0000] {logging_mixin.py:137} INFO - [2023-02-28T17:58:51.855+0000] {dag.py:3441} INFO - Setting next_dagrun for example_complex to None, run_after=None
[2023-02-28T17:58:51.865+0000] {processor.py:175} INFO - Processing /home/airflow/.local/lib/python3.7/site-packages/airflow/example_dags/example_complex.py took 0.074 seconds
[2023-02-28T17:59:22.017+0000] {processor.py:153} INFO - Started process (PID=1197) to work on /home/airflow/.local/lib/python3.7/site-packages/airflow/example_dags/example_complex.py
[2023-02-28T17:59:22.018+0000] {processor.py:743} INFO - Processing file /home/airflow/.local/lib/python3.7/site-packages/airflow/example_dags/example_complex.py for tasks to queue
[2023-02-28T17:59:22.018+0000] {logging_mixin.py:137} INFO - [2023-02-28T17:59:22.018+0000] {dagbag.py:538} INFO - Filling up the DagBag from /home/airflow/.local/lib/python3.7/site-packages/airflow/example_dags/example_complex.py
[2023-02-28T17:59:22.025+0000] {logging_mixin.py:137} INFO - [2023-02-28T17:59:22.025+0000] {taskmixin.py:205} WARNING - Dependency <Task(BashOperator): create_entry_group>, delete_entry_group already registered for DAG: example_complex
[2023-02-28T17:59:22.025+0000] {logging_mixin.py:137} INFO - [2023-02-28T17:59:22.025+0000] {taskmixin.py:205} WARNING - Dependency <Task(BashOperator): delete_entry_group>, create_entry_group already registered for DAG: example_complex
[2023-02-28T17:59:22.026+0000] {logging_mixin.py:137} INFO - [2023-02-28T17:59:22.026+0000] {taskmixin.py:205} WARNING - Dependency <Task(BashOperator): create_entry_gcs>, delete_entry already registered for DAG: example_complex
[2023-02-28T17:59:22.026+0000] {logging_mixin.py:137} INFO - [2023-02-28T17:59:22.026+0000] {taskmixin.py:205} WARNING - Dependency <Task(BashOperator): delete_entry>, create_entry_gcs already registered for DAG: example_complex
[2023-02-28T17:59:22.027+0000] {logging_mixin.py:137} INFO - [2023-02-28T17:59:22.027+0000] {taskmixin.py:205} WARNING - Dependency <Task(BashOperator): create_tag>, delete_tag already registered for DAG: example_complex
[2023-02-28T17:59:22.027+0000] {logging_mixin.py:137} INFO - [2023-02-28T17:59:22.027+0000] {taskmixin.py:205} WARNING - Dependency <Task(BashOperator): delete_tag>, create_tag already registered for DAG: example_complex
[2023-02-28T17:59:22.031+0000] {processor.py:753} INFO - DAG(s) dict_keys(['example_complex']) retrieved from /home/airflow/.local/lib/python3.7/site-packages/airflow/example_dags/example_complex.py
[2023-02-28T17:59:22.050+0000] {logging_mixin.py:137} INFO - [2023-02-28T17:59:22.050+0000] {dag.py:2690} INFO - Sync 1 DAGs
[2023-02-28T17:59:22.064+0000] {logging_mixin.py:137} INFO - [2023-02-28T17:59:22.064+0000] {dag.py:3441} INFO - Setting next_dagrun for example_complex to None, run_after=None
[2023-02-28T17:59:22.073+0000] {processor.py:175} INFO - Processing /home/airflow/.local/lib/python3.7/site-packages/airflow/example_dags/example_complex.py took 0.060 seconds
[2023-02-28T17:59:52.249+0000] {processor.py:153} INFO - Started process (PID=1278) to work on /home/airflow/.local/lib/python3.7/site-packages/airflow/example_dags/example_complex.py
[2023-02-28T17:59:52.253+0000] {processor.py:743} INFO - Processing file /home/airflow/.local/lib/python3.7/site-packages/airflow/example_dags/example_complex.py for tasks to queue
[2023-02-28T17:59:52.254+0000] {logging_mixin.py:137} INFO - [2023-02-28T17:59:52.254+0000] {dagbag.py:538} INFO - Filling up the DagBag from /home/airflow/.local/lib/python3.7/site-packages/airflow/example_dags/example_complex.py
[2023-02-28T17:59:52.273+0000] {logging_mixin.py:137} INFO - [2023-02-28T17:59:52.269+0000] {taskmixin.py:205} WARNING - Dependency <Task(BashOperator): create_entry_group>, delete_entry_group already registered for DAG: example_complex
[2023-02-28T17:59:52.274+0000] {logging_mixin.py:137} INFO - [2023-02-28T17:59:52.274+0000] {taskmixin.py:205} WARNING - Dependency <Task(BashOperator): delete_entry_group>, create_entry_group already registered for DAG: example_complex
[2023-02-28T17:59:52.285+0000] {logging_mixin.py:137} INFO - [2023-02-28T17:59:52.285+0000] {taskmixin.py:205} WARNING - Dependency <Task(BashOperator): create_entry_gcs>, delete_entry already registered for DAG: example_complex
[2023-02-28T17:59:52.286+0000] {logging_mixin.py:137} INFO - [2023-02-28T17:59:52.286+0000] {taskmixin.py:205} WARNING - Dependency <Task(BashOperator): delete_entry>, create_entry_gcs already registered for DAG: example_complex
[2023-02-28T17:59:52.287+0000] {logging_mixin.py:137} INFO - [2023-02-28T17:59:52.287+0000] {taskmixin.py:205} WARNING - Dependency <Task(BashOperator): create_tag>, delete_tag already registered for DAG: example_complex
[2023-02-28T17:59:52.287+0000] {logging_mixin.py:137} INFO - [2023-02-28T17:59:52.287+0000] {taskmixin.py:205} WARNING - Dependency <Task(BashOperator): delete_tag>, create_tag already registered for DAG: example_complex
[2023-02-28T17:59:52.291+0000] {processor.py:753} INFO - DAG(s) dict_keys(['example_complex']) retrieved from /home/airflow/.local/lib/python3.7/site-packages/airflow/example_dags/example_complex.py
[2023-02-28T17:59:52.311+0000] {logging_mixin.py:137} INFO - [2023-02-28T17:59:52.310+0000] {dag.py:2690} INFO - Sync 1 DAGs
[2023-02-28T17:59:52.323+0000] {logging_mixin.py:137} INFO - [2023-02-28T17:59:52.323+0000] {dag.py:3441} INFO - Setting next_dagrun for example_complex to None, run_after=None
[2023-02-28T17:59:52.334+0000] {processor.py:175} INFO - Processing /home/airflow/.local/lib/python3.7/site-packages/airflow/example_dags/example_complex.py took 0.087 seconds
[2023-02-28T18:00:22.624+0000] {processor.py:153} INFO - Started process (PID=1345) to work on /home/airflow/.local/lib/python3.7/site-packages/airflow/example_dags/example_complex.py
[2023-02-28T18:00:22.625+0000] {processor.py:743} INFO - Processing file /home/airflow/.local/lib/python3.7/site-packages/airflow/example_dags/example_complex.py for tasks to queue
[2023-02-28T18:00:22.626+0000] {logging_mixin.py:137} INFO - [2023-02-28T18:00:22.626+0000] {dagbag.py:538} INFO - Filling up the DagBag from /home/airflow/.local/lib/python3.7/site-packages/airflow/example_dags/example_complex.py
[2023-02-28T18:00:22.637+0000] {logging_mixin.py:137} INFO - [2023-02-28T18:00:22.637+0000] {taskmixin.py:205} WARNING - Dependency <Task(BashOperator): create_entry_group>, delete_entry_group already registered for DAG: example_complex
[2023-02-28T18:00:22.638+0000] {logging_mixin.py:137} INFO - [2023-02-28T18:00:22.638+0000] {taskmixin.py:205} WARNING - Dependency <Task(BashOperator): delete_entry_group>, create_entry_group already registered for DAG: example_complex
[2023-02-28T18:00:22.638+0000] {logging_mixin.py:137} INFO - [2023-02-28T18:00:22.638+0000] {taskmixin.py:205} WARNING - Dependency <Task(BashOperator): create_entry_gcs>, delete_entry already registered for DAG: example_complex
[2023-02-28T18:00:22.639+0000] {logging_mixin.py:137} INFO - [2023-02-28T18:00:22.639+0000] {taskmixin.py:205} WARNING - Dependency <Task(BashOperator): delete_entry>, create_entry_gcs already registered for DAG: example_complex
[2023-02-28T18:00:22.640+0000] {logging_mixin.py:137} INFO - [2023-02-28T18:00:22.639+0000] {taskmixin.py:205} WARNING - Dependency <Task(BashOperator): create_tag>, delete_tag already registered for DAG: example_complex
[2023-02-28T18:00:22.640+0000] {logging_mixin.py:137} INFO - [2023-02-28T18:00:22.640+0000] {taskmixin.py:205} WARNING - Dependency <Task(BashOperator): delete_tag>, create_tag already registered for DAG: example_complex
[2023-02-28T18:00:22.646+0000] {processor.py:753} INFO - DAG(s) dict_keys(['example_complex']) retrieved from /home/airflow/.local/lib/python3.7/site-packages/airflow/example_dags/example_complex.py
[2023-02-28T18:00:22.667+0000] {logging_mixin.py:137} INFO - [2023-02-28T18:00:22.667+0000] {dag.py:2690} INFO - Sync 1 DAGs
[2023-02-28T18:00:22.680+0000] {logging_mixin.py:137} INFO - [2023-02-28T18:00:22.680+0000] {dag.py:3441} INFO - Setting next_dagrun for example_complex to None, run_after=None
[2023-02-28T18:00:22.690+0000] {processor.py:175} INFO - Processing /home/airflow/.local/lib/python3.7/site-packages/airflow/example_dags/example_complex.py took 0.071 seconds
[2023-02-28T18:00:52.843+0000] {processor.py:153} INFO - Started process (PID=1425) to work on /home/airflow/.local/lib/python3.7/site-packages/airflow/example_dags/example_complex.py
[2023-02-28T18:00:52.845+0000] {processor.py:743} INFO - Processing file /home/airflow/.local/lib/python3.7/site-packages/airflow/example_dags/example_complex.py for tasks to queue
[2023-02-28T18:00:52.847+0000] {logging_mixin.py:137} INFO - [2023-02-28T18:00:52.847+0000] {dagbag.py:538} INFO - Filling up the DagBag from /home/airflow/.local/lib/python3.7/site-packages/airflow/example_dags/example_complex.py
[2023-02-28T18:00:52.858+0000] {logging_mixin.py:137} INFO - [2023-02-28T18:00:52.858+0000] {taskmixin.py:205} WARNING - Dependency <Task(BashOperator): create_entry_group>, delete_entry_group already registered for DAG: example_complex
[2023-02-28T18:00:52.859+0000] {logging_mixin.py:137} INFO - [2023-02-28T18:00:52.858+0000] {taskmixin.py:205} WARNING - Dependency <Task(BashOperator): delete_entry_group>, create_entry_group already registered for DAG: example_complex
[2023-02-28T18:00:52.859+0000] {logging_mixin.py:137} INFO - [2023-02-28T18:00:52.859+0000] {taskmixin.py:205} WARNING - Dependency <Task(BashOperator): create_entry_gcs>, delete_entry already registered for DAG: example_complex
[2023-02-28T18:00:52.860+0000] {logging_mixin.py:137} INFO - [2023-02-28T18:00:52.860+0000] {taskmixin.py:205} WARNING - Dependency <Task(BashOperator): delete_entry>, create_entry_gcs already registered for DAG: example_complex
[2023-02-28T18:00:52.861+0000] {logging_mixin.py:137} INFO - [2023-02-28T18:00:52.860+0000] {taskmixin.py:205} WARNING - Dependency <Task(BashOperator): create_tag>, delete_tag already registered for DAG: example_complex
[2023-02-28T18:00:52.861+0000] {logging_mixin.py:137} INFO - [2023-02-28T18:00:52.861+0000] {taskmixin.py:205} WARNING - Dependency <Task(BashOperator): delete_tag>, create_tag already registered for DAG: example_complex
[2023-02-28T18:00:52.867+0000] {processor.py:753} INFO - DAG(s) dict_keys(['example_complex']) retrieved from /home/airflow/.local/lib/python3.7/site-packages/airflow/example_dags/example_complex.py
[2023-02-28T18:00:52.889+0000] {logging_mixin.py:137} INFO - [2023-02-28T18:00:52.889+0000] {dag.py:2690} INFO - Sync 1 DAGs
[2023-02-28T18:00:52.903+0000] {logging_mixin.py:137} INFO - [2023-02-28T18:00:52.903+0000] {dag.py:3441} INFO - Setting next_dagrun for example_complex to None, run_after=None
[2023-02-28T18:00:52.913+0000] {processor.py:175} INFO - Processing /home/airflow/.local/lib/python3.7/site-packages/airflow/example_dags/example_complex.py took 0.077 seconds
[2023-02-28T18:01:23.437+0000] {processor.py:153} INFO - Started process (PID=1505) to work on /home/airflow/.local/lib/python3.7/site-packages/airflow/example_dags/example_complex.py
[2023-02-28T18:01:23.438+0000] {processor.py:743} INFO - Processing file /home/airflow/.local/lib/python3.7/site-packages/airflow/example_dags/example_complex.py for tasks to queue
[2023-02-28T18:01:23.439+0000] {logging_mixin.py:137} INFO - [2023-02-28T18:01:23.439+0000] {dagbag.py:538} INFO - Filling up the DagBag from /home/airflow/.local/lib/python3.7/site-packages/airflow/example_dags/example_complex.py
[2023-02-28T18:01:23.448+0000] {logging_mixin.py:137} INFO - [2023-02-28T18:01:23.448+0000] {taskmixin.py:205} WARNING - Dependency <Task(BashOperator): create_entry_group>, delete_entry_group already registered for DAG: example_complex
[2023-02-28T18:01:23.449+0000] {logging_mixin.py:137} INFO - [2023-02-28T18:01:23.449+0000] {taskmixin.py:205} WARNING - Dependency <Task(BashOperator): delete_entry_group>, create_entry_group already registered for DAG: example_complex
[2023-02-28T18:01:23.449+0000] {logging_mixin.py:137} INFO - [2023-02-28T18:01:23.449+0000] {taskmixin.py:205} WARNING - Dependency <Task(BashOperator): create_entry_gcs>, delete_entry already registered for DAG: example_complex
[2023-02-28T18:01:23.450+0000] {logging_mixin.py:137} INFO - [2023-02-28T18:01:23.450+0000] {taskmixin.py:205} WARNING - Dependency <Task(BashOperator): delete_entry>, create_entry_gcs already registered for DAG: example_complex
[2023-02-28T18:01:23.450+0000] {logging_mixin.py:137} INFO - [2023-02-28T18:01:23.450+0000] {taskmixin.py:205} WARNING - Dependency <Task(BashOperator): create_tag>, delete_tag already registered for DAG: example_complex
[2023-02-28T18:01:23.451+0000] {logging_mixin.py:137} INFO - [2023-02-28T18:01:23.451+0000] {taskmixin.py:205} WARNING - Dependency <Task(BashOperator): delete_tag>, create_tag already registered for DAG: example_complex
[2023-02-28T18:01:23.455+0000] {processor.py:753} INFO - DAG(s) dict_keys(['example_complex']) retrieved from /home/airflow/.local/lib/python3.7/site-packages/airflow/example_dags/example_complex.py
[2023-02-28T18:01:23.473+0000] {logging_mixin.py:137} INFO - [2023-02-28T18:01:23.473+0000] {dag.py:2690} INFO - Sync 1 DAGs
[2023-02-28T18:01:23.486+0000] {logging_mixin.py:137} INFO - [2023-02-28T18:01:23.486+0000] {dag.py:3441} INFO - Setting next_dagrun for example_complex to None, run_after=None
[2023-02-28T18:01:23.496+0000] {processor.py:175} INFO - Processing /home/airflow/.local/lib/python3.7/site-packages/airflow/example_dags/example_complex.py took 0.061 seconds
