[2023-02-28T17:48:39.964+0000] {processor.py:153} INFO - Started process (PID=51) to work on /home/airflow/.local/lib/python3.7/site-packages/airflow/example_dags/tutorial.py
[2023-02-28T17:48:39.966+0000] {processor.py:743} INFO - Processing file /home/airflow/.local/lib/python3.7/site-packages/airflow/example_dags/tutorial.py for tasks to queue
[2023-02-28T17:48:39.966+0000] {logging_mixin.py:137} INFO - [2023-02-28T17:48:39.966+0000] {dagbag.py:538} INFO - Filling up the DagBag from /home/airflow/.local/lib/python3.7/site-packages/airflow/example_dags/tutorial.py
[2023-02-28T17:48:39.998+0000] {processor.py:753} INFO - DAG(s) dict_keys(['tutorial']) retrieved from /home/airflow/.local/lib/python3.7/site-packages/airflow/example_dags/tutorial.py
[2023-02-28T17:48:40.110+0000] {logging_mixin.py:137} INFO - [2023-02-28T17:48:40.110+0000] {manager.py:504} INFO - Created Permission View: can edit on DAG:tutorial
[2023-02-28T17:48:40.118+0000] {logging_mixin.py:137} INFO - [2023-02-28T17:48:40.118+0000] {manager.py:504} INFO - Created Permission View: can read on DAG:tutorial
[2023-02-28T17:48:40.122+0000] {logging_mixin.py:137} INFO - [2023-02-28T17:48:40.122+0000] {manager.py:504} INFO - Created Permission View: can delete on DAG:tutorial
[2023-02-28T17:48:40.123+0000] {logging_mixin.py:137} INFO - [2023-02-28T17:48:40.122+0000] {dag.py:2690} INFO - Sync 1 DAGs
[2023-02-28T17:48:40.130+0000] {logging_mixin.py:137} INFO - [2023-02-28T17:48:40.130+0000] {dag.py:2711} INFO - Creating ORM DAG for tutorial
[2023-02-28T17:48:40.136+0000] {logging_mixin.py:137} INFO - [2023-02-28T17:48:40.136+0000] {dag.py:3441} INFO - Setting next_dagrun for tutorial to 2023-02-27T17:48:40.135956+00:00, run_after=2023-02-28T17:48:40.135956+00:00
[2023-02-28T17:48:40.146+0000] {processor.py:175} INFO - Processing /home/airflow/.local/lib/python3.7/site-packages/airflow/example_dags/tutorial.py took 0.184 seconds
[2023-02-28T17:49:10.222+0000] {processor.py:153} INFO - Started process (PID=132) to work on /home/airflow/.local/lib/python3.7/site-packages/airflow/example_dags/tutorial.py
[2023-02-28T17:49:10.223+0000] {processor.py:743} INFO - Processing file /home/airflow/.local/lib/python3.7/site-packages/airflow/example_dags/tutorial.py for tasks to queue
[2023-02-28T17:49:10.224+0000] {logging_mixin.py:137} INFO - [2023-02-28T17:49:10.224+0000] {dagbag.py:538} INFO - Filling up the DagBag from /home/airflow/.local/lib/python3.7/site-packages/airflow/example_dags/tutorial.py
[2023-02-28T17:49:10.232+0000] {processor.py:753} INFO - DAG(s) dict_keys(['tutorial']) retrieved from /home/airflow/.local/lib/python3.7/site-packages/airflow/example_dags/tutorial.py
[2023-02-28T17:49:10.249+0000] {logging_mixin.py:137} INFO - [2023-02-28T17:49:10.249+0000] {dag.py:2690} INFO - Sync 1 DAGs
[2023-02-28T17:49:10.263+0000] {logging_mixin.py:137} INFO - [2023-02-28T17:49:10.263+0000] {dag.py:3441} INFO - Setting next_dagrun for tutorial to 2023-02-27T17:49:10.263164+00:00, run_after=2023-02-28T17:49:10.263164+00:00
[2023-02-28T17:49:10.274+0000] {processor.py:175} INFO - Processing /home/airflow/.local/lib/python3.7/site-packages/airflow/example_dags/tutorial.py took 0.054 seconds
[2023-02-28T17:49:41.358+0000] {processor.py:153} INFO - Started process (PID=212) to work on /home/airflow/.local/lib/python3.7/site-packages/airflow/example_dags/tutorial.py
[2023-02-28T17:49:41.359+0000] {processor.py:743} INFO - Processing file /home/airflow/.local/lib/python3.7/site-packages/airflow/example_dags/tutorial.py for tasks to queue
[2023-02-28T17:49:41.360+0000] {logging_mixin.py:137} INFO - [2023-02-28T17:49:41.360+0000] {dagbag.py:538} INFO - Filling up the DagBag from /home/airflow/.local/lib/python3.7/site-packages/airflow/example_dags/tutorial.py
[2023-02-28T17:49:41.369+0000] {processor.py:753} INFO - DAG(s) dict_keys(['tutorial']) retrieved from /home/airflow/.local/lib/python3.7/site-packages/airflow/example_dags/tutorial.py
[2023-02-28T17:49:41.387+0000] {logging_mixin.py:137} INFO - [2023-02-28T17:49:41.387+0000] {dag.py:2690} INFO - Sync 1 DAGs
[2023-02-28T17:49:41.402+0000] {logging_mixin.py:137} INFO - [2023-02-28T17:49:41.402+0000] {dag.py:3441} INFO - Setting next_dagrun for tutorial to 2023-02-27T17:49:41.402131+00:00, run_after=2023-02-28T17:49:41.402131+00:00
[2023-02-28T17:49:41.414+0000] {processor.py:175} INFO - Processing /home/airflow/.local/lib/python3.7/site-packages/airflow/example_dags/tutorial.py took 0.059 seconds
[2023-02-28T17:50:11.637+0000] {processor.py:153} INFO - Started process (PID=279) to work on /home/airflow/.local/lib/python3.7/site-packages/airflow/example_dags/tutorial.py
[2023-02-28T17:50:11.637+0000] {processor.py:743} INFO - Processing file /home/airflow/.local/lib/python3.7/site-packages/airflow/example_dags/tutorial.py for tasks to queue
[2023-02-28T17:50:11.638+0000] {logging_mixin.py:137} INFO - [2023-02-28T17:50:11.638+0000] {dagbag.py:538} INFO - Filling up the DagBag from /home/airflow/.local/lib/python3.7/site-packages/airflow/example_dags/tutorial.py
[2023-02-28T17:50:11.647+0000] {processor.py:753} INFO - DAG(s) dict_keys(['tutorial']) retrieved from /home/airflow/.local/lib/python3.7/site-packages/airflow/example_dags/tutorial.py
[2023-02-28T17:50:11.666+0000] {logging_mixin.py:137} INFO - [2023-02-28T17:50:11.666+0000] {dag.py:2690} INFO - Sync 1 DAGs
[2023-02-28T17:50:11.681+0000] {logging_mixin.py:137} INFO - [2023-02-28T17:50:11.681+0000] {dag.py:3441} INFO - Setting next_dagrun for tutorial to 2023-02-27T17:50:11.681134+00:00, run_after=2023-02-28T17:50:11.681134+00:00
[2023-02-28T17:50:11.692+0000] {processor.py:175} INFO - Processing /home/airflow/.local/lib/python3.7/site-packages/airflow/example_dags/tutorial.py took 0.058 seconds
[2023-02-28T17:50:42.111+0000] {processor.py:153} INFO - Started process (PID=360) to work on /home/airflow/.local/lib/python3.7/site-packages/airflow/example_dags/tutorial.py
[2023-02-28T17:50:42.112+0000] {processor.py:743} INFO - Processing file /home/airflow/.local/lib/python3.7/site-packages/airflow/example_dags/tutorial.py for tasks to queue
[2023-02-28T17:50:42.113+0000] {logging_mixin.py:137} INFO - [2023-02-28T17:50:42.113+0000] {dagbag.py:538} INFO - Filling up the DagBag from /home/airflow/.local/lib/python3.7/site-packages/airflow/example_dags/tutorial.py
[2023-02-28T17:50:42.122+0000] {processor.py:753} INFO - DAG(s) dict_keys(['tutorial']) retrieved from /home/airflow/.local/lib/python3.7/site-packages/airflow/example_dags/tutorial.py
[2023-02-28T17:50:42.141+0000] {logging_mixin.py:137} INFO - [2023-02-28T17:50:42.140+0000] {dag.py:2690} INFO - Sync 1 DAGs
[2023-02-28T17:50:42.155+0000] {logging_mixin.py:137} INFO - [2023-02-28T17:50:42.155+0000] {dag.py:3441} INFO - Setting next_dagrun for tutorial to 2023-02-27T17:50:42.155627+00:00, run_after=2023-02-28T17:50:42.155627+00:00
[2023-02-28T17:50:42.166+0000] {processor.py:175} INFO - Processing /home/airflow/.local/lib/python3.7/site-packages/airflow/example_dags/tutorial.py took 0.057 seconds
[2023-02-28T17:51:44.535+0000] {processor.py:153} INFO - Started process (PID=51) to work on /home/airflow/.local/lib/python3.7/site-packages/airflow/example_dags/tutorial.py
[2023-02-28T17:51:44.538+0000] {processor.py:743} INFO - Processing file /home/airflow/.local/lib/python3.7/site-packages/airflow/example_dags/tutorial.py for tasks to queue
[2023-02-28T17:51:44.538+0000] {logging_mixin.py:137} INFO - [2023-02-28T17:51:44.538+0000] {dagbag.py:538} INFO - Filling up the DagBag from /home/airflow/.local/lib/python3.7/site-packages/airflow/example_dags/tutorial.py
[2023-02-28T17:51:44.552+0000] {processor.py:753} INFO - DAG(s) dict_keys(['tutorial']) retrieved from /home/airflow/.local/lib/python3.7/site-packages/airflow/example_dags/tutorial.py
[2023-02-28T17:51:44.566+0000] {logging_mixin.py:137} INFO - [2023-02-28T17:51:44.566+0000] {dag.py:2690} INFO - Sync 1 DAGs
[2023-02-28T17:51:44.588+0000] {logging_mixin.py:137} INFO - [2023-02-28T17:51:44.588+0000] {dag.py:3441} INFO - Setting next_dagrun for tutorial to 2023-02-27T17:51:44.588358+00:00, run_after=2023-02-28T17:51:44.588358+00:00
[2023-02-28T17:51:44.604+0000] {processor.py:175} INFO - Processing /home/airflow/.local/lib/python3.7/site-packages/airflow/example_dags/tutorial.py took 0.072 seconds
[2023-02-28T17:52:14.924+0000] {processor.py:153} INFO - Started process (PID=131) to work on /home/airflow/.local/lib/python3.7/site-packages/airflow/example_dags/tutorial.py
[2023-02-28T17:52:14.925+0000] {processor.py:743} INFO - Processing file /home/airflow/.local/lib/python3.7/site-packages/airflow/example_dags/tutorial.py for tasks to queue
[2023-02-28T17:52:14.926+0000] {logging_mixin.py:137} INFO - [2023-02-28T17:52:14.926+0000] {dagbag.py:538} INFO - Filling up the DagBag from /home/airflow/.local/lib/python3.7/site-packages/airflow/example_dags/tutorial.py
[2023-02-28T17:52:14.934+0000] {processor.py:753} INFO - DAG(s) dict_keys(['tutorial']) retrieved from /home/airflow/.local/lib/python3.7/site-packages/airflow/example_dags/tutorial.py
[2023-02-28T17:52:14.950+0000] {logging_mixin.py:137} INFO - [2023-02-28T17:52:14.950+0000] {dag.py:2690} INFO - Sync 1 DAGs
[2023-02-28T17:52:14.963+0000] {logging_mixin.py:137} INFO - [2023-02-28T17:52:14.963+0000] {dag.py:3441} INFO - Setting next_dagrun for tutorial to 2023-02-27T17:52:14.963596+00:00, run_after=2023-02-28T17:52:14.963596+00:00
[2023-02-28T17:52:14.973+0000] {processor.py:175} INFO - Processing /home/airflow/.local/lib/python3.7/site-packages/airflow/example_dags/tutorial.py took 0.051 seconds
[2023-02-28T17:52:45.258+0000] {processor.py:153} INFO - Started process (PID=198) to work on /home/airflow/.local/lib/python3.7/site-packages/airflow/example_dags/tutorial.py
[2023-02-28T17:52:45.259+0000] {processor.py:743} INFO - Processing file /home/airflow/.local/lib/python3.7/site-packages/airflow/example_dags/tutorial.py for tasks to queue
[2023-02-28T17:52:45.260+0000] {logging_mixin.py:137} INFO - [2023-02-28T17:52:45.260+0000] {dagbag.py:538} INFO - Filling up the DagBag from /home/airflow/.local/lib/python3.7/site-packages/airflow/example_dags/tutorial.py
[2023-02-28T17:52:45.269+0000] {processor.py:753} INFO - DAG(s) dict_keys(['tutorial']) retrieved from /home/airflow/.local/lib/python3.7/site-packages/airflow/example_dags/tutorial.py
[2023-02-28T17:52:45.285+0000] {logging_mixin.py:137} INFO - [2023-02-28T17:52:45.285+0000] {dag.py:2690} INFO - Sync 1 DAGs
[2023-02-28T17:52:45.298+0000] {logging_mixin.py:137} INFO - [2023-02-28T17:52:45.298+0000] {dag.py:3441} INFO - Setting next_dagrun for tutorial to 2023-02-27T17:52:45.298139+00:00, run_after=2023-02-28T17:52:45.298139+00:00
[2023-02-28T17:52:45.308+0000] {processor.py:175} INFO - Processing /home/airflow/.local/lib/python3.7/site-packages/airflow/example_dags/tutorial.py took 0.052 seconds
[2023-02-28T17:53:15.500+0000] {processor.py:153} INFO - Started process (PID=278) to work on /home/airflow/.local/lib/python3.7/site-packages/airflow/example_dags/tutorial.py
[2023-02-28T17:53:15.501+0000] {processor.py:743} INFO - Processing file /home/airflow/.local/lib/python3.7/site-packages/airflow/example_dags/tutorial.py for tasks to queue
[2023-02-28T17:53:15.501+0000] {logging_mixin.py:137} INFO - [2023-02-28T17:53:15.501+0000] {dagbag.py:538} INFO - Filling up the DagBag from /home/airflow/.local/lib/python3.7/site-packages/airflow/example_dags/tutorial.py
[2023-02-28T17:53:15.510+0000] {processor.py:753} INFO - DAG(s) dict_keys(['tutorial']) retrieved from /home/airflow/.local/lib/python3.7/site-packages/airflow/example_dags/tutorial.py
[2023-02-28T17:53:15.526+0000] {logging_mixin.py:137} INFO - [2023-02-28T17:53:15.526+0000] {dag.py:2690} INFO - Sync 1 DAGs
[2023-02-28T17:53:15.539+0000] {logging_mixin.py:137} INFO - [2023-02-28T17:53:15.539+0000] {dag.py:3441} INFO - Setting next_dagrun for tutorial to 2023-02-27T17:53:15.539346+00:00, run_after=2023-02-28T17:53:15.539346+00:00
[2023-02-28T17:53:15.549+0000] {processor.py:175} INFO - Processing /home/airflow/.local/lib/python3.7/site-packages/airflow/example_dags/tutorial.py took 0.051 seconds
[2023-02-28T17:53:46.454+0000] {processor.py:153} INFO - Started process (PID=358) to work on /home/airflow/.local/lib/python3.7/site-packages/airflow/example_dags/tutorial.py
[2023-02-28T17:53:46.456+0000] {processor.py:743} INFO - Processing file /home/airflow/.local/lib/python3.7/site-packages/airflow/example_dags/tutorial.py for tasks to queue
[2023-02-28T17:53:46.456+0000] {logging_mixin.py:137} INFO - [2023-02-28T17:53:46.456+0000] {dagbag.py:538} INFO - Filling up the DagBag from /home/airflow/.local/lib/python3.7/site-packages/airflow/example_dags/tutorial.py
[2023-02-28T17:53:46.465+0000] {processor.py:753} INFO - DAG(s) dict_keys(['tutorial']) retrieved from /home/airflow/.local/lib/python3.7/site-packages/airflow/example_dags/tutorial.py
[2023-02-28T17:53:46.481+0000] {logging_mixin.py:137} INFO - [2023-02-28T17:53:46.481+0000] {dag.py:2690} INFO - Sync 1 DAGs
[2023-02-28T17:53:46.494+0000] {logging_mixin.py:137} INFO - [2023-02-28T17:53:46.494+0000] {dag.py:3441} INFO - Setting next_dagrun for tutorial to 2023-02-27T17:53:46.494463+00:00, run_after=2023-02-28T17:53:46.494463+00:00
[2023-02-28T17:53:46.504+0000] {processor.py:175} INFO - Processing /home/airflow/.local/lib/python3.7/site-packages/airflow/example_dags/tutorial.py took 0.052 seconds
[2023-02-28T17:54:17.492+0000] {processor.py:153} INFO - Started process (PID=438) to work on /home/airflow/.local/lib/python3.7/site-packages/airflow/example_dags/tutorial.py
[2023-02-28T17:54:17.493+0000] {processor.py:743} INFO - Processing file /home/airflow/.local/lib/python3.7/site-packages/airflow/example_dags/tutorial.py for tasks to queue
[2023-02-28T17:54:17.494+0000] {logging_mixin.py:137} INFO - [2023-02-28T17:54:17.493+0000] {dagbag.py:538} INFO - Filling up the DagBag from /home/airflow/.local/lib/python3.7/site-packages/airflow/example_dags/tutorial.py
[2023-02-28T17:54:17.503+0000] {processor.py:753} INFO - DAG(s) dict_keys(['tutorial']) retrieved from /home/airflow/.local/lib/python3.7/site-packages/airflow/example_dags/tutorial.py
[2023-02-28T17:54:17.520+0000] {logging_mixin.py:137} INFO - [2023-02-28T17:54:17.520+0000] {dag.py:2690} INFO - Sync 1 DAGs
[2023-02-28T17:54:17.534+0000] {logging_mixin.py:137} INFO - [2023-02-28T17:54:17.534+0000] {dag.py:3441} INFO - Setting next_dagrun for tutorial to 2023-02-27T17:54:17.534220+00:00, run_after=2023-02-28T17:54:17.534220+00:00
[2023-02-28T17:54:17.543+0000] {processor.py:175} INFO - Processing /home/airflow/.local/lib/python3.7/site-packages/airflow/example_dags/tutorial.py took 0.054 seconds
[2023-02-28T17:54:48.589+0000] {processor.py:153} INFO - Started process (PID=505) to work on /home/airflow/.local/lib/python3.7/site-packages/airflow/example_dags/tutorial.py
[2023-02-28T17:54:48.590+0000] {processor.py:743} INFO - Processing file /home/airflow/.local/lib/python3.7/site-packages/airflow/example_dags/tutorial.py for tasks to queue
[2023-02-28T17:54:48.590+0000] {logging_mixin.py:137} INFO - [2023-02-28T17:54:48.590+0000] {dagbag.py:538} INFO - Filling up the DagBag from /home/airflow/.local/lib/python3.7/site-packages/airflow/example_dags/tutorial.py
[2023-02-28T17:54:48.600+0000] {processor.py:753} INFO - DAG(s) dict_keys(['tutorial']) retrieved from /home/airflow/.local/lib/python3.7/site-packages/airflow/example_dags/tutorial.py
[2023-02-28T17:54:48.617+0000] {logging_mixin.py:137} INFO - [2023-02-28T17:54:48.617+0000] {dag.py:2690} INFO - Sync 1 DAGs
[2023-02-28T17:54:48.630+0000] {logging_mixin.py:137} INFO - [2023-02-28T17:54:48.630+0000] {dag.py:3441} INFO - Setting next_dagrun for tutorial to 2023-02-27T17:54:48.630478+00:00, run_after=2023-02-28T17:54:48.630478+00:00
[2023-02-28T17:54:48.639+0000] {processor.py:175} INFO - Processing /home/airflow/.local/lib/python3.7/site-packages/airflow/example_dags/tutorial.py took 0.053 seconds
[2023-02-28T17:55:18.817+0000] {processor.py:153} INFO - Started process (PID=584) to work on /home/airflow/.local/lib/python3.7/site-packages/airflow/example_dags/tutorial.py
[2023-02-28T17:55:18.819+0000] {processor.py:743} INFO - Processing file /home/airflow/.local/lib/python3.7/site-packages/airflow/example_dags/tutorial.py for tasks to queue
[2023-02-28T17:55:18.819+0000] {logging_mixin.py:137} INFO - [2023-02-28T17:55:18.819+0000] {dagbag.py:538} INFO - Filling up the DagBag from /home/airflow/.local/lib/python3.7/site-packages/airflow/example_dags/tutorial.py
[2023-02-28T17:55:18.829+0000] {processor.py:753} INFO - DAG(s) dict_keys(['tutorial']) retrieved from /home/airflow/.local/lib/python3.7/site-packages/airflow/example_dags/tutorial.py
[2023-02-28T17:55:18.846+0000] {logging_mixin.py:137} INFO - [2023-02-28T17:55:18.846+0000] {dag.py:2690} INFO - Sync 1 DAGs
[2023-02-28T17:55:18.859+0000] {logging_mixin.py:137} INFO - [2023-02-28T17:55:18.859+0000] {dag.py:3441} INFO - Setting next_dagrun for tutorial to 2023-02-27T17:55:18.859475+00:00, run_after=2023-02-28T17:55:18.859475+00:00
[2023-02-28T17:55:18.869+0000] {processor.py:175} INFO - Processing /home/airflow/.local/lib/python3.7/site-packages/airflow/example_dags/tutorial.py took 0.054 seconds
[2023-02-28T17:55:49.057+0000] {processor.py:153} INFO - Started process (PID=664) to work on /home/airflow/.local/lib/python3.7/site-packages/airflow/example_dags/tutorial.py
[2023-02-28T17:55:49.058+0000] {processor.py:743} INFO - Processing file /home/airflow/.local/lib/python3.7/site-packages/airflow/example_dags/tutorial.py for tasks to queue
[2023-02-28T17:55:49.059+0000] {logging_mixin.py:137} INFO - [2023-02-28T17:55:49.059+0000] {dagbag.py:538} INFO - Filling up the DagBag from /home/airflow/.local/lib/python3.7/site-packages/airflow/example_dags/tutorial.py
[2023-02-28T17:55:49.068+0000] {processor.py:753} INFO - DAG(s) dict_keys(['tutorial']) retrieved from /home/airflow/.local/lib/python3.7/site-packages/airflow/example_dags/tutorial.py
[2023-02-28T17:55:49.085+0000] {logging_mixin.py:137} INFO - [2023-02-28T17:55:49.085+0000] {dag.py:2690} INFO - Sync 1 DAGs
[2023-02-28T17:55:49.099+0000] {logging_mixin.py:137} INFO - [2023-02-28T17:55:49.099+0000] {dag.py:3441} INFO - Setting next_dagrun for tutorial to 2023-02-27T17:55:49.099241+00:00, run_after=2023-02-28T17:55:49.099241+00:00
[2023-02-28T17:55:49.108+0000] {processor.py:175} INFO - Processing /home/airflow/.local/lib/python3.7/site-packages/airflow/example_dags/tutorial.py took 0.054 seconds
[2023-02-28T17:56:19.978+0000] {processor.py:153} INFO - Started process (PID=744) to work on /home/airflow/.local/lib/python3.7/site-packages/airflow/example_dags/tutorial.py
[2023-02-28T17:56:19.979+0000] {processor.py:743} INFO - Processing file /home/airflow/.local/lib/python3.7/site-packages/airflow/example_dags/tutorial.py for tasks to queue
[2023-02-28T17:56:19.980+0000] {logging_mixin.py:137} INFO - [2023-02-28T17:56:19.980+0000] {dagbag.py:538} INFO - Filling up the DagBag from /home/airflow/.local/lib/python3.7/site-packages/airflow/example_dags/tutorial.py
[2023-02-28T17:56:19.989+0000] {processor.py:753} INFO - DAG(s) dict_keys(['tutorial']) retrieved from /home/airflow/.local/lib/python3.7/site-packages/airflow/example_dags/tutorial.py
[2023-02-28T17:56:20.004+0000] {logging_mixin.py:137} INFO - [2023-02-28T17:56:20.004+0000] {dag.py:2690} INFO - Sync 1 DAGs
[2023-02-28T17:56:20.017+0000] {logging_mixin.py:137} INFO - [2023-02-28T17:56:20.017+0000] {dag.py:3441} INFO - Setting next_dagrun for tutorial to 2023-02-27T17:56:20.017110+00:00, run_after=2023-02-28T17:56:20.017110+00:00
[2023-02-28T17:56:20.026+0000] {processor.py:175} INFO - Processing /home/airflow/.local/lib/python3.7/site-packages/airflow/example_dags/tutorial.py took 0.050 seconds
[2023-02-28T17:56:50.207+0000] {processor.py:153} INFO - Started process (PID=811) to work on /home/airflow/.local/lib/python3.7/site-packages/airflow/example_dags/tutorial.py
[2023-02-28T17:56:50.208+0000] {processor.py:743} INFO - Processing file /home/airflow/.local/lib/python3.7/site-packages/airflow/example_dags/tutorial.py for tasks to queue
[2023-02-28T17:56:50.209+0000] {logging_mixin.py:137} INFO - [2023-02-28T17:56:50.209+0000] {dagbag.py:538} INFO - Filling up the DagBag from /home/airflow/.local/lib/python3.7/site-packages/airflow/example_dags/tutorial.py
[2023-02-28T17:56:50.218+0000] {processor.py:753} INFO - DAG(s) dict_keys(['tutorial']) retrieved from /home/airflow/.local/lib/python3.7/site-packages/airflow/example_dags/tutorial.py
[2023-02-28T17:56:50.235+0000] {logging_mixin.py:137} INFO - [2023-02-28T17:56:50.235+0000] {dag.py:2690} INFO - Sync 1 DAGs
[2023-02-28T17:56:50.248+0000] {logging_mixin.py:137} INFO - [2023-02-28T17:56:50.248+0000] {dag.py:3441} INFO - Setting next_dagrun for tutorial to 2023-02-27T17:56:50.248235+00:00, run_after=2023-02-28T17:56:50.248235+00:00
[2023-02-28T17:56:50.258+0000] {processor.py:175} INFO - Processing /home/airflow/.local/lib/python3.7/site-packages/airflow/example_dags/tutorial.py took 0.053 seconds
[2023-02-28T17:57:20.477+0000] {processor.py:153} INFO - Started process (PID=891) to work on /home/airflow/.local/lib/python3.7/site-packages/airflow/example_dags/tutorial.py
[2023-02-28T17:57:20.478+0000] {processor.py:743} INFO - Processing file /home/airflow/.local/lib/python3.7/site-packages/airflow/example_dags/tutorial.py for tasks to queue
[2023-02-28T17:57:20.479+0000] {logging_mixin.py:137} INFO - [2023-02-28T17:57:20.479+0000] {dagbag.py:538} INFO - Filling up the DagBag from /home/airflow/.local/lib/python3.7/site-packages/airflow/example_dags/tutorial.py
[2023-02-28T17:57:20.488+0000] {processor.py:753} INFO - DAG(s) dict_keys(['tutorial']) retrieved from /home/airflow/.local/lib/python3.7/site-packages/airflow/example_dags/tutorial.py
[2023-02-28T17:57:20.505+0000] {logging_mixin.py:137} INFO - [2023-02-28T17:57:20.505+0000] {dag.py:2690} INFO - Sync 1 DAGs
[2023-02-28T17:57:20.519+0000] {logging_mixin.py:137} INFO - [2023-02-28T17:57:20.519+0000] {dag.py:3441} INFO - Setting next_dagrun for tutorial to 2023-02-27T17:57:20.519576+00:00, run_after=2023-02-28T17:57:20.519576+00:00
[2023-02-28T17:57:20.529+0000] {processor.py:175} INFO - Processing /home/airflow/.local/lib/python3.7/site-packages/airflow/example_dags/tutorial.py took 0.054 seconds
[2023-02-28T17:57:50.570+0000] {processor.py:153} INFO - Started process (PID=970) to work on /home/airflow/.local/lib/python3.7/site-packages/airflow/example_dags/tutorial.py
[2023-02-28T17:57:50.571+0000] {processor.py:743} INFO - Processing file /home/airflow/.local/lib/python3.7/site-packages/airflow/example_dags/tutorial.py for tasks to queue
[2023-02-28T17:57:50.572+0000] {logging_mixin.py:137} INFO - [2023-02-28T17:57:50.572+0000] {dagbag.py:538} INFO - Filling up the DagBag from /home/airflow/.local/lib/python3.7/site-packages/airflow/example_dags/tutorial.py
[2023-02-28T17:57:50.580+0000] {processor.py:753} INFO - DAG(s) dict_keys(['tutorial']) retrieved from /home/airflow/.local/lib/python3.7/site-packages/airflow/example_dags/tutorial.py
[2023-02-28T17:57:50.598+0000] {logging_mixin.py:137} INFO - [2023-02-28T17:57:50.598+0000] {dag.py:2690} INFO - Sync 1 DAGs
[2023-02-28T17:57:50.610+0000] {logging_mixin.py:137} INFO - [2023-02-28T17:57:50.610+0000] {dag.py:3441} INFO - Setting next_dagrun for tutorial to 2023-02-27T17:57:50.610591+00:00, run_after=2023-02-28T17:57:50.610591+00:00
[2023-02-28T17:57:50.621+0000] {processor.py:175} INFO - Processing /home/airflow/.local/lib/python3.7/site-packages/airflow/example_dags/tutorial.py took 0.053 seconds
[2023-02-28T17:58:20.648+0000] {processor.py:153} INFO - Started process (PID=1036) to work on /home/airflow/.local/lib/python3.7/site-packages/airflow/example_dags/tutorial.py
[2023-02-28T17:58:20.649+0000] {processor.py:743} INFO - Processing file /home/airflow/.local/lib/python3.7/site-packages/airflow/example_dags/tutorial.py for tasks to queue
[2023-02-28T17:58:20.650+0000] {logging_mixin.py:137} INFO - [2023-02-28T17:58:20.650+0000] {dagbag.py:538} INFO - Filling up the DagBag from /home/airflow/.local/lib/python3.7/site-packages/airflow/example_dags/tutorial.py
[2023-02-28T17:58:20.659+0000] {processor.py:753} INFO - DAG(s) dict_keys(['tutorial']) retrieved from /home/airflow/.local/lib/python3.7/site-packages/airflow/example_dags/tutorial.py
[2023-02-28T17:58:20.675+0000] {logging_mixin.py:137} INFO - [2023-02-28T17:58:20.675+0000] {dag.py:2690} INFO - Sync 1 DAGs
[2023-02-28T17:58:20.688+0000] {logging_mixin.py:137} INFO - [2023-02-28T17:58:20.688+0000] {dag.py:3441} INFO - Setting next_dagrun for tutorial to 2023-02-27T17:58:20.688239+00:00, run_after=2023-02-28T17:58:20.688239+00:00
[2023-02-28T17:58:20.697+0000] {processor.py:175} INFO - Processing /home/airflow/.local/lib/python3.7/site-packages/airflow/example_dags/tutorial.py took 0.052 seconds
[2023-02-28T17:58:50.718+0000] {processor.py:153} INFO - Started process (PID=1116) to work on /home/airflow/.local/lib/python3.7/site-packages/airflow/example_dags/tutorial.py
[2023-02-28T17:58:50.719+0000] {processor.py:743} INFO - Processing file /home/airflow/.local/lib/python3.7/site-packages/airflow/example_dags/tutorial.py for tasks to queue
[2023-02-28T17:58:50.719+0000] {logging_mixin.py:137} INFO - [2023-02-28T17:58:50.719+0000] {dagbag.py:538} INFO - Filling up the DagBag from /home/airflow/.local/lib/python3.7/site-packages/airflow/example_dags/tutorial.py
[2023-02-28T17:58:50.728+0000] {processor.py:753} INFO - DAG(s) dict_keys(['tutorial']) retrieved from /home/airflow/.local/lib/python3.7/site-packages/airflow/example_dags/tutorial.py
[2023-02-28T17:58:50.744+0000] {logging_mixin.py:137} INFO - [2023-02-28T17:58:50.744+0000] {dag.py:2690} INFO - Sync 1 DAGs
[2023-02-28T17:58:50.757+0000] {logging_mixin.py:137} INFO - [2023-02-28T17:58:50.757+0000] {dag.py:3441} INFO - Setting next_dagrun for tutorial to 2023-02-27T17:58:50.757027+00:00, run_after=2023-02-28T17:58:50.757027+00:00
[2023-02-28T17:58:50.766+0000] {processor.py:175} INFO - Processing /home/airflow/.local/lib/python3.7/site-packages/airflow/example_dags/tutorial.py took 0.051 seconds
[2023-02-28T17:59:20.963+0000] {processor.py:153} INFO - Started process (PID=1196) to work on /home/airflow/.local/lib/python3.7/site-packages/airflow/example_dags/tutorial.py
[2023-02-28T17:59:20.964+0000] {processor.py:743} INFO - Processing file /home/airflow/.local/lib/python3.7/site-packages/airflow/example_dags/tutorial.py for tasks to queue
[2023-02-28T17:59:20.965+0000] {logging_mixin.py:137} INFO - [2023-02-28T17:59:20.964+0000] {dagbag.py:538} INFO - Filling up the DagBag from /home/airflow/.local/lib/python3.7/site-packages/airflow/example_dags/tutorial.py
[2023-02-28T17:59:20.973+0000] {processor.py:753} INFO - DAG(s) dict_keys(['tutorial']) retrieved from /home/airflow/.local/lib/python3.7/site-packages/airflow/example_dags/tutorial.py
[2023-02-28T17:59:20.990+0000] {logging_mixin.py:137} INFO - [2023-02-28T17:59:20.990+0000] {dag.py:2690} INFO - Sync 1 DAGs
[2023-02-28T17:59:21.003+0000] {logging_mixin.py:137} INFO - [2023-02-28T17:59:21.003+0000] {dag.py:3441} INFO - Setting next_dagrun for tutorial to 2023-02-27T17:59:21.003368+00:00, run_after=2023-02-28T17:59:21.003368+00:00
[2023-02-28T17:59:21.012+0000] {processor.py:175} INFO - Processing /home/airflow/.local/lib/python3.7/site-packages/airflow/example_dags/tutorial.py took 0.051 seconds
[2023-02-28T17:59:51.197+0000] {processor.py:153} INFO - Started process (PID=1263) to work on /home/airflow/.local/lib/python3.7/site-packages/airflow/example_dags/tutorial.py
[2023-02-28T17:59:51.198+0000] {processor.py:743} INFO - Processing file /home/airflow/.local/lib/python3.7/site-packages/airflow/example_dags/tutorial.py for tasks to queue
[2023-02-28T17:59:51.198+0000] {logging_mixin.py:137} INFO - [2023-02-28T17:59:51.198+0000] {dagbag.py:538} INFO - Filling up the DagBag from /home/airflow/.local/lib/python3.7/site-packages/airflow/example_dags/tutorial.py
[2023-02-28T17:59:51.206+0000] {processor.py:753} INFO - DAG(s) dict_keys(['tutorial']) retrieved from /home/airflow/.local/lib/python3.7/site-packages/airflow/example_dags/tutorial.py
[2023-02-28T17:59:51.223+0000] {logging_mixin.py:137} INFO - [2023-02-28T17:59:51.223+0000] {dag.py:2690} INFO - Sync 1 DAGs
[2023-02-28T17:59:51.236+0000] {logging_mixin.py:137} INFO - [2023-02-28T17:59:51.236+0000] {dag.py:3441} INFO - Setting next_dagrun for tutorial to 2023-02-27T17:59:51.236136+00:00, run_after=2023-02-28T17:59:51.236136+00:00
[2023-02-28T17:59:51.245+0000] {processor.py:175} INFO - Processing /home/airflow/.local/lib/python3.7/site-packages/airflow/example_dags/tutorial.py took 0.050 seconds
[2023-02-28T18:00:21.542+0000] {processor.py:153} INFO - Started process (PID=1344) to work on /home/airflow/.local/lib/python3.7/site-packages/airflow/example_dags/tutorial.py
[2023-02-28T18:00:21.543+0000] {processor.py:743} INFO - Processing file /home/airflow/.local/lib/python3.7/site-packages/airflow/example_dags/tutorial.py for tasks to queue
[2023-02-28T18:00:21.543+0000] {logging_mixin.py:137} INFO - [2023-02-28T18:00:21.543+0000] {dagbag.py:538} INFO - Filling up the DagBag from /home/airflow/.local/lib/python3.7/site-packages/airflow/example_dags/tutorial.py
[2023-02-28T18:00:21.552+0000] {processor.py:753} INFO - DAG(s) dict_keys(['tutorial']) retrieved from /home/airflow/.local/lib/python3.7/site-packages/airflow/example_dags/tutorial.py
[2023-02-28T18:00:21.568+0000] {logging_mixin.py:137} INFO - [2023-02-28T18:00:21.568+0000] {dag.py:2690} INFO - Sync 1 DAGs
[2023-02-28T18:00:21.581+0000] {logging_mixin.py:137} INFO - [2023-02-28T18:00:21.580+0000] {dag.py:3441} INFO - Setting next_dagrun for tutorial to 2023-02-27T18:00:21.580767+00:00, run_after=2023-02-28T18:00:21.580767+00:00
[2023-02-28T18:00:21.589+0000] {processor.py:175} INFO - Processing /home/airflow/.local/lib/python3.7/site-packages/airflow/example_dags/tutorial.py took 0.050 seconds
[2023-02-28T18:00:51.747+0000] {processor.py:153} INFO - Started process (PID=1424) to work on /home/airflow/.local/lib/python3.7/site-packages/airflow/example_dags/tutorial.py
[2023-02-28T18:00:51.748+0000] {processor.py:743} INFO - Processing file /home/airflow/.local/lib/python3.7/site-packages/airflow/example_dags/tutorial.py for tasks to queue
[2023-02-28T18:00:51.749+0000] {logging_mixin.py:137} INFO - [2023-02-28T18:00:51.749+0000] {dagbag.py:538} INFO - Filling up the DagBag from /home/airflow/.local/lib/python3.7/site-packages/airflow/example_dags/tutorial.py
[2023-02-28T18:00:51.757+0000] {processor.py:753} INFO - DAG(s) dict_keys(['tutorial']) retrieved from /home/airflow/.local/lib/python3.7/site-packages/airflow/example_dags/tutorial.py
[2023-02-28T18:00:51.773+0000] {logging_mixin.py:137} INFO - [2023-02-28T18:00:51.773+0000] {dag.py:2690} INFO - Sync 1 DAGs
[2023-02-28T18:00:51.786+0000] {logging_mixin.py:137} INFO - [2023-02-28T18:00:51.786+0000] {dag.py:3441} INFO - Setting next_dagrun for tutorial to 2023-02-27T18:00:51.786444+00:00, run_after=2023-02-28T18:00:51.786444+00:00
[2023-02-28T18:00:51.795+0000] {processor.py:175} INFO - Processing /home/airflow/.local/lib/python3.7/site-packages/airflow/example_dags/tutorial.py took 0.052 seconds
[2023-02-28T18:01:22.390+0000] {processor.py:153} INFO - Started process (PID=1504) to work on /home/airflow/.local/lib/python3.7/site-packages/airflow/example_dags/tutorial.py
[2023-02-28T18:01:22.391+0000] {processor.py:743} INFO - Processing file /home/airflow/.local/lib/python3.7/site-packages/airflow/example_dags/tutorial.py for tasks to queue
[2023-02-28T18:01:22.392+0000] {logging_mixin.py:137} INFO - [2023-02-28T18:01:22.392+0000] {dagbag.py:538} INFO - Filling up the DagBag from /home/airflow/.local/lib/python3.7/site-packages/airflow/example_dags/tutorial.py
[2023-02-28T18:01:22.401+0000] {processor.py:753} INFO - DAG(s) dict_keys(['tutorial']) retrieved from /home/airflow/.local/lib/python3.7/site-packages/airflow/example_dags/tutorial.py
[2023-02-28T18:01:22.418+0000] {logging_mixin.py:137} INFO - [2023-02-28T18:01:22.418+0000] {dag.py:2690} INFO - Sync 1 DAGs
[2023-02-28T18:01:22.433+0000] {logging_mixin.py:137} INFO - [2023-02-28T18:01:22.433+0000] {dag.py:3441} INFO - Setting next_dagrun for tutorial to 2023-02-27T18:01:22.433059+00:00, run_after=2023-02-28T18:01:22.433059+00:00
[2023-02-28T18:01:22.442+0000] {processor.py:175} INFO - Processing /home/airflow/.local/lib/python3.7/site-packages/airflow/example_dags/tutorial.py took 0.055 seconds
