[2023-02-28T17:48:39.281+0000] {processor.py:153} INFO - Started process (PID=44) to work on /home/airflow/.local/lib/python3.7/site-packages/airflow/example_dags/tutorial_taskflow_api.py
[2023-02-28T17:48:39.282+0000] {processor.py:743} INFO - Processing file /home/airflow/.local/lib/python3.7/site-packages/airflow/example_dags/tutorial_taskflow_api.py for tasks to queue
[2023-02-28T17:48:39.283+0000] {logging_mixin.py:137} INFO - [2023-02-28T17:48:39.283+0000] {dagbag.py:538} INFO - Filling up the DagBag from /home/airflow/.local/lib/python3.7/site-packages/airflow/example_dags/tutorial_taskflow_api.py
[2023-02-28T17:48:39.299+0000] {processor.py:753} INFO - DAG(s) dict_keys(['tutorial_taskflow_api']) retrieved from /home/airflow/.local/lib/python3.7/site-packages/airflow/example_dags/tutorial_taskflow_api.py
[2023-02-28T17:48:39.408+0000] {logging_mixin.py:137} INFO - [2023-02-28T17:48:39.407+0000] {manager.py:504} INFO - Created Permission View: can edit on DAG:tutorial_taskflow_api
[2023-02-28T17:48:39.416+0000] {logging_mixin.py:137} INFO - [2023-02-28T17:48:39.416+0000] {manager.py:504} INFO - Created Permission View: can read on DAG:tutorial_taskflow_api
[2023-02-28T17:48:39.421+0000] {logging_mixin.py:137} INFO - [2023-02-28T17:48:39.421+0000] {manager.py:504} INFO - Created Permission View: can delete on DAG:tutorial_taskflow_api
[2023-02-28T17:48:39.422+0000] {logging_mixin.py:137} INFO - [2023-02-28T17:48:39.422+0000] {dag.py:2690} INFO - Sync 1 DAGs
[2023-02-28T17:48:39.444+0000] {logging_mixin.py:137} INFO - [2023-02-28T17:48:39.443+0000] {dag.py:2711} INFO - Creating ORM DAG for tutorial_taskflow_api
[2023-02-28T17:48:39.453+0000] {logging_mixin.py:137} INFO - [2023-02-28T17:48:39.453+0000] {dag.py:3441} INFO - Setting next_dagrun for tutorial_taskflow_api to None, run_after=None
[2023-02-28T17:48:39.465+0000] {processor.py:175} INFO - Processing /home/airflow/.local/lib/python3.7/site-packages/airflow/example_dags/tutorial_taskflow_api.py took 0.186 seconds
[2023-02-28T17:49:09.919+0000] {processor.py:153} INFO - Started process (PID=125) to work on /home/airflow/.local/lib/python3.7/site-packages/airflow/example_dags/tutorial_taskflow_api.py
[2023-02-28T17:49:09.921+0000] {processor.py:743} INFO - Processing file /home/airflow/.local/lib/python3.7/site-packages/airflow/example_dags/tutorial_taskflow_api.py for tasks to queue
[2023-02-28T17:49:09.921+0000] {logging_mixin.py:137} INFO - [2023-02-28T17:49:09.921+0000] {dagbag.py:538} INFO - Filling up the DagBag from /home/airflow/.local/lib/python3.7/site-packages/airflow/example_dags/tutorial_taskflow_api.py
[2023-02-28T17:49:09.935+0000] {processor.py:753} INFO - DAG(s) dict_keys(['tutorial_taskflow_api']) retrieved from /home/airflow/.local/lib/python3.7/site-packages/airflow/example_dags/tutorial_taskflow_api.py
[2023-02-28T17:49:09.951+0000] {logging_mixin.py:137} INFO - [2023-02-28T17:49:09.951+0000] {dag.py:2690} INFO - Sync 1 DAGs
[2023-02-28T17:49:09.964+0000] {logging_mixin.py:137} INFO - [2023-02-28T17:49:09.964+0000] {dag.py:3441} INFO - Setting next_dagrun for tutorial_taskflow_api to None, run_after=None
[2023-02-28T17:49:09.974+0000] {processor.py:175} INFO - Processing /home/airflow/.local/lib/python3.7/site-packages/airflow/example_dags/tutorial_taskflow_api.py took 0.057 seconds
[2023-02-28T17:49:41.017+0000] {processor.py:153} INFO - Started process (PID=205) to work on /home/airflow/.local/lib/python3.7/site-packages/airflow/example_dags/tutorial_taskflow_api.py
[2023-02-28T17:49:41.018+0000] {processor.py:743} INFO - Processing file /home/airflow/.local/lib/python3.7/site-packages/airflow/example_dags/tutorial_taskflow_api.py for tasks to queue
[2023-02-28T17:49:41.019+0000] {logging_mixin.py:137} INFO - [2023-02-28T17:49:41.018+0000] {dagbag.py:538} INFO - Filling up the DagBag from /home/airflow/.local/lib/python3.7/site-packages/airflow/example_dags/tutorial_taskflow_api.py
[2023-02-28T17:49:41.032+0000] {processor.py:753} INFO - DAG(s) dict_keys(['tutorial_taskflow_api']) retrieved from /home/airflow/.local/lib/python3.7/site-packages/airflow/example_dags/tutorial_taskflow_api.py
[2023-02-28T17:49:41.052+0000] {logging_mixin.py:137} INFO - [2023-02-28T17:49:41.051+0000] {dag.py:2690} INFO - Sync 1 DAGs
[2023-02-28T17:49:41.067+0000] {logging_mixin.py:137} INFO - [2023-02-28T17:49:41.067+0000] {dag.py:3441} INFO - Setting next_dagrun for tutorial_taskflow_api to None, run_after=None
[2023-02-28T17:49:41.078+0000] {processor.py:175} INFO - Processing /home/airflow/.local/lib/python3.7/site-packages/airflow/example_dags/tutorial_taskflow_api.py took 0.064 seconds
[2023-02-28T17:50:11.133+0000] {processor.py:153} INFO - Started process (PID=270) to work on /home/airflow/.local/lib/python3.7/site-packages/airflow/example_dags/tutorial_taskflow_api.py
[2023-02-28T17:50:11.134+0000] {processor.py:743} INFO - Processing file /home/airflow/.local/lib/python3.7/site-packages/airflow/example_dags/tutorial_taskflow_api.py for tasks to queue
[2023-02-28T17:50:11.135+0000] {logging_mixin.py:137} INFO - [2023-02-28T17:50:11.135+0000] {dagbag.py:538} INFO - Filling up the DagBag from /home/airflow/.local/lib/python3.7/site-packages/airflow/example_dags/tutorial_taskflow_api.py
[2023-02-28T17:50:11.149+0000] {processor.py:753} INFO - DAG(s) dict_keys(['tutorial_taskflow_api']) retrieved from /home/airflow/.local/lib/python3.7/site-packages/airflow/example_dags/tutorial_taskflow_api.py
[2023-02-28T17:50:11.169+0000] {logging_mixin.py:137} INFO - [2023-02-28T17:50:11.169+0000] {dag.py:2690} INFO - Sync 1 DAGs
[2023-02-28T17:50:11.183+0000] {logging_mixin.py:137} INFO - [2023-02-28T17:50:11.183+0000] {dag.py:3441} INFO - Setting next_dagrun for tutorial_taskflow_api to None, run_after=None
[2023-02-28T17:50:11.195+0000] {processor.py:175} INFO - Processing /home/airflow/.local/lib/python3.7/site-packages/airflow/example_dags/tutorial_taskflow_api.py took 0.064 seconds
[2023-02-28T17:50:41.580+0000] {processor.py:153} INFO - Started process (PID=351) to work on /home/airflow/.local/lib/python3.7/site-packages/airflow/example_dags/tutorial_taskflow_api.py
[2023-02-28T17:50:41.581+0000] {processor.py:743} INFO - Processing file /home/airflow/.local/lib/python3.7/site-packages/airflow/example_dags/tutorial_taskflow_api.py for tasks to queue
[2023-02-28T17:50:41.582+0000] {logging_mixin.py:137} INFO - [2023-02-28T17:50:41.582+0000] {dagbag.py:538} INFO - Filling up the DagBag from /home/airflow/.local/lib/python3.7/site-packages/airflow/example_dags/tutorial_taskflow_api.py
[2023-02-28T17:50:41.596+0000] {processor.py:753} INFO - DAG(s) dict_keys(['tutorial_taskflow_api']) retrieved from /home/airflow/.local/lib/python3.7/site-packages/airflow/example_dags/tutorial_taskflow_api.py
[2023-02-28T17:50:41.615+0000] {logging_mixin.py:137} INFO - [2023-02-28T17:50:41.615+0000] {dag.py:2690} INFO - Sync 1 DAGs
[2023-02-28T17:50:41.628+0000] {logging_mixin.py:137} INFO - [2023-02-28T17:50:41.628+0000] {dag.py:3441} INFO - Setting next_dagrun for tutorial_taskflow_api to None, run_after=None
[2023-02-28T17:50:41.639+0000] {processor.py:175} INFO - Processing /home/airflow/.local/lib/python3.7/site-packages/airflow/example_dags/tutorial_taskflow_api.py took 0.062 seconds
[2023-02-28T17:51:44.189+0000] {processor.py:153} INFO - Started process (PID=44) to work on /home/airflow/.local/lib/python3.7/site-packages/airflow/example_dags/tutorial_taskflow_api.py
[2023-02-28T17:51:44.190+0000] {processor.py:743} INFO - Processing file /home/airflow/.local/lib/python3.7/site-packages/airflow/example_dags/tutorial_taskflow_api.py for tasks to queue
[2023-02-28T17:51:44.191+0000] {logging_mixin.py:137} INFO - [2023-02-28T17:51:44.191+0000] {dagbag.py:538} INFO - Filling up the DagBag from /home/airflow/.local/lib/python3.7/site-packages/airflow/example_dags/tutorial_taskflow_api.py
[2023-02-28T17:51:44.206+0000] {processor.py:753} INFO - DAG(s) dict_keys(['tutorial_taskflow_api']) retrieved from /home/airflow/.local/lib/python3.7/site-packages/airflow/example_dags/tutorial_taskflow_api.py
[2023-02-28T17:51:44.230+0000] {logging_mixin.py:137} INFO - [2023-02-28T17:51:44.230+0000] {dag.py:2690} INFO - Sync 1 DAGs
[2023-02-28T17:51:44.259+0000] {logging_mixin.py:137} INFO - [2023-02-28T17:51:44.259+0000] {dag.py:3441} INFO - Setting next_dagrun for tutorial_taskflow_api to None, run_after=None
[2023-02-28T17:51:44.272+0000] {processor.py:175} INFO - Processing /home/airflow/.local/lib/python3.7/site-packages/airflow/example_dags/tutorial_taskflow_api.py took 0.088 seconds
[2023-02-28T17:52:14.561+0000] {processor.py:153} INFO - Started process (PID=124) to work on /home/airflow/.local/lib/python3.7/site-packages/airflow/example_dags/tutorial_taskflow_api.py
[2023-02-28T17:52:14.562+0000] {processor.py:743} INFO - Processing file /home/airflow/.local/lib/python3.7/site-packages/airflow/example_dags/tutorial_taskflow_api.py for tasks to queue
[2023-02-28T17:52:14.563+0000] {logging_mixin.py:137} INFO - [2023-02-28T17:52:14.562+0000] {dagbag.py:538} INFO - Filling up the DagBag from /home/airflow/.local/lib/python3.7/site-packages/airflow/example_dags/tutorial_taskflow_api.py
[2023-02-28T17:52:14.577+0000] {processor.py:753} INFO - DAG(s) dict_keys(['tutorial_taskflow_api']) retrieved from /home/airflow/.local/lib/python3.7/site-packages/airflow/example_dags/tutorial_taskflow_api.py
[2023-02-28T17:52:14.595+0000] {logging_mixin.py:137} INFO - [2023-02-28T17:52:14.595+0000] {dag.py:2690} INFO - Sync 1 DAGs
[2023-02-28T17:52:14.608+0000] {logging_mixin.py:137} INFO - [2023-02-28T17:52:14.608+0000] {dag.py:3441} INFO - Setting next_dagrun for tutorial_taskflow_api to None, run_after=None
[2023-02-28T17:52:14.617+0000] {processor.py:175} INFO - Processing /home/airflow/.local/lib/python3.7/site-packages/airflow/example_dags/tutorial_taskflow_api.py took 0.059 seconds
[2023-02-28T17:52:44.874+0000] {processor.py:153} INFO - Started process (PID=191) to work on /home/airflow/.local/lib/python3.7/site-packages/airflow/example_dags/tutorial_taskflow_api.py
[2023-02-28T17:52:44.875+0000] {processor.py:743} INFO - Processing file /home/airflow/.local/lib/python3.7/site-packages/airflow/example_dags/tutorial_taskflow_api.py for tasks to queue
[2023-02-28T17:52:44.876+0000] {logging_mixin.py:137} INFO - [2023-02-28T17:52:44.876+0000] {dagbag.py:538} INFO - Filling up the DagBag from /home/airflow/.local/lib/python3.7/site-packages/airflow/example_dags/tutorial_taskflow_api.py
[2023-02-28T17:52:44.889+0000] {processor.py:753} INFO - DAG(s) dict_keys(['tutorial_taskflow_api']) retrieved from /home/airflow/.local/lib/python3.7/site-packages/airflow/example_dags/tutorial_taskflow_api.py
[2023-02-28T17:52:44.907+0000] {logging_mixin.py:137} INFO - [2023-02-28T17:52:44.907+0000] {dag.py:2690} INFO - Sync 1 DAGs
[2023-02-28T17:52:44.920+0000] {logging_mixin.py:137} INFO - [2023-02-28T17:52:44.920+0000] {dag.py:3441} INFO - Setting next_dagrun for tutorial_taskflow_api to None, run_after=None
[2023-02-28T17:52:44.930+0000] {processor.py:175} INFO - Processing /home/airflow/.local/lib/python3.7/site-packages/airflow/example_dags/tutorial_taskflow_api.py took 0.059 seconds
[2023-02-28T17:53:14.981+0000] {processor.py:153} INFO - Started process (PID=269) to work on /home/airflow/.local/lib/python3.7/site-packages/airflow/example_dags/tutorial_taskflow_api.py
[2023-02-28T17:53:14.982+0000] {processor.py:743} INFO - Processing file /home/airflow/.local/lib/python3.7/site-packages/airflow/example_dags/tutorial_taskflow_api.py for tasks to queue
[2023-02-28T17:53:14.983+0000] {logging_mixin.py:137} INFO - [2023-02-28T17:53:14.983+0000] {dagbag.py:538} INFO - Filling up the DagBag from /home/airflow/.local/lib/python3.7/site-packages/airflow/example_dags/tutorial_taskflow_api.py
[2023-02-28T17:53:14.995+0000] {processor.py:753} INFO - DAG(s) dict_keys(['tutorial_taskflow_api']) retrieved from /home/airflow/.local/lib/python3.7/site-packages/airflow/example_dags/tutorial_taskflow_api.py
[2023-02-28T17:53:15.011+0000] {logging_mixin.py:137} INFO - [2023-02-28T17:53:15.011+0000] {dag.py:2690} INFO - Sync 1 DAGs
[2023-02-28T17:53:15.023+0000] {logging_mixin.py:137} INFO - [2023-02-28T17:53:15.023+0000] {dag.py:3441} INFO - Setting next_dagrun for tutorial_taskflow_api to None, run_after=None
[2023-02-28T17:53:15.032+0000] {processor.py:175} INFO - Processing /home/airflow/.local/lib/python3.7/site-packages/airflow/example_dags/tutorial_taskflow_api.py took 0.054 seconds
[2023-02-28T17:53:46.184+0000] {processor.py:153} INFO - Started process (PID=351) to work on /home/airflow/.local/lib/python3.7/site-packages/airflow/example_dags/tutorial_taskflow_api.py
[2023-02-28T17:53:46.185+0000] {processor.py:743} INFO - Processing file /home/airflow/.local/lib/python3.7/site-packages/airflow/example_dags/tutorial_taskflow_api.py for tasks to queue
[2023-02-28T17:53:46.185+0000] {logging_mixin.py:137} INFO - [2023-02-28T17:53:46.185+0000] {dagbag.py:538} INFO - Filling up the DagBag from /home/airflow/.local/lib/python3.7/site-packages/airflow/example_dags/tutorial_taskflow_api.py
[2023-02-28T17:53:46.197+0000] {processor.py:753} INFO - DAG(s) dict_keys(['tutorial_taskflow_api']) retrieved from /home/airflow/.local/lib/python3.7/site-packages/airflow/example_dags/tutorial_taskflow_api.py
[2023-02-28T17:53:46.214+0000] {logging_mixin.py:137} INFO - [2023-02-28T17:53:46.214+0000] {dag.py:2690} INFO - Sync 1 DAGs
[2023-02-28T17:53:46.227+0000] {logging_mixin.py:137} INFO - [2023-02-28T17:53:46.226+0000] {dag.py:3441} INFO - Setting next_dagrun for tutorial_taskflow_api to None, run_after=None
[2023-02-28T17:53:46.236+0000] {processor.py:175} INFO - Processing /home/airflow/.local/lib/python3.7/site-packages/airflow/example_dags/tutorial_taskflow_api.py took 0.054 seconds
[2023-02-28T17:54:17.180+0000] {processor.py:153} INFO - Started process (PID=431) to work on /home/airflow/.local/lib/python3.7/site-packages/airflow/example_dags/tutorial_taskflow_api.py
[2023-02-28T17:54:17.181+0000] {processor.py:743} INFO - Processing file /home/airflow/.local/lib/python3.7/site-packages/airflow/example_dags/tutorial_taskflow_api.py for tasks to queue
[2023-02-28T17:54:17.182+0000] {logging_mixin.py:137} INFO - [2023-02-28T17:54:17.182+0000] {dagbag.py:538} INFO - Filling up the DagBag from /home/airflow/.local/lib/python3.7/site-packages/airflow/example_dags/tutorial_taskflow_api.py
[2023-02-28T17:54:17.195+0000] {processor.py:753} INFO - DAG(s) dict_keys(['tutorial_taskflow_api']) retrieved from /home/airflow/.local/lib/python3.7/site-packages/airflow/example_dags/tutorial_taskflow_api.py
[2023-02-28T17:54:17.216+0000] {logging_mixin.py:137} INFO - [2023-02-28T17:54:17.215+0000] {dag.py:2690} INFO - Sync 1 DAGs
[2023-02-28T17:54:17.229+0000] {logging_mixin.py:137} INFO - [2023-02-28T17:54:17.229+0000] {dag.py:3441} INFO - Setting next_dagrun for tutorial_taskflow_api to None, run_after=None
[2023-02-28T17:54:17.239+0000] {processor.py:175} INFO - Processing /home/airflow/.local/lib/python3.7/site-packages/airflow/example_dags/tutorial_taskflow_api.py took 0.062 seconds
[2023-02-28T17:54:48.223+0000] {processor.py:153} INFO - Started process (PID=498) to work on /home/airflow/.local/lib/python3.7/site-packages/airflow/example_dags/tutorial_taskflow_api.py
[2023-02-28T17:54:48.224+0000] {processor.py:743} INFO - Processing file /home/airflow/.local/lib/python3.7/site-packages/airflow/example_dags/tutorial_taskflow_api.py for tasks to queue
[2023-02-28T17:54:48.225+0000] {logging_mixin.py:137} INFO - [2023-02-28T17:54:48.225+0000] {dagbag.py:538} INFO - Filling up the DagBag from /home/airflow/.local/lib/python3.7/site-packages/airflow/example_dags/tutorial_taskflow_api.py
[2023-02-28T17:54:48.237+0000] {processor.py:753} INFO - DAG(s) dict_keys(['tutorial_taskflow_api']) retrieved from /home/airflow/.local/lib/python3.7/site-packages/airflow/example_dags/tutorial_taskflow_api.py
[2023-02-28T17:54:48.255+0000] {logging_mixin.py:137} INFO - [2023-02-28T17:54:48.255+0000] {dag.py:2690} INFO - Sync 1 DAGs
[2023-02-28T17:54:48.267+0000] {logging_mixin.py:137} INFO - [2023-02-28T17:54:48.267+0000] {dag.py:3441} INFO - Setting next_dagrun for tutorial_taskflow_api to None, run_after=None
[2023-02-28T17:54:48.276+0000] {processor.py:175} INFO - Processing /home/airflow/.local/lib/python3.7/site-packages/airflow/example_dags/tutorial_taskflow_api.py took 0.055 seconds
[2023-02-28T17:55:18.458+0000] {processor.py:153} INFO - Started process (PID=577) to work on /home/airflow/.local/lib/python3.7/site-packages/airflow/example_dags/tutorial_taskflow_api.py
[2023-02-28T17:55:18.459+0000] {processor.py:743} INFO - Processing file /home/airflow/.local/lib/python3.7/site-packages/airflow/example_dags/tutorial_taskflow_api.py for tasks to queue
[2023-02-28T17:55:18.460+0000] {logging_mixin.py:137} INFO - [2023-02-28T17:55:18.460+0000] {dagbag.py:538} INFO - Filling up the DagBag from /home/airflow/.local/lib/python3.7/site-packages/airflow/example_dags/tutorial_taskflow_api.py
[2023-02-28T17:55:18.473+0000] {processor.py:753} INFO - DAG(s) dict_keys(['tutorial_taskflow_api']) retrieved from /home/airflow/.local/lib/python3.7/site-packages/airflow/example_dags/tutorial_taskflow_api.py
[2023-02-28T17:55:18.492+0000] {logging_mixin.py:137} INFO - [2023-02-28T17:55:18.491+0000] {dag.py:2690} INFO - Sync 1 DAGs
[2023-02-28T17:55:18.506+0000] {logging_mixin.py:137} INFO - [2023-02-28T17:55:18.506+0000] {dag.py:3441} INFO - Setting next_dagrun for tutorial_taskflow_api to None, run_after=None
[2023-02-28T17:55:18.518+0000] {processor.py:175} INFO - Processing /home/airflow/.local/lib/python3.7/site-packages/airflow/example_dags/tutorial_taskflow_api.py took 0.063 seconds
[2023-02-28T17:55:48.545+0000] {processor.py:153} INFO - Started process (PID=655) to work on /home/airflow/.local/lib/python3.7/site-packages/airflow/example_dags/tutorial_taskflow_api.py
[2023-02-28T17:55:48.546+0000] {processor.py:743} INFO - Processing file /home/airflow/.local/lib/python3.7/site-packages/airflow/example_dags/tutorial_taskflow_api.py for tasks to queue
[2023-02-28T17:55:48.547+0000] {logging_mixin.py:137} INFO - [2023-02-28T17:55:48.547+0000] {dagbag.py:538} INFO - Filling up the DagBag from /home/airflow/.local/lib/python3.7/site-packages/airflow/example_dags/tutorial_taskflow_api.py
[2023-02-28T17:55:48.559+0000] {processor.py:753} INFO - DAG(s) dict_keys(['tutorial_taskflow_api']) retrieved from /home/airflow/.local/lib/python3.7/site-packages/airflow/example_dags/tutorial_taskflow_api.py
[2023-02-28T17:55:48.576+0000] {logging_mixin.py:137} INFO - [2023-02-28T17:55:48.576+0000] {dag.py:2690} INFO - Sync 1 DAGs
[2023-02-28T17:55:48.589+0000] {logging_mixin.py:137} INFO - [2023-02-28T17:55:48.589+0000] {dag.py:3441} INFO - Setting next_dagrun for tutorial_taskflow_api to None, run_after=None
[2023-02-28T17:55:48.598+0000] {processor.py:175} INFO - Processing /home/airflow/.local/lib/python3.7/site-packages/airflow/example_dags/tutorial_taskflow_api.py took 0.055 seconds
[2023-02-28T17:56:19.685+0000] {processor.py:153} INFO - Started process (PID=733) to work on /home/airflow/.local/lib/python3.7/site-packages/airflow/example_dags/tutorial_taskflow_api.py
[2023-02-28T17:56:19.686+0000] {processor.py:743} INFO - Processing file /home/airflow/.local/lib/python3.7/site-packages/airflow/example_dags/tutorial_taskflow_api.py for tasks to queue
[2023-02-28T17:56:19.687+0000] {logging_mixin.py:137} INFO - [2023-02-28T17:56:19.687+0000] {dagbag.py:538} INFO - Filling up the DagBag from /home/airflow/.local/lib/python3.7/site-packages/airflow/example_dags/tutorial_taskflow_api.py
[2023-02-28T17:56:19.700+0000] {processor.py:753} INFO - DAG(s) dict_keys(['tutorial_taskflow_api']) retrieved from /home/airflow/.local/lib/python3.7/site-packages/airflow/example_dags/tutorial_taskflow_api.py
[2023-02-28T17:56:19.720+0000] {logging_mixin.py:137} INFO - [2023-02-28T17:56:19.720+0000] {dag.py:2690} INFO - Sync 1 DAGs
[2023-02-28T17:56:19.746+0000] {logging_mixin.py:137} INFO - [2023-02-28T17:56:19.746+0000] {dag.py:3441} INFO - Setting next_dagrun for tutorial_taskflow_api to None, run_after=None
[2023-02-28T17:56:19.779+0000] {processor.py:175} INFO - Processing /home/airflow/.local/lib/python3.7/site-packages/airflow/example_dags/tutorial_taskflow_api.py took 0.096 seconds
[2023-02-28T17:56:49.870+0000] {processor.py:153} INFO - Started process (PID=804) to work on /home/airflow/.local/lib/python3.7/site-packages/airflow/example_dags/tutorial_taskflow_api.py
[2023-02-28T17:56:49.871+0000] {processor.py:743} INFO - Processing file /home/airflow/.local/lib/python3.7/site-packages/airflow/example_dags/tutorial_taskflow_api.py for tasks to queue
[2023-02-28T17:56:49.872+0000] {logging_mixin.py:137} INFO - [2023-02-28T17:56:49.872+0000] {dagbag.py:538} INFO - Filling up the DagBag from /home/airflow/.local/lib/python3.7/site-packages/airflow/example_dags/tutorial_taskflow_api.py
[2023-02-28T17:56:49.883+0000] {processor.py:753} INFO - DAG(s) dict_keys(['tutorial_taskflow_api']) retrieved from /home/airflow/.local/lib/python3.7/site-packages/airflow/example_dags/tutorial_taskflow_api.py
[2023-02-28T17:56:49.903+0000] {logging_mixin.py:137} INFO - [2023-02-28T17:56:49.902+0000] {dag.py:2690} INFO - Sync 1 DAGs
[2023-02-28T17:56:49.915+0000] {logging_mixin.py:137} INFO - [2023-02-28T17:56:49.915+0000] {dag.py:3441} INFO - Setting next_dagrun for tutorial_taskflow_api to None, run_after=None
[2023-02-28T17:56:49.927+0000] {processor.py:175} INFO - Processing /home/airflow/.local/lib/python3.7/site-packages/airflow/example_dags/tutorial_taskflow_api.py took 0.059 seconds
[2023-02-28T17:57:19.967+0000] {processor.py:153} INFO - Started process (PID=882) to work on /home/airflow/.local/lib/python3.7/site-packages/airflow/example_dags/tutorial_taskflow_api.py
[2023-02-28T17:57:19.968+0000] {processor.py:743} INFO - Processing file /home/airflow/.local/lib/python3.7/site-packages/airflow/example_dags/tutorial_taskflow_api.py for tasks to queue
[2023-02-28T17:57:19.969+0000] {logging_mixin.py:137} INFO - [2023-02-28T17:57:19.969+0000] {dagbag.py:538} INFO - Filling up the DagBag from /home/airflow/.local/lib/python3.7/site-packages/airflow/example_dags/tutorial_taskflow_api.py
[2023-02-28T17:57:19.981+0000] {processor.py:753} INFO - DAG(s) dict_keys(['tutorial_taskflow_api']) retrieved from /home/airflow/.local/lib/python3.7/site-packages/airflow/example_dags/tutorial_taskflow_api.py
[2023-02-28T17:57:19.998+0000] {logging_mixin.py:137} INFO - [2023-02-28T17:57:19.998+0000] {dag.py:2690} INFO - Sync 1 DAGs
[2023-02-28T17:57:20.010+0000] {logging_mixin.py:137} INFO - [2023-02-28T17:57:20.010+0000] {dag.py:3441} INFO - Setting next_dagrun for tutorial_taskflow_api to None, run_after=None
[2023-02-28T17:57:20.019+0000] {processor.py:175} INFO - Processing /home/airflow/.local/lib/python3.7/site-packages/airflow/example_dags/tutorial_taskflow_api.py took 0.054 seconds
[2023-02-28T17:57:50.066+0000] {processor.py:153} INFO - Started process (PID=962) to work on /home/airflow/.local/lib/python3.7/site-packages/airflow/example_dags/tutorial_taskflow_api.py
[2023-02-28T17:57:50.067+0000] {processor.py:743} INFO - Processing file /home/airflow/.local/lib/python3.7/site-packages/airflow/example_dags/tutorial_taskflow_api.py for tasks to queue
[2023-02-28T17:57:50.067+0000] {logging_mixin.py:137} INFO - [2023-02-28T17:57:50.067+0000] {dagbag.py:538} INFO - Filling up the DagBag from /home/airflow/.local/lib/python3.7/site-packages/airflow/example_dags/tutorial_taskflow_api.py
[2023-02-28T17:57:50.079+0000] {processor.py:753} INFO - DAG(s) dict_keys(['tutorial_taskflow_api']) retrieved from /home/airflow/.local/lib/python3.7/site-packages/airflow/example_dags/tutorial_taskflow_api.py
[2023-02-28T17:57:50.096+0000] {logging_mixin.py:137} INFO - [2023-02-28T17:57:50.096+0000] {dag.py:2690} INFO - Sync 1 DAGs
[2023-02-28T17:57:50.108+0000] {logging_mixin.py:137} INFO - [2023-02-28T17:57:50.108+0000] {dag.py:3441} INFO - Setting next_dagrun for tutorial_taskflow_api to None, run_after=None
[2023-02-28T17:57:50.117+0000] {processor.py:175} INFO - Processing /home/airflow/.local/lib/python3.7/site-packages/airflow/example_dags/tutorial_taskflow_api.py took 0.054 seconds
[2023-02-28T17:58:20.322+0000] {processor.py:153} INFO - Started process (PID=1029) to work on /home/airflow/.local/lib/python3.7/site-packages/airflow/example_dags/tutorial_taskflow_api.py
[2023-02-28T17:58:20.323+0000] {processor.py:743} INFO - Processing file /home/airflow/.local/lib/python3.7/site-packages/airflow/example_dags/tutorial_taskflow_api.py for tasks to queue
[2023-02-28T17:58:20.324+0000] {logging_mixin.py:137} INFO - [2023-02-28T17:58:20.324+0000] {dagbag.py:538} INFO - Filling up the DagBag from /home/airflow/.local/lib/python3.7/site-packages/airflow/example_dags/tutorial_taskflow_api.py
[2023-02-28T17:58:20.336+0000] {processor.py:753} INFO - DAG(s) dict_keys(['tutorial_taskflow_api']) retrieved from /home/airflow/.local/lib/python3.7/site-packages/airflow/example_dags/tutorial_taskflow_api.py
[2023-02-28T17:58:20.353+0000] {logging_mixin.py:137} INFO - [2023-02-28T17:58:20.353+0000] {dag.py:2690} INFO - Sync 1 DAGs
[2023-02-28T17:58:20.365+0000] {logging_mixin.py:137} INFO - [2023-02-28T17:58:20.365+0000] {dag.py:3441} INFO - Setting next_dagrun for tutorial_taskflow_api to None, run_after=None
[2023-02-28T17:58:20.376+0000] {processor.py:175} INFO - Processing /home/airflow/.local/lib/python3.7/site-packages/airflow/example_dags/tutorial_taskflow_api.py took 0.056 seconds
[2023-02-28T17:58:50.478+0000] {processor.py:153} INFO - Started process (PID=1109) to work on /home/airflow/.local/lib/python3.7/site-packages/airflow/example_dags/tutorial_taskflow_api.py
[2023-02-28T17:58:50.480+0000] {processor.py:743} INFO - Processing file /home/airflow/.local/lib/python3.7/site-packages/airflow/example_dags/tutorial_taskflow_api.py for tasks to queue
[2023-02-28T17:58:50.480+0000] {logging_mixin.py:137} INFO - [2023-02-28T17:58:50.480+0000] {dagbag.py:538} INFO - Filling up the DagBag from /home/airflow/.local/lib/python3.7/site-packages/airflow/example_dags/tutorial_taskflow_api.py
[2023-02-28T17:58:50.493+0000] {processor.py:753} INFO - DAG(s) dict_keys(['tutorial_taskflow_api']) retrieved from /home/airflow/.local/lib/python3.7/site-packages/airflow/example_dags/tutorial_taskflow_api.py
[2023-02-28T17:58:50.508+0000] {logging_mixin.py:137} INFO - [2023-02-28T17:58:50.508+0000] {dag.py:2690} INFO - Sync 1 DAGs
[2023-02-28T17:58:50.522+0000] {logging_mixin.py:137} INFO - [2023-02-28T17:58:50.522+0000] {dag.py:3441} INFO - Setting next_dagrun for tutorial_taskflow_api to None, run_after=None
[2023-02-28T17:58:50.531+0000] {processor.py:175} INFO - Processing /home/airflow/.local/lib/python3.7/site-packages/airflow/example_dags/tutorial_taskflow_api.py took 0.055 seconds
[2023-02-28T17:59:20.719+0000] {processor.py:153} INFO - Started process (PID=1189) to work on /home/airflow/.local/lib/python3.7/site-packages/airflow/example_dags/tutorial_taskflow_api.py
[2023-02-28T17:59:20.719+0000] {processor.py:743} INFO - Processing file /home/airflow/.local/lib/python3.7/site-packages/airflow/example_dags/tutorial_taskflow_api.py for tasks to queue
[2023-02-28T17:59:20.720+0000] {logging_mixin.py:137} INFO - [2023-02-28T17:59:20.720+0000] {dagbag.py:538} INFO - Filling up the DagBag from /home/airflow/.local/lib/python3.7/site-packages/airflow/example_dags/tutorial_taskflow_api.py
[2023-02-28T17:59:20.732+0000] {processor.py:753} INFO - DAG(s) dict_keys(['tutorial_taskflow_api']) retrieved from /home/airflow/.local/lib/python3.7/site-packages/airflow/example_dags/tutorial_taskflow_api.py
[2023-02-28T17:59:20.749+0000] {logging_mixin.py:137} INFO - [2023-02-28T17:59:20.749+0000] {dag.py:2690} INFO - Sync 1 DAGs
[2023-02-28T17:59:20.762+0000] {logging_mixin.py:137} INFO - [2023-02-28T17:59:20.762+0000] {dag.py:3441} INFO - Setting next_dagrun for tutorial_taskflow_api to None, run_after=None
[2023-02-28T17:59:20.771+0000] {processor.py:175} INFO - Processing /home/airflow/.local/lib/python3.7/site-packages/airflow/example_dags/tutorial_taskflow_api.py took 0.055 seconds
[2023-02-28T17:59:50.956+0000] {processor.py:153} INFO - Started process (PID=1256) to work on /home/airflow/.local/lib/python3.7/site-packages/airflow/example_dags/tutorial_taskflow_api.py
[2023-02-28T17:59:50.957+0000] {processor.py:743} INFO - Processing file /home/airflow/.local/lib/python3.7/site-packages/airflow/example_dags/tutorial_taskflow_api.py for tasks to queue
[2023-02-28T17:59:50.958+0000] {logging_mixin.py:137} INFO - [2023-02-28T17:59:50.958+0000] {dagbag.py:538} INFO - Filling up the DagBag from /home/airflow/.local/lib/python3.7/site-packages/airflow/example_dags/tutorial_taskflow_api.py
[2023-02-28T17:59:50.971+0000] {processor.py:753} INFO - DAG(s) dict_keys(['tutorial_taskflow_api']) retrieved from /home/airflow/.local/lib/python3.7/site-packages/airflow/example_dags/tutorial_taskflow_api.py
[2023-02-28T17:59:50.987+0000] {logging_mixin.py:137} INFO - [2023-02-28T17:59:50.987+0000] {dag.py:2690} INFO - Sync 1 DAGs
[2023-02-28T17:59:51.000+0000] {logging_mixin.py:137} INFO - [2023-02-28T17:59:51.000+0000] {dag.py:3441} INFO - Setting next_dagrun for tutorial_taskflow_api to None, run_after=None
[2023-02-28T17:59:51.009+0000] {processor.py:175} INFO - Processing /home/airflow/.local/lib/python3.7/site-packages/airflow/example_dags/tutorial_taskflow_api.py took 0.056 seconds
[2023-02-28T18:00:21.298+0000] {processor.py:153} INFO - Started process (PID=1337) to work on /home/airflow/.local/lib/python3.7/site-packages/airflow/example_dags/tutorial_taskflow_api.py
[2023-02-28T18:00:21.299+0000] {processor.py:743} INFO - Processing file /home/airflow/.local/lib/python3.7/site-packages/airflow/example_dags/tutorial_taskflow_api.py for tasks to queue
[2023-02-28T18:00:21.299+0000] {logging_mixin.py:137} INFO - [2023-02-28T18:00:21.299+0000] {dagbag.py:538} INFO - Filling up the DagBag from /home/airflow/.local/lib/python3.7/site-packages/airflow/example_dags/tutorial_taskflow_api.py
[2023-02-28T18:00:21.312+0000] {processor.py:753} INFO - DAG(s) dict_keys(['tutorial_taskflow_api']) retrieved from /home/airflow/.local/lib/python3.7/site-packages/airflow/example_dags/tutorial_taskflow_api.py
[2023-02-28T18:00:21.329+0000] {logging_mixin.py:137} INFO - [2023-02-28T18:00:21.329+0000] {dag.py:2690} INFO - Sync 1 DAGs
[2023-02-28T18:00:21.342+0000] {logging_mixin.py:137} INFO - [2023-02-28T18:00:21.342+0000] {dag.py:3441} INFO - Setting next_dagrun for tutorial_taskflow_api to None, run_after=None
[2023-02-28T18:00:21.352+0000] {processor.py:175} INFO - Processing /home/airflow/.local/lib/python3.7/site-packages/airflow/example_dags/tutorial_taskflow_api.py took 0.056 seconds
[2023-02-28T18:00:51.503+0000] {processor.py:153} INFO - Started process (PID=1417) to work on /home/airflow/.local/lib/python3.7/site-packages/airflow/example_dags/tutorial_taskflow_api.py
[2023-02-28T18:00:51.504+0000] {processor.py:743} INFO - Processing file /home/airflow/.local/lib/python3.7/site-packages/airflow/example_dags/tutorial_taskflow_api.py for tasks to queue
[2023-02-28T18:00:51.505+0000] {logging_mixin.py:137} INFO - [2023-02-28T18:00:51.505+0000] {dagbag.py:538} INFO - Filling up the DagBag from /home/airflow/.local/lib/python3.7/site-packages/airflow/example_dags/tutorial_taskflow_api.py
[2023-02-28T18:00:51.518+0000] {processor.py:753} INFO - DAG(s) dict_keys(['tutorial_taskflow_api']) retrieved from /home/airflow/.local/lib/python3.7/site-packages/airflow/example_dags/tutorial_taskflow_api.py
[2023-02-28T18:00:51.534+0000] {logging_mixin.py:137} INFO - [2023-02-28T18:00:51.534+0000] {dag.py:2690} INFO - Sync 1 DAGs
[2023-02-28T18:00:51.547+0000] {logging_mixin.py:137} INFO - [2023-02-28T18:00:51.547+0000] {dag.py:3441} INFO - Setting next_dagrun for tutorial_taskflow_api to None, run_after=None
[2023-02-28T18:00:51.557+0000] {processor.py:175} INFO - Processing /home/airflow/.local/lib/python3.7/site-packages/airflow/example_dags/tutorial_taskflow_api.py took 0.057 seconds
[2023-02-28T18:01:22.109+0000] {processor.py:153} INFO - Started process (PID=1497) to work on /home/airflow/.local/lib/python3.7/site-packages/airflow/example_dags/tutorial_taskflow_api.py
[2023-02-28T18:01:22.110+0000] {processor.py:743} INFO - Processing file /home/airflow/.local/lib/python3.7/site-packages/airflow/example_dags/tutorial_taskflow_api.py for tasks to queue
[2023-02-28T18:01:22.111+0000] {logging_mixin.py:137} INFO - [2023-02-28T18:01:22.111+0000] {dagbag.py:538} INFO - Filling up the DagBag from /home/airflow/.local/lib/python3.7/site-packages/airflow/example_dags/tutorial_taskflow_api.py
[2023-02-28T18:01:22.124+0000] {processor.py:753} INFO - DAG(s) dict_keys(['tutorial_taskflow_api']) retrieved from /home/airflow/.local/lib/python3.7/site-packages/airflow/example_dags/tutorial_taskflow_api.py
[2023-02-28T18:01:22.142+0000] {logging_mixin.py:137} INFO - [2023-02-28T18:01:22.142+0000] {dag.py:2690} INFO - Sync 1 DAGs
[2023-02-28T18:01:22.155+0000] {logging_mixin.py:137} INFO - [2023-02-28T18:01:22.155+0000] {dag.py:3441} INFO - Setting next_dagrun for tutorial_taskflow_api to None, run_after=None
[2023-02-28T18:01:22.166+0000] {processor.py:175} INFO - Processing /home/airflow/.local/lib/python3.7/site-packages/airflow/example_dags/tutorial_taskflow_api.py took 0.059 seconds
