[2023-02-28T17:48:40.604+0000] {processor.py:153} INFO - Started process (PID=57) to work on /home/airflow/.local/lib/python3.7/site-packages/airflow/example_dags/tutorial_dag.py
[2023-02-28T17:48:40.605+0000] {processor.py:743} INFO - Processing file /home/airflow/.local/lib/python3.7/site-packages/airflow/example_dags/tutorial_dag.py for tasks to queue
[2023-02-28T17:48:40.606+0000] {logging_mixin.py:137} INFO - [2023-02-28T17:48:40.606+0000] {dagbag.py:538} INFO - Filling up the DagBag from /home/airflow/.local/lib/python3.7/site-packages/airflow/example_dags/tutorial_dag.py
[2023-02-28T17:48:40.616+0000] {processor.py:753} INFO - DAG(s) dict_keys(['tutorial_dag']) retrieved from /home/airflow/.local/lib/python3.7/site-packages/airflow/example_dags/tutorial_dag.py
[2023-02-28T17:48:40.677+0000] {logging_mixin.py:137} INFO - [2023-02-28T17:48:40.677+0000] {manager.py:504} INFO - Created Permission View: can edit on DAG:tutorial_dag
[2023-02-28T17:48:40.682+0000] {logging_mixin.py:137} INFO - [2023-02-28T17:48:40.682+0000] {manager.py:504} INFO - Created Permission View: can read on DAG:tutorial_dag
[2023-02-28T17:48:40.685+0000] {logging_mixin.py:137} INFO - [2023-02-28T17:48:40.685+0000] {manager.py:504} INFO - Created Permission View: can delete on DAG:tutorial_dag
[2023-02-28T17:48:40.686+0000] {logging_mixin.py:137} INFO - [2023-02-28T17:48:40.686+0000] {dag.py:2690} INFO - Sync 1 DAGs
[2023-02-28T17:48:40.693+0000] {logging_mixin.py:137} INFO - [2023-02-28T17:48:40.693+0000] {dag.py:2711} INFO - Creating ORM DAG for tutorial_dag
[2023-02-28T17:48:40.698+0000] {logging_mixin.py:137} INFO - [2023-02-28T17:48:40.698+0000] {dag.py:3441} INFO - Setting next_dagrun for tutorial_dag to None, run_after=None
[2023-02-28T17:48:40.709+0000] {processor.py:175} INFO - Processing /home/airflow/.local/lib/python3.7/site-packages/airflow/example_dags/tutorial_dag.py took 0.107 seconds
[2023-02-28T17:49:11.609+0000] {processor.py:153} INFO - Started process (PID=138) to work on /home/airflow/.local/lib/python3.7/site-packages/airflow/example_dags/tutorial_dag.py
[2023-02-28T17:49:11.610+0000] {processor.py:743} INFO - Processing file /home/airflow/.local/lib/python3.7/site-packages/airflow/example_dags/tutorial_dag.py for tasks to queue
[2023-02-28T17:49:11.611+0000] {logging_mixin.py:137} INFO - [2023-02-28T17:49:11.611+0000] {dagbag.py:538} INFO - Filling up the DagBag from /home/airflow/.local/lib/python3.7/site-packages/airflow/example_dags/tutorial_dag.py
[2023-02-28T17:49:11.621+0000] {processor.py:753} INFO - DAG(s) dict_keys(['tutorial_dag']) retrieved from /home/airflow/.local/lib/python3.7/site-packages/airflow/example_dags/tutorial_dag.py
[2023-02-28T17:49:11.640+0000] {logging_mixin.py:137} INFO - [2023-02-28T17:49:11.640+0000] {dag.py:2690} INFO - Sync 1 DAGs
[2023-02-28T17:49:11.655+0000] {logging_mixin.py:137} INFO - [2023-02-28T17:49:11.655+0000] {dag.py:3441} INFO - Setting next_dagrun for tutorial_dag to None, run_after=None
[2023-02-28T17:49:11.667+0000] {processor.py:175} INFO - Processing /home/airflow/.local/lib/python3.7/site-packages/airflow/example_dags/tutorial_dag.py took 0.061 seconds
[2023-02-28T17:49:41.701+0000] {processor.py:153} INFO - Started process (PID=218) to work on /home/airflow/.local/lib/python3.7/site-packages/airflow/example_dags/tutorial_dag.py
[2023-02-28T17:49:41.702+0000] {processor.py:743} INFO - Processing file /home/airflow/.local/lib/python3.7/site-packages/airflow/example_dags/tutorial_dag.py for tasks to queue
[2023-02-28T17:49:41.703+0000] {logging_mixin.py:137} INFO - [2023-02-28T17:49:41.702+0000] {dagbag.py:538} INFO - Filling up the DagBag from /home/airflow/.local/lib/python3.7/site-packages/airflow/example_dags/tutorial_dag.py
[2023-02-28T17:49:41.711+0000] {processor.py:753} INFO - DAG(s) dict_keys(['tutorial_dag']) retrieved from /home/airflow/.local/lib/python3.7/site-packages/airflow/example_dags/tutorial_dag.py
[2023-02-28T17:49:41.730+0000] {logging_mixin.py:137} INFO - [2023-02-28T17:49:41.730+0000] {dag.py:2690} INFO - Sync 1 DAGs
[2023-02-28T17:49:41.745+0000] {logging_mixin.py:137} INFO - [2023-02-28T17:49:41.745+0000] {dag.py:3441} INFO - Setting next_dagrun for tutorial_dag to None, run_after=None
[2023-02-28T17:49:41.756+0000] {processor.py:175} INFO - Processing /home/airflow/.local/lib/python3.7/site-packages/airflow/example_dags/tutorial_dag.py took 0.058 seconds
[2023-02-28T17:50:11.960+0000] {processor.py:153} INFO - Started process (PID=285) to work on /home/airflow/.local/lib/python3.7/site-packages/airflow/example_dags/tutorial_dag.py
[2023-02-28T17:50:11.961+0000] {processor.py:743} INFO - Processing file /home/airflow/.local/lib/python3.7/site-packages/airflow/example_dags/tutorial_dag.py for tasks to queue
[2023-02-28T17:50:11.961+0000] {logging_mixin.py:137} INFO - [2023-02-28T17:50:11.961+0000] {dagbag.py:538} INFO - Filling up the DagBag from /home/airflow/.local/lib/python3.7/site-packages/airflow/example_dags/tutorial_dag.py
[2023-02-28T17:50:11.970+0000] {processor.py:753} INFO - DAG(s) dict_keys(['tutorial_dag']) retrieved from /home/airflow/.local/lib/python3.7/site-packages/airflow/example_dags/tutorial_dag.py
[2023-02-28T17:50:11.988+0000] {logging_mixin.py:137} INFO - [2023-02-28T17:50:11.988+0000] {dag.py:2690} INFO - Sync 1 DAGs
[2023-02-28T17:50:12.001+0000] {logging_mixin.py:137} INFO - [2023-02-28T17:50:12.001+0000] {dag.py:3441} INFO - Setting next_dagrun for tutorial_dag to None, run_after=None
[2023-02-28T17:50:12.011+0000] {processor.py:175} INFO - Processing /home/airflow/.local/lib/python3.7/site-packages/airflow/example_dags/tutorial_dag.py took 0.054 seconds
[2023-02-28T17:50:42.397+0000] {processor.py:153} INFO - Started process (PID=366) to work on /home/airflow/.local/lib/python3.7/site-packages/airflow/example_dags/tutorial_dag.py
[2023-02-28T17:50:42.398+0000] {processor.py:743} INFO - Processing file /home/airflow/.local/lib/python3.7/site-packages/airflow/example_dags/tutorial_dag.py for tasks to queue
[2023-02-28T17:50:42.399+0000] {logging_mixin.py:137} INFO - [2023-02-28T17:50:42.399+0000] {dagbag.py:538} INFO - Filling up the DagBag from /home/airflow/.local/lib/python3.7/site-packages/airflow/example_dags/tutorial_dag.py
[2023-02-28T17:50:42.407+0000] {processor.py:753} INFO - DAG(s) dict_keys(['tutorial_dag']) retrieved from /home/airflow/.local/lib/python3.7/site-packages/airflow/example_dags/tutorial_dag.py
[2023-02-28T17:50:42.425+0000] {logging_mixin.py:137} INFO - [2023-02-28T17:50:42.425+0000] {dag.py:2690} INFO - Sync 1 DAGs
[2023-02-28T17:50:42.439+0000] {logging_mixin.py:137} INFO - [2023-02-28T17:50:42.439+0000] {dag.py:3441} INFO - Setting next_dagrun for tutorial_dag to None, run_after=None
[2023-02-28T17:50:42.449+0000] {processor.py:175} INFO - Processing /home/airflow/.local/lib/python3.7/site-packages/airflow/example_dags/tutorial_dag.py took 0.054 seconds
[2023-02-28T17:51:44.859+0000] {processor.py:153} INFO - Started process (PID=57) to work on /home/airflow/.local/lib/python3.7/site-packages/airflow/example_dags/tutorial_dag.py
[2023-02-28T17:51:44.860+0000] {processor.py:743} INFO - Processing file /home/airflow/.local/lib/python3.7/site-packages/airflow/example_dags/tutorial_dag.py for tasks to queue
[2023-02-28T17:51:44.861+0000] {logging_mixin.py:137} INFO - [2023-02-28T17:51:44.861+0000] {dagbag.py:538} INFO - Filling up the DagBag from /home/airflow/.local/lib/python3.7/site-packages/airflow/example_dags/tutorial_dag.py
[2023-02-28T17:51:44.874+0000] {processor.py:753} INFO - DAG(s) dict_keys(['tutorial_dag']) retrieved from /home/airflow/.local/lib/python3.7/site-packages/airflow/example_dags/tutorial_dag.py
[2023-02-28T17:51:44.894+0000] {logging_mixin.py:137} INFO - [2023-02-28T17:51:44.894+0000] {dag.py:2690} INFO - Sync 1 DAGs
[2023-02-28T17:51:44.914+0000] {logging_mixin.py:137} INFO - [2023-02-28T17:51:44.914+0000] {dag.py:3441} INFO - Setting next_dagrun for tutorial_dag to None, run_after=None
[2023-02-28T17:51:44.927+0000] {processor.py:175} INFO - Processing /home/airflow/.local/lib/python3.7/site-packages/airflow/example_dags/tutorial_dag.py took 0.072 seconds
[2023-02-28T17:52:15.226+0000] {processor.py:153} INFO - Started process (PID=137) to work on /home/airflow/.local/lib/python3.7/site-packages/airflow/example_dags/tutorial_dag.py
[2023-02-28T17:52:15.227+0000] {processor.py:743} INFO - Processing file /home/airflow/.local/lib/python3.7/site-packages/airflow/example_dags/tutorial_dag.py for tasks to queue
[2023-02-28T17:52:15.228+0000] {logging_mixin.py:137} INFO - [2023-02-28T17:52:15.228+0000] {dagbag.py:538} INFO - Filling up the DagBag from /home/airflow/.local/lib/python3.7/site-packages/airflow/example_dags/tutorial_dag.py
[2023-02-28T17:52:15.236+0000] {processor.py:753} INFO - DAG(s) dict_keys(['tutorial_dag']) retrieved from /home/airflow/.local/lib/python3.7/site-packages/airflow/example_dags/tutorial_dag.py
[2023-02-28T17:52:15.255+0000] {logging_mixin.py:137} INFO - [2023-02-28T17:52:15.255+0000] {dag.py:2690} INFO - Sync 1 DAGs
[2023-02-28T17:52:15.269+0000] {logging_mixin.py:137} INFO - [2023-02-28T17:52:15.269+0000] {dag.py:3441} INFO - Setting next_dagrun for tutorial_dag to None, run_after=None
[2023-02-28T17:52:15.279+0000] {processor.py:175} INFO - Processing /home/airflow/.local/lib/python3.7/site-packages/airflow/example_dags/tutorial_dag.py took 0.055 seconds
[2023-02-28T17:52:45.493+0000] {processor.py:153} INFO - Started process (PID=204) to work on /home/airflow/.local/lib/python3.7/site-packages/airflow/example_dags/tutorial_dag.py
[2023-02-28T17:52:45.494+0000] {processor.py:743} INFO - Processing file /home/airflow/.local/lib/python3.7/site-packages/airflow/example_dags/tutorial_dag.py for tasks to queue
[2023-02-28T17:52:45.495+0000] {logging_mixin.py:137} INFO - [2023-02-28T17:52:45.495+0000] {dagbag.py:538} INFO - Filling up the DagBag from /home/airflow/.local/lib/python3.7/site-packages/airflow/example_dags/tutorial_dag.py
[2023-02-28T17:52:45.503+0000] {processor.py:753} INFO - DAG(s) dict_keys(['tutorial_dag']) retrieved from /home/airflow/.local/lib/python3.7/site-packages/airflow/example_dags/tutorial_dag.py
[2023-02-28T17:52:45.521+0000] {logging_mixin.py:137} INFO - [2023-02-28T17:52:45.521+0000] {dag.py:2690} INFO - Sync 1 DAGs
[2023-02-28T17:52:45.533+0000] {logging_mixin.py:137} INFO - [2023-02-28T17:52:45.533+0000] {dag.py:3441} INFO - Setting next_dagrun for tutorial_dag to None, run_after=None
[2023-02-28T17:52:45.543+0000] {processor.py:175} INFO - Processing /home/airflow/.local/lib/python3.7/site-packages/airflow/example_dags/tutorial_dag.py took 0.052 seconds
[2023-02-28T17:53:15.782+0000] {processor.py:153} INFO - Started process (PID=284) to work on /home/airflow/.local/lib/python3.7/site-packages/airflow/example_dags/tutorial_dag.py
[2023-02-28T17:53:15.783+0000] {processor.py:743} INFO - Processing file /home/airflow/.local/lib/python3.7/site-packages/airflow/example_dags/tutorial_dag.py for tasks to queue
[2023-02-28T17:53:15.783+0000] {logging_mixin.py:137} INFO - [2023-02-28T17:53:15.783+0000] {dagbag.py:538} INFO - Filling up the DagBag from /home/airflow/.local/lib/python3.7/site-packages/airflow/example_dags/tutorial_dag.py
[2023-02-28T17:53:15.792+0000] {processor.py:753} INFO - DAG(s) dict_keys(['tutorial_dag']) retrieved from /home/airflow/.local/lib/python3.7/site-packages/airflow/example_dags/tutorial_dag.py
[2023-02-28T17:53:15.809+0000] {logging_mixin.py:137} INFO - [2023-02-28T17:53:15.809+0000] {dag.py:2690} INFO - Sync 1 DAGs
[2023-02-28T17:53:15.822+0000] {logging_mixin.py:137} INFO - [2023-02-28T17:53:15.822+0000] {dag.py:3441} INFO - Setting next_dagrun for tutorial_dag to None, run_after=None
[2023-02-28T17:53:15.831+0000] {processor.py:175} INFO - Processing /home/airflow/.local/lib/python3.7/site-packages/airflow/example_dags/tutorial_dag.py took 0.053 seconds
[2023-02-28T17:53:46.685+0000] {processor.py:153} INFO - Started process (PID=364) to work on /home/airflow/.local/lib/python3.7/site-packages/airflow/example_dags/tutorial_dag.py
[2023-02-28T17:53:46.686+0000] {processor.py:743} INFO - Processing file /home/airflow/.local/lib/python3.7/site-packages/airflow/example_dags/tutorial_dag.py for tasks to queue
[2023-02-28T17:53:46.687+0000] {logging_mixin.py:137} INFO - [2023-02-28T17:53:46.687+0000] {dagbag.py:538} INFO - Filling up the DagBag from /home/airflow/.local/lib/python3.7/site-packages/airflow/example_dags/tutorial_dag.py
[2023-02-28T17:53:46.695+0000] {processor.py:753} INFO - DAG(s) dict_keys(['tutorial_dag']) retrieved from /home/airflow/.local/lib/python3.7/site-packages/airflow/example_dags/tutorial_dag.py
[2023-02-28T17:53:46.711+0000] {logging_mixin.py:137} INFO - [2023-02-28T17:53:46.711+0000] {dag.py:2690} INFO - Sync 1 DAGs
[2023-02-28T17:53:46.724+0000] {logging_mixin.py:137} INFO - [2023-02-28T17:53:46.724+0000] {dag.py:3441} INFO - Setting next_dagrun for tutorial_dag to None, run_after=None
[2023-02-28T17:53:46.732+0000] {processor.py:175} INFO - Processing /home/airflow/.local/lib/python3.7/site-packages/airflow/example_dags/tutorial_dag.py took 0.050 seconds
[2023-02-28T17:54:17.730+0000] {processor.py:153} INFO - Started process (PID=444) to work on /home/airflow/.local/lib/python3.7/site-packages/airflow/example_dags/tutorial_dag.py
[2023-02-28T17:54:17.731+0000] {processor.py:743} INFO - Processing file /home/airflow/.local/lib/python3.7/site-packages/airflow/example_dags/tutorial_dag.py for tasks to queue
[2023-02-28T17:54:17.731+0000] {logging_mixin.py:137} INFO - [2023-02-28T17:54:17.731+0000] {dagbag.py:538} INFO - Filling up the DagBag from /home/airflow/.local/lib/python3.7/site-packages/airflow/example_dags/tutorial_dag.py
[2023-02-28T17:54:17.739+0000] {processor.py:753} INFO - DAG(s) dict_keys(['tutorial_dag']) retrieved from /home/airflow/.local/lib/python3.7/site-packages/airflow/example_dags/tutorial_dag.py
[2023-02-28T17:54:17.757+0000] {logging_mixin.py:137} INFO - [2023-02-28T17:54:17.757+0000] {dag.py:2690} INFO - Sync 1 DAGs
[2023-02-28T17:54:17.770+0000] {logging_mixin.py:137} INFO - [2023-02-28T17:54:17.770+0000] {dag.py:3441} INFO - Setting next_dagrun for tutorial_dag to None, run_after=None
[2023-02-28T17:54:17.780+0000] {processor.py:175} INFO - Processing /home/airflow/.local/lib/python3.7/site-packages/airflow/example_dags/tutorial_dag.py took 0.052 seconds
[2023-02-28T17:54:48.822+0000] {processor.py:153} INFO - Started process (PID=511) to work on /home/airflow/.local/lib/python3.7/site-packages/airflow/example_dags/tutorial_dag.py
[2023-02-28T17:54:48.823+0000] {processor.py:743} INFO - Processing file /home/airflow/.local/lib/python3.7/site-packages/airflow/example_dags/tutorial_dag.py for tasks to queue
[2023-02-28T17:54:48.824+0000] {logging_mixin.py:137} INFO - [2023-02-28T17:54:48.824+0000] {dagbag.py:538} INFO - Filling up the DagBag from /home/airflow/.local/lib/python3.7/site-packages/airflow/example_dags/tutorial_dag.py
[2023-02-28T17:54:48.832+0000] {processor.py:753} INFO - DAG(s) dict_keys(['tutorial_dag']) retrieved from /home/airflow/.local/lib/python3.7/site-packages/airflow/example_dags/tutorial_dag.py
[2023-02-28T17:54:48.849+0000] {logging_mixin.py:137} INFO - [2023-02-28T17:54:48.849+0000] {dag.py:2690} INFO - Sync 1 DAGs
[2023-02-28T17:54:48.862+0000] {logging_mixin.py:137} INFO - [2023-02-28T17:54:48.862+0000] {dag.py:3441} INFO - Setting next_dagrun for tutorial_dag to None, run_after=None
[2023-02-28T17:54:48.871+0000] {processor.py:175} INFO - Processing /home/airflow/.local/lib/python3.7/site-packages/airflow/example_dags/tutorial_dag.py took 0.051 seconds
[2023-02-28T17:55:19.054+0000] {processor.py:153} INFO - Started process (PID=590) to work on /home/airflow/.local/lib/python3.7/site-packages/airflow/example_dags/tutorial_dag.py
[2023-02-28T17:55:19.055+0000] {processor.py:743} INFO - Processing file /home/airflow/.local/lib/python3.7/site-packages/airflow/example_dags/tutorial_dag.py for tasks to queue
[2023-02-28T17:55:19.056+0000] {logging_mixin.py:137} INFO - [2023-02-28T17:55:19.056+0000] {dagbag.py:538} INFO - Filling up the DagBag from /home/airflow/.local/lib/python3.7/site-packages/airflow/example_dags/tutorial_dag.py
[2023-02-28T17:55:19.064+0000] {processor.py:753} INFO - DAG(s) dict_keys(['tutorial_dag']) retrieved from /home/airflow/.local/lib/python3.7/site-packages/airflow/example_dags/tutorial_dag.py
[2023-02-28T17:55:19.082+0000] {logging_mixin.py:137} INFO - [2023-02-28T17:55:19.082+0000] {dag.py:2690} INFO - Sync 1 DAGs
[2023-02-28T17:55:19.095+0000] {logging_mixin.py:137} INFO - [2023-02-28T17:55:19.095+0000] {dag.py:3441} INFO - Setting next_dagrun for tutorial_dag to None, run_after=None
[2023-02-28T17:55:19.105+0000] {processor.py:175} INFO - Processing /home/airflow/.local/lib/python3.7/site-packages/airflow/example_dags/tutorial_dag.py took 0.053 seconds
[2023-02-28T17:55:49.286+0000] {processor.py:153} INFO - Started process (PID=670) to work on /home/airflow/.local/lib/python3.7/site-packages/airflow/example_dags/tutorial_dag.py
[2023-02-28T17:55:49.287+0000] {processor.py:743} INFO - Processing file /home/airflow/.local/lib/python3.7/site-packages/airflow/example_dags/tutorial_dag.py for tasks to queue
[2023-02-28T17:55:49.288+0000] {logging_mixin.py:137} INFO - [2023-02-28T17:55:49.288+0000] {dagbag.py:538} INFO - Filling up the DagBag from /home/airflow/.local/lib/python3.7/site-packages/airflow/example_dags/tutorial_dag.py
[2023-02-28T17:55:49.296+0000] {processor.py:753} INFO - DAG(s) dict_keys(['tutorial_dag']) retrieved from /home/airflow/.local/lib/python3.7/site-packages/airflow/example_dags/tutorial_dag.py
[2023-02-28T17:55:49.313+0000] {logging_mixin.py:137} INFO - [2023-02-28T17:55:49.313+0000] {dag.py:2690} INFO - Sync 1 DAGs
[2023-02-28T17:55:49.327+0000] {logging_mixin.py:137} INFO - [2023-02-28T17:55:49.327+0000] {dag.py:3441} INFO - Setting next_dagrun for tutorial_dag to None, run_after=None
[2023-02-28T17:55:49.337+0000] {processor.py:175} INFO - Processing /home/airflow/.local/lib/python3.7/site-packages/airflow/example_dags/tutorial_dag.py took 0.052 seconds
[2023-02-28T17:56:20.295+0000] {processor.py:153} INFO - Started process (PID=750) to work on /home/airflow/.local/lib/python3.7/site-packages/airflow/example_dags/tutorial_dag.py
[2023-02-28T17:56:20.296+0000] {processor.py:743} INFO - Processing file /home/airflow/.local/lib/python3.7/site-packages/airflow/example_dags/tutorial_dag.py for tasks to queue
[2023-02-28T17:56:20.297+0000] {logging_mixin.py:137} INFO - [2023-02-28T17:56:20.297+0000] {dagbag.py:538} INFO - Filling up the DagBag from /home/airflow/.local/lib/python3.7/site-packages/airflow/example_dags/tutorial_dag.py
[2023-02-28T17:56:20.308+0000] {processor.py:753} INFO - DAG(s) dict_keys(['tutorial_dag']) retrieved from /home/airflow/.local/lib/python3.7/site-packages/airflow/example_dags/tutorial_dag.py
[2023-02-28T17:56:20.327+0000] {logging_mixin.py:137} INFO - [2023-02-28T17:56:20.327+0000] {dag.py:2690} INFO - Sync 1 DAGs
[2023-02-28T17:56:20.341+0000] {logging_mixin.py:137} INFO - [2023-02-28T17:56:20.341+0000] {dag.py:3441} INFO - Setting next_dagrun for tutorial_dag to None, run_after=None
[2023-02-28T17:56:20.353+0000] {processor.py:175} INFO - Processing /home/airflow/.local/lib/python3.7/site-packages/airflow/example_dags/tutorial_dag.py took 0.061 seconds
[2023-02-28T17:56:50.441+0000] {processor.py:153} INFO - Started process (PID=817) to work on /home/airflow/.local/lib/python3.7/site-packages/airflow/example_dags/tutorial_dag.py
[2023-02-28T17:56:50.442+0000] {processor.py:743} INFO - Processing file /home/airflow/.local/lib/python3.7/site-packages/airflow/example_dags/tutorial_dag.py for tasks to queue
[2023-02-28T17:56:50.443+0000] {logging_mixin.py:137} INFO - [2023-02-28T17:56:50.443+0000] {dagbag.py:538} INFO - Filling up the DagBag from /home/airflow/.local/lib/python3.7/site-packages/airflow/example_dags/tutorial_dag.py
[2023-02-28T17:56:50.451+0000] {processor.py:753} INFO - DAG(s) dict_keys(['tutorial_dag']) retrieved from /home/airflow/.local/lib/python3.7/site-packages/airflow/example_dags/tutorial_dag.py
[2023-02-28T17:56:50.468+0000] {logging_mixin.py:137} INFO - [2023-02-28T17:56:50.468+0000] {dag.py:2690} INFO - Sync 1 DAGs
[2023-02-28T17:56:50.481+0000] {logging_mixin.py:137} INFO - [2023-02-28T17:56:50.481+0000] {dag.py:3441} INFO - Setting next_dagrun for tutorial_dag to None, run_after=None
[2023-02-28T17:56:50.491+0000] {processor.py:175} INFO - Processing /home/airflow/.local/lib/python3.7/site-packages/airflow/example_dags/tutorial_dag.py took 0.052 seconds
[2023-02-28T17:57:20.716+0000] {processor.py:153} INFO - Started process (PID=897) to work on /home/airflow/.local/lib/python3.7/site-packages/airflow/example_dags/tutorial_dag.py
[2023-02-28T17:57:20.717+0000] {processor.py:743} INFO - Processing file /home/airflow/.local/lib/python3.7/site-packages/airflow/example_dags/tutorial_dag.py for tasks to queue
[2023-02-28T17:57:20.718+0000] {logging_mixin.py:137} INFO - [2023-02-28T17:57:20.718+0000] {dagbag.py:538} INFO - Filling up the DagBag from /home/airflow/.local/lib/python3.7/site-packages/airflow/example_dags/tutorial_dag.py
[2023-02-28T17:57:20.726+0000] {processor.py:753} INFO - DAG(s) dict_keys(['tutorial_dag']) retrieved from /home/airflow/.local/lib/python3.7/site-packages/airflow/example_dags/tutorial_dag.py
[2023-02-28T17:57:20.744+0000] {logging_mixin.py:137} INFO - [2023-02-28T17:57:20.744+0000] {dag.py:2690} INFO - Sync 1 DAGs
[2023-02-28T17:57:20.757+0000] {logging_mixin.py:137} INFO - [2023-02-28T17:57:20.757+0000] {dag.py:3441} INFO - Setting next_dagrun for tutorial_dag to None, run_after=None
[2023-02-28T17:57:20.766+0000] {processor.py:175} INFO - Processing /home/airflow/.local/lib/python3.7/site-packages/airflow/example_dags/tutorial_dag.py took 0.052 seconds
[2023-02-28T17:57:50.982+0000] {processor.py:153} INFO - Started process (PID=977) to work on /home/airflow/.local/lib/python3.7/site-packages/airflow/example_dags/tutorial_dag.py
[2023-02-28T17:57:50.983+0000] {processor.py:743} INFO - Processing file /home/airflow/.local/lib/python3.7/site-packages/airflow/example_dags/tutorial_dag.py for tasks to queue
[2023-02-28T17:57:50.984+0000] {logging_mixin.py:137} INFO - [2023-02-28T17:57:50.984+0000] {dagbag.py:538} INFO - Filling up the DagBag from /home/airflow/.local/lib/python3.7/site-packages/airflow/example_dags/tutorial_dag.py
[2023-02-28T17:57:50.992+0000] {processor.py:753} INFO - DAG(s) dict_keys(['tutorial_dag']) retrieved from /home/airflow/.local/lib/python3.7/site-packages/airflow/example_dags/tutorial_dag.py
[2023-02-28T17:57:51.010+0000] {logging_mixin.py:137} INFO - [2023-02-28T17:57:51.010+0000] {dag.py:2690} INFO - Sync 1 DAGs
[2023-02-28T17:57:51.022+0000] {logging_mixin.py:137} INFO - [2023-02-28T17:57:51.022+0000] {dag.py:3441} INFO - Setting next_dagrun for tutorial_dag to None, run_after=None
[2023-02-28T17:57:51.032+0000] {processor.py:175} INFO - Processing /home/airflow/.local/lib/python3.7/site-packages/airflow/example_dags/tutorial_dag.py took 0.052 seconds
[2023-02-28T17:58:22.104+0000] {processor.py:153} INFO - Started process (PID=1044) to work on /home/airflow/.local/lib/python3.7/site-packages/airflow/example_dags/tutorial_dag.py
[2023-02-28T17:58:22.105+0000] {processor.py:743} INFO - Processing file /home/airflow/.local/lib/python3.7/site-packages/airflow/example_dags/tutorial_dag.py for tasks to queue
[2023-02-28T17:58:22.106+0000] {logging_mixin.py:137} INFO - [2023-02-28T17:58:22.106+0000] {dagbag.py:538} INFO - Filling up the DagBag from /home/airflow/.local/lib/python3.7/site-packages/airflow/example_dags/tutorial_dag.py
[2023-02-28T17:58:22.113+0000] {processor.py:753} INFO - DAG(s) dict_keys(['tutorial_dag']) retrieved from /home/airflow/.local/lib/python3.7/site-packages/airflow/example_dags/tutorial_dag.py
[2023-02-28T17:58:22.131+0000] {logging_mixin.py:137} INFO - [2023-02-28T17:58:22.131+0000] {dag.py:2690} INFO - Sync 1 DAGs
[2023-02-28T17:58:22.144+0000] {logging_mixin.py:137} INFO - [2023-02-28T17:58:22.144+0000] {dag.py:3441} INFO - Setting next_dagrun for tutorial_dag to None, run_after=None
[2023-02-28T17:58:22.153+0000] {processor.py:175} INFO - Processing /home/airflow/.local/lib/python3.7/site-packages/airflow/example_dags/tutorial_dag.py took 0.052 seconds
[2023-02-28T17:58:52.202+0000] {processor.py:153} INFO - Started process (PID=1123) to work on /home/airflow/.local/lib/python3.7/site-packages/airflow/example_dags/tutorial_dag.py
[2023-02-28T17:58:52.203+0000] {processor.py:743} INFO - Processing file /home/airflow/.local/lib/python3.7/site-packages/airflow/example_dags/tutorial_dag.py for tasks to queue
[2023-02-28T17:58:52.204+0000] {logging_mixin.py:137} INFO - [2023-02-28T17:58:52.204+0000] {dagbag.py:538} INFO - Filling up the DagBag from /home/airflow/.local/lib/python3.7/site-packages/airflow/example_dags/tutorial_dag.py
[2023-02-28T17:58:52.211+0000] {processor.py:753} INFO - DAG(s) dict_keys(['tutorial_dag']) retrieved from /home/airflow/.local/lib/python3.7/site-packages/airflow/example_dags/tutorial_dag.py
[2023-02-28T17:58:52.228+0000] {logging_mixin.py:137} INFO - [2023-02-28T17:58:52.228+0000] {dag.py:2690} INFO - Sync 1 DAGs
[2023-02-28T17:58:52.241+0000] {logging_mixin.py:137} INFO - [2023-02-28T17:58:52.241+0000] {dag.py:3441} INFO - Setting next_dagrun for tutorial_dag to None, run_after=None
[2023-02-28T17:58:52.251+0000] {processor.py:175} INFO - Processing /home/airflow/.local/lib/python3.7/site-packages/airflow/example_dags/tutorial_dag.py took 0.051 seconds
[2023-02-28T17:59:22.317+0000] {processor.py:153} INFO - Started process (PID=1202) to work on /home/airflow/.local/lib/python3.7/site-packages/airflow/example_dags/tutorial_dag.py
[2023-02-28T17:59:22.318+0000] {processor.py:743} INFO - Processing file /home/airflow/.local/lib/python3.7/site-packages/airflow/example_dags/tutorial_dag.py for tasks to queue
[2023-02-28T17:59:22.319+0000] {logging_mixin.py:137} INFO - [2023-02-28T17:59:22.319+0000] {dagbag.py:538} INFO - Filling up the DagBag from /home/airflow/.local/lib/python3.7/site-packages/airflow/example_dags/tutorial_dag.py
[2023-02-28T17:59:22.326+0000] {processor.py:753} INFO - DAG(s) dict_keys(['tutorial_dag']) retrieved from /home/airflow/.local/lib/python3.7/site-packages/airflow/example_dags/tutorial_dag.py
[2023-02-28T17:59:22.343+0000] {logging_mixin.py:137} INFO - [2023-02-28T17:59:22.343+0000] {dag.py:2690} INFO - Sync 1 DAGs
[2023-02-28T17:59:22.356+0000] {logging_mixin.py:137} INFO - [2023-02-28T17:59:22.356+0000] {dag.py:3441} INFO - Setting next_dagrun for tutorial_dag to None, run_after=None
[2023-02-28T17:59:22.364+0000] {processor.py:175} INFO - Processing /home/airflow/.local/lib/python3.7/site-packages/airflow/example_dags/tutorial_dag.py took 0.050 seconds
[2023-02-28T17:59:52.446+0000] {processor.py:153} INFO - Started process (PID=1283) to work on /home/airflow/.local/lib/python3.7/site-packages/airflow/example_dags/tutorial_dag.py
[2023-02-28T17:59:52.447+0000] {processor.py:743} INFO - Processing file /home/airflow/.local/lib/python3.7/site-packages/airflow/example_dags/tutorial_dag.py for tasks to queue
[2023-02-28T17:59:52.447+0000] {logging_mixin.py:137} INFO - [2023-02-28T17:59:52.447+0000] {dagbag.py:538} INFO - Filling up the DagBag from /home/airflow/.local/lib/python3.7/site-packages/airflow/example_dags/tutorial_dag.py
[2023-02-28T17:59:52.455+0000] {processor.py:753} INFO - DAG(s) dict_keys(['tutorial_dag']) retrieved from /home/airflow/.local/lib/python3.7/site-packages/airflow/example_dags/tutorial_dag.py
[2023-02-28T17:59:52.472+0000] {logging_mixin.py:137} INFO - [2023-02-28T17:59:52.472+0000] {dag.py:2690} INFO - Sync 1 DAGs
[2023-02-28T17:59:52.485+0000] {logging_mixin.py:137} INFO - [2023-02-28T17:59:52.485+0000] {dag.py:3441} INFO - Setting next_dagrun for tutorial_dag to None, run_after=None
[2023-02-28T17:59:52.493+0000] {processor.py:175} INFO - Processing /home/airflow/.local/lib/python3.7/site-packages/airflow/example_dags/tutorial_dag.py took 0.050 seconds
[2023-02-28T18:00:22.802+0000] {processor.py:153} INFO - Started process (PID=1350) to work on /home/airflow/.local/lib/python3.7/site-packages/airflow/example_dags/tutorial_dag.py
[2023-02-28T18:00:22.803+0000] {processor.py:743} INFO - Processing file /home/airflow/.local/lib/python3.7/site-packages/airflow/example_dags/tutorial_dag.py for tasks to queue
[2023-02-28T18:00:22.804+0000] {logging_mixin.py:137} INFO - [2023-02-28T18:00:22.804+0000] {dagbag.py:538} INFO - Filling up the DagBag from /home/airflow/.local/lib/python3.7/site-packages/airflow/example_dags/tutorial_dag.py
[2023-02-28T18:00:22.812+0000] {processor.py:753} INFO - DAG(s) dict_keys(['tutorial_dag']) retrieved from /home/airflow/.local/lib/python3.7/site-packages/airflow/example_dags/tutorial_dag.py
[2023-02-28T18:00:22.829+0000] {logging_mixin.py:137} INFO - [2023-02-28T18:00:22.829+0000] {dag.py:2690} INFO - Sync 1 DAGs
[2023-02-28T18:00:22.841+0000] {logging_mixin.py:137} INFO - [2023-02-28T18:00:22.841+0000] {dag.py:3441} INFO - Setting next_dagrun for tutorial_dag to None, run_after=None
[2023-02-28T18:00:22.852+0000] {processor.py:175} INFO - Processing /home/airflow/.local/lib/python3.7/site-packages/airflow/example_dags/tutorial_dag.py took 0.053 seconds
[2023-02-28T18:00:53.028+0000] {processor.py:153} INFO - Started process (PID=1430) to work on /home/airflow/.local/lib/python3.7/site-packages/airflow/example_dags/tutorial_dag.py
[2023-02-28T18:00:53.029+0000] {processor.py:743} INFO - Processing file /home/airflow/.local/lib/python3.7/site-packages/airflow/example_dags/tutorial_dag.py for tasks to queue
[2023-02-28T18:00:53.030+0000] {logging_mixin.py:137} INFO - [2023-02-28T18:00:53.029+0000] {dagbag.py:538} INFO - Filling up the DagBag from /home/airflow/.local/lib/python3.7/site-packages/airflow/example_dags/tutorial_dag.py
[2023-02-28T18:00:53.037+0000] {processor.py:753} INFO - DAG(s) dict_keys(['tutorial_dag']) retrieved from /home/airflow/.local/lib/python3.7/site-packages/airflow/example_dags/tutorial_dag.py
[2023-02-28T18:00:53.056+0000] {logging_mixin.py:137} INFO - [2023-02-28T18:00:53.056+0000] {dag.py:2690} INFO - Sync 1 DAGs
[2023-02-28T18:00:53.069+0000] {logging_mixin.py:137} INFO - [2023-02-28T18:00:53.069+0000] {dag.py:3441} INFO - Setting next_dagrun for tutorial_dag to None, run_after=None
[2023-02-28T18:00:53.079+0000] {processor.py:175} INFO - Processing /home/airflow/.local/lib/python3.7/site-packages/airflow/example_dags/tutorial_dag.py took 0.053 seconds
[2023-02-28T18:01:23.633+0000] {processor.py:153} INFO - Started process (PID=1510) to work on /home/airflow/.local/lib/python3.7/site-packages/airflow/example_dags/tutorial_dag.py
[2023-02-28T18:01:23.634+0000] {processor.py:743} INFO - Processing file /home/airflow/.local/lib/python3.7/site-packages/airflow/example_dags/tutorial_dag.py for tasks to queue
[2023-02-28T18:01:23.635+0000] {logging_mixin.py:137} INFO - [2023-02-28T18:01:23.635+0000] {dagbag.py:538} INFO - Filling up the DagBag from /home/airflow/.local/lib/python3.7/site-packages/airflow/example_dags/tutorial_dag.py
[2023-02-28T18:01:23.643+0000] {processor.py:753} INFO - DAG(s) dict_keys(['tutorial_dag']) retrieved from /home/airflow/.local/lib/python3.7/site-packages/airflow/example_dags/tutorial_dag.py
[2023-02-28T18:01:23.659+0000] {logging_mixin.py:137} INFO - [2023-02-28T18:01:23.659+0000] {dag.py:2690} INFO - Sync 1 DAGs
[2023-02-28T18:01:23.672+0000] {logging_mixin.py:137} INFO - [2023-02-28T18:01:23.672+0000] {dag.py:3441} INFO - Setting next_dagrun for tutorial_dag to None, run_after=None
[2023-02-28T18:01:23.681+0000] {processor.py:175} INFO - Processing /home/airflow/.local/lib/python3.7/site-packages/airflow/example_dags/tutorial_dag.py took 0.050 seconds
