[2023-02-28T17:48:37.841+0000] {processor.py:153} INFO - Started process (PID=34) to work on /opt/airflow/dags/update-filter.py
[2023-02-28T17:48:37.846+0000] {processor.py:743} INFO - Processing file /opt/airflow/dags/update-filter.py for tasks to queue
[2023-02-28T17:48:37.847+0000] {logging_mixin.py:137} INFO - [2023-02-28T17:48:37.847+0000] {dagbag.py:538} INFO - Filling up the DagBag from /opt/airflow/dags/update-filter.py
[2023-02-28T17:48:39.082+0000] {logging_mixin.py:137} INFO - [2023-02-28T17:48:39.080+0000] {dagbag.py:343} ERROR - Failed to import: /opt/airflow/dags/update-filter.py
Traceback (most recent call last):
  File "/home/airflow/.local/lib/python3.7/site-packages/airflow/models/dagbag.py", line 339, in parse
    loader.exec_module(new_module)
  File "<frozen importlib._bootstrap_external>", line 728, in exec_module
  File "<frozen importlib._bootstrap>", line 219, in _call_with_frames_removed
  File "/opt/airflow/dags/update-filter.py", line 28, in <module>
    gcs_hook = GCSHook(gcp_conn_id=connection_id)
  File "/home/airflow/.local/lib/python3.7/site-packages/airflow/providers/google/cloud/hooks/gcs.py", line 150, in __init__
    impersonation_chain=impersonation_chain,
  File "/home/airflow/.local/lib/python3.7/site-packages/airflow/providers/google/common/hooks/base_google.py", line 231, in __init__
    self.extras: dict = self.get_connection(self.gcp_conn_id).extra_dejson
  File "/home/airflow/.local/lib/python3.7/site-packages/airflow/hooks/base.py", line 72, in get_connection
    conn = Connection.get_connection_from_secrets(conn_id)
  File "/home/airflow/.local/lib/python3.7/site-packages/airflow/models/connection.py", line 435, in get_connection_from_secrets
    raise AirflowNotFoundException(f"The conn_id `{conn_id}` isn't defined")
airflow.exceptions.AirflowNotFoundException: The conn_id `google_cloud_default` isn't defined
[2023-02-28T17:48:39.085+0000] {processor.py:755} WARNING - No viable dags retrieved from /opt/airflow/dags/update-filter.py
[2023-02-28T17:48:39.097+0000] {processor.py:175} INFO - Processing /opt/airflow/dags/update-filter.py took 1.260 seconds
[2023-02-28T17:49:09.277+0000] {processor.py:153} INFO - Started process (PID=120) to work on /opt/airflow/dags/update-filter.py
[2023-02-28T17:49:09.278+0000] {processor.py:743} INFO - Processing file /opt/airflow/dags/update-filter.py for tasks to queue
[2023-02-28T17:49:09.279+0000] {logging_mixin.py:137} INFO - [2023-02-28T17:49:09.279+0000] {dagbag.py:538} INFO - Filling up the DagBag from /opt/airflow/dags/update-filter.py
[2023-02-28T17:49:09.718+0000] {logging_mixin.py:137} INFO - [2023-02-28T17:49:09.716+0000] {dagbag.py:343} ERROR - Failed to import: /opt/airflow/dags/update-filter.py
Traceback (most recent call last):
  File "/home/airflow/.local/lib/python3.7/site-packages/airflow/models/dagbag.py", line 339, in parse
    loader.exec_module(new_module)
  File "<frozen importlib._bootstrap_external>", line 728, in exec_module
  File "<frozen importlib._bootstrap>", line 219, in _call_with_frames_removed
  File "/opt/airflow/dags/update-filter.py", line 28, in <module>
    gcs_hook = GCSHook(gcp_conn_id=connection_id)
  File "/home/airflow/.local/lib/python3.7/site-packages/airflow/providers/google/cloud/hooks/gcs.py", line 150, in __init__
    impersonation_chain=impersonation_chain,
  File "/home/airflow/.local/lib/python3.7/site-packages/airflow/providers/google/common/hooks/base_google.py", line 231, in __init__
    self.extras: dict = self.get_connection(self.gcp_conn_id).extra_dejson
  File "/home/airflow/.local/lib/python3.7/site-packages/airflow/hooks/base.py", line 72, in get_connection
    conn = Connection.get_connection_from_secrets(conn_id)
  File "/home/airflow/.local/lib/python3.7/site-packages/airflow/models/connection.py", line 435, in get_connection_from_secrets
    raise AirflowNotFoundException(f"The conn_id `{conn_id}` isn't defined")
airflow.exceptions.AirflowNotFoundException: The conn_id `google_cloud_default` isn't defined
[2023-02-28T17:49:09.719+0000] {processor.py:755} WARNING - No viable dags retrieved from /opt/airflow/dags/update-filter.py
[2023-02-28T17:49:09.725+0000] {processor.py:175} INFO - Processing /opt/airflow/dags/update-filter.py took 0.451 seconds
[2023-02-28T17:49:40.753+0000] {processor.py:153} INFO - Started process (PID=200) to work on /opt/airflow/dags/update-filter.py
[2023-02-28T17:49:40.755+0000] {processor.py:743} INFO - Processing file /opt/airflow/dags/update-filter.py for tasks to queue
[2023-02-28T17:49:40.756+0000] {logging_mixin.py:137} INFO - [2023-02-28T17:49:40.756+0000] {dagbag.py:538} INFO - Filling up the DagBag from /opt/airflow/dags/update-filter.py
[2023-02-28T17:49:41.140+0000] {logging_mixin.py:137} INFO - [2023-02-28T17:49:41.138+0000] {dagbag.py:343} ERROR - Failed to import: /opt/airflow/dags/update-filter.py
Traceback (most recent call last):
  File "/home/airflow/.local/lib/python3.7/site-packages/airflow/models/dagbag.py", line 339, in parse
    loader.exec_module(new_module)
  File "<frozen importlib._bootstrap_external>", line 728, in exec_module
  File "<frozen importlib._bootstrap>", line 219, in _call_with_frames_removed
  File "/opt/airflow/dags/update-filter.py", line 28, in <module>
    gcs_hook = GCSHook(gcp_conn_id=connection_id)
  File "/home/airflow/.local/lib/python3.7/site-packages/airflow/providers/google/cloud/hooks/gcs.py", line 150, in __init__
    impersonation_chain=impersonation_chain,
  File "/home/airflow/.local/lib/python3.7/site-packages/airflow/providers/google/common/hooks/base_google.py", line 231, in __init__
    self.extras: dict = self.get_connection(self.gcp_conn_id).extra_dejson
  File "/home/airflow/.local/lib/python3.7/site-packages/airflow/hooks/base.py", line 72, in get_connection
    conn = Connection.get_connection_from_secrets(conn_id)
  File "/home/airflow/.local/lib/python3.7/site-packages/airflow/models/connection.py", line 435, in get_connection_from_secrets
    raise AirflowNotFoundException(f"The conn_id `{conn_id}` isn't defined")
airflow.exceptions.AirflowNotFoundException: The conn_id `google_cloud_default` isn't defined
[2023-02-28T17:49:41.140+0000] {processor.py:755} WARNING - No viable dags retrieved from /opt/airflow/dags/update-filter.py
[2023-02-28T17:49:41.145+0000] {processor.py:175} INFO - Processing /opt/airflow/dags/update-filter.py took 0.396 seconds
[2023-02-28T17:50:11.217+0000] {processor.py:153} INFO - Started process (PID=271) to work on /opt/airflow/dags/update-filter.py
[2023-02-28T17:50:11.218+0000] {processor.py:743} INFO - Processing file /opt/airflow/dags/update-filter.py for tasks to queue
[2023-02-28T17:50:11.218+0000] {logging_mixin.py:137} INFO - [2023-02-28T17:50:11.218+0000] {dagbag.py:538} INFO - Filling up the DagBag from /opt/airflow/dags/update-filter.py
[2023-02-28T17:50:11.587+0000] {logging_mixin.py:137} INFO - [2023-02-28T17:50:11.586+0000] {dagbag.py:343} ERROR - Failed to import: /opt/airflow/dags/update-filter.py
Traceback (most recent call last):
  File "/home/airflow/.local/lib/python3.7/site-packages/airflow/models/dagbag.py", line 339, in parse
    loader.exec_module(new_module)
  File "<frozen importlib._bootstrap_external>", line 728, in exec_module
  File "<frozen importlib._bootstrap>", line 219, in _call_with_frames_removed
  File "/opt/airflow/dags/update-filter.py", line 28, in <module>
    gcs_hook = GCSHook(gcp_conn_id=connection_id)
  File "/home/airflow/.local/lib/python3.7/site-packages/airflow/providers/google/cloud/hooks/gcs.py", line 150, in __init__
    impersonation_chain=impersonation_chain,
  File "/home/airflow/.local/lib/python3.7/site-packages/airflow/providers/google/common/hooks/base_google.py", line 231, in __init__
    self.extras: dict = self.get_connection(self.gcp_conn_id).extra_dejson
  File "/home/airflow/.local/lib/python3.7/site-packages/airflow/hooks/base.py", line 72, in get_connection
    conn = Connection.get_connection_from_secrets(conn_id)
  File "/home/airflow/.local/lib/python3.7/site-packages/airflow/models/connection.py", line 435, in get_connection_from_secrets
    raise AirflowNotFoundException(f"The conn_id `{conn_id}` isn't defined")
airflow.exceptions.AirflowNotFoundException: The conn_id `google_cloud_default` isn't defined
[2023-02-28T17:50:11.588+0000] {processor.py:755} WARNING - No viable dags retrieved from /opt/airflow/dags/update-filter.py
[2023-02-28T17:50:11.594+0000] {processor.py:175} INFO - Processing /opt/airflow/dags/update-filter.py took 0.380 seconds
[2023-02-28T17:50:41.660+0000] {processor.py:153} INFO - Started process (PID=353) to work on /opt/airflow/dags/update-filter.py
[2023-02-28T17:50:41.661+0000] {processor.py:743} INFO - Processing file /opt/airflow/dags/update-filter.py for tasks to queue
[2023-02-28T17:50:41.662+0000] {logging_mixin.py:137} INFO - [2023-02-28T17:50:41.662+0000] {dagbag.py:538} INFO - Filling up the DagBag from /opt/airflow/dags/update-filter.py
[2023-02-28T17:50:42.093+0000] {logging_mixin.py:137} INFO - [2023-02-28T17:50:42.093+0000] {base.py:73} INFO - Using connection ID 'google_cloud_default' for task execution.
[2023-02-28T17:50:42.099+0000] {processor.py:753} INFO - DAG(s) dict_keys(['update-filter']) retrieved from /opt/airflow/dags/update-filter.py
[2023-02-28T17:50:42.146+0000] {logging_mixin.py:137} INFO - [2023-02-28T17:50:42.146+0000] {manager.py:504} INFO - Created Permission View: can edit on DAG:update-filter
[2023-02-28T17:50:42.151+0000] {logging_mixin.py:137} INFO - [2023-02-28T17:50:42.150+0000] {manager.py:504} INFO - Created Permission View: can read on DAG:update-filter
[2023-02-28T17:50:42.154+0000] {logging_mixin.py:137} INFO - [2023-02-28T17:50:42.154+0000] {manager.py:504} INFO - Created Permission View: can delete on DAG:update-filter
[2023-02-28T17:50:42.155+0000] {logging_mixin.py:137} INFO - [2023-02-28T17:50:42.155+0000] {dag.py:2690} INFO - Sync 1 DAGs
[2023-02-28T17:50:42.161+0000] {logging_mixin.py:137} INFO - [2023-02-28T17:50:42.161+0000] {dag.py:2711} INFO - Creating ORM DAG for update-filter
[2023-02-28T17:50:42.166+0000] {logging_mixin.py:137} INFO - [2023-02-28T17:50:42.166+0000] {dag.py:3441} INFO - Setting next_dagrun for update-filter to None, run_after=None
[2023-02-28T17:50:42.177+0000] {processor.py:175} INFO - Processing /opt/airflow/dags/update-filter.py took 0.519 seconds
[2023-02-28T17:51:43.445+0000] {processor.py:153} INFO - Started process (PID=34) to work on /opt/airflow/dags/update-filter.py
[2023-02-28T17:51:43.447+0000] {processor.py:743} INFO - Processing file /opt/airflow/dags/update-filter.py for tasks to queue
[2023-02-28T17:51:43.448+0000] {logging_mixin.py:137} INFO - [2023-02-28T17:51:43.448+0000] {dagbag.py:538} INFO - Filling up the DagBag from /opt/airflow/dags/update-filter.py
[2023-02-28T17:51:43.992+0000] {logging_mixin.py:137} INFO - [2023-02-28T17:51:43.991+0000] {base.py:73} INFO - Using connection ID 'google_cloud_default' for task execution.
[2023-02-28T17:51:44.000+0000] {processor.py:753} INFO - DAG(s) dict_keys(['update-filter']) retrieved from /opt/airflow/dags/update-filter.py
[2023-02-28T17:51:44.032+0000] {logging_mixin.py:137} INFO - [2023-02-28T17:51:44.032+0000] {dag.py:2690} INFO - Sync 1 DAGs
[2023-02-28T17:51:44.046+0000] {logging_mixin.py:137} INFO - [2023-02-28T17:51:44.046+0000] {dag.py:3441} INFO - Setting next_dagrun for update-filter to None, run_after=None
[2023-02-28T17:51:44.057+0000] {processor.py:175} INFO - Processing /opt/airflow/dags/update-filter.py took 0.617 seconds
[2023-02-28T17:52:14.199+0000] {processor.py:153} INFO - Started process (PID=118) to work on /opt/airflow/dags/update-filter.py
[2023-02-28T17:52:14.200+0000] {processor.py:743} INFO - Processing file /opt/airflow/dags/update-filter.py for tasks to queue
[2023-02-28T17:52:14.201+0000] {logging_mixin.py:137} INFO - [2023-02-28T17:52:14.201+0000] {dagbag.py:538} INFO - Filling up the DagBag from /opt/airflow/dags/update-filter.py
[2023-02-28T17:52:14.566+0000] {logging_mixin.py:137} INFO - [2023-02-28T17:52:14.565+0000] {base.py:73} INFO - Using connection ID 'google_cloud_default' for task execution.
[2023-02-28T17:52:14.570+0000] {processor.py:753} INFO - DAG(s) dict_keys(['update-filter']) retrieved from /opt/airflow/dags/update-filter.py
[2023-02-28T17:52:14.580+0000] {logging_mixin.py:137} INFO - [2023-02-28T17:52:14.580+0000] {dag.py:2690} INFO - Sync 1 DAGs
[2023-02-28T17:52:14.592+0000] {logging_mixin.py:137} INFO - [2023-02-28T17:52:14.592+0000] {dag.py:3441} INFO - Setting next_dagrun for update-filter to None, run_after=None
[2023-02-28T17:52:14.600+0000] {processor.py:175} INFO - Processing /opt/airflow/dags/update-filter.py took 0.404 seconds
[2023-02-28T17:52:44.687+0000] {processor.py:153} INFO - Started process (PID=187) to work on /opt/airflow/dags/update-filter.py
[2023-02-28T17:52:44.688+0000] {processor.py:743} INFO - Processing file /opt/airflow/dags/update-filter.py for tasks to queue
[2023-02-28T17:52:44.689+0000] {logging_mixin.py:137} INFO - [2023-02-28T17:52:44.689+0000] {dagbag.py:538} INFO - Filling up the DagBag from /opt/airflow/dags/update-filter.py
[2023-02-28T17:52:45.091+0000] {logging_mixin.py:137} INFO - [2023-02-28T17:52:45.091+0000] {base.py:73} INFO - Using connection ID 'google_cloud_default' for task execution.
[2023-02-28T17:52:45.096+0000] {processor.py:753} INFO - DAG(s) dict_keys(['update-filter']) retrieved from /opt/airflow/dags/update-filter.py
[2023-02-28T17:52:45.103+0000] {logging_mixin.py:137} INFO - [2023-02-28T17:52:45.103+0000] {dag.py:2690} INFO - Sync 1 DAGs
[2023-02-28T17:52:45.114+0000] {logging_mixin.py:137} INFO - [2023-02-28T17:52:45.114+0000] {dag.py:3441} INFO - Setting next_dagrun for update-filter to None, run_after=None
[2023-02-28T17:52:45.121+0000] {processor.py:175} INFO - Processing /opt/airflow/dags/update-filter.py took 0.437 seconds
[2023-02-28T17:53:15.196+0000] {processor.py:153} INFO - Started process (PID=272) to work on /opt/airflow/dags/update-filter.py
[2023-02-28T17:53:15.198+0000] {processor.py:743} INFO - Processing file /opt/airflow/dags/update-filter.py for tasks to queue
[2023-02-28T17:53:15.198+0000] {logging_mixin.py:137} INFO - [2023-02-28T17:53:15.198+0000] {dagbag.py:538} INFO - Filling up the DagBag from /opt/airflow/dags/update-filter.py
[2023-02-28T17:53:15.551+0000] {logging_mixin.py:137} INFO - [2023-02-28T17:53:15.551+0000] {base.py:73} INFO - Using connection ID 'google_cloud_default' for task execution.
[2023-02-28T17:53:15.556+0000] {processor.py:753} INFO - DAG(s) dict_keys(['update-filter']) retrieved from /opt/airflow/dags/update-filter.py
[2023-02-28T17:53:15.563+0000] {logging_mixin.py:137} INFO - [2023-02-28T17:53:15.563+0000] {dag.py:2690} INFO - Sync 1 DAGs
[2023-02-28T17:53:15.574+0000] {logging_mixin.py:137} INFO - [2023-02-28T17:53:15.574+0000] {dag.py:3441} INFO - Setting next_dagrun for update-filter to None, run_after=None
[2023-02-28T17:53:15.582+0000] {processor.py:175} INFO - Processing /opt/airflow/dags/update-filter.py took 0.388 seconds
[2023-02-28T17:53:45.683+0000] {processor.py:153} INFO - Started process (PID=341) to work on /opt/airflow/dags/update-filter.py
[2023-02-28T17:53:45.684+0000] {processor.py:743} INFO - Processing file /opt/airflow/dags/update-filter.py for tasks to queue
[2023-02-28T17:53:45.686+0000] {logging_mixin.py:137} INFO - [2023-02-28T17:53:45.685+0000] {dagbag.py:538} INFO - Filling up the DagBag from /opt/airflow/dags/update-filter.py
[2023-02-28T17:53:46.037+0000] {logging_mixin.py:137} INFO - [2023-02-28T17:53:46.037+0000] {base.py:73} INFO - Using connection ID 'google_cloud_default' for task execution.
[2023-02-28T17:53:46.041+0000] {processor.py:753} INFO - DAG(s) dict_keys(['update-filter']) retrieved from /opt/airflow/dags/update-filter.py
[2023-02-28T17:53:46.048+0000] {logging_mixin.py:137} INFO - [2023-02-28T17:53:46.048+0000] {dag.py:2690} INFO - Sync 1 DAGs
[2023-02-28T17:53:46.059+0000] {logging_mixin.py:137} INFO - [2023-02-28T17:53:46.059+0000] {dag.py:3441} INFO - Setting next_dagrun for update-filter to None, run_after=None
[2023-02-28T17:53:46.067+0000] {processor.py:175} INFO - Processing /opt/airflow/dags/update-filter.py took 0.391 seconds
[2023-02-28T17:54:16.603+0000] {processor.py:153} INFO - Started process (PID=417) to work on /opt/airflow/dags/update-filter.py
[2023-02-28T17:54:16.604+0000] {processor.py:743} INFO - Processing file /opt/airflow/dags/update-filter.py for tasks to queue
[2023-02-28T17:54:16.606+0000] {logging_mixin.py:137} INFO - [2023-02-28T17:54:16.606+0000] {dagbag.py:538} INFO - Filling up the DagBag from /opt/airflow/dags/update-filter.py
[2023-02-28T17:54:16.999+0000] {logging_mixin.py:137} INFO - [2023-02-28T17:54:16.998+0000] {base.py:73} INFO - Using connection ID 'google_cloud_default' for task execution.
[2023-02-28T17:54:17.003+0000] {processor.py:753} INFO - DAG(s) dict_keys(['update-filter']) retrieved from /opt/airflow/dags/update-filter.py
[2023-02-28T17:54:17.011+0000] {logging_mixin.py:137} INFO - [2023-02-28T17:54:17.011+0000] {dag.py:2690} INFO - Sync 1 DAGs
[2023-02-28T17:54:17.022+0000] {logging_mixin.py:137} INFO - [2023-02-28T17:54:17.022+0000] {dag.py:3441} INFO - Setting next_dagrun for update-filter to None, run_after=None
[2023-02-28T17:54:17.030+0000] {processor.py:175} INFO - Processing /opt/airflow/dags/update-filter.py took 0.429 seconds
[2023-02-28T17:54:47.727+0000] {processor.py:153} INFO - Started process (PID=489) to work on /opt/airflow/dags/update-filter.py
[2023-02-28T17:54:47.729+0000] {processor.py:743} INFO - Processing file /opt/airflow/dags/update-filter.py for tasks to queue
[2023-02-28T17:54:47.730+0000] {logging_mixin.py:137} INFO - [2023-02-28T17:54:47.730+0000] {dagbag.py:538} INFO - Filling up the DagBag from /opt/airflow/dags/update-filter.py
[2023-02-28T17:54:48.084+0000] {logging_mixin.py:137} INFO - [2023-02-28T17:54:48.084+0000] {base.py:73} INFO - Using connection ID 'google_cloud_default' for task execution.
[2023-02-28T17:54:48.089+0000] {processor.py:753} INFO - DAG(s) dict_keys(['update-filter']) retrieved from /opt/airflow/dags/update-filter.py
[2023-02-28T17:54:48.097+0000] {logging_mixin.py:137} INFO - [2023-02-28T17:54:48.097+0000] {dag.py:2690} INFO - Sync 1 DAGs
[2023-02-28T17:54:48.108+0000] {logging_mixin.py:137} INFO - [2023-02-28T17:54:48.108+0000] {dag.py:3441} INFO - Setting next_dagrun for update-filter to None, run_after=None
[2023-02-28T17:54:48.115+0000] {processor.py:175} INFO - Processing /opt/airflow/dags/update-filter.py took 0.390 seconds
[2023-02-28T17:55:18.232+0000] {processor.py:153} INFO - Started process (PID=573) to work on /opt/airflow/dags/update-filter.py
[2023-02-28T17:55:18.234+0000] {processor.py:743} INFO - Processing file /opt/airflow/dags/update-filter.py for tasks to queue
[2023-02-28T17:55:18.235+0000] {logging_mixin.py:137} INFO - [2023-02-28T17:55:18.235+0000] {dagbag.py:538} INFO - Filling up the DagBag from /opt/airflow/dags/update-filter.py
[2023-02-28T17:55:18.594+0000] {logging_mixin.py:137} INFO - [2023-02-28T17:55:18.594+0000] {base.py:73} INFO - Using connection ID 'google_cloud_default' for task execution.
[2023-02-28T17:55:18.599+0000] {processor.py:753} INFO - DAG(s) dict_keys(['update-filter']) retrieved from /opt/airflow/dags/update-filter.py
[2023-02-28T17:55:18.607+0000] {logging_mixin.py:137} INFO - [2023-02-28T17:55:18.606+0000] {dag.py:2690} INFO - Sync 1 DAGs
[2023-02-28T17:55:18.618+0000] {logging_mixin.py:137} INFO - [2023-02-28T17:55:18.618+0000] {dag.py:3441} INFO - Setting next_dagrun for update-filter to None, run_after=None
[2023-02-28T17:55:18.626+0000] {processor.py:175} INFO - Processing /opt/airflow/dags/update-filter.py took 0.395 seconds
[2023-02-28T17:55:48.690+0000] {processor.py:153} INFO - Started process (PID=657) to work on /opt/airflow/dags/update-filter.py
[2023-02-28T17:55:48.691+0000] {processor.py:743} INFO - Processing file /opt/airflow/dags/update-filter.py for tasks to queue
[2023-02-28T17:55:48.692+0000] {logging_mixin.py:137} INFO - [2023-02-28T17:55:48.692+0000] {dagbag.py:538} INFO - Filling up the DagBag from /opt/airflow/dags/update-filter.py
[2023-02-28T17:55:49.032+0000] {logging_mixin.py:137} INFO - [2023-02-28T17:55:49.031+0000] {base.py:73} INFO - Using connection ID 'google_cloud_default' for task execution.
[2023-02-28T17:55:49.036+0000] {processor.py:753} INFO - DAG(s) dict_keys(['update-filter']) retrieved from /opt/airflow/dags/update-filter.py
[2023-02-28T17:55:49.044+0000] {logging_mixin.py:137} INFO - [2023-02-28T17:55:49.044+0000] {dag.py:2690} INFO - Sync 1 DAGs
[2023-02-28T17:55:49.055+0000] {logging_mixin.py:137} INFO - [2023-02-28T17:55:49.055+0000] {dag.py:3441} INFO - Setting next_dagrun for update-filter to None, run_after=None
[2023-02-28T17:55:49.063+0000] {processor.py:175} INFO - Processing /opt/airflow/dags/update-filter.py took 0.375 seconds
[2023-02-28T17:56:19.191+0000] {processor.py:153} INFO - Started process (PID=715) to work on /opt/airflow/dags/update-filter.py
[2023-02-28T17:56:19.193+0000] {processor.py:743} INFO - Processing file /opt/airflow/dags/update-filter.py for tasks to queue
[2023-02-28T17:56:19.194+0000] {logging_mixin.py:137} INFO - [2023-02-28T17:56:19.194+0000] {dagbag.py:538} INFO - Filling up the DagBag from /opt/airflow/dags/update-filter.py
[2023-02-28T17:56:19.551+0000] {logging_mixin.py:137} INFO - [2023-02-28T17:56:19.551+0000] {base.py:73} INFO - Using connection ID 'google_cloud_default' for task execution.
[2023-02-28T17:56:19.556+0000] {processor.py:753} INFO - DAG(s) dict_keys(['update-filter']) retrieved from /opt/airflow/dags/update-filter.py
[2023-02-28T17:56:19.563+0000] {logging_mixin.py:137} INFO - [2023-02-28T17:56:19.563+0000] {dag.py:2690} INFO - Sync 1 DAGs
[2023-02-28T17:56:19.574+0000] {logging_mixin.py:137} INFO - [2023-02-28T17:56:19.574+0000] {dag.py:3441} INFO - Setting next_dagrun for update-filter to None, run_after=None
[2023-02-28T17:56:19.582+0000] {processor.py:175} INFO - Processing /opt/airflow/dags/update-filter.py took 0.397 seconds
[2023-02-28T17:56:49.641+0000] {processor.py:153} INFO - Started process (PID=799) to work on /opt/airflow/dags/update-filter.py
[2023-02-28T17:56:49.642+0000] {processor.py:743} INFO - Processing file /opt/airflow/dags/update-filter.py for tasks to queue
[2023-02-28T17:56:49.643+0000] {logging_mixin.py:137} INFO - [2023-02-28T17:56:49.642+0000] {dagbag.py:538} INFO - Filling up the DagBag from /opt/airflow/dags/update-filter.py
[2023-02-28T17:56:49.991+0000] {logging_mixin.py:137} INFO - [2023-02-28T17:56:49.991+0000] {base.py:73} INFO - Using connection ID 'google_cloud_default' for task execution.
[2023-02-28T17:56:49.996+0000] {processor.py:753} INFO - DAG(s) dict_keys(['update-filter']) retrieved from /opt/airflow/dags/update-filter.py
[2023-02-28T17:56:50.003+0000] {logging_mixin.py:137} INFO - [2023-02-28T17:56:50.003+0000] {dag.py:2690} INFO - Sync 1 DAGs
[2023-02-28T17:56:50.015+0000] {logging_mixin.py:137} INFO - [2023-02-28T17:56:50.015+0000] {dag.py:3441} INFO - Setting next_dagrun for update-filter to None, run_after=None
[2023-02-28T17:56:50.023+0000] {processor.py:175} INFO - Processing /opt/airflow/dags/update-filter.py took 0.385 seconds
[2023-02-28T17:57:20.108+0000] {processor.py:153} INFO - Started process (PID=884) to work on /opt/airflow/dags/update-filter.py
[2023-02-28T17:57:20.109+0000] {processor.py:743} INFO - Processing file /opt/airflow/dags/update-filter.py for tasks to queue
[2023-02-28T17:57:20.109+0000] {logging_mixin.py:137} INFO - [2023-02-28T17:57:20.109+0000] {dagbag.py:538} INFO - Filling up the DagBag from /opt/airflow/dags/update-filter.py
[2023-02-28T17:57:20.456+0000] {logging_mixin.py:137} INFO - [2023-02-28T17:57:20.455+0000] {base.py:73} INFO - Using connection ID 'google_cloud_default' for task execution.
[2023-02-28T17:57:20.460+0000] {processor.py:753} INFO - DAG(s) dict_keys(['update-filter']) retrieved from /opt/airflow/dags/update-filter.py
[2023-02-28T17:57:20.467+0000] {logging_mixin.py:137} INFO - [2023-02-28T17:57:20.467+0000] {dag.py:2690} INFO - Sync 1 DAGs
[2023-02-28T17:57:20.479+0000] {logging_mixin.py:137} INFO - [2023-02-28T17:57:20.479+0000] {dag.py:3441} INFO - Setting next_dagrun for update-filter to None, run_after=None
[2023-02-28T17:57:20.486+0000] {processor.py:175} INFO - Processing /opt/airflow/dags/update-filter.py took 0.381 seconds
[2023-02-28T17:57:50.568+0000] {processor.py:153} INFO - Started process (PID=969) to work on /opt/airflow/dags/update-filter.py
[2023-02-28T17:57:50.569+0000] {processor.py:743} INFO - Processing file /opt/airflow/dags/update-filter.py for tasks to queue
[2023-02-28T17:57:50.570+0000] {logging_mixin.py:137} INFO - [2023-02-28T17:57:50.570+0000] {dagbag.py:538} INFO - Filling up the DagBag from /opt/airflow/dags/update-filter.py
[2023-02-28T17:57:50.912+0000] {logging_mixin.py:137} INFO - [2023-02-28T17:57:50.912+0000] {base.py:73} INFO - Using connection ID 'google_cloud_default' for task execution.
[2023-02-28T17:57:50.917+0000] {processor.py:753} INFO - DAG(s) dict_keys(['update-filter']) retrieved from /opt/airflow/dags/update-filter.py
[2023-02-28T17:57:50.924+0000] {logging_mixin.py:137} INFO - [2023-02-28T17:57:50.924+0000] {dag.py:2690} INFO - Sync 1 DAGs
[2023-02-28T17:57:50.934+0000] {logging_mixin.py:137} INFO - [2023-02-28T17:57:50.934+0000] {dag.py:3441} INFO - Setting next_dagrun for update-filter to None, run_after=None
[2023-02-28T17:57:50.943+0000] {processor.py:175} INFO - Processing /opt/airflow/dags/update-filter.py took 0.377 seconds
[2023-02-28T17:58:21.766+0000] {processor.py:153} INFO - Started process (PID=1038) to work on /opt/airflow/dags/update-filter.py
[2023-02-28T17:58:21.770+0000] {processor.py:743} INFO - Processing file /opt/airflow/dags/update-filter.py for tasks to queue
[2023-02-28T17:58:21.771+0000] {logging_mixin.py:137} INFO - [2023-02-28T17:58:21.771+0000] {dagbag.py:538} INFO - Filling up the DagBag from /opt/airflow/dags/update-filter.py
[2023-02-28T17:58:22.127+0000] {logging_mixin.py:137} INFO - [2023-02-28T17:58:22.127+0000] {base.py:73} INFO - Using connection ID 'google_cloud_default' for task execution.
[2023-02-28T17:58:22.132+0000] {processor.py:753} INFO - DAG(s) dict_keys(['update-filter']) retrieved from /opt/airflow/dags/update-filter.py
[2023-02-28T17:58:22.139+0000] {logging_mixin.py:137} INFO - [2023-02-28T17:58:22.139+0000] {dag.py:2690} INFO - Sync 1 DAGs
[2023-02-28T17:58:22.150+0000] {logging_mixin.py:137} INFO - [2023-02-28T17:58:22.150+0000] {dag.py:3441} INFO - Setting next_dagrun for update-filter to None, run_after=None
[2023-02-28T17:58:22.157+0000] {processor.py:175} INFO - Processing /opt/airflow/dags/update-filter.py took 0.396 seconds
[2023-02-28T17:58:52.199+0000] {processor.py:153} INFO - Started process (PID=1122) to work on /opt/airflow/dags/update-filter.py
[2023-02-28T17:58:52.200+0000] {processor.py:743} INFO - Processing file /opt/airflow/dags/update-filter.py for tasks to queue
[2023-02-28T17:58:52.201+0000] {logging_mixin.py:137} INFO - [2023-02-28T17:58:52.200+0000] {dagbag.py:538} INFO - Filling up the DagBag from /opt/airflow/dags/update-filter.py
[2023-02-28T17:58:52.548+0000] {logging_mixin.py:137} INFO - [2023-02-28T17:58:52.548+0000] {base.py:73} INFO - Using connection ID 'google_cloud_default' for task execution.
[2023-02-28T17:58:52.553+0000] {processor.py:753} INFO - DAG(s) dict_keys(['update-filter']) retrieved from /opt/airflow/dags/update-filter.py
[2023-02-28T17:58:52.560+0000] {logging_mixin.py:137} INFO - [2023-02-28T17:58:52.560+0000] {dag.py:2690} INFO - Sync 1 DAGs
[2023-02-28T17:58:52.571+0000] {logging_mixin.py:137} INFO - [2023-02-28T17:58:52.571+0000] {dag.py:3441} INFO - Setting next_dagrun for update-filter to None, run_after=None
[2023-02-28T17:58:52.579+0000] {processor.py:175} INFO - Processing /opt/airflow/dags/update-filter.py took 0.384 seconds
[2023-02-28T17:59:22.630+0000] {processor.py:153} INFO - Started process (PID=1206) to work on /opt/airflow/dags/update-filter.py
[2023-02-28T17:59:22.631+0000] {processor.py:743} INFO - Processing file /opt/airflow/dags/update-filter.py for tasks to queue
[2023-02-28T17:59:22.631+0000] {logging_mixin.py:137} INFO - [2023-02-28T17:59:22.631+0000] {dagbag.py:538} INFO - Filling up the DagBag from /opt/airflow/dags/update-filter.py
[2023-02-28T17:59:22.988+0000] {logging_mixin.py:137} INFO - [2023-02-28T17:59:22.987+0000] {base.py:73} INFO - Using connection ID 'google_cloud_default' for task execution.
[2023-02-28T17:59:22.992+0000] {processor.py:753} INFO - DAG(s) dict_keys(['update-filter']) retrieved from /opt/airflow/dags/update-filter.py
[2023-02-28T17:59:23.000+0000] {logging_mixin.py:137} INFO - [2023-02-28T17:59:23.000+0000] {dag.py:2690} INFO - Sync 1 DAGs
[2023-02-28T17:59:23.012+0000] {logging_mixin.py:137} INFO - [2023-02-28T17:59:23.012+0000] {dag.py:3441} INFO - Setting next_dagrun for update-filter to None, run_after=None
[2023-02-28T17:59:23.020+0000] {processor.py:175} INFO - Processing /opt/airflow/dags/update-filter.py took 0.395 seconds
[2023-02-28T17:59:53.089+0000] {processor.py:153} INFO - Started process (PID=1291) to work on /opt/airflow/dags/update-filter.py
[2023-02-28T17:59:53.090+0000] {processor.py:743} INFO - Processing file /opt/airflow/dags/update-filter.py for tasks to queue
[2023-02-28T17:59:53.091+0000] {logging_mixin.py:137} INFO - [2023-02-28T17:59:53.091+0000] {dagbag.py:538} INFO - Filling up the DagBag from /opt/airflow/dags/update-filter.py
[2023-02-28T17:59:53.434+0000] {logging_mixin.py:137} INFO - [2023-02-28T17:59:53.434+0000] {base.py:73} INFO - Using connection ID 'google_cloud_default' for task execution.
[2023-02-28T17:59:53.438+0000] {processor.py:753} INFO - DAG(s) dict_keys(['update-filter']) retrieved from /opt/airflow/dags/update-filter.py
[2023-02-28T17:59:53.450+0000] {logging_mixin.py:137} INFO - [2023-02-28T17:59:53.450+0000] {dag.py:2690} INFO - Sync 1 DAGs
[2023-02-28T17:59:53.461+0000] {logging_mixin.py:137} INFO - [2023-02-28T17:59:53.461+0000] {dag.py:3441} INFO - Setting next_dagrun for update-filter to None, run_after=None
[2023-02-28T17:59:53.469+0000] {processor.py:175} INFO - Processing /opt/airflow/dags/update-filter.py took 0.382 seconds
[2023-02-28T18:00:23.538+0000] {processor.py:153} INFO - Started process (PID=1362) to work on /opt/airflow/dags/update-filter.py
[2023-02-28T18:00:23.539+0000] {processor.py:743} INFO - Processing file /opt/airflow/dags/update-filter.py for tasks to queue
[2023-02-28T18:00:23.540+0000] {logging_mixin.py:137} INFO - [2023-02-28T18:00:23.540+0000] {dagbag.py:538} INFO - Filling up the DagBag from /opt/airflow/dags/update-filter.py
[2023-02-28T18:00:23.887+0000] {logging_mixin.py:137} INFO - [2023-02-28T18:00:23.887+0000] {base.py:73} INFO - Using connection ID 'google_cloud_default' for task execution.
[2023-02-28T18:00:23.892+0000] {processor.py:753} INFO - DAG(s) dict_keys(['update-filter']) retrieved from /opt/airflow/dags/update-filter.py
[2023-02-28T18:00:23.899+0000] {logging_mixin.py:137} INFO - [2023-02-28T18:00:23.899+0000] {dag.py:2690} INFO - Sync 1 DAGs
[2023-02-28T18:00:23.910+0000] {logging_mixin.py:137} INFO - [2023-02-28T18:00:23.910+0000] {dag.py:3441} INFO - Setting next_dagrun for update-filter to None, run_after=None
[2023-02-28T18:00:23.918+0000] {processor.py:175} INFO - Processing /opt/airflow/dags/update-filter.py took 0.382 seconds
[2023-02-28T18:00:54.982+0000] {processor.py:153} INFO - Started process (PID=1448) to work on /opt/airflow/dags/update-filter.py
[2023-02-28T18:00:54.984+0000] {processor.py:743} INFO - Processing file /opt/airflow/dags/update-filter.py for tasks to queue
[2023-02-28T18:00:54.985+0000] {logging_mixin.py:137} INFO - [2023-02-28T18:00:54.985+0000] {dagbag.py:538} INFO - Filling up the DagBag from /opt/airflow/dags/update-filter.py
[2023-02-28T18:00:55.398+0000] {logging_mixin.py:137} INFO - [2023-02-28T18:00:55.398+0000] {base.py:73} INFO - Using connection ID 'google_cloud_default' for task execution.
[2023-02-28T18:00:55.403+0000] {processor.py:753} INFO - DAG(s) dict_keys(['update-filter']) retrieved from /opt/airflow/dags/update-filter.py
[2023-02-28T18:00:55.410+0000] {logging_mixin.py:137} INFO - [2023-02-28T18:00:55.410+0000] {dag.py:2690} INFO - Sync 1 DAGs
[2023-02-28T18:00:55.421+0000] {logging_mixin.py:137} INFO - [2023-02-28T18:00:55.421+0000] {dag.py:3441} INFO - Setting next_dagrun for update-filter to None, run_after=None
[2023-02-28T18:00:55.430+0000] {processor.py:175} INFO - Processing /opt/airflow/dags/update-filter.py took 0.453 seconds
[2023-02-28T18:01:25.511+0000] {processor.py:153} INFO - Started process (PID=1528) to work on /opt/airflow/dags/update-filter.py
[2023-02-28T18:01:25.514+0000] {processor.py:743} INFO - Processing file /opt/airflow/dags/update-filter.py for tasks to queue
[2023-02-28T18:01:25.516+0000] {logging_mixin.py:137} INFO - [2023-02-28T18:01:25.515+0000] {dagbag.py:538} INFO - Filling up the DagBag from /opt/airflow/dags/update-filter.py
[2023-02-28T18:01:25.845+0000] {logging_mixin.py:137} INFO - [2023-02-28T18:01:25.845+0000] {base.py:73} INFO - Using connection ID 'google_cloud_default' for task execution.
[2023-02-28T18:01:25.849+0000] {processor.py:753} INFO - DAG(s) dict_keys(['update-filter']) retrieved from /opt/airflow/dags/update-filter.py
[2023-02-28T18:01:25.856+0000] {logging_mixin.py:137} INFO - [2023-02-28T18:01:25.856+0000] {dag.py:2690} INFO - Sync 1 DAGs
[2023-02-28T18:01:25.867+0000] {logging_mixin.py:137} INFO - [2023-02-28T18:01:25.867+0000] {dag.py:3441} INFO - Setting next_dagrun for update-filter to None, run_after=None
[2023-02-28T18:01:25.876+0000] {processor.py:175} INFO - Processing /opt/airflow/dags/update-filter.py took 0.368 seconds
